#
# A fatal error has been detected by the Java Runtime Environment:
#
#  EXCEPTION_ACCESS_VIOLATION (0xc0000005) at pc=0x00007ff8aba92224, pid=13840, tid=6736
#
# JRE version: Java(TM) SE Runtime Environment (7.0_71-b14) (build 1.7.0_71-b14)
# Java VM: Java HotSpot(TM) 64-Bit Server VM (24.71-b01 mixed mode windows-amd64 compressed oops)
# Problematic frame:
# C  [OPENGL32.dll+0xe2224]
#
# Failed to write core dump. Minidumps are not enabled by default on client versions of Windows
#
# If you would like to submit a bug report, please visit:
#   http://bugreport.sun.com/bugreport/crash.jsp
#

---------------  T H R E A D  ---------------

Current thread (0x000000000ac85800):  VMThread [stack: 0x000000000c980000,0x000000000ca80000] [id=6736]

siginfo: ExceptionCode=0xc0000005, reading address 0x0000000000000a38

Registers:
RAX=0x0000000000000000, RBX=0x0000000015532920, RCX=0x0000000000000001, RDX=0x0000000015532928
RSP=0x000000000ca7ef38, RBP=0x0000000000000000, RSI=0x0000000015535db0, RDI=0x0000000015535db0
R8 =0x000000000ca7efb8, R9 =0x0000000002355800, R10=0x0000000000000000, R11=0x0000000000000246
R12=0x0000000000000000, R13=0x0000000013617760, R14=0x0000000013617610, R15=0x0000000000000000
RIP=0x00007ff8aba92224, EFLAGS=0x0000000000010287

Top of Stack: (sp=0x000000000ca7ef38)
0x000000000ca7ef38:   00007ff89bc0244b 0000000013617760
0x000000000ca7ef48:   0000000000000001 0000000013610000
0x000000000ca7ef58:   00007ff8dd6007d9 0000000000000000
0x000000000ca7ef68:   00007ff89bc07f17 0000000000000000
0x000000000ca7ef78:   0000000000000000 0000000013617740
0x000000000ca7ef88:   00007ff89bc07283 fffffffffffffffe
0x000000000ca7ef98:   000000000ca7f000 0000000000000000
0x000000000ca7efa8:   00007ff89bc087c9 0000000015535db0
0x000000000ca7efb8:   0000000015536910 0000000002355800
0x000000000ca7efc8:   00007ff89bc85700 fffffffffffffffe
0x000000000ca7efd8:   0000000013619c60 0000000000000001
0x000000000ca7efe8:   0000000013617738 0000000013617610
0x000000000ca7eff8:   00007ff89bc8d7ad 00007ff89bdc65b0
0x000000000ca7f008:   00007ff89bcf1930 0000000002355800
0x000000000ca7f018:   00007ff8dd6007bd 0000000013617738
0x000000000ca7f028:   0000000013617610 0000000013617610 

Instructions: (pc=0x00007ff8aba92224)
0x00007ff8aba92204:   cc cc cc cc cc cc 66 0f 1f 44 00 00 8b 05 f2 7d
0x00007ff8aba92214:   01 00 83 f8 40 73 0f 65 48 8b 04 c5 80 14 00 00
0x00007ff8aba92224:   ff a0 38 0a 00 00 b8 47 01 00 00 e9 ec d4 ff ff
0x00007ff8aba92234:   cc cc cc cc cc cc 66 0f 1f 44 00 00 8b 05 c2 7d 


Register to memory mapping:

RAX=0x0000000000000000 is an unknown value
RBX=0x0000000015532920 is an unknown value
RCX=0x0000000000000001 is an unknown value
RDX=0x0000000015532928 is an unknown value
RSP=0x000000000ca7ef38 is an unknown value
RBP=0x0000000000000000 is an unknown value
RSI=0x0000000015535db0 is an unknown value
RDI=0x0000000015535db0 is an unknown value
R8 =0x000000000ca7efb8 is an unknown value
R9 =0x0000000002355800 is an unknown value
R10=0x0000000000000000 is an unknown value
R11=0x0000000000000246 is an unknown value
R12=0x0000000000000000 is an unknown value
R13=0x0000000013617760 is an unknown value
R14=0x0000000013617610 is an unknown value
R15=0x0000000000000000 is an unknown value


Stack: [0x000000000c980000,0x000000000ca80000],  sp=0x000000000ca7ef38,  free space=1019k
Native frames: (J=compiled Java code, j=interpreted, Vv=VM code, C=native code)
C  [OPENGL32.dll+0xe2224]

[error occurred during error reporting (printing native stack), id 0xc0000005]

VM_Operation (0x000000000e3af580): Exit, mode: safepoint, requested by thread 0x000000000cf3d000


---------------  P R O C E S S  ---------------

Java Threads: ( => current thread )
  0x0000000014547800 JavaThread "LWJGL Timer" daemon [_thread_blocked, id=12624, stack(0x0000000010890000,0x0000000010990000)]
  0x000000000251d800 JavaThread "DestroyJavaVM" [_thread_blocked, id=7540, stack(0x00000000021b0000,0x00000000022b0000)]
  0x000000000cf3d000 JavaThread "LWJGL Application" [_thread_blocked, id=6244, stack(0x000000000e2b0000,0x000000000e3b0000)]
  0x0000000002429000 JavaThread "Service Thread" daemon [_thread_blocked, id=13336, stack(0x000000000d480000,0x000000000d580000)]
  0x0000000002420000 JavaThread "C2 CompilerThread1" daemon [_thread_blocked, id=11800, stack(0x000000000d380000,0x000000000d480000)]
  0x000000000cca0800 JavaThread "C2 CompilerThread0" daemon [_thread_blocked, id=14032, stack(0x000000000d280000,0x000000000d380000)]
  0x000000000241f000 JavaThread "Attach Listener" daemon [_thread_blocked, id=13552, stack(0x000000000d180000,0x000000000d280000)]
  0x000000000241a800 JavaThread "Signal Dispatcher" daemon [_thread_blocked, id=13156, stack(0x000000000d080000,0x000000000d180000)]
  0x000000000ac90000 JavaThread "Finalizer" daemon [_thread_blocked, id=11084, stack(0x000000000cb80000,0x000000000cc80000)]
  0x000000000ac89800 JavaThread "Reference Handler" daemon [_thread_blocked, id=14044, stack(0x000000000ca80000,0x000000000cb80000)]

Other Threads:
=>0x000000000ac85800 VMThread [stack: 0x000000000c980000,0x000000000ca80000] [id=6736]

VM state:at safepoint (shutting down)

VM Mutex/Monitor currently owned by a thread:  ([mutex/lock_event])
[0x000000000251c5b0] Threads_lock - owner thread: 0x000000000ac85800

Heap
 PSYoungGen      total 38400K, used 15239K [0x00000007d5680000, 0x00000007dac00000, 0x0000000800000000)
  eden space 33280K, 30% used [0x00000007d5680000,0x00000007d6068068,0x00000007d7700000)
  from space 5120K, 99% used [0x00000007d7780000,0x00000007d7c79c28,0x00000007d7c80000)
  to   space 27136K, 0% used [0x00000007d9180000,0x00000007d9180000,0x00000007dac00000)
 ParOldGen       total 87040K, used 28599K [0x0000000780400000, 0x0000000785900000, 0x00000007d5680000)
  object space 87040K, 32% used [0x0000000780400000,0x0000000781fede90,0x0000000785900000)
 PSPermGen       total 21504K, used 8937K [0x000000077b200000, 0x000000077c700000, 0x0000000780400000)
  object space 21504K, 41% used [0x000000077b200000,0x000000077baba5f0,0x000000077c700000)

Card table byte_map: [0x0000000005520000,0x0000000005950000] byte_map_base: 0x0000000001947000

Polling page: 0x0000000000510000

Code Cache  [0x0000000002520000, 0x0000000002790000, 0x0000000005520000)
 total_blobs=952 nmethods=480 adapters=425 free_code_cache=47341Kb largest_free_block=48410368

Compilation events (10 events):
Event: 144.611 Thread 0x000000000cca0800 nmethod 486 0x00000000026ce250 code [0x00000000026ce380, 0x00000000026ce3d8]
Event: 144.611 Thread 0x0000000002420000 nmethod 487 0x00000000026d0d90 code [0x00000000026d0ec0, 0x00000000026d0f18]
Event: 147.193 Thread 0x000000000cca0800  488   !         javazoom.jl.decoder.Bitstream::readFully (80 bytes)
Event: 147.207 Thread 0x000000000cca0800 nmethod 488 0x00000000026d18d0 code [0x00000000026d1a40, 0x00000000026d2048]
Event: 152.891 Thread 0x0000000002420000  489  s          java.lang.StringBuffer::append (8 bytes)
Event: 152.899 Thread 0x0000000002420000 nmethod 489 0x00000000026e2fd0 code [0x00000000026e3120, 0x00000000026e3778]
Event: 153.891 Thread 0x000000000cca0800  490             java.text.DontCareFieldPosition$1::formatted (1 bytes)
Event: 153.892 Thread 0x000000000cca0800 nmethod 490 0x00000000026c62d0 code [0x00000000026c6400, 0x00000000026c6458]
Event: 155.371 Thread 0x0000000002420000  491             java.util.regex.Pattern$SliceNode::study (37 bytes)
Event: 155.373 Thread 0x0000000002420000 nmethod 491 0x00000000026c5e90 code [0x00000000026c5fe0, 0x00000000026c60d8]

GC Heap History (10 events):
Event: 6.718 GC heap before
{Heap before GC invocations=1 (full 0):
 PSYoungGen      total 38912K, used 33792K [0x00000007d5680000, 0x00000007d8180000, 0x0000000800000000)
  eden space 33792K, 100% used [0x00000007d5680000,0x00000007d7780000,0x00000007d7780000)
  from space 5120K, 0% used [0x00000007d7c80000,0x00000007d7c80000,0x00000007d8180000)
  to   space 5120K, 0% used [0x00000007d7780000,0x00000007d7780000,0x00000007d7c80000)
 ParOldGen       total 87040K, used 0K [0x0000000780400000, 0x0000000785900000, 0x00000007d5680000)
  object space 87040K, 0% used [0x0000000780400000,0x0000000780400000,0x0000000785900000)
 PSPermGen       total 21504K, used 7229K [0x000000077b200000, 0x000000077c700000, 0x0000000780400000)
  object space 21504K, 33% used [0x000000077b200000,0x000000077b90f610,0x000000077c700000)
Event: 6.733 GC heap after
Heap after GC invocations=1 (full 0):
 PSYoungGen      total 38912K, used 5101K [0x00000007d5680000, 0x00000007d8180000, 0x0000000800000000)
  eden space 33792K, 0% used [0x00000007d5680000,0x00000007d5680000,0x00000007d7780000)
  from space 5120K, 99% used [0x00000007d7780000,0x00000007d7c7b610,0x00000007d7c80000)
  to   space 5120K, 0% used [0x00000007d7c80000,0x00000007d7c80000,0x00000007d8180000)
 ParOldGen       total 87040K, used 6450K [0x0000000780400000, 0x0000000785900000, 0x00000007d5680000)
  object space 87040K, 7% used [0x0000000780400000,0x0000000780a4cbb8,0x0000000785900000)
 PSPermGen       total 21504K, used 7229K [0x000000077b200000, 0x000000077c700000, 0x0000000780400000)
  object space 21504K, 33% used [0x000000077b200000,0x000000077b90f610,0x000000077c700000)
}
Event: 9.762 GC heap before
{Heap before GC invocations=2 (full 0):
 PSYoungGen      total 38912K, used 38893K [0x00000007d5680000, 0x00000007d8180000, 0x0000000800000000)
  eden space 33792K, 100% used [0x00000007d5680000,0x00000007d7780000,0x00000007d7780000)
  from space 5120K, 99% used [0x00000007d7780000,0x00000007d7c7b610,0x00000007d7c80000)
  to   space 5120K, 0% used [0x00000007d7c80000,0x00000007d7c80000,0x00000007d8180000)
 ParOldGen       total 87040K, used 6450K [0x0000000780400000, 0x0000000785900000, 0x00000007d5680000)
  object space 87040K, 7% used [0x0000000780400000,0x0000000780a4cbb8,0x0000000785900000)
 PSPermGen       total 21504K, used 7912K [0x000000077b200000, 0x000000077c700000, 0x0000000780400000)
  object space 21504K, 36% used [0x000000077b200000,0x000000077b9ba150,0x000000077c700000)
Event: 9.799 GC heap after
Heap after GC invocations=2 (full 0):
 PSYoungGen      total 38912K, used 5111K [0x00000007d5680000, 0x00000007d8180000, 0x0000000800000000)
  eden space 33792K, 0% used [0x00000007d5680000,0x00000007d5680000,0x00000007d7780000)
  from space 5120K, 99% used [0x00000007d7c80000,0x00000007d817de60,0x00000007d8180000)
  to   space 5120K, 0% used [0x00000007d7780000,0x00000007d7780000,0x00000007d7c80000)
 ParOldGen       total 87040K, used 26613K [0x0000000780400000, 0x0000000785900000, 0x00000007d5680000)
  object space 87040K, 30% used [0x0000000780400000,0x0000000781dfd6b8,0x0000000785900000)
 PSPermGen       total 21504K, used 7912K [0x000000077b200000, 0x000000077c700000, 0x0000000780400000)
  object space 21504K, 36% used [0x000000077b200000,0x000000077b9ba150,0x000000077c700000)
}
Event: 31.543 GC heap before
{Heap before GC invocations=3 (full 0):
 PSYoungGen      total 38912K, used 38903K [0x00000007d5680000, 0x00000007d8180000, 0x0000000800000000)
  eden space 33792K, 100% used [0x00000007d5680000,0x00000007d7780000,0x00000007d7780000)
  from space 5120K, 99% used [0x00000007d7c80000,0x00000007d817de60,0x00000007d8180000)
  to   space 5120K, 0% used [0x00000007d7780000,0x00000007d7780000,0x00000007d7c80000)
 ParOldGen       total 87040K, used 26613K [0x0000000780400000, 0x0000000785900000, 0x00000007d5680000)
  object space 87040K, 30% used [0x0000000780400000,0x0000000781dfd6b8,0x0000000785900000)
 PSPermGen       total 21504K, used 8668K [0x000000077b200000, 0x000000077c700000, 0x0000000780400000)
  object space 21504K, 40% used [0x000000077b200000,0x000000077ba77398,0x000000077c700000)
Event: 31.553 GC heap after
Heap after GC invocations=3 (full 0):
 PSYoungGen      total 38912K, used 5095K [0x00000007d5680000, 0x00000007d8180000, 0x0000000800000000)
  eden space 33792K, 0% used [0x00000007d5680000,0x00000007d5680000,0x00000007d7780000)
  from space 5120K, 99% used [0x00000007d7780000,0x00000007d7c79d48,0x00000007d7c80000)
  to   space 5120K, 0% used [0x00000007d7c80000,0x00000007d7c80000,0x00000007d8180000)
 ParOldGen       total 87040K, used 27882K [0x0000000780400000, 0x0000000785900000, 0x00000007d5680000)
  object space 87040K, 32% used [0x0000000780400000,0x0000000781f3aa88,0x0000000785900000)
 PSPermGen       total 21504K, used 8668K [0x000000077b200000, 0x000000077c700000, 0x0000000780400000)
  object space 21504K, 40% used [0x000000077b200000,0x000000077ba77398,0x000000077c700000)
}
Event: 76.146 GC heap before
{Heap before GC invocations=4 (full 0):
 PSYoungGen      total 38912K, used 38887K [0x00000007d5680000, 0x00000007d8180000, 0x0000000800000000)
  eden space 33792K, 100% used [0x00000007d5680000,0x00000007d7780000,0x00000007d7780000)
  from space 5120K, 99% used [0x00000007d7780000,0x00000007d7c79d48,0x00000007d7c80000)
  to   space 5120K, 0% used [0x00000007d7c80000,0x00000007d7c80000,0x00000007d8180000)
 ParOldGen       total 87040K, used 27882K [0x0000000780400000, 0x0000000785900000, 0x00000007d5680000)
  object space 87040K, 32% used [0x0000000780400000,0x0000000781f3aa88,0x0000000785900000)
 PSPermGen       total 21504K, used 8837K [0x000000077b200000, 0x000000077c700000, 0x0000000780400000)
  object space 21504K, 41% used [0x000000077b200000,0x000000077baa1700,0x000000077c700000)
Event: 76.154 GC heap after
Heap after GC invocations=4 (full 0):
 PSYoungGen      total 38912K, used 5095K [0x00000007d5680000, 0x00000007d8180000, 0x0000000800000000)
  eden space 33792K, 0% used [0x00000007d5680000,0x00000007d5680000,0x00000007d7780000)
  from space 5120K, 99% used [0x00000007d7c80000,0x00000007d8179c28,0x00000007d8180000)
  to   space 5120K, 0% used [0x00000007d7780000,0x00000007d7780000,0x00000007d7c80000)
 ParOldGen       total 87040K, used 28511K [0x0000000780400000, 0x0000000785900000, 0x00000007d5680000)
  object space 87040K, 32% used [0x0000000780400000,0x0000000781fd7e90,0x0000000785900000)
 PSPermGen       total 21504K, used 8837K [0x000000077b200000, 0x000000077c700000, 0x0000000780400000)
  object space 21504K, 41% used [0x000000077b200000,0x000000077baa1700,0x000000077c700000)
}
Event: 136.190 GC heap before
{Heap before GC invocations=5 (full 0):
 PSYoungGen      total 38912K, used 38887K [0x00000007d5680000, 0x00000007d8180000, 0x0000000800000000)
  eden space 33792K, 100% used [0x00000007d5680000,0x00000007d7780000,0x00000007d7780000)
  from space 5120K, 99% used [0x00000007d7c80000,0x00000007d8179c28,0x00000007d8180000)
  to   space 5120K, 0% used [0x00000007d7780000,0x00000007d7780000,0x00000007d7c80000)
 ParOldGen       total 87040K, used 28511K [0x0000000780400000, 0x0000000785900000, 0x00000007d5680000)
  object space 87040K, 32% used [0x0000000780400000,0x0000000781fd7e90,0x0000000785900000)
 PSPermGen       total 21504K, used 8918K [0x000000077b200000, 0x000000077c700000, 0x0000000780400000)
  object space 21504K, 41% used [0x000000077b200000,0x000000077bab5ab8,0x000000077c700000)
Event: 136.199 GC heap after
Heap after GC invocations=5 (full 0):
 PSYoungGen      total 38400K, used 5095K [0x00000007d5680000, 0x00000007dac00000, 0x0000000800000000)
  eden space 33280K, 0% used [0x00000007d5680000,0x00000007d5680000,0x00000007d7700000)
  from space 5120K, 99% used [0x00000007d7780000,0x00000007d7c79c28,0x00000007d7c80000)
  to   space 27136K, 0% used [0x00000007d9180000,0x00000007d9180000,0x00000007dac00000)
 ParOldGen       total 87040K, used 28599K [0x0000000780400000, 0x0000000785900000, 0x00000007d5680000)
  object space 87040K, 32% used [0x0000000780400000,0x0000000781fede90,0x0000000785900000)
 PSPermGen       total 21504K, used 8918K [0x000000077b200000, 0x000000077c700000, 0x0000000780400000)
  object space 21504K, 41% used [0x000000077b200000,0x000000077bab5ab8,0x000000077c700000)
}

Deoptimization events (10 events):
Event: 9.384 Thread 0x000000000cf3d000 Uncommon trap: reason=array_check action=maybe_recompile pc=0x00000000025b4d54 method=com.badlogic.gdx.utils.Array.add(Ljava/lang/Object;)V @ 46
Event: 9.387 Thread 0x000000000cf3d000 Uncommon trap: reason=array_check action=maybe_recompile pc=0x00000000025b4d54 method=com.badlogic.gdx.utils.Array.add(Ljava/lang/Object;)V @ 46
Event: 9.394 Thread 0x000000000cf3d000 Uncommon trap: reason=array_check action=maybe_recompile pc=0x00000000025b4d54 method=com.badlogic.gdx.utils.Array.add(Ljava/lang/Object;)V @ 46
Event: 9.394 Thread 0x000000000cf3d000 Uncommon trap: reason=array_check action=maybe_recompile pc=0x00000000025b4d54 method=com.badlogic.gdx.utils.Array.add(Ljava/lang/Object;)V @ 46
Event: 9.846 Thread 0x000000000cf3d000 Uncommon trap: reason=null_check action=make_not_entrant pc=0x00000000025f757c method=com.badlogic.gdx.utils.ObjectMap.get(Ljava/lang/Object;)Ljava/lang/Object; @ 19
Event: 11.547 Thread 0x000000000cf3d000 Uncommon trap: reason=class_check action=maybe_recompile pc=0x00000000025b574c method=java.io.FilterInputStream.read([B)I @ 5
Event: 11.547 Thread 0x000000000cf3d000 Uncommon trap: reason=class_check action=maybe_recompile pc=0x00000000025b574c method=java.io.FilterInputStream.read([B)I @ 5
Event: 11.547 Thread 0x000000000cf3d000 Uncommon trap: reason=class_check action=maybe_recompile pc=0x00000000025b574c method=java.io.FilterInputStream.read([B)I @ 5
Event: 11.547 Thread 0x000000000cf3d000 Uncommon trap: reason=class_check action=maybe_recompile pc=0x00000000025b574c method=java.io.FilterInputStream.read([B)I @ 5
Event: 156.475 Thread 0x000000000cf3d000 Uncommon trap: reason=bimorphic action=maybe_recompile pc=0x0000000002622268 method=java.util.HashMap.getEntry(Ljava/lang/Object;)Ljava/util/HashMap$Entry; @ 68

Internal exceptions (10 events):
Event: 115.208 Thread 0x000000000cf3d000 Threw 0x00000007d69d9078 at C:\re\jdk7u71\1605\hotspot\src\share\vm\interpreter\linkResolver.cpp:892
Event: 115.208 Thread 0x000000000cf3d000 Threw 0x00000007d69d9240 at C:\re\jdk7u71\1605\hotspot\src\share\vm\interpreter\linkResolver.cpp:892
Event: 116.148 Thread 0x000000000cf3d000 Threw 0x00000007d6b4c6e0 at C:\re\jdk7u71\1605\hotspot\src\share\vm\interpreter\linkResolver.cpp:892
Event: 116.148 Thread 0x000000000cf3d000 Threw 0x00000007d6b4c8a8 at C:\re\jdk7u71\1605\hotspot\src\share\vm\interpreter\linkResolver.cpp:892
Event: 116.689 Thread 0x000000000cf3d000 Threw 0x00000007d6c9ee38 at C:\re\jdk7u71\1605\hotspot\src\share\vm\interpreter\linkResolver.cpp:892
Event: 116.689 Thread 0x000000000cf3d000 Threw 0x00000007d6c9f000 at C:\re\jdk7u71\1605\hotspot\src\share\vm\interpreter\linkResolver.cpp:892
Event: 117.168 Thread 0x000000000cf3d000 Threw 0x00000007d6dcef10 at C:\re\jdk7u71\1605\hotspot\src\share\vm\interpreter\linkResolver.cpp:892
Event: 117.168 Thread 0x000000000cf3d000 Threw 0x00000007d6dcf0d8 at C:\re\jdk7u71\1605\hotspot\src\share\vm\interpreter\linkResolver.cpp:892
Event: 156.443 Thread 0x000000000cf3d000 Threw 0x00000007d5ff3620 at C:\re\jdk7u71\1605\hotspot\src\share\vm\prims\jvm.cpp:1281
Event: 156.458 Thread 0x000000000cf3d000 Threw 0x00000007d5ff6870 at C:\re\jdk7u71\1605\hotspot\src\share\vm\prims\jvm.cpp:1281

Events (10 events):
Event: 156.475 Thread 0x000000000cf3d000 DEOPT UNPACKING pc=0x0000000002559064 sp=0x000000000e3af568 mode 2
Event: 156.488 loading class 0x00000000023b1bf0
Event: 156.488 loading class 0x00000000023b1bf0 done
Event: 156.488 loading class 0x000000000cd17540
Event: 156.488 loading class 0x000000000cd17540 done
Event: 156.488 loading class 0x000000000cd17510
Event: 156.488 loading class 0x000000000cd174d0
Event: 156.488 loading class 0x000000000cd174d0 done
Event: 156.488 loading class 0x000000000cd17510 done
Event: 156.489 Executing VM operation: Exit


Dynamic libraries:
0x00007ff72eb30000 - 0x00007ff72eb63000 	C:\Program Files\Java\jre7\bin\javaw.exe
0x00007ff8dd5e0000 - 0x00007ff8dd7a1000 	C:\WINDOWS\SYSTEM32\ntdll.dll
0x00007ff8dcee0000 - 0x00007ff8dcf8d000 	C:\WINDOWS\system32\KERNEL32.DLL
0x00007ff8d9df0000 - 0x00007ff8d9fd8000 	C:\WINDOWS\system32\KERNELBASE.dll
0x00007ff8dc490000 - 0x00007ff8dc537000 	C:\WINDOWS\system32\ADVAPI32.dll
0x00007ff8dd470000 - 0x00007ff8dd50d000 	C:\WINDOWS\system32\msvcrt.dll
0x00007ff8dabc0000 - 0x00007ff8dac1b000 	C:\WINDOWS\system32\sechost.dll
0x00007ff8dc7c0000 - 0x00007ff8dc8dc000 	C:\WINDOWS\system32\RPCRT4.dll
0x00007ff8dc1e0000 - 0x00007ff8dc336000 	C:\WINDOWS\system32\USER32.dll
0x00007ff8dcd10000 - 0x00007ff8dce96000 	C:\WINDOWS\system32\GDI32.dll
0x00007ff8c6e40000 - 0x00007ff8c70b4000 	C:\WINDOWS\WinSxS\amd64_microsoft.windows.common-controls_6595b64144ccf1df_6.0.10586.0_none_8c15ae12515e1c22\COMCTL32.dll
0x00007ff8dca90000 - 0x00007ff8dcd0d000 	C:\WINDOWS\system32\combase.dll
0x00007ff8da970000 - 0x00007ff8da9da000 	C:\WINDOWS\system32\bcryptPrimitives.dll
0x00007ff8dcea0000 - 0x00007ff8dcedb000 	C:\WINDOWS\system32\IMM32.DLL
0x00000000517f0000 - 0x00000000518c2000 	C:\Program Files\Java\jre7\bin\msvcr100.dll
0x0000000051010000 - 0x00000000517e3000 	C:\Program Files\Java\jre7\bin\server\jvm.dll
0x00007ff8dc410000 - 0x00007ff8dc418000 	C:\WINDOWS\system32\PSAPI.DLL
0x00007ff8d1ac0000 - 0x00007ff8d1ac9000 	C:\WINDOWS\SYSTEM32\WSOCK32.dll
0x00007ff8d7a70000 - 0x00007ff8d7a93000 	C:\WINDOWS\SYSTEM32\WINMM.dll
0x00007ff8dc340000 - 0x00007ff8dc3ab000 	C:\WINDOWS\system32\WS2_32.dll
0x0000000002180000 - 0x00000000021ac000 	C:\WINDOWS\SYSTEM32\WINMMBASE.dll
0x00007ff8da920000 - 0x00007ff8da963000 	C:\WINDOWS\system32\cfgmgr32.dll
0x0000000051000000 - 0x000000005100f000 	C:\Program Files\Java\jre7\bin\verify.dll
0x0000000050fd0000 - 0x0000000050ff8000 	C:\Program Files\Java\jre7\bin\java.dll
0x0000000050fb0000 - 0x0000000050fc5000 	C:\Program Files\Java\jre7\bin\zip.dll
0x0000000065580000 - 0x000000006561b000 	C:\Users\Jay\AppData\Local\Temp\libgdxJay\3fcab39a\gdx64.dll
0x00007ff8d9580000 - 0x00007ff8d9597000 	C:\WINDOWS\SYSTEM32\CRYPTSP.dll
0x00007ff8d9210000 - 0x00007ff8d9244000 	C:\WINDOWS\system32\rsaenh.dll
0x00007ff8d9b30000 - 0x00007ff8d9b59000 	C:\WINDOWS\SYSTEM32\bcrypt.dll
0x00007ff8d9360000 - 0x00007ff8d937f000 	C:\WINDOWS\SYSTEM32\USERENV.dll
0x00007ff8d9c10000 - 0x00007ff8d9c24000 	C:\WINDOWS\system32\profapi.dll
0x00007ff8d96a0000 - 0x00007ff8d96ab000 	C:\WINDOWS\SYSTEM32\CRYPTBASE.dll
0x0000000050f90000 - 0x0000000050fa9000 	C:\Program Files\Java\jre7\bin\net.dll
0x00007ff8d94d0000 - 0x00007ff8d952c000 	C:\WINDOWS\system32\mswsock.dll
0x00007ff8d43c0000 - 0x00007ff8d43f8000 	C:\WINDOWS\SYSTEM32\IPHLPAPI.DLL
0x00007ff8dc7a0000 - 0x00007ff8dc7a8000 	C:\WINDOWS\system32\NSI.dll
0x00007ff8d3ff0000 - 0x00007ff8d4006000 	C:\WINDOWS\SYSTEM32\dhcpcsvc6.DLL
0x00007ff8d4420000 - 0x00007ff8d443a000 	C:\WINDOWS\SYSTEM32\dhcpcsvc.DLL
0x0000000050f70000 - 0x0000000050f81000 	C:\Program Files\Java\jre7\bin\nio.dll
0x0000000180000000 - 0x0000000180051000 	C:\Users\Jay\AppData\Local\Temp\libgdxJay\ccd07a7a\lwjgl64.dll
0x00007ff8ab9b0000 - 0x00007ff8abad9000 	C:\WINDOWS\SYSTEM32\OPENGL32.dll
0x00007ff8d7aa0000 - 0x00007ff8d7aaa000 	C:\WINDOWS\SYSTEM32\VERSION.dll
0x00007ff8ca390000 - 0x00007ff8ca3be000 	C:\WINDOWS\SYSTEM32\GLU32.dll
0x00007ff8b0510000 - 0x00007ff8b060a000 	C:\WINDOWS\SYSTEM32\DDRAW.dll
0x00007ff8c4830000 - 0x00007ff8c4838000 	C:\WINDOWS\SYSTEM32\DCIMAN32.dll
0x000000000d9c0000 - 0x000000000da24000 	C:\Users\Jay\AppData\Local\Temp\libgdxJay\ccd07a7a\OpenAL64.dll
0x00007ff8dac20000 - 0x00007ff8dc17f000 	C:\WINDOWS\system32\SHELL32.dll
0x00007ff8da040000 - 0x00007ff8da684000 	C:\WINDOWS\system32\windows.storage.dll
0x00007ff8dc3b0000 - 0x00007ff8dc402000 	C:\WINDOWS\system32\shlwapi.dll
0x00007ff8d9c30000 - 0x00007ff8d9c3f000 	C:\WINDOWS\system32\kernel.appcore.dll
0x00007ff8da860000 - 0x00007ff8da915000 	C:\WINDOWS\system32\shcore.dll
0x00007ff8d9c40000 - 0x00007ff8d9c8b000 	C:\WINDOWS\system32\powrprof.dll
0x00007ff8dc540000 - 0x00007ff8dc683000 	C:\WINDOWS\system32\ole32.dll
0x00007ff8d88c0000 - 0x00007ff8d8956000 	C:\WINDOWS\system32\uxtheme.dll
0x00007ff8c3bc0000 - 0x00007ff8c3be8000 	C:\Program Files (x86)\Raptr\ltc_help64-106568.dll
0x00007ff8d9fe0000 - 0x00007ff8da035000 	C:\WINDOWS\system32\WINTRUST.dll
0x00007ff8d9c00000 - 0x00007ff8d9c10000 	C:\WINDOWS\system32\MSASN1.dll
0x00007ff8da690000 - 0x00007ff8da857000 	C:\WINDOWS\system32\CRYPT32.dll
0x00007ff8dd3c0000 - 0x00007ff8dd467000 	C:\WINDOWS\system32\clbcatq.dll
0x00007ff8d4010000 - 0x00007ff8d4196000 	C:\WINDOWS\System32\PROPSYS.dll
0x00007ff8dd510000 - 0x00007ff8dd5d1000 	C:\WINDOWS\system32\OLEAUT32.dll
0x00007ff89f630000 - 0x00007ff89f6cc000 	C:\WINDOWS\SYSTEM32\dsound.dll
0x00007ff8d4200000 - 0x00007ff8d4270000 	C:\WINDOWS\System32\MMDevApi.dll
0x00007ff8d8960000 - 0x00007ff8d8987000 	C:\WINDOWS\System32\DEVOBJ.dll
0x00007ff8c4a30000 - 0x00007ff8c4ab8000 	C:\WINDOWS\SYSTEM32\AUDIOSES.DLL
0x00007ff8d0c50000 - 0x00007ff8d0d86000 	C:\WINDOWS\SYSTEM32\wintypes.dll
0x00007ff8daa00000 - 0x00007ff8dab5a000 	C:\WINDOWS\system32\MSCTF.dll
0x00007ff8d7fb0000 - 0x00007ff8d7fd2000 	C:\WINDOWS\system32\dwmapi.dll
0x00007ff8d27e0000 - 0x00007ff8d27f8000 	C:\WINDOWS\SYSTEM32\atig6pxx.dll
0x0000000076200000 - 0x0000000078000000 	C:\WINDOWS\SYSTEM32\atio6axx.dll
0x00007ff8dcf90000 - 0x00007ff8dd3b9000 	C:\WINDOWS\system32\SETUPAPI.dll
0x00007ff8b7e60000 - 0x00007ff8b7fa1000 	C:\WINDOWS\SYSTEM32\atiadlxx.dll
0x00007ff8d5710000 - 0x00007ff8d5723000 	C:\WINDOWS\SYSTEM32\WTSAPI32.dll
0x00007ff8c4010000 - 0x00007ff8c403c000 	C:\WINDOWS\SYSTEM32\atig6txx.dll
0x00007ff8cb200000 - 0x00007ff8cb291000 	C:\WINDOWS\SYSTEM32\mscms.dll
0x00007ff8b7b90000 - 0x00007ff8b7bd2000 	C:\WINDOWS\SYSTEM32\icm32.dll
0x0000000066bc0000 - 0x0000000066c7b000 	C:\Users\Jay\AppData\Local\Temp\libgdxJay\d6d72896\gdx-box2d64.dll
0x00007ff8da9e0000 - 0x00007ff8da9fc000 	C:\WINDOWS\system32\imagehlp.dll
0x00007ff8d8c00000 - 0x00007ff8d8c24000 	C:\WINDOWS\SYSTEM32\gpapi.dll
0x00007ff8c9de0000 - 0x00007ff8c9e0f000 	C:\Windows\System32\cryptnet.dll
0x00007ff8d4640000 - 0x00007ff8d464b000 	C:\WINDOWS\SYSTEM32\WINNSI.DLL
0x00007ff89bba0000 - 0x00007ff89bde8000 	C:\PROGRA~2\Raptr\ltc_game64-106568.dll
0x00007ff8d6380000 - 0x00007ff8d650c000 	C:\WINDOWS\SYSTEM32\dbghelp.dll

VM Arguments:
jvm_args: -Dfile.encoding=Cp1252 
java_command: main.AftamathDesktop
Launcher Type: SUN_STANDARD

Environment Variables:
JAVA_HOME=C:\Program Files (x86)\Java\jdk1.8.0_25
PATH=C:\Program Files (x86)\NVIDIA Corporation\PhysX\Common;C:\Windows\system32;C:\Windows;C:\Windows\System32\Wbem;C:\Windows\System32\WindowsPowerShell\v1.0\;C:\Program Files (x86)\ATI Technologies\ATI.ACE\Core-Static;C:\Program Files (x86)\Windows Live\Shared;C:\Program Files (x86)\QuickTime\QTSystem\;C:\Users\Jay\AppData\Local\Smartbar\Application\;C:\WINDOWS\system32;C:\WINDOWS;C:\WINDOWS\System32\Wbem;C:\WINDOWS\System32\WindowsPowerShell\v1.0\;C:\Program Files (x86)\Skype\Phone\;C:\Program Files (x86)\AMD\ATI.ACE\Core-Static
USERNAME=Jay
OS=Windows_NT
PROCESSOR_IDENTIFIER=AMD64 Family 21 Model 2 Stepping 0, AuthenticAMD



---------------  S Y S T E M  ---------------

OS: Windows 8.1 , 64 bit Build 9600 

CPU:total 8 (8 cores per cpu, 1 threads per core) family 21 model 2 stepping 0, cmov, cx8, fxsr, mmx, sse, sse2, sse3, ssse3, sse4.1, sse4.2, popcnt, avx, aes, mmxext, 3dnowpref, lzcnt, sse4a, tsc, tscinvbit, tscinv

Memory: 4k page, physical 8369696k(1903276k free), swap 24098336k(10106588k free)

vm_info: Java HotSpot(TM) 64-Bit Server VM (24.71-b01) for windows-amd64 JRE (1.7.0_71-b14), built on Sep 26 2014 16:16:12 by "java_re" with unknown MS VC++:1600

time: Fri Dec 18 11:42:30 2015
elapsed time: 156 seconds

