#
# A fatal error has been detected by the Java Runtime Environment:
#
#  EXCEPTION_ACCESS_VIOLATION (0xc0000005) at pc=0x00007ff8aba92224, pid=13584, tid=3376
#
# JRE version: Java(TM) SE Runtime Environment (7.0_71-b14) (build 1.7.0_71-b14)
# Java VM: Java HotSpot(TM) 64-Bit Server VM (24.71-b01 mixed mode windows-amd64 compressed oops)
# Problematic frame:
# C  [OPENGL32.dll+0xe2224]
#
# Failed to write core dump. Minidumps are not enabled by default on client versions of Windows
#
# If you would like to submit a bug report, please visit:
#   http://bugreport.sun.com/bugreport/crash.jsp
#

---------------  T H R E A D  ---------------

Current thread (0x000000000abd6800):  VMThread [stack: 0x000000000c8b0000,0x000000000c9b0000] [id=3376]

siginfo: ExceptionCode=0xc0000005, reading address 0x0000000000000a38

Registers:
RAX=0x0000000000000000, RBX=0x0000000016452a60, RCX=0x0000000000000001, RDX=0x0000000016452a68
RSP=0x000000000c9af3e8, RBP=0x0000000000000000, RSI=0x0000000016455db0, RDI=0x0000000016455db0
R8 =0x000000000c9af468, R9 =0x0000000002275bf0, R10=0x0000000000000000, R11=0x0000000000000246
R12=0x0000000000000000, R13=0x0000000010d27760, R14=0x0000000010d27610, R15=0x0000000000000000
RIP=0x00007ff8aba92224, EFLAGS=0x0000000000010287

Top of Stack: (sp=0x000000000c9af3e8)
0x000000000c9af3e8:   00007ff89be4244b 0000000010d27760
0x000000000c9af3f8:   0000000000000001 0000000010d20000
0x000000000c9af408:   00007ff8dd6007d9 0000000000000000
0x000000000c9af418:   00007ff89be47f17 0000000000000000
0x000000000c9af428:   0000000000000000 0000000010d27740
0x000000000c9af438:   00007ff89be47283 fffffffffffffffe
0x000000000c9af448:   000000000c9af4b0 0000000000000000
0x000000000c9af458:   00007ff89be487c9 0000000016455db0
0x000000000c9af468:   0000000016456910 0000000002275bf0
0x000000000c9af478:   00007ff89bec5700 fffffffffffffffe
0x000000000c9af488:   0000000010d29c60 0000000000000001
0x000000000c9af498:   0000000010d27738 0000000010d27610
0x000000000c9af4a8:   00007ff89becd7ad 00007ff89c0065b0
0x000000000c9af4b8:   00007ff89bf31930 0000000002275bf0
0x000000000c9af4c8:   00007ff8dd6007d9 0000000010d27738
0x000000000c9af4d8:   0000000010d27610 0000000010d27610 

Instructions: (pc=0x00007ff8aba92224)
0x00007ff8aba92204:   cc cc cc cc cc cc 66 0f 1f 44 00 00 8b 05 f2 7d
0x00007ff8aba92214:   01 00 83 f8 40 73 0f 65 48 8b 04 c5 80 14 00 00
0x00007ff8aba92224:   ff a0 38 0a 00 00 b8 47 01 00 00 e9 ec d4 ff ff
0x00007ff8aba92234:   cc cc cc cc cc cc 66 0f 1f 44 00 00 8b 05 c2 7d 


Register to memory mapping:

RAX=0x0000000000000000 is an unknown value
RBX=0x0000000016452a60 is an unknown value
RCX=0x0000000000000001 is an unknown value
RDX=0x0000000016452a68 is an unknown value
RSP=0x000000000c9af3e8 is an unknown value
RBP=0x0000000000000000 is an unknown value
RSI=0x0000000016455db0 is an unknown value
RDI=0x0000000016455db0 is an unknown value
R8 =0x000000000c9af468 is an unknown value
R9 =0x0000000002275bf0 is an unknown value
R10=0x0000000000000000 is an unknown value
R11=0x0000000000000246 is an unknown value
R12=0x0000000000000000 is an unknown value
R13=0x0000000010d27760 is an unknown value
R14=0x0000000010d27610 is an unknown value
R15=0x0000000000000000 is an unknown value


Stack: [0x000000000c8b0000,0x000000000c9b0000],  sp=0x000000000c9af3e8,  free space=1020k
Native frames: (J=compiled Java code, j=interpreted, Vv=VM code, C=native code)
C  [OPENGL32.dll+0xe2224]

[error occurred during error reporting (printing native stack), id 0xc0000005]

VM_Operation (0x000000000e32f0e0): Exit, mode: safepoint, requested by thread 0x000000000cec3000


---------------  P R O C E S S  ---------------

Java Threads: ( => current thread )
  0x00000000213ce000 JavaThread "LWJGL Timer" daemon [_thread_blocked, id=13036, stack(0x0000000010850000,0x0000000010950000)]
  0x000000000204d800 JavaThread "DestroyJavaVM" [_thread_blocked, id=9076, stack(0x0000000002150000,0x0000000002250000)]
  0x000000000cec3000 JavaThread "LWJGL Application" [_thread_blocked, id=8732, stack(0x000000000e230000,0x000000000e330000)]
  0x000000000cbd4000 JavaThread "Service Thread" daemon [_thread_blocked, id=13460, stack(0x000000000d3b0000,0x000000000d4b0000)]
  0x000000000234a800 JavaThread "C2 CompilerThread1" daemon [_thread_blocked, id=11644, stack(0x000000000d2b0000,0x000000000d3b0000)]
  0x0000000002347000 JavaThread "C2 CompilerThread0" daemon [_thread_blocked, id=1072, stack(0x000000000d1b0000,0x000000000d2b0000)]
  0x0000000002346000 JavaThread "Attach Listener" daemon [_thread_blocked, id=13864, stack(0x000000000d0b0000,0x000000000d1b0000)]
  0x000000000cbd1800 JavaThread "Signal Dispatcher" daemon [_thread_blocked, id=256, stack(0x000000000cfb0000,0x000000000d0b0000)]
  0x000000000abe1000 JavaThread "Finalizer" daemon [_thread_blocked, id=13796, stack(0x000000000cab0000,0x000000000cbb0000)]
  0x000000000abda800 JavaThread "Reference Handler" daemon [_thread_blocked, id=8644, stack(0x000000000c9b0000,0x000000000cab0000)]

Other Threads:
=>0x000000000abd6800 VMThread [stack: 0x000000000c8b0000,0x000000000c9b0000] [id=3376]

VM state:at safepoint (shutting down)

VM Mutex/Monitor currently owned by a thread:  ([mutex/lock_event])
[0x000000000204ccb0] Threads_lock - owner thread: 0x000000000abd6800

Heap
 PSYoungGen      total 24576K, used 14562K [0x00000007d5680000, 0x00000007d6f80000, 0x0000000800000000)
  eden space 24064K, 59% used [0x00000007d5680000,0x00000007d6460930,0x00000007d6e00000)
  from space 512K, 68% used [0x00000007d6e80000,0x00000007d6ed8010,0x00000007d6f00000)
  to   space 512K, 0% used [0x00000007d6f00000,0x00000007d6f00000,0x00000007d6f80000)
 ParOldGen       total 87040K, used 34022K [0x0000000780400000, 0x0000000785900000, 0x00000007d5680000)
  object space 87040K, 39% used [0x0000000780400000,0x00000007825398c8,0x0000000785900000)
 PSPermGen       total 21504K, used 8847K [0x000000077b200000, 0x000000077c700000, 0x0000000780400000)
  object space 21504K, 41% used [0x000000077b200000,0x000000077baa3f80,0x000000077c700000)

Card table byte_map: [0x0000000005410000,0x0000000005840000] byte_map_base: 0x0000000001837000

Polling page: 0x0000000002000000

Code Cache  [0x0000000002350000, 0x00000000025c0000, 0x0000000005350000)
 total_blobs=1023 nmethods=553 adapters=423 free_code_cache=46885Kb largest_free_block=47954368

Compilation events (10 events):
Event: 350.039 Thread 0x0000000002347000  557             entities.SpeechBubble::render (375 bytes)
Event: 350.050 Thread 0x0000000002347000 nmethod 557 0x000000000258bbd0 code [0x000000000258be60, 0x000000000258c6b8]
Event: 540.231 Thread 0x000000000234a800  558   !         entities.Mob::setAnimation (123 bytes)
Event: 540.264 Thread 0x000000000234a800 nmethod 558 0x000000000258d0d0 code [0x000000000258d360, 0x000000000258def0]
Event: 2062.070 Thread 0x0000000002347000  560             java.lang.Integer::toUnsignedString (55 bytes)
Event: 2062.080 Thread 0x0000000002347000 nmethod 560 0x0000000002535b90 code [0x0000000002535d00, 0x0000000002536198]
Event: 2411.232 Thread 0x000000000234a800  561             sun.misc.IoTrace::fileReadBegin (2 bytes)
Event: 2411.232 Thread 0x0000000002347000  562             sun.misc.IoTrace::fileReadEnd (1 bytes)
Event: 2411.232 Thread 0x0000000002347000 nmethod 562 0x000000000241a1d0 code [0x000000000241a300, 0x000000000241a338]
Event: 2411.232 Thread 0x000000000234a800 nmethod 561 0x000000000244e890 code [0x000000000244e9c0, 0x000000000244e9f8]

GC Heap History (10 events):
Event: 2540.082 GC heap before
{Heap before GC invocations=89 (full 0):
 PSYoungGen      total 24576K, used 24352K [0x00000007d5680000, 0x00000007d6f80000, 0x0000000800000000)
  eden space 24064K, 100% used [0x00000007d5680000,0x00000007d6e00000,0x00000007d6e00000)
  from space 512K, 56% used [0x00000007d6f00000,0x00000007d6f48010,0x00000007d6f80000)
  to   space 512K, 0% used [0x00000007d6e80000,0x00000007d6e80000,0x00000007d6f00000)
 ParOldGen       total 87040K, used 33966K [0x0000000780400000, 0x0000000785900000, 0x00000007d5680000)
  object space 87040K, 39% used [0x0000000780400000,0x000000078252b8c8,0x0000000785900000)
 PSPermGen       total 21504K, used 8828K [0x000000077b200000, 0x000000077c700000, 0x0000000780400000)
  object space 21504K, 41% used [0x000000077b200000,0x000000077ba9f3e8,0x000000077c700000)
Event: 2540.083 GC heap after
Heap after GC invocations=89 (full 0):
 PSYoungGen      total 24576K, used 320K [0x00000007d5680000, 0x00000007d6f80000, 0x0000000800000000)
  eden space 24064K, 0% used [0x00000007d5680000,0x00000007d5680000,0x00000007d6e00000)
  from space 512K, 62% used [0x00000007d6e80000,0x00000007d6ed0010,0x00000007d6f00000)
  to   space 512K, 0% used [0x00000007d6f00000,0x00000007d6f00000,0x00000007d6f80000)
 ParOldGen       total 87040K, used 33974K [0x0000000780400000, 0x0000000785900000, 0x00000007d5680000)
  object space 87040K, 39% used [0x0000000780400000,0x000000078252d8c8,0x0000000785900000)
 PSPermGen       total 21504K, used 8828K [0x000000077b200000, 0x000000077c700000, 0x0000000780400000)
  object space 21504K, 41% used [0x000000077b200000,0x000000077ba9f3e8,0x000000077c700000)
}
Event: 2567.783 GC heap before
{Heap before GC invocations=90 (full 0):
 PSYoungGen      total 24576K, used 24384K [0x00000007d5680000, 0x00000007d6f80000, 0x0000000800000000)
  eden space 24064K, 100% used [0x00000007d5680000,0x00000007d6e00000,0x00000007d6e00000)
  from space 512K, 62% used [0x00000007d6e80000,0x00000007d6ed0010,0x00000007d6f00000)
  to   space 512K, 0% used [0x00000007d6f00000,0x00000007d6f00000,0x00000007d6f80000)
 ParOldGen       total 87040K, used 33974K [0x0000000780400000, 0x0000000785900000, 0x00000007d5680000)
  object space 87040K, 39% used [0x0000000780400000,0x000000078252d8c8,0x0000000785900000)
 PSPermGen       total 21504K, used 8828K [0x000000077b200000, 0x000000077c700000, 0x0000000780400000)
  object space 21504K, 41% used [0x000000077b200000,0x000000077ba9f3e8,0x000000077c700000)
Event: 2567.785 GC heap after
Heap after GC invocations=90 (full 0):
 PSYoungGen      total 24576K, used 352K [0x00000007d5680000, 0x00000007d6f80000, 0x0000000800000000)
  eden space 24064K, 0% used [0x00000007d5680000,0x00000007d5680000,0x00000007d6e00000)
  from space 512K, 68% used [0x00000007d6f00000,0x00000007d6f58010,0x00000007d6f80000)
  to   space 512K, 0% used [0x00000007d6e80000,0x00000007d6e80000,0x00000007d6f00000)
 ParOldGen       total 87040K, used 33982K [0x0000000780400000, 0x0000000785900000, 0x00000007d5680000)
  object space 87040K, 39% used [0x0000000780400000,0x000000078252f8c8,0x0000000785900000)
 PSPermGen       total 21504K, used 8828K [0x000000077b200000, 0x000000077c700000, 0x0000000780400000)
  object space 21504K, 41% used [0x000000077b200000,0x000000077ba9f3e8,0x000000077c700000)
}
Event: 2596.205 GC heap before
{Heap before GC invocations=91 (full 0):
 PSYoungGen      total 24576K, used 24416K [0x00000007d5680000, 0x00000007d6f80000, 0x0000000800000000)
  eden space 24064K, 100% used [0x00000007d5680000,0x00000007d6e00000,0x00000007d6e00000)
  from space 512K, 68% used [0x00000007d6f00000,0x00000007d6f58010,0x00000007d6f80000)
  to   space 512K, 0% used [0x00000007d6e80000,0x00000007d6e80000,0x00000007d6f00000)
 ParOldGen       total 87040K, used 33982K [0x0000000780400000, 0x0000000785900000, 0x00000007d5680000)
  object space 87040K, 39% used [0x0000000780400000,0x000000078252f8c8,0x0000000785900000)
 PSPermGen       total 21504K, used 8828K [0x000000077b200000, 0x000000077c700000, 0x0000000780400000)
  object space 21504K, 41% used [0x000000077b200000,0x000000077ba9f3e8,0x000000077c700000)
Event: 2596.207 GC heap after
Heap after GC invocations=91 (full 0):
 PSYoungGen      total 24576K, used 320K [0x00000007d5680000, 0x00000007d6f80000, 0x0000000800000000)
  eden space 24064K, 0% used [0x00000007d5680000,0x00000007d5680000,0x00000007d6e00000)
  from space 512K, 62% used [0x00000007d6e80000,0x00000007d6ed0010,0x00000007d6f00000)
  to   space 512K, 0% used [0x00000007d6f00000,0x00000007d6f00000,0x00000007d6f80000)
 ParOldGen       total 87040K, used 33998K [0x0000000780400000, 0x0000000785900000, 0x00000007d5680000)
  object space 87040K, 39% used [0x0000000780400000,0x00000007825338c8,0x0000000785900000)
 PSPermGen       total 21504K, used 8828K [0x000000077b200000, 0x000000077c700000, 0x0000000780400000)
  object space 21504K, 41% used [0x000000077b200000,0x000000077ba9f3e8,0x000000077c700000)
}
Event: 2624.007 GC heap before
{Heap before GC invocations=92 (full 0):
 PSYoungGen      total 24576K, used 24384K [0x00000007d5680000, 0x00000007d6f80000, 0x0000000800000000)
  eden space 24064K, 100% used [0x00000007d5680000,0x00000007d6e00000,0x00000007d6e00000)
  from space 512K, 62% used [0x00000007d6e80000,0x00000007d6ed0010,0x00000007d6f00000)
  to   space 512K, 0% used [0x00000007d6f00000,0x00000007d6f00000,0x00000007d6f80000)
 ParOldGen       total 87040K, used 33998K [0x0000000780400000, 0x0000000785900000, 0x00000007d5680000)
  object space 87040K, 39% used [0x0000000780400000,0x00000007825338c8,0x0000000785900000)
 PSPermGen       total 21504K, used 8828K [0x000000077b200000, 0x000000077c700000, 0x0000000780400000)
  object space 21504K, 41% used [0x000000077b200000,0x000000077ba9f3e8,0x000000077c700000)
Event: 2624.009 GC heap after
Heap after GC invocations=92 (full 0):
 PSYoungGen      total 24576K, used 320K [0x00000007d5680000, 0x00000007d6f80000, 0x0000000800000000)
  eden space 24064K, 0% used [0x00000007d5680000,0x00000007d5680000,0x00000007d6e00000)
  from space 512K, 62% used [0x00000007d6f00000,0x00000007d6f50010,0x00000007d6f80000)
  to   space 512K, 0% used [0x00000007d6e80000,0x00000007d6e80000,0x00000007d6f00000)
 ParOldGen       total 87040K, used 34006K [0x0000000780400000, 0x0000000785900000, 0x00000007d5680000)
  object space 87040K, 39% used [0x0000000780400000,0x00000007825358c8,0x0000000785900000)
 PSPermGen       total 21504K, used 8828K [0x000000077b200000, 0x000000077c700000, 0x0000000780400000)
  object space 21504K, 41% used [0x000000077b200000,0x000000077ba9f3e8,0x000000077c700000)
}
Event: 2651.729 GC heap before
{Heap before GC invocations=93 (full 0):
 PSYoungGen      total 24576K, used 24384K [0x00000007d5680000, 0x00000007d6f80000, 0x0000000800000000)
  eden space 24064K, 100% used [0x00000007d5680000,0x00000007d6e00000,0x00000007d6e00000)
  from space 512K, 62% used [0x00000007d6f00000,0x00000007d6f50010,0x00000007d6f80000)
  to   space 512K, 0% used [0x00000007d6e80000,0x00000007d6e80000,0x00000007d6f00000)
 ParOldGen       total 87040K, used 34006K [0x0000000780400000, 0x0000000785900000, 0x00000007d5680000)
  object space 87040K, 39% used [0x0000000780400000,0x00000007825358c8,0x0000000785900000)
 PSPermGen       total 21504K, used 8828K [0x000000077b200000, 0x000000077c700000, 0x0000000780400000)
  object space 21504K, 41% used [0x000000077b200000,0x000000077ba9f3e8,0x000000077c700000)
Event: 2651.730 GC heap after
Heap after GC invocations=93 (full 0):
 PSYoungGen      total 24576K, used 352K [0x00000007d5680000, 0x00000007d6f80000, 0x0000000800000000)
  eden space 24064K, 0% used [0x00000007d5680000,0x00000007d5680000,0x00000007d6e00000)
  from space 512K, 68% used [0x00000007d6e80000,0x00000007d6ed8010,0x00000007d6f00000)
  to   space 512K, 0% used [0x00000007d6f00000,0x00000007d6f00000,0x00000007d6f80000)
 ParOldGen       total 87040K, used 34022K [0x0000000780400000, 0x0000000785900000, 0x00000007d5680000)
  object space 87040K, 39% used [0x0000000780400000,0x00000007825398c8,0x0000000785900000)
 PSPermGen       total 21504K, used 8828K [0x000000077b200000, 0x000000077c700000, 0x0000000780400000)
  object space 21504K, 41% used [0x000000077b200000,0x000000077ba9f3e8,0x000000077c700000)
}

Deoptimization events (10 events):
Event: 8.655 Thread 0x000000000cec3000 Uncommon trap: reason=null_check action=make_not_entrant pc=0x000000000241aac0 method=com.badlogic.gdx.utils.ObjectMap.get(Ljava/lang/Object;)Ljava/lang/Object; @ 19
Event: 10.957 Thread 0x000000000cec3000 Uncommon trap: reason=class_check action=maybe_recompile pc=0x00000000023e824c method=java.io.FilterInputStream.read([B)I @ 5
Event: 10.957 Thread 0x000000000cec3000 Uncommon trap: reason=class_check action=maybe_recompile pc=0x00000000023e824c method=java.io.FilterInputStream.read([B)I @ 5
Event: 10.957 Thread 0x000000000cec3000 Uncommon trap: reason=class_check action=maybe_recompile pc=0x00000000023e824c method=java.io.FilterInputStream.read([B)I @ 5
Event: 10.957 Thread 0x000000000cec3000 Uncommon trap: reason=class_check action=maybe_recompile pc=0x00000000023e824c method=java.io.FilterInputStream.read([B)I @ 5
Event: 157.046 Thread 0x000000000cec3000 Uncommon trap: reason=class_check action=maybe_recompile pc=0x00000000024addd8 method=java.util.regex.Pattern$Branch.match(Ljava/util/regex/Matcher;ILjava/lang/CharSequence;)Z @ 32
Event: 157.526 Thread 0x000000000cec3000 Uncommon trap: reason=class_check action=maybe_recompile pc=0x00000000024addd8 method=java.util.regex.Pattern$Branch.match(Ljava/util/regex/Matcher;ILjava/lang/CharSequence;)Z @ 32
Event: 158.506 Thread 0x000000000cec3000 Uncommon trap: reason=class_check action=maybe_recompile pc=0x00000000024addd8 method=java.util.regex.Pattern$Branch.match(Ljava/util/regex/Matcher;ILjava/lang/CharSequence;)Z @ 32
Event: 158.986 Thread 0x000000000cec3000 Uncommon trap: reason=class_check action=maybe_recompile pc=0x00000000024addd8 method=java.util.regex.Pattern$Branch.match(Ljava/util/regex/Matcher;ILjava/lang/CharSequence;)Z @ 32
Event: 2667.945 Thread 0x000000000cec3000 Uncommon trap: reason=bimorphic action=maybe_recompile pc=0x000000000244bb24 method=java.util.HashMap.getEntry(Ljava/lang/Object;)Ljava/util/HashMap$Entry; @ 68

Internal exceptions (10 events):
Event: 534.531 Thread 0x000000000cec3000 Threw 0x00000007d64872d0 at C:\re\jdk7u71\1605\hotspot\src\share\vm\interpreter\interpreterRuntime.cpp:347
Event: 535.290 Thread 0x000000000cec3000 Threw 0x00000007d6535ea0 at C:\re\jdk7u71\1605\hotspot\src\share\vm\interpreter\interpreterRuntime.cpp:347
Event: 536.050 Thread 0x000000000cec3000 Threw 0x00000007d65e4e68 at C:\re\jdk7u71\1605\hotspot\src\share\vm\interpreter\interpreterRuntime.cpp:347
Event: 536.810 Thread 0x000000000cec3000 Threw 0x00000007d6665cc0 at C:\re\jdk7u71\1605\hotspot\src\share\vm\interpreter\interpreterRuntime.cpp:347
Event: 537.571 Thread 0x000000000cec3000 Threw 0x00000007d6714d00 at C:\re\jdk7u71\1605\hotspot\src\share\vm\interpreter\interpreterRuntime.cpp:347
Event: 538.331 Thread 0x000000000cec3000 Threw 0x00000007d67c3d98 at C:\re\jdk7u71\1605\hotspot\src\share\vm\interpreter\interpreterRuntime.cpp:347
Event: 539.091 Thread 0x000000000cec3000 Threw 0x00000007d6852c90 at C:\re\jdk7u71\1605\hotspot\src\share\vm\interpreter\interpreterRuntime.cpp:347
Event: 539.851 Thread 0x000000000cec3000 Threw 0x00000007d68f3d28 at C:\re\jdk7u71\1605\hotspot\src\share\vm\interpreter\interpreterRuntime.cpp:347
Event: 2667.898 Thread 0x000000000cec3000 Threw 0x00000007d641dc68 at C:\re\jdk7u71\1605\hotspot\src\share\vm\prims\jvm.cpp:1281
Event: 2667.926 Thread 0x000000000cec3000 Threw 0x00000007d6420e68 at C:\re\jdk7u71\1605\hotspot\src\share\vm\prims\jvm.cpp:1281

Events (10 events):
Event: 2667.945 Thread 0x000000000cec3000 DEOPT UNPACKING pc=0x0000000002389064 sp=0x000000000e32f0b8 mode 2
Event: 2667.952 loading class 0x00000000022cfbe0
Event: 2667.953 loading class 0x00000000022cfbe0 done
Event: 2667.953 loading class 0x000000000cdd3a10
Event: 2667.954 loading class 0x000000000cdd3a10 done
Event: 2667.954 loading class 0x000000000cdd39e0
Event: 2667.954 loading class 0x000000000cdd39a0
Event: 2667.954 loading class 0x000000000cdd39a0 done
Event: 2667.954 loading class 0x000000000cdd39e0 done
Event: 2667.955 Executing VM operation: Exit


Dynamic libraries:
0x00007ff72eb30000 - 0x00007ff72eb63000 	C:\Program Files\Java\jre7\bin\javaw.exe
0x00007ff8dd5e0000 - 0x00007ff8dd7a1000 	C:\WINDOWS\SYSTEM32\ntdll.dll
0x00007ff8dcee0000 - 0x00007ff8dcf8d000 	C:\WINDOWS\system32\KERNEL32.DLL
0x00007ff8d9df0000 - 0x00007ff8d9fd8000 	C:\WINDOWS\system32\KERNELBASE.dll
0x00007ff8dc490000 - 0x00007ff8dc537000 	C:\WINDOWS\system32\ADVAPI32.dll
0x00007ff8dd470000 - 0x00007ff8dd50d000 	C:\WINDOWS\system32\msvcrt.dll
0x00007ff8dabc0000 - 0x00007ff8dac1b000 	C:\WINDOWS\system32\sechost.dll
0x00007ff8dc7c0000 - 0x00007ff8dc8dc000 	C:\WINDOWS\system32\RPCRT4.dll
0x00007ff8dc1e0000 - 0x00007ff8dc336000 	C:\WINDOWS\system32\USER32.dll
0x00007ff8dcd10000 - 0x00007ff8dce96000 	C:\WINDOWS\system32\GDI32.dll
0x00007ff8c6e40000 - 0x00007ff8c70b4000 	C:\WINDOWS\WinSxS\amd64_microsoft.windows.common-controls_6595b64144ccf1df_6.0.10586.0_none_8c15ae12515e1c22\COMCTL32.dll
0x00007ff8dca90000 - 0x00007ff8dcd0d000 	C:\WINDOWS\system32\combase.dll
0x00007ff8da970000 - 0x00007ff8da9da000 	C:\WINDOWS\system32\bcryptPrimitives.dll
0x00007ff8dcea0000 - 0x00007ff8dcedb000 	C:\WINDOWS\system32\IMM32.DLL
0x00000000517f0000 - 0x00000000518c2000 	C:\Program Files\Java\jre7\bin\msvcr100.dll
0x0000000051010000 - 0x00000000517e3000 	C:\Program Files\Java\jre7\bin\server\jvm.dll
0x00007ff8dc410000 - 0x00007ff8dc418000 	C:\WINDOWS\system32\PSAPI.DLL
0x00007ff8d7a70000 - 0x00007ff8d7a93000 	C:\WINDOWS\SYSTEM32\WINMM.dll
0x00007ff8d1ac0000 - 0x00007ff8d1ac9000 	C:\WINDOWS\SYSTEM32\WSOCK32.dll
0x00007ff8dc340000 - 0x00007ff8dc3ab000 	C:\WINDOWS\system32\WS2_32.dll
0x0000000001fd0000 - 0x0000000001ffc000 	C:\WINDOWS\SYSTEM32\WINMMBASE.dll
0x00007ff8da920000 - 0x00007ff8da963000 	C:\WINDOWS\system32\cfgmgr32.dll
0x0000000051000000 - 0x000000005100f000 	C:\Program Files\Java\jre7\bin\verify.dll
0x0000000050fd0000 - 0x0000000050ff8000 	C:\Program Files\Java\jre7\bin\java.dll
0x0000000050fb0000 - 0x0000000050fc5000 	C:\Program Files\Java\jre7\bin\zip.dll
0x0000000065580000 - 0x000000006561b000 	C:\Users\Jay\AppData\Local\Temp\libgdxJay\3fcab39a\gdx64.dll
0x00007ff8d9580000 - 0x00007ff8d9597000 	C:\WINDOWS\SYSTEM32\CRYPTSP.dll
0x00007ff8d9210000 - 0x00007ff8d9244000 	C:\WINDOWS\system32\rsaenh.dll
0x00007ff8d9b30000 - 0x00007ff8d9b59000 	C:\WINDOWS\SYSTEM32\bcrypt.dll
0x00007ff8d9360000 - 0x00007ff8d937f000 	C:\WINDOWS\SYSTEM32\USERENV.dll
0x00007ff8d9c10000 - 0x00007ff8d9c24000 	C:\WINDOWS\system32\profapi.dll
0x00007ff8d96a0000 - 0x00007ff8d96ab000 	C:\WINDOWS\SYSTEM32\CRYPTBASE.dll
0x0000000050f90000 - 0x0000000050fa9000 	C:\Program Files\Java\jre7\bin\net.dll
0x00007ff8d94d0000 - 0x00007ff8d952c000 	C:\WINDOWS\system32\mswsock.dll
0x00007ff8d43c0000 - 0x00007ff8d43f8000 	C:\WINDOWS\SYSTEM32\IPHLPAPI.DLL
0x00007ff8dc7a0000 - 0x00007ff8dc7a8000 	C:\WINDOWS\system32\NSI.dll
0x00007ff8d3ff0000 - 0x00007ff8d4006000 	C:\WINDOWS\SYSTEM32\dhcpcsvc6.DLL
0x00007ff8d4420000 - 0x00007ff8d443a000 	C:\WINDOWS\SYSTEM32\dhcpcsvc.DLL
0x0000000050f70000 - 0x0000000050f81000 	C:\Program Files\Java\jre7\bin\nio.dll
0x0000000180000000 - 0x0000000180051000 	C:\Users\Jay\AppData\Local\Temp\libgdxJay\ccd07a7a\lwjgl64.dll
0x00007ff8d7aa0000 - 0x00007ff8d7aaa000 	C:\WINDOWS\SYSTEM32\VERSION.dll
0x00007ff8ab9b0000 - 0x00007ff8abad9000 	C:\WINDOWS\SYSTEM32\OPENGL32.dll
0x00007ff8b0510000 - 0x00007ff8b060a000 	C:\WINDOWS\SYSTEM32\DDRAW.dll
0x00007ff8ca390000 - 0x00007ff8ca3be000 	C:\WINDOWS\SYSTEM32\GLU32.dll
0x00007ff8c4830000 - 0x00007ff8c4838000 	C:\WINDOWS\SYSTEM32\DCIMAN32.dll
0x000000000d930000 - 0x000000000d994000 	C:\Users\Jay\AppData\Local\Temp\libgdxJay\ccd07a7a\OpenAL64.dll
0x00007ff8dac20000 - 0x00007ff8dc17f000 	C:\WINDOWS\system32\SHELL32.dll
0x00007ff8da040000 - 0x00007ff8da684000 	C:\WINDOWS\system32\windows.storage.dll
0x00007ff8dc3b0000 - 0x00007ff8dc402000 	C:\WINDOWS\system32\shlwapi.dll
0x00007ff8d9c30000 - 0x00007ff8d9c3f000 	C:\WINDOWS\system32\kernel.appcore.dll
0x00007ff8da860000 - 0x00007ff8da915000 	C:\WINDOWS\system32\shcore.dll
0x00007ff8d9c40000 - 0x00007ff8d9c8b000 	C:\WINDOWS\system32\powrprof.dll
0x00007ff8dc540000 - 0x00007ff8dc683000 	C:\WINDOWS\system32\ole32.dll
0x00007ff8d88c0000 - 0x00007ff8d8956000 	C:\WINDOWS\system32\uxtheme.dll
0x00007ff8c3bc0000 - 0x00007ff8c3be8000 	C:\Program Files (x86)\Raptr\ltc_help64-106568.dll
0x00007ff8d9fe0000 - 0x00007ff8da035000 	C:\WINDOWS\system32\WINTRUST.dll
0x00007ff8d9c00000 - 0x00007ff8d9c10000 	C:\WINDOWS\system32\MSASN1.dll
0x00007ff8da690000 - 0x00007ff8da857000 	C:\WINDOWS\system32\CRYPT32.dll
0x00007ff8dd3c0000 - 0x00007ff8dd467000 	C:\WINDOWS\system32\clbcatq.dll
0x00007ff8d4010000 - 0x00007ff8d4196000 	C:\WINDOWS\System32\PROPSYS.dll
0x00007ff8dd510000 - 0x00007ff8dd5d1000 	C:\WINDOWS\system32\OLEAUT32.dll
0x00007ff89f630000 - 0x00007ff89f6cc000 	C:\WINDOWS\SYSTEM32\dsound.dll
0x00007ff8d4200000 - 0x00007ff8d4270000 	C:\WINDOWS\System32\MMDevApi.dll
0x00007ff8d8960000 - 0x00007ff8d8987000 	C:\WINDOWS\System32\DEVOBJ.dll
0x00007ff8c4a30000 - 0x00007ff8c4ab8000 	C:\WINDOWS\SYSTEM32\AUDIOSES.DLL
0x00007ff8d0c50000 - 0x00007ff8d0d86000 	C:\WINDOWS\SYSTEM32\wintypes.dll
0x00007ff8daa00000 - 0x00007ff8dab5a000 	C:\WINDOWS\system32\MSCTF.dll
0x00007ff8d7fb0000 - 0x00007ff8d7fd2000 	C:\WINDOWS\system32\dwmapi.dll
0x00007ff8d27e0000 - 0x00007ff8d27f8000 	C:\WINDOWS\SYSTEM32\atig6pxx.dll
0x0000000076200000 - 0x0000000078000000 	C:\WINDOWS\SYSTEM32\atio6axx.dll
0x00007ff8dcf90000 - 0x00007ff8dd3b9000 	C:\WINDOWS\system32\SETUPAPI.dll
0x00007ff8b7e60000 - 0x00007ff8b7fa1000 	C:\WINDOWS\SYSTEM32\atiadlxx.dll
0x00007ff8d5710000 - 0x00007ff8d5723000 	C:\WINDOWS\SYSTEM32\WTSAPI32.dll
0x00007ff8c4010000 - 0x00007ff8c403c000 	C:\WINDOWS\SYSTEM32\atig6txx.dll
0x00007ff8cb200000 - 0x00007ff8cb291000 	C:\WINDOWS\SYSTEM32\mscms.dll
0x00007ff8b7b90000 - 0x00007ff8b7bd2000 	C:\WINDOWS\SYSTEM32\icm32.dll
0x0000000066bc0000 - 0x0000000066c7b000 	C:\Users\Jay\AppData\Local\Temp\libgdxJay\d6d72896\gdx-box2d64.dll
0x00007ff8da9e0000 - 0x00007ff8da9fc000 	C:\WINDOWS\system32\imagehlp.dll
0x00007ff8d8c00000 - 0x00007ff8d8c24000 	C:\WINDOWS\SYSTEM32\gpapi.dll
0x00007ff8c9de0000 - 0x00007ff8c9e0f000 	C:\Windows\System32\cryptnet.dll
0x00007ff8d4640000 - 0x00007ff8d464b000 	C:\WINDOWS\SYSTEM32\WINNSI.DLL
0x00007ff8d5860000 - 0x00007ff8d5928000 	C:\WINDOWS\SYSTEM32\WINHTTP.dll
0x00007ff8d2440000 - 0x00007ff8d24c0000 	C:\WINDOWS\SYSTEM32\webio.dll
0x00007ff8d9880000 - 0x00007ff8d98ad000 	C:\WINDOWS\SYSTEM32\SspiCli.dll
0x00007ff8d8530000 - 0x00007ff8d85da000 	C:\WINDOWS\SYSTEM32\DNSAPI.dll
0x00007ff8d0d90000 - 0x00007ff8d0d9a000 	C:\Windows\System32\rasadhlp.dll
0x00007ff8d3490000 - 0x00007ff8d34f7000 	C:\WINDOWS\System32\fwpuclnt.dll
0x00007ff89bde0000 - 0x00007ff89c028000 	C:\PROGRA~2\Raptr\ltc_game64-106568.dll
0x00007ff8d6380000 - 0x00007ff8d650c000 	C:\WINDOWS\SYSTEM32\dbghelp.dll

VM Arguments:
jvm_args: -Dfile.encoding=Cp1252 
java_command: main.AftamathDesktop
Launcher Type: SUN_STANDARD

Environment Variables:
JAVA_HOME=C:\Program Files (x86)\Java\jdk1.8.0_25
PATH=C:\Program Files (x86)\NVIDIA Corporation\PhysX\Common;C:\Windows\system32;C:\Windows;C:\Windows\System32\Wbem;C:\Windows\System32\WindowsPowerShell\v1.0\;C:\Program Files (x86)\ATI Technologies\ATI.ACE\Core-Static;C:\Program Files (x86)\Windows Live\Shared;C:\Program Files (x86)\QuickTime\QTSystem\;C:\Users\Jay\AppData\Local\Smartbar\Application\;C:\WINDOWS\system32;C:\WINDOWS;C:\WINDOWS\System32\Wbem;C:\WINDOWS\System32\WindowsPowerShell\v1.0\;C:\Program Files (x86)\Skype\Phone\;C:\Program Files (x86)\AMD\ATI.ACE\Core-Static
USERNAME=Jay
OS=Windows_NT
PROCESSOR_IDENTIFIER=AMD64 Family 21 Model 2 Stepping 0, AuthenticAMD



---------------  S Y S T E M  ---------------

OS: Windows 8.1 , 64 bit Build 9600 

CPU:total 8 (8 cores per cpu, 1 threads per core) family 21 model 2 stepping 0, cmov, cx8, fxsr, mmx, sse, sse2, sse3, ssse3, sse4.1, sse4.2, popcnt, avx, aes, mmxext, 3dnowpref, lzcnt, sse4a, tsc, tscinvbit, tscinv

Memory: 4k page, physical 8369696k(1907532k free), swap 24098336k(10324504k free)

vm_info: Java HotSpot(TM) 64-Bit Server VM (24.71-b01) for windows-amd64 JRE (1.7.0_71-b14), built on Sep 26 2014 16:16:12 by "java_re" with unknown MS VC++:1600

time: Fri Dec 18 10:57:49 2015
elapsed time: 2667 seconds

