#
# A fatal error has been detected by the Java Runtime Environment:
#
#  EXCEPTION_ACCESS_VIOLATION (0xc0000005) at pc=0x00007ff8aba92224, pid=1728, tid=5952
#
# JRE version: Java(TM) SE Runtime Environment (7.0_71-b14) (build 1.7.0_71-b14)
# Java VM: Java HotSpot(TM) 64-Bit Server VM (24.71-b01 mixed mode windows-amd64 compressed oops)
# Problematic frame:
# C  [OPENGL32.dll+0xe2224]
#
# Failed to write core dump. Minidumps are not enabled by default on client versions of Windows
#
# If you would like to submit a bug report, please visit:
#   http://bugreport.sun.com/bugreport/crash.jsp
#

---------------  T H R E A D  ---------------

Current thread (0x000000000ac36000):  VMThread [stack: 0x000000000c900000,0x000000000ca00000] [id=5952]

siginfo: ExceptionCode=0xc0000005, reading address 0x0000000000000a38

Registers:
RAX=0x0000000000000000, RBX=0x0000000010f92880, RCX=0x0000000000000001, RDX=0x0000000010f92888
RSP=0x000000000c9ff188, RBP=0x0000000000000000, RSI=0x0000000010f96620, RDI=0x0000000010f96620
R8 =0x000000000c9ff208, R9 =0x00000000022767c0, R10=0x0000000000000000, R11=0x0000000000000246
R12=0x0000000000000000, R13=0x0000000010e87760, R14=0x0000000010e87610, R15=0x0000000000000000
RIP=0x00007ff8aba92224, EFLAGS=0x0000000000010287

Top of Stack: (sp=0x000000000c9ff188)
0x000000000c9ff188:   00007ff8ab21244b 0000000010e87760
0x000000000c9ff198:   0000000000000001 0000000010e80000
0x000000000c9ff1a8:   00007ff8dd6007d9 0000000000000000
0x000000000c9ff1b8:   00007ff8ab217f17 0000000000000000
0x000000000c9ff1c8:   0000000000000000 0000000010e87740
0x000000000c9ff1d8:   00007ff8ab217283 fffffffffffffffe
0x000000000c9ff1e8:   000000000c9ff250 0000000000000000
0x000000000c9ff1f8:   00007ff8ab2187c9 0000000010f96620
0x000000000c9ff208:   0000000010f97670 00000000022767c0
0x000000000c9ff218:   00007ff8ab295700 fffffffffffffffe
0x000000000c9ff228:   0000000010e89c60 0000000000000001
0x000000000c9ff238:   0000000010e87738 0000000010e87610
0x000000000c9ff248:   00007ff8ab29d7ad 00007ff8ab3d65b0
0x000000000c9ff258:   00007ff8ab301930 00000000022767c0
0x000000000c9ff268:   00007ff8dd6007bd 0000000010e87738
0x000000000c9ff278:   0000000010e87610 0000000010e87610 

Instructions: (pc=0x00007ff8aba92224)
0x00007ff8aba92204:   cc cc cc cc cc cc 66 0f 1f 44 00 00 8b 05 f2 7d
0x00007ff8aba92214:   01 00 83 f8 40 73 0f 65 48 8b 04 c5 80 14 00 00
0x00007ff8aba92224:   ff a0 38 0a 00 00 b8 47 01 00 00 e9 ec d4 ff ff
0x00007ff8aba92234:   cc cc cc cc cc cc 66 0f 1f 44 00 00 8b 05 c2 7d 


Register to memory mapping:

RAX=0x0000000000000000 is an unknown value
RBX=0x0000000010f92880 is an unknown value
RCX=0x0000000000000001 is an unknown value
RDX=0x0000000010f92888 is an unknown value
RSP=0x000000000c9ff188 is an unknown value
RBP=0x0000000000000000 is an unknown value
RSI=0x0000000010f96620 is an unknown value
RDI=0x0000000010f96620 is an unknown value
R8 =0x000000000c9ff208 is an unknown value
R9 =0x00000000022767c0 is an unknown value
R10=0x0000000000000000 is an unknown value
R11=0x0000000000000246 is an unknown value
R12=0x0000000000000000 is an unknown value
R13=0x0000000010e87760 is an unknown value
R14=0x0000000010e87610 is an unknown value
R15=0x0000000000000000 is an unknown value


Stack: [0x000000000c900000,0x000000000ca00000],  sp=0x000000000c9ff188,  free space=1020k
Native frames: (J=compiled Java code, j=interpreted, Vv=VM code, C=native code)
C  [OPENGL32.dll+0xe2224]

[error occurred during error reporting (printing native stack), id 0xc0000005]

VM_Operation (0x000000000e3df540): Exit, mode: safepoint, requested by thread 0x000000000cce8800


---------------  P R O C E S S  ---------------

Java Threads: ( => current thread )
  0x000000000cf1b000 JavaThread "LWJGL Timer" daemon [_thread_blocked, id=6272, stack(0x00000000109a0000,0x0000000010aa0000)]
  0x000000000058d800 JavaThread "DestroyJavaVM" [_thread_blocked, id=6388, stack(0x00000000009f0000,0x0000000000af0000)]
  0x000000000cce8800 JavaThread "LWJGL Application" [_thread_blocked, id=6504, stack(0x000000000e2e0000,0x000000000e3e0000)]
  0x0000000002345800 JavaThread "Service Thread" daemon [_thread_blocked, id=152, stack(0x000000000d400000,0x000000000d500000)]
  0x0000000002340800 JavaThread "C2 CompilerThread1" daemon [_thread_blocked, id=6120, stack(0x000000000d300000,0x000000000d400000)]
  0x000000000233f000 JavaThread "C2 CompilerThread0" daemon [_thread_blocked, id=7604, stack(0x000000000d200000,0x000000000d300000)]
  0x000000000233e000 JavaThread "Attach Listener" daemon [_thread_blocked, id=3708, stack(0x000000000d100000,0x000000000d200000)]
  0x000000000cc21800 JavaThread "Signal Dispatcher" daemon [_thread_blocked, id=7456, stack(0x000000000d000000,0x000000000d100000)]
  0x000000000ac40800 JavaThread "Finalizer" daemon [_thread_blocked, id=4676, stack(0x000000000cb00000,0x000000000cc00000)]
  0x000000000ac39800 JavaThread "Reference Handler" daemon [_thread_blocked, id=892, stack(0x000000000ca00000,0x000000000cb00000)]

Other Threads:
=>0x000000000ac36000 VMThread [stack: 0x000000000c900000,0x000000000ca00000] [id=5952]

VM state:at safepoint (shutting down)

VM Mutex/Monitor currently owned by a thread:  ([mutex/lock_event])
[0x000000000058c930] Threads_lock - owner thread: 0x000000000ac36000

Heap
 PSYoungGen      total 30720K, used 22652K [0x00000007d5680000, 0x00000007d8600000, 0x0000000800000000)
  eden space 30208K, 73% used [0x00000007d5680000,0x00000007d6c37308,0x00000007d7400000)
  from space 512K, 81% used [0x00000007d7480000,0x00000007d74e8010,0x00000007d7500000)
  to   space 9216K, 0% used [0x00000007d7d00000,0x00000007d7d00000,0x00000007d8600000)
 ParOldGen       total 87040K, used 8206K [0x0000000780400000, 0x0000000785900000, 0x00000007d5680000)
  object space 87040K, 9% used [0x0000000780400000,0x0000000780c03a90,0x0000000785900000)
 PSPermGen       total 21504K, used 8997K [0x000000077b200000, 0x000000077c700000, 0x0000000780400000)
  object space 21504K, 41% used [0x000000077b200000,0x000000077bac97e0,0x000000077c700000)

Card table byte_map: [0x00000000054d0000,0x0000000005900000] byte_map_base: 0x00000000018f7000

Polling page: 0x0000000000550000

Code Cache  [0x0000000002410000, 0x0000000002680000, 0x0000000005410000)
 total_blobs=1010 nmethods=536 adapters=427 free_code_cache=47171Kb largest_free_block=48249152

Compilation events (10 events):
Event: 205.477 Thread 0x0000000002340800  542             com.badlogic.gdx.graphics.Texture::getWidth (10 bytes)
Event: 205.478 Thread 0x0000000002340800 nmethod 542 0x00000000025daa50 code [0x00000000025daba0, 0x00000000025dac38]
Event: 205.800 Thread 0x000000000233f000  543             java.text.NumberFormat::setMinimumFractionDigits (29 bytes)
Event: 205.800 Thread 0x0000000002340800  544             java.text.NumberFormat::setMaximumFractionDigits (29 bytes)
Event: 205.801 Thread 0x000000000233f000 nmethod 543 0x00000000025fed50 code [0x00000000025fee80, 0x00000000025feef8]
Event: 205.801 Thread 0x0000000002340800 nmethod 544 0x00000000025da210 code [0x00000000025da340, 0x00000000025da3b8]
Event: 205.820 Thread 0x0000000002340800  545             java.lang.CharacterDataLatin1::digit (91 bytes)
Event: 205.821 Thread 0x0000000002340800 nmethod 545 0x00000000025d9f10 code [0x00000000025da040, 0x00000000025da138]
Event: 206.977 Thread 0x000000000233f000  546             main.Main::getCam (5 bytes)
Event: 206.977 Thread 0x000000000233f000 nmethod 546 0x000000000260af50 code [0x000000000260b080, 0x000000000260b0f8]

GC Heap History (10 events):
Event: 141.133 GC heap before
{Heap before GC invocations=7 (full 0):
 PSYoungGen      total 39936K, used 38101K [0x00000007d5680000, 0x00000007d8580000, 0x0000000800000000)
  eden space 32768K, 100% used [0x00000007d5680000,0x00000007d7680000,0x00000007d7680000)
  from space 7168K, 74% used [0x00000007d7e80000,0x00000007d83b5470,0x00000007d8580000)
  to   space 7680K, 0% used [0x00000007d7680000,0x00000007d7680000,0x00000007d7e00000)
 ParOldGen       total 87040K, used 3055K [0x0000000780400000, 0x0000000785900000, 0x00000007d5680000)
  object space 87040K, 3% used [0x0000000780400000,0x00000007806fbf30,0x0000000785900000)
 PSPermGen       total 21504K, used 8943K [0x000000077b200000, 0x000000077c700000, 0x0000000780400000)
  object space 21504K, 41% used [0x000000077b200000,0x000000077babbf38,0x000000077c700000)
Event: 141.139 GC heap after
Heap after GC invocations=7 (full 0):
 PSYoungGen      total 39936K, used 576K [0x00000007d5680000, 0x00000007d8700000, 0x0000000800000000)
  eden space 32256K, 0% used [0x00000007d5680000,0x00000007d5680000,0x00000007d7600000)
  from space 7680K, 7% used [0x00000007d7680000,0x00000007d7710010,0x00000007d7e00000)
  to   space 8704K, 0% used [0x00000007d7e80000,0x00000007d7e80000,0x00000007d8700000)
 ParOldGen       total 87040K, used 7862K [0x0000000780400000, 0x0000000785900000, 0x00000007d5680000)
  object space 87040K, 9% used [0x0000000780400000,0x0000000780bada90,0x0000000785900000)
 PSPermGen       total 21504K, used 8943K [0x000000077b200000, 0x000000077c700000, 0x0000000780400000)
  object space 21504K, 41% used [0x000000077b200000,0x000000077babbf38,0x000000077c700000)
}
Event: 157.153 GC heap before
{Heap before GC invocations=8 (full 0):
 PSYoungGen      total 39936K, used 32832K [0x00000007d5680000, 0x00000007d8700000, 0x0000000800000000)
  eden space 32256K, 100% used [0x00000007d5680000,0x00000007d7600000,0x00000007d7600000)
  from space 7680K, 7% used [0x00000007d7680000,0x00000007d7710010,0x00000007d7e00000)
  to   space 8704K, 0% used [0x00000007d7e80000,0x00000007d7e80000,0x00000007d8700000)
 ParOldGen       total 87040K, used 7862K [0x0000000780400000, 0x0000000785900000, 0x00000007d5680000)
  object space 87040K, 9% used [0x0000000780400000,0x0000000780bada90,0x0000000785900000)
 PSPermGen       total 21504K, used 8944K [0x000000077b200000, 0x000000077c700000, 0x0000000780400000)
  object space 21504K, 41% used [0x000000077b200000,0x000000077babc110,0x000000077c700000)
Event: 157.155 GC heap after
Heap after GC invocations=8 (full 0):
 PSYoungGen      total 40448K, used 576K [0x00000007d5680000, 0x00000007d8780000, 0x0000000800000000)
  eden space 31744K, 0% used [0x00000007d5680000,0x00000007d5680000,0x00000007d7580000)
  from space 8704K, 6% used [0x00000007d7e80000,0x00000007d7f10010,0x00000007d8700000)
  to   space 9216K, 0% used [0x00000007d7580000,0x00000007d7580000,0x00000007d7e80000)
 ParOldGen       total 87040K, used 7886K [0x0000000780400000, 0x0000000785900000, 0x00000007d5680000)
  object space 87040K, 9% used [0x0000000780400000,0x0000000780bb3a90,0x0000000785900000)
 PSPermGen       total 21504K, used 8944K [0x000000077b200000, 0x000000077c700000, 0x0000000780400000)
  object space 21504K, 41% used [0x000000077b200000,0x000000077babc110,0x000000077c700000)
}
Event: 172.195 GC heap before
{Heap before GC invocations=9 (full 0):
 PSYoungGen      total 40448K, used 32320K [0x00000007d5680000, 0x00000007d8780000, 0x0000000800000000)
  eden space 31744K, 100% used [0x00000007d5680000,0x00000007d7580000,0x00000007d7580000)
  from space 8704K, 6% used [0x00000007d7e80000,0x00000007d7f10010,0x00000007d8700000)
  to   space 9216K, 0% used [0x00000007d7580000,0x00000007d7580000,0x00000007d7e80000)
 ParOldGen       total 87040K, used 7886K [0x0000000780400000, 0x0000000785900000, 0x00000007d5680000)
  object space 87040K, 9% used [0x0000000780400000,0x0000000780bb3a90,0x0000000785900000)
 PSPermGen       total 21504K, used 8949K [0x000000077b200000, 0x000000077c700000, 0x0000000780400000)
  object space 21504K, 41% used [0x000000077b200000,0x000000077babd470,0x000000077c700000)
Event: 172.197 GC heap after
Heap after GC invocations=9 (full 0):
 PSYoungGen      total 31744K, used 448K [0x00000007d5680000, 0x00000007d8700000, 0x0000000800000000)
  eden space 31232K, 0% used [0x00000007d5680000,0x00000007d5680000,0x00000007d7500000)
  from space 512K, 87% used [0x00000007d7580000,0x00000007d75f0010,0x00000007d7600000)
  to   space 9216K, 0% used [0x00000007d7e00000,0x00000007d7e00000,0x00000007d8700000)
 ParOldGen       total 87040K, used 8110K [0x0000000780400000, 0x0000000785900000, 0x00000007d5680000)
  object space 87040K, 9% used [0x0000000780400000,0x0000000780beba90,0x0000000785900000)
 PSPermGen       total 21504K, used 8949K [0x000000077b200000, 0x000000077c700000, 0x0000000780400000)
  object space 21504K, 41% used [0x000000077b200000,0x000000077babd470,0x000000077c700000)
}
Event: 183.335 GC heap before
{Heap before GC invocations=10 (full 0):
 PSYoungGen      total 31744K, used 31680K [0x00000007d5680000, 0x00000007d8700000, 0x0000000800000000)
  eden space 31232K, 100% used [0x00000007d5680000,0x00000007d7500000,0x00000007d7500000)
  from space 512K, 87% used [0x00000007d7580000,0x00000007d75f0010,0x00000007d7600000)
  to   space 9216K, 0% used [0x00000007d7e00000,0x00000007d7e00000,0x00000007d8700000)
 ParOldGen       total 87040K, used 8110K [0x0000000780400000, 0x0000000785900000, 0x00000007d5680000)
  object space 87040K, 9% used [0x0000000780400000,0x0000000780beba90,0x0000000785900000)
 PSPermGen       total 21504K, used 8949K [0x000000077b200000, 0x000000077c700000, 0x0000000780400000)
  object space 21504K, 41% used [0x000000077b200000,0x000000077babd6a0,0x000000077c700000)
Event: 183.336 GC heap after
Heap after GC invocations=10 (full 0):
 PSYoungGen      total 39424K, used 416K [0x00000007d5680000, 0x00000007d8680000, 0x0000000800000000)
  eden space 30720K, 0% used [0x00000007d5680000,0x00000007d5680000,0x00000007d7480000)
  from space 8704K, 4% used [0x00000007d7e00000,0x00000007d7e68010,0x00000007d8680000)
  to   space 9216K, 0% used [0x00000007d7480000,0x00000007d7480000,0x00000007d7d80000)
 ParOldGen       total 87040K, used 8158K [0x0000000780400000, 0x0000000785900000, 0x00000007d5680000)
  object space 87040K, 9% used [0x0000000780400000,0x0000000780bf7a90,0x0000000785900000)
 PSPermGen       total 21504K, used 8949K [0x000000077b200000, 0x000000077c700000, 0x0000000780400000)
  object space 21504K, 41% used [0x000000077b200000,0x000000077babd6a0,0x000000077c700000)
}
Event: 201.056 GC heap before
{Heap before GC invocations=11 (full 0):
 PSYoungGen      total 39424K, used 31136K [0x00000007d5680000, 0x00000007d8680000, 0x0000000800000000)
  eden space 30720K, 100% used [0x00000007d5680000,0x00000007d7480000,0x00000007d7480000)
  from space 8704K, 4% used [0x00000007d7e00000,0x00000007d7e68010,0x00000007d8680000)
  to   space 9216K, 0% used [0x00000007d7480000,0x00000007d7480000,0x00000007d7d80000)
 ParOldGen       total 87040K, used 8158K [0x0000000780400000, 0x0000000785900000, 0x00000007d5680000)
  object space 87040K, 9% used [0x0000000780400000,0x0000000780bf7a90,0x0000000785900000)
 PSPermGen       total 21504K, used 8978K [0x000000077b200000, 0x000000077c700000, 0x0000000780400000)
  object space 21504K, 41% used [0x000000077b200000,0x000000077bac48a0,0x000000077c700000)
Event: 201.057 GC heap after
Heap after GC invocations=11 (full 0):
 PSYoungGen      total 30720K, used 416K [0x00000007d5680000, 0x00000007d8600000, 0x0000000800000000)
  eden space 30208K, 0% used [0x00000007d5680000,0x00000007d5680000,0x00000007d7400000)
  from space 512K, 81% used [0x00000007d7480000,0x00000007d74e8010,0x00000007d7500000)
  to   space 9216K, 0% used [0x00000007d7d00000,0x00000007d7d00000,0x00000007d8600000)
 ParOldGen       total 87040K, used 8206K [0x0000000780400000, 0x0000000785900000, 0x00000007d5680000)
  object space 87040K, 9% used [0x0000000780400000,0x0000000780c03a90,0x0000000785900000)
 PSPermGen       total 21504K, used 8978K [0x000000077b200000, 0x000000077c700000, 0x0000000780400000)
  object space 21504K, 41% used [0x000000077b200000,0x000000077bac48a0,0x000000077c700000)
}

Deoptimization events (10 events):
Event: 185.297 Thread 0x000000000cce8800 Uncommon trap: reason=class_check action=maybe_recompile pc=0x00000000024d1840 method=com.badlogic.gdx.graphics.Texture.getWidth()I @ 4
Event: 185.297 Thread 0x000000000cce8800 Uncommon trap: reason=class_check action=maybe_recompile pc=0x00000000024d15c0 method=com.badlogic.gdx.graphics.Texture.getHeight()I @ 4
Event: 185.317 Thread 0x000000000cce8800 Uncommon trap: reason=class_check action=maybe_recompile pc=0x00000000024d1840 method=com.badlogic.gdx.graphics.Texture.getWidth()I @ 4
Event: 185.317 Thread 0x000000000cce8800 Uncommon trap: reason=class_check action=maybe_recompile pc=0x00000000024d15c0 method=com.badlogic.gdx.graphics.Texture.getHeight()I @ 4
Event: 185.318 Thread 0x000000000cce8800 Uncommon trap: reason=class_check action=maybe_recompile pc=0x00000000024d1840 method=com.badlogic.gdx.graphics.Texture.getWidth()I @ 4
Event: 185.318 Thread 0x000000000cce8800 Uncommon trap: reason=class_check action=maybe_recompile pc=0x00000000024d15c0 method=com.badlogic.gdx.graphics.Texture.getHeight()I @ 4
Event: 185.336 Thread 0x000000000cce8800 Uncommon trap: reason=class_check action=maybe_recompile pc=0x00000000024d1840 method=com.badlogic.gdx.graphics.Texture.getWidth()I @ 4
Event: 185.336 Thread 0x000000000cce8800 Uncommon trap: reason=class_check action=maybe_recompile pc=0x00000000024d15c0 method=com.badlogic.gdx.graphics.Texture.getHeight()I @ 4
Event: 209.094 Thread 0x000000000cce8800 Uncommon trap: reason=unreached action=reinterpret pc=0x00000000025e89fc method=java.lang.String.equalsIgnoreCase(Ljava/lang/String;)Z @ 10
Event: 209.128 Thread 0x000000000cce8800 Uncommon trap: reason=bimorphic action=maybe_recompile pc=0x00000000024cabdc method=java.util.HashMap.getEntry(Ljava/lang/Object;)Ljava/util/HashMap$Entry; @ 68

Internal exceptions (10 events):
Event: 165.874 Thread 0x000000000cce8800 Threw 0x00000007d6878730 at C:\re\jdk7u71\1605\hotspot\src\share\vm\interpreter\linkResolver.cpp:892
Event: 165.874 Thread 0x000000000cce8800 Threw 0x00000007d68788f8 at C:\re\jdk7u71\1605\hotspot\src\share\vm\interpreter\linkResolver.cpp:892
Event: 168.395 Thread 0x000000000cce8800 Threw 0x00000007d6dfcb28 at C:\re\jdk7u71\1605\hotspot\src\share\vm\interpreter\linkResolver.cpp:892
Event: 168.395 Thread 0x000000000cce8800 Threw 0x00000007d6dfccf0 at C:\re\jdk7u71\1605\hotspot\src\share\vm\interpreter\linkResolver.cpp:892
Event: 170.355 Thread 0x000000000cce8800 Threw 0x00000007d72107a0 at C:\re\jdk7u71\1605\hotspot\src\share\vm\interpreter\linkResolver.cpp:892
Event: 170.355 Thread 0x000000000cce8800 Threw 0x00000007d7210968 at C:\re\jdk7u71\1605\hotspot\src\share\vm\interpreter\linkResolver.cpp:892
Event: 185.315 Thread 0x000000000cce8800 Threw 0x00000007d5816d78 at C:\re\jdk7u71\1605\hotspot\src\share\vm\prims\jvm.cpp:1281
Event: 209.093 Thread 0x000000000cce8800 Threw 0x00000007d6becad8 at C:\re\jdk7u71\1605\hotspot\src\share\vm\prims\jvm.cpp:1281
Event: 209.094 Thread 0x000000000cce8800 Implicit null exception at 0x00000000025e8515 to 0x00000000025e89e9
Event: 209.110 Thread 0x000000000cce8800 Threw 0x00000007d6befd28 at C:\re\jdk7u71\1605\hotspot\src\share\vm\prims\jvm.cpp:1281

Events (10 events):
Event: 209.128 Thread 0x000000000cce8800 DEOPT UNPACKING pc=0x0000000002449064 sp=0x000000000e3df500 mode 2
Event: 209.134 loading class 0x00000000022d1bf0
Event: 209.134 loading class 0x00000000022d1bf0 done
Event: 209.135 loading class 0x000000000ce2e510
Event: 209.135 loading class 0x000000000ce2e510 done
Event: 209.135 loading class 0x000000000ce2e4e0
Event: 209.135 loading class 0x000000000ce2e4a0
Event: 209.135 loading class 0x000000000ce2e4a0 done
Event: 209.135 loading class 0x000000000ce2e4e0 done
Event: 209.135 Executing VM operation: Exit


Dynamic libraries:
0x00007ff71de70000 - 0x00007ff71dea3000 	C:\Program Files\Java\jre7\bin\javaw.exe
0x00007ff8dd5e0000 - 0x00007ff8dd7a1000 	C:\WINDOWS\SYSTEM32\ntdll.dll
0x00007ff8dcee0000 - 0x00007ff8dcf8d000 	C:\WINDOWS\system32\KERNEL32.DLL
0x00007ff8d9df0000 - 0x00007ff8d9fd8000 	C:\WINDOWS\system32\KERNELBASE.dll
0x00007ff8dc490000 - 0x00007ff8dc537000 	C:\WINDOWS\system32\ADVAPI32.dll
0x00007ff8dd470000 - 0x00007ff8dd50d000 	C:\WINDOWS\system32\msvcrt.dll
0x00007ff8dabc0000 - 0x00007ff8dac1b000 	C:\WINDOWS\system32\sechost.dll
0x00007ff8dc7c0000 - 0x00007ff8dc8dc000 	C:\WINDOWS\system32\RPCRT4.dll
0x00007ff8dc1e0000 - 0x00007ff8dc336000 	C:\WINDOWS\system32\USER32.dll
0x00007ff8dcd10000 - 0x00007ff8dce96000 	C:\WINDOWS\system32\GDI32.dll
0x00007ff8c6e40000 - 0x00007ff8c70b4000 	C:\WINDOWS\WinSxS\amd64_microsoft.windows.common-controls_6595b64144ccf1df_6.0.10586.0_none_8c15ae12515e1c22\COMCTL32.dll
0x00007ff8dca90000 - 0x00007ff8dcd0d000 	C:\WINDOWS\system32\combase.dll
0x00007ff8da970000 - 0x00007ff8da9da000 	C:\WINDOWS\system32\bcryptPrimitives.dll
0x00007ff8dcea0000 - 0x00007ff8dcedb000 	C:\WINDOWS\system32\IMM32.DLL
0x00000000517f0000 - 0x00000000518c2000 	C:\Program Files\Java\jre7\bin\msvcr100.dll
0x0000000051010000 - 0x00000000517e3000 	C:\Program Files\Java\jre7\bin\server\jvm.dll
0x00007ff8dc410000 - 0x00007ff8dc418000 	C:\WINDOWS\system32\PSAPI.DLL
0x00007ff8d7a70000 - 0x00007ff8d7a93000 	C:\WINDOWS\SYSTEM32\WINMM.dll
0x00007ff8d1ac0000 - 0x00007ff8d1ac9000 	C:\WINDOWS\SYSTEM32\WSOCK32.dll
0x00007ff8dc340000 - 0x00007ff8dc3ab000 	C:\WINDOWS\system32\WS2_32.dll
0x00007ff8d7690000 - 0x00007ff8d76bc000 	C:\WINDOWS\SYSTEM32\WINMMBASE.dll
0x00007ff8da920000 - 0x00007ff8da963000 	C:\WINDOWS\system32\cfgmgr32.dll
0x0000000051000000 - 0x000000005100f000 	C:\Program Files\Java\jre7\bin\verify.dll
0x0000000050fd0000 - 0x0000000050ff8000 	C:\Program Files\Java\jre7\bin\java.dll
0x0000000050fb0000 - 0x0000000050fc5000 	C:\Program Files\Java\jre7\bin\zip.dll
0x0000000065580000 - 0x000000006561b000 	C:\Users\Jay\AppData\Local\Temp\libgdxJay\3fcab39a\gdx64.dll
0x00007ff8d9580000 - 0x00007ff8d9597000 	C:\WINDOWS\SYSTEM32\CRYPTSP.dll
0x00007ff8d9210000 - 0x00007ff8d9244000 	C:\WINDOWS\system32\rsaenh.dll
0x00007ff8d9b30000 - 0x00007ff8d9b59000 	C:\WINDOWS\SYSTEM32\bcrypt.dll
0x00007ff8d9360000 - 0x00007ff8d937f000 	C:\WINDOWS\SYSTEM32\USERENV.dll
0x00007ff8d9c10000 - 0x00007ff8d9c24000 	C:\WINDOWS\system32\profapi.dll
0x00007ff8d96a0000 - 0x00007ff8d96ab000 	C:\WINDOWS\SYSTEM32\CRYPTBASE.dll
0x0000000050f90000 - 0x0000000050fa9000 	C:\Program Files\Java\jre7\bin\net.dll
0x00007ff8d94d0000 - 0x00007ff8d952c000 	C:\WINDOWS\system32\mswsock.dll
0x00007ff8d43c0000 - 0x00007ff8d43f8000 	C:\WINDOWS\SYSTEM32\IPHLPAPI.DLL
0x00007ff8dc7a0000 - 0x00007ff8dc7a8000 	C:\WINDOWS\system32\NSI.dll
0x00007ff8d3ff0000 - 0x00007ff8d4006000 	C:\WINDOWS\SYSTEM32\dhcpcsvc6.DLL
0x00007ff8d4420000 - 0x00007ff8d443a000 	C:\WINDOWS\SYSTEM32\dhcpcsvc.DLL
0x0000000050f70000 - 0x0000000050f81000 	C:\Program Files\Java\jre7\bin\nio.dll
0x0000000180000000 - 0x0000000180051000 	C:\Users\Jay\AppData\Local\Temp\libgdxJay\ccd07a7a\lwjgl64.dll
0x00007ff8ab9b0000 - 0x00007ff8abad9000 	C:\WINDOWS\SYSTEM32\OPENGL32.dll
0x00007ff8d7aa0000 - 0x00007ff8d7aaa000 	C:\WINDOWS\SYSTEM32\VERSION.dll
0x00007ff8ca390000 - 0x00007ff8ca3be000 	C:\WINDOWS\SYSTEM32\GLU32.dll
0x00007ff8b0510000 - 0x00007ff8b060a000 	C:\WINDOWS\SYSTEM32\DDRAW.dll
0x00007ff8c4830000 - 0x00007ff8c4838000 	C:\WINDOWS\SYSTEM32\DCIMAN32.dll
0x000000000d940000 - 0x000000000d9a4000 	C:\Users\Jay\AppData\Local\Temp\libgdxJay\ccd07a7a\OpenAL64.dll
0x00007ff8dac20000 - 0x00007ff8dc17f000 	C:\WINDOWS\system32\SHELL32.dll
0x00007ff8da040000 - 0x00007ff8da684000 	C:\WINDOWS\system32\windows.storage.dll
0x00007ff8dc3b0000 - 0x00007ff8dc402000 	C:\WINDOWS\system32\shlwapi.dll
0x00007ff8d9c30000 - 0x00007ff8d9c3f000 	C:\WINDOWS\system32\kernel.appcore.dll
0x00007ff8da860000 - 0x00007ff8da915000 	C:\WINDOWS\system32\shcore.dll
0x00007ff8d9c40000 - 0x00007ff8d9c8b000 	C:\WINDOWS\system32\powrprof.dll
0x00007ff8dc540000 - 0x00007ff8dc683000 	C:\WINDOWS\system32\ole32.dll
0x00007ff8d88c0000 - 0x00007ff8d8956000 	C:\WINDOWS\system32\uxtheme.dll
0x00007ff8c3bc0000 - 0x00007ff8c3be8000 	C:\Program Files (x86)\Raptr\ltc_help64-106568.dll
0x00007ff8d9fe0000 - 0x00007ff8da035000 	C:\WINDOWS\system32\WINTRUST.dll
0x00007ff8d9c00000 - 0x00007ff8d9c10000 	C:\WINDOWS\system32\MSASN1.dll
0x00007ff8da690000 - 0x00007ff8da857000 	C:\WINDOWS\system32\CRYPT32.dll
0x00007ff8dd3c0000 - 0x00007ff8dd467000 	C:\WINDOWS\system32\clbcatq.dll
0x00007ff8d4010000 - 0x00007ff8d4196000 	C:\WINDOWS\System32\PROPSYS.dll
0x00007ff8dd510000 - 0x00007ff8dd5d1000 	C:\WINDOWS\system32\OLEAUT32.dll
0x00007ff89f630000 - 0x00007ff89f6cc000 	C:\WINDOWS\SYSTEM32\dsound.dll
0x00007ff8d4200000 - 0x00007ff8d4270000 	C:\WINDOWS\System32\MMDevApi.dll
0x00007ff8d8960000 - 0x00007ff8d8987000 	C:\WINDOWS\System32\DEVOBJ.dll
0x00007ff8c4a30000 - 0x00007ff8c4ab8000 	C:\WINDOWS\SYSTEM32\AUDIOSES.DLL
0x00007ff8d0c50000 - 0x00007ff8d0d86000 	C:\WINDOWS\SYSTEM32\wintypes.dll
0x00007ff8daa00000 - 0x00007ff8dab5a000 	C:\WINDOWS\system32\MSCTF.dll
0x00007ff8d7fb0000 - 0x00007ff8d7fd2000 	C:\WINDOWS\system32\dwmapi.dll
0x00007ff8d27e0000 - 0x00007ff8d27f8000 	C:\WINDOWS\SYSTEM32\atig6pxx.dll
0x0000000076200000 - 0x0000000078000000 	C:\WINDOWS\SYSTEM32\atio6axx.dll
0x00007ff8dcf90000 - 0x00007ff8dd3b9000 	C:\WINDOWS\system32\SETUPAPI.dll
0x00007ff8b7e60000 - 0x00007ff8b7fa1000 	C:\WINDOWS\SYSTEM32\atiadlxx.dll
0x00007ff8d5710000 - 0x00007ff8d5723000 	C:\WINDOWS\SYSTEM32\WTSAPI32.dll
0x00007ff8c4010000 - 0x00007ff8c403c000 	C:\WINDOWS\SYSTEM32\atig6txx.dll
0x00007ff8cb200000 - 0x00007ff8cb291000 	C:\WINDOWS\SYSTEM32\mscms.dll
0x00007ff8b7b90000 - 0x00007ff8b7bd2000 	C:\WINDOWS\SYSTEM32\icm32.dll
0x00007ff8da9e0000 - 0x00007ff8da9fc000 	C:\WINDOWS\system32\imagehlp.dll
0x00007ff8d8c00000 - 0x00007ff8d8c24000 	C:\WINDOWS\SYSTEM32\gpapi.dll
0x00007ff8c9de0000 - 0x00007ff8c9e0f000 	C:\Windows\System32\cryptnet.dll
0x00007ff8d4640000 - 0x00007ff8d464b000 	C:\WINDOWS\SYSTEM32\WINNSI.DLL
0x00007ff8ab1b0000 - 0x00007ff8ab3f8000 	C:\PROGRA~2\Raptr\ltc_game64-106568.dll
0x0000000066bc0000 - 0x0000000066c7b000 	C:\Users\Jay\AppData\Local\Temp\libgdxJay\d6d72896\gdx-box2d64.dll
0x00007ff8d6380000 - 0x00007ff8d650c000 	C:\WINDOWS\SYSTEM32\dbghelp.dll

VM Arguments:
jvm_args: -Dfile.encoding=Cp1252 
java_command: main.AftamathDesktop
Launcher Type: SUN_STANDARD

Environment Variables:
JAVA_HOME=C:\Program Files (x86)\Java\jdk1.8.0_25
PATH=C:\Program Files (x86)\NVIDIA Corporation\PhysX\Common;C:\Windows\system32;C:\Windows;C:\Windows\System32\Wbem;C:\Windows\System32\WindowsPowerShell\v1.0\;C:\Program Files (x86)\ATI Technologies\ATI.ACE\Core-Static;C:\Program Files (x86)\Windows Live\Shared;C:\Program Files (x86)\QuickTime\QTSystem\;C:\Users\Jay\AppData\Local\Smartbar\Application\;C:\WINDOWS\system32;C:\WINDOWS;C:\WINDOWS\System32\Wbem;C:\WINDOWS\System32\WindowsPowerShell\v1.0\;C:\Program Files (x86)\Skype\Phone\;C:\Program Files (x86)\AMD\ATI.ACE\Core-Static
USERNAME=Jay
OS=Windows_NT
PROCESSOR_IDENTIFIER=AMD64 Family 21 Model 2 Stepping 0, AuthenticAMD



---------------  S Y S T E M  ---------------

OS: Windows 8.1 , 64 bit Build 9600 

CPU:total 8 (8 cores per cpu, 1 threads per core) family 21 model 2 stepping 0, cmov, cx8, fxsr, mmx, sse, sse2, sse3, ssse3, sse4.1, sse4.2, popcnt, avx, aes, mmxext, 3dnowpref, lzcnt, sse4a, tsc, tscinvbit, tscinv

Memory: 4k page, physical 8369696k(3205084k free), swap 24098336k(15636652k free)

vm_info: Java HotSpot(TM) 64-Bit Server VM (24.71-b01) for windows-amd64 JRE (1.7.0_71-b14), built on Sep 26 2014 16:16:12 by "java_re" with unknown MS VC++:1600

time: Thu Dec 17 12:29:29 2015
elapsed time: 209 seconds

