#
# A fatal error has been detected by the Java Runtime Environment:
#
#  EXCEPTION_ACCESS_VIOLATION (0xc0000005) at pc=0x00007ff8aba92224, pid=6336, tid=12696
#
# JRE version: Java(TM) SE Runtime Environment (7.0_71-b14) (build 1.7.0_71-b14)
# Java VM: Java HotSpot(TM) 64-Bit Server VM (24.71-b01 mixed mode windows-amd64 compressed oops)
# Problematic frame:
# C  [OPENGL32.dll+0xe2224]
#
# Failed to write core dump. Minidumps are not enabled by default on client versions of Windows
#
# If you would like to submit a bug report, please visit:
#   http://bugreport.sun.com/bugreport/crash.jsp
#

---------------  T H R E A D  ---------------

Current thread (0x000000000ac36800):  VMThread [stack: 0x000000000c910000,0x000000000ca10000] [id=12696]

siginfo: ExceptionCode=0xc0000005, reading address 0x0000000000000a38

Registers:
RAX=0x0000000000000000, RBX=0x00000000155a2780, RCX=0x0000000000000001, RDX=0x00000000155a2788
RSP=0x000000000ca0f348, RBP=0x0000000000000000, RSI=0x00000000155a5db0, RDI=0x00000000155a5db0
R8 =0x000000000ca0f3c8, R9 =0x0000000002336fa0, R10=0x0000000000000000, R11=0x0000000000000246
R12=0x0000000000000000, R13=0x00000000153a7760, R14=0x00000000153a7610, R15=0x0000000000000000
RIP=0x00007ff8aba92224, EFLAGS=0x0000000000010287

Top of Stack: (sp=0x000000000ca0f348)
0x000000000ca0f348:   00007ff89f0a244b 00000000153a7760
0x000000000ca0f358:   0000000000000001 00000000153a0000
0x000000000ca0f368:   00007ff8dd6007d9 0000000000000000
0x000000000ca0f378:   00007ff89f0a7f17 0000000000000000
0x000000000ca0f388:   0000000000000000 00000000153a7740
0x000000000ca0f398:   00007ff89f0a7283 fffffffffffffffe
0x000000000ca0f3a8:   000000000ca0f410 0000000000000000
0x000000000ca0f3b8:   00007ff89f0a87c9 00000000155a5db0
0x000000000ca0f3c8:   00000000155a6e00 0000000002336fa0
0x000000000ca0f3d8:   00007ff89f125700 fffffffffffffffe
0x000000000ca0f3e8:   00000000153a9c60 0000000000000001
0x000000000ca0f3f8:   00000000153a7738 00000000153a7610
0x000000000ca0f408:   00007ff89f12d7ad 00007ff89f2665b0
0x000000000ca0f418:   00007ff89f191930 0000000002336fa0
0x000000000ca0f428:   00007ff8dd6007bd 00000000153a7738
0x000000000ca0f438:   00000000153a7610 00000000153a7610 

Instructions: (pc=0x00007ff8aba92224)
0x00007ff8aba92204:   cc cc cc cc cc cc 66 0f 1f 44 00 00 8b 05 f2 7d
0x00007ff8aba92214:   01 00 83 f8 40 73 0f 65 48 8b 04 c5 80 14 00 00
0x00007ff8aba92224:   ff a0 38 0a 00 00 b8 47 01 00 00 e9 ec d4 ff ff
0x00007ff8aba92234:   cc cc cc cc cc cc 66 0f 1f 44 00 00 8b 05 c2 7d 


Register to memory mapping:

RAX=0x0000000000000000 is an unknown value
RBX=0x00000000155a2780 is an unknown value
RCX=0x0000000000000001 is an unknown value
RDX=0x00000000155a2788 is an unknown value
RSP=0x000000000ca0f348 is an unknown value
RBP=0x0000000000000000 is an unknown value
RSI=0x00000000155a5db0 is an unknown value
RDI=0x00000000155a5db0 is an unknown value
R8 =0x000000000ca0f3c8 is an unknown value
R9 =0x0000000002336fa0 is an unknown value
R10=0x0000000000000000 is an unknown value
R11=0x0000000000000246 is an unknown value
R12=0x0000000000000000 is an unknown value
R13=0x00000000153a7760 is an unknown value
R14=0x00000000153a7610 is an unknown value
R15=0x0000000000000000 is an unknown value


Stack: [0x000000000c910000,0x000000000ca10000],  sp=0x000000000ca0f348,  free space=1020k
Native frames: (J=compiled Java code, j=interpreted, Vv=VM code, C=native code)
C  [OPENGL32.dll+0xe2224]

[error occurred during error reporting (printing native stack), id 0xc0000005]

VM_Operation (0x000000000e2bf450): Exit, mode: safepoint, requested by thread 0x000000000ce3d800


---------------  P R O C E S S  ---------------

Java Threads: ( => current thread )
  0x00000000215d3800 JavaThread "LWJGL Timer" daemon [_thread_blocked, id=12384, stack(0x0000000010eb0000,0x0000000010fb0000)]
  0x00000000004dd800 JavaThread "DestroyJavaVM" [_thread_blocked, id=9788, stack(0x00000000021b0000,0x00000000022b0000)]
  0x000000000ce3d800 JavaThread "LWJGL Application" [_thread_blocked, id=6908, stack(0x000000000e1c0000,0x000000000e2c0000)]
  0x0000000002407000 JavaThread "Service Thread" daemon [_thread_blocked, id=13540, stack(0x000000000d410000,0x000000000d510000)]
  0x0000000002401800 JavaThread "C2 CompilerThread1" daemon [_thread_blocked, id=12728, stack(0x000000000d310000,0x000000000d410000)]
  0x0000000002400000 JavaThread "C2 CompilerThread0" daemon [_thread_blocked, id=6444, stack(0x000000000d210000,0x000000000d310000)]
  0x00000000023ff800 JavaThread "Attach Listener" daemon [_thread_blocked, id=5428, stack(0x000000000d110000,0x000000000d210000)]
  0x000000000ac43000 JavaThread "Finalizer" daemon [_thread_blocked, id=12124, stack(0x000000000cb10000,0x000000000cc10000)]
  0x000000000ac3c000 JavaThread "Reference Handler" daemon [_thread_blocked, id=9260, stack(0x000000000ca10000,0x000000000cb10000)]

Other Threads:
=>0x000000000ac36800 VMThread [stack: 0x000000000c910000,0x000000000ca10000] [id=12696]

VM state:at safepoint (shutting down)

VM Mutex/Monitor currently owned by a thread:  ([mutex/lock_event])
[0x00000000004dc730] Threads_lock - owner thread: 0x000000000ac36800

Heap
 PSYoungGen      total 38400K, used 30218K [0x00000007d5680000, 0x00000007dad00000, 0x0000000800000000)
  eden space 33280K, 75% used [0x00000007d5680000,0x00000007d6f06bd8,0x00000007d7700000)
  from space 5120K, 99% used [0x00000007d7780000,0x00000007d7c7bde0,0x00000007d7c80000)
  to   space 27648K, 0% used [0x00000007d9200000,0x00000007d9200000,0x00000007dad00000)
 ParOldGen       total 87040K, used 28198K [0x0000000780400000, 0x0000000785900000, 0x00000007d5680000)
  object space 87040K, 32% used [0x0000000780400000,0x0000000781f89a78,0x0000000785900000)
 PSPermGen       total 21504K, used 8899K [0x000000077b200000, 0x000000077c700000, 0x0000000780400000)
  object space 21504K, 41% used [0x000000077b200000,0x000000077bab0ec8,0x000000077c700000)

Card table byte_map: [0x00000000054d0000,0x0000000005900000] byte_map_base: 0x00000000018f7000

Polling page: 0x00000000009a0000

Code Cache  [0x0000000002410000, 0x0000000002680000, 0x0000000005410000)
 total_blobs=856 nmethods=384 adapters=425 free_code_cache=47582Kb largest_free_block=48694464

Compilation events (10 events):
Event: 79.092 Thread 0x0000000002401800  391             java.lang.Enum::toString (5 bytes)
Event: 79.092 Thread 0x0000000002401800 nmethod 391 0x0000000002582810 code [0x0000000002582940, 0x00000000025829b8]
Event: 80.830 Thread 0x0000000002400000  392   !         entities.Mob::setAnimation (123 bytes)
Event: 80.857 Thread 0x0000000002400000 nmethod 392 0x000000000259c8d0 code [0x000000000259cb60, 0x000000000259d6f0]
Event: 86.951 Thread 0x0000000002401800  393             handlers.Animation::update (328 bytes)
Event: 86.957 Thread 0x0000000002401800 nmethod 393 0x000000000259a8d0 code [0x000000000259aa40, 0x000000000259ad08]
Event: 86.972 Thread 0x0000000002400000  394             entities.Entity::render (73 bytes)
Event: 86.992 Thread 0x0000000002401800  395             handlers.Animation::getFrame (30 bytes)
Event: 86.992 Thread 0x0000000002400000 nmethod 394 0x000000000259df50 code [0x000000000259e1a0, 0x000000000259ec70]
Event: 86.993 Thread 0x0000000002401800 nmethod 395 0x000000000259a610 code [0x000000000259a740, 0x000000000259a818]

GC Heap History (10 events):
Event: 5.139 GC heap before
{Heap before GC invocations=1 (full 0):
 PSYoungGen      total 38912K, used 33792K [0x00000007d5680000, 0x00000007d8180000, 0x0000000800000000)
  eden space 33792K, 100% used [0x00000007d5680000,0x00000007d7780000,0x00000007d7780000)
  from space 5120K, 0% used [0x00000007d7c80000,0x00000007d7c80000,0x00000007d8180000)
  to   space 5120K, 0% used [0x00000007d7780000,0x00000007d7780000,0x00000007d7c80000)
 ParOldGen       total 87040K, used 0K [0x0000000780400000, 0x0000000785900000, 0x00000007d5680000)
  object space 87040K, 0% used [0x0000000780400000,0x0000000780400000,0x0000000785900000)
 PSPermGen       total 21504K, used 7229K [0x000000077b200000, 0x000000077c700000, 0x0000000780400000)
  object space 21504K, 33% used [0x000000077b200000,0x000000077b90f610,0x000000077c700000)
Event: 5.154 GC heap after
Heap after GC invocations=1 (full 0):
 PSYoungGen      total 38912K, used 5101K [0x00000007d5680000, 0x00000007d8180000, 0x0000000800000000)
  eden space 33792K, 0% used [0x00000007d5680000,0x00000007d5680000,0x00000007d7780000)
  from space 5120K, 99% used [0x00000007d7780000,0x00000007d7c7b5b0,0x00000007d7c80000)
  to   space 5120K, 0% used [0x00000007d7c80000,0x00000007d7c80000,0x00000007d8180000)
 ParOldGen       total 87040K, used 6786K [0x0000000780400000, 0x0000000785900000, 0x00000007d5680000)
  object space 87040K, 7% used [0x0000000780400000,0x0000000780aa09a0,0x0000000785900000)
 PSPermGen       total 21504K, used 7229K [0x000000077b200000, 0x000000077c700000, 0x0000000780400000)
  object space 21504K, 33% used [0x000000077b200000,0x000000077b90f610,0x000000077c700000)
}
Event: 8.116 GC heap before
{Heap before GC invocations=2 (full 0):
 PSYoungGen      total 38912K, used 38893K [0x00000007d5680000, 0x00000007d8180000, 0x0000000800000000)
  eden space 33792K, 100% used [0x00000007d5680000,0x00000007d7780000,0x00000007d7780000)
  from space 5120K, 99% used [0x00000007d7780000,0x00000007d7c7b5b0,0x00000007d7c80000)
  to   space 5120K, 0% used [0x00000007d7c80000,0x00000007d7c80000,0x00000007d8180000)
 ParOldGen       total 87040K, used 6786K [0x0000000780400000, 0x0000000785900000, 0x00000007d5680000)
  object space 87040K, 7% used [0x0000000780400000,0x0000000780aa09a0,0x0000000785900000)
 PSPermGen       total 21504K, used 7912K [0x000000077b200000, 0x000000077c700000, 0x0000000780400000)
  object space 21504K, 36% used [0x000000077b200000,0x000000077b9ba340,0x000000077c700000)
Event: 8.150 GC heap after
Heap after GC invocations=2 (full 0):
 PSYoungGen      total 38912K, used 5111K [0x00000007d5680000, 0x00000007d8180000, 0x0000000800000000)
  eden space 33792K, 0% used [0x00000007d5680000,0x00000007d5680000,0x00000007d7780000)
  from space 5120K, 99% used [0x00000007d7c80000,0x00000007d817dd70,0x00000007d8180000)
  to   space 5120K, 0% used [0x00000007d7780000,0x00000007d7780000,0x00000007d7c80000)
 ParOldGen       total 87040K, used 27049K [0x0000000780400000, 0x0000000785900000, 0x00000007d5680000)
  object space 87040K, 31% used [0x0000000780400000,0x0000000781e6a720,0x0000000785900000)
 PSPermGen       total 21504K, used 7912K [0x000000077b200000, 0x000000077c700000, 0x0000000780400000)
  object space 21504K, 36% used [0x000000077b200000,0x000000077b9ba340,0x000000077c700000)
}
Event: 26.869 GC heap before
{Heap before GC invocations=3 (full 0):
 PSYoungGen      total 38912K, used 38903K [0x00000007d5680000, 0x00000007d8180000, 0x0000000800000000)
  eden space 33792K, 100% used [0x00000007d5680000,0x00000007d7780000,0x00000007d7780000)
  from space 5120K, 99% used [0x00000007d7c80000,0x00000007d817dd70,0x00000007d8180000)
  to   space 5120K, 0% used [0x00000007d7780000,0x00000007d7780000,0x00000007d7c80000)
 ParOldGen       total 87040K, used 27049K [0x0000000780400000, 0x0000000785900000, 0x00000007d5680000)
  object space 87040K, 31% used [0x0000000780400000,0x0000000781e6a720,0x0000000785900000)
 PSPermGen       total 21504K, used 8677K [0x000000077b200000, 0x000000077c700000, 0x0000000780400000)
  object space 21504K, 40% used [0x000000077b200000,0x000000077ba79480,0x000000077c700000)
Event: 26.880 GC heap after
Heap after GC invocations=3 (full 0):
 PSYoungGen      total 38912K, used 5119K [0x00000007d5680000, 0x00000007d8180000, 0x0000000800000000)
  eden space 33792K, 0% used [0x00000007d5680000,0x00000007d5680000,0x00000007d7780000)
  from space 5120K, 99% used [0x00000007d7780000,0x00000007d7c7fdf0,0x00000007d7c80000)
  to   space 5120K, 0% used [0x00000007d7c80000,0x00000007d7c80000,0x00000007d8180000)
 ParOldGen       total 87040K, used 28022K [0x0000000780400000, 0x0000000785900000, 0x00000007d5680000)
  object space 87040K, 32% used [0x0000000780400000,0x0000000781f5da48,0x0000000785900000)
 PSPermGen       total 21504K, used 8677K [0x000000077b200000, 0x000000077c700000, 0x0000000780400000)
  object space 21504K, 40% used [0x000000077b200000,0x000000077ba79480,0x000000077c700000)
}
Event: 54.329 GC heap before
{Heap before GC invocations=4 (full 0):
 PSYoungGen      total 38912K, used 38911K [0x00000007d5680000, 0x00000007d8180000, 0x0000000800000000)
  eden space 33792K, 100% used [0x00000007d5680000,0x00000007d7780000,0x00000007d7780000)
  from space 5120K, 99% used [0x00000007d7780000,0x00000007d7c7fdf0,0x00000007d7c80000)
  to   space 5120K, 0% used [0x00000007d7c80000,0x00000007d7c80000,0x00000007d8180000)
 ParOldGen       total 87040K, used 28022K [0x0000000780400000, 0x0000000785900000, 0x00000007d5680000)
  object space 87040K, 32% used [0x0000000780400000,0x0000000781f5da48,0x0000000785900000)
 PSPermGen       total 21504K, used 8793K [0x000000077b200000, 0x000000077c700000, 0x0000000780400000)
  object space 21504K, 40% used [0x000000077b200000,0x000000077ba96490,0x000000077c700000)
Event: 54.336 GC heap after
Heap after GC invocations=4 (full 0):
 PSYoungGen      total 38912K, used 5103K [0x00000007d5680000, 0x00000007d8180000, 0x0000000800000000)
  eden space 33792K, 0% used [0x00000007d5680000,0x00000007d5680000,0x00000007d7780000)
  from space 5120K, 99% used [0x00000007d7c80000,0x00000007d817bde0,0x00000007d8180000)
  to   space 5120K, 0% used [0x00000007d7780000,0x00000007d7780000,0x00000007d7c80000)
 ParOldGen       total 87040K, used 28166K [0x0000000780400000, 0x0000000785900000, 0x00000007d5680000)
  object space 87040K, 32% used [0x0000000780400000,0x0000000781f81a78,0x0000000785900000)
 PSPermGen       total 21504K, used 8793K [0x000000077b200000, 0x000000077c700000, 0x0000000780400000)
  object space 21504K, 40% used [0x000000077b200000,0x000000077ba96490,0x000000077c700000)
}
Event: 75.012 GC heap before
{Heap before GC invocations=5 (full 0):
 PSYoungGen      total 38912K, used 38895K [0x00000007d5680000, 0x00000007d8180000, 0x0000000800000000)
  eden space 33792K, 100% used [0x00000007d5680000,0x00000007d7780000,0x00000007d7780000)
  from space 5120K, 99% used [0x00000007d7c80000,0x00000007d817bde0,0x00000007d8180000)
  to   space 5120K, 0% used [0x00000007d7780000,0x00000007d7780000,0x00000007d7c80000)
 ParOldGen       total 87040K, used 28166K [0x0000000780400000, 0x0000000785900000, 0x00000007d5680000)
  object space 87040K, 32% used [0x0000000780400000,0x0000000781f81a78,0x0000000785900000)
 PSPermGen       total 21504K, used 8872K [0x000000077b200000, 0x000000077c700000, 0x0000000780400000)
  object space 21504K, 41% used [0x000000077b200000,0x000000077baaa040,0x000000077c700000)
Event: 75.020 GC heap after
Heap after GC invocations=5 (full 0):
 PSYoungGen      total 38400K, used 5103K [0x00000007d5680000, 0x00000007dad00000, 0x0000000800000000)
  eden space 33280K, 0% used [0x00000007d5680000,0x00000007d5680000,0x00000007d7700000)
  from space 5120K, 99% used [0x00000007d7780000,0x00000007d7c7bde0,0x00000007d7c80000)
  to   space 27648K, 0% used [0x00000007d9200000,0x00000007d9200000,0x00000007dad00000)
 ParOldGen       total 87040K, used 28198K [0x0000000780400000, 0x0000000785900000, 0x00000007d5680000)
  object space 87040K, 32% used [0x0000000780400000,0x0000000781f89a78,0x0000000785900000)
 PSPermGen       total 21504K, used 8872K [0x000000077b200000, 0x000000077c700000, 0x0000000780400000)
  object space 21504K, 41% used [0x000000077b200000,0x000000077baaa040,0x000000077c700000)
}

Deoptimization events (10 events):
Event: 9.509 Thread 0x000000000ce3d800 Uncommon trap: reason=class_check action=maybe_recompile pc=0x00000000024a808c method=java.io.FilterInputStream.read([B)I @ 5
Event: 9.509 Thread 0x000000000ce3d800 Uncommon trap: reason=class_check action=maybe_recompile pc=0x00000000024a808c method=java.io.FilterInputStream.read([B)I @ 5
Event: 9.509 Thread 0x000000000ce3d800 Uncommon trap: reason=class_check action=maybe_recompile pc=0x00000000024a808c method=java.io.FilterInputStream.read([B)I @ 5
Event: 9.510 Thread 0x000000000ce3d800 Uncommon trap: reason=class_check action=maybe_recompile pc=0x00000000024a808c method=java.io.FilterInputStream.read([B)I @ 5
Event: 75.811 Thread 0x000000000ce3d800 Uncommon trap: reason=unreached action=reinterpret pc=0x00000000024ca504 method=handlers.Animation.update(F)V @ 11
Event: 75.811 Thread 0x000000000ce3d800 Uncommon trap: reason=unreached action=reinterpret pc=0x0000000002530eb0 method=handlers.Animation.getFrame()Lcom/badlogic/gdx/graphics/g2d/TextureRegion; @ 6
Event: 75.831 Thread 0x000000000ce3d800 Uncommon trap: reason=unreached action=reinterpret pc=0x00000000024a80ac method=handlers.Animation.getFrame()Lcom/badlogic/gdx/graphics/g2d/TextureRegion; @ 6
Event: 75.890 Thread 0x000000000ce3d800 Uncommon trap: reason=unreached action=reinterpret pc=0x00000000024c9c50 method=java.lang.Enum.equals(Ljava/lang/Object;)Z @ 2
Event: 88.119 Thread 0x000000000ce3d800 Uncommon trap: reason=unreached action=reinterpret pc=0x000000000258567c method=java.lang.String.equalsIgnoreCase(Ljava/lang/String;)Z @ 10
Event: 88.151 Thread 0x000000000ce3d800 Uncommon trap: reason=bimorphic action=maybe_recompile pc=0x0000000002511e64 method=java.util.HashMap.getEntry(Ljava/lang/Object;)Ljava/util/HashMap$Entry; @ 68

Internal exceptions (10 events):
Event: 80.471 Thread 0x000000000ce3d800 Threw 0x00000007d667b9c8 at C:\re\jdk7u71\1605\hotspot\src\share\vm\interpreter\linkResolver.cpp:892
Event: 80.471 Thread 0x000000000ce3d800 Threw 0x00000007d667bb90 at C:\re\jdk7u71\1605\hotspot\src\share\vm\interpreter\linkResolver.cpp:892
Event: 80.511 Thread 0x000000000ce3d800 Threw 0x00000007d66939c8 at C:\re\jdk7u71\1605\hotspot\src\share\vm\interpreter\linkResolver.cpp:892
Event: 80.511 Thread 0x000000000ce3d800 Threw 0x00000007d6693b90 at C:\re\jdk7u71\1605\hotspot\src\share\vm\interpreter\linkResolver.cpp:892
Event: 80.952 Thread 0x000000000ce3d800 Threw 0x00000007d6779420 at C:\re\jdk7u71\1605\hotspot\src\share\vm\interpreter\interpreterRuntime.cpp:347
Event: 81.331 Thread 0x000000000ce3d800 Threw 0x00000007d68b5fb0 at C:\re\jdk7u71\1605\hotspot\src\share\vm\interpreter\linkResolver.cpp:892
Event: 81.331 Thread 0x000000000ce3d800 Threw 0x00000007d68b6178 at C:\re\jdk7u71\1605\hotspot\src\share\vm\interpreter\linkResolver.cpp:892
Event: 88.119 Thread 0x000000000ce3d800 Threw 0x00000007d6ed94e0 at C:\re\jdk7u71\1605\hotspot\src\share\vm\prims\jvm.cpp:1281
Event: 88.119 Thread 0x000000000ce3d800 Implicit null exception at 0x0000000002585195 to 0x0000000002585669
Event: 88.135 Thread 0x000000000ce3d800 Threw 0x00000007d6edc730 at C:\re\jdk7u71\1605\hotspot\src\share\vm\prims\jvm.cpp:1281

Events (10 events):
Event: 88.161 loading class 0x000000000238fbe0
Event: 88.161 loading class 0x000000000238fbe0 done
Event: 88.162 loading class 0x000000000cd33a30
Event: 88.162 loading class 0x000000000cd33a30 done
Event: 88.162 loading class 0x000000000cd33a00
Event: 88.162 loading class 0x000000000cd339c0
Event: 88.162 loading class 0x000000000cd339c0 done
Event: 88.162 loading class 0x000000000cd33a00 done
Event: 88.162 Thread 0x000000000cc31800 Thread exited: 0x000000000cc31800
Event: 88.162 Executing VM operation: Exit


Dynamic libraries:
0x00007ff72eb30000 - 0x00007ff72eb63000 	C:\Program Files\Java\jre7\bin\javaw.exe
0x00007ff8dd5e0000 - 0x00007ff8dd7a1000 	C:\WINDOWS\SYSTEM32\ntdll.dll
0x00007ff8dcee0000 - 0x00007ff8dcf8d000 	C:\WINDOWS\system32\KERNEL32.DLL
0x00007ff8d9df0000 - 0x00007ff8d9fd8000 	C:\WINDOWS\system32\KERNELBASE.dll
0x00007ff8dc490000 - 0x00007ff8dc537000 	C:\WINDOWS\system32\ADVAPI32.dll
0x00007ff8dd470000 - 0x00007ff8dd50d000 	C:\WINDOWS\system32\msvcrt.dll
0x00007ff8dabc0000 - 0x00007ff8dac1b000 	C:\WINDOWS\system32\sechost.dll
0x00007ff8dc7c0000 - 0x00007ff8dc8dc000 	C:\WINDOWS\system32\RPCRT4.dll
0x00007ff8dc1e0000 - 0x00007ff8dc336000 	C:\WINDOWS\system32\USER32.dll
0x00007ff8dcd10000 - 0x00007ff8dce96000 	C:\WINDOWS\system32\GDI32.dll
0x00007ff8c6e40000 - 0x00007ff8c70b4000 	C:\WINDOWS\WinSxS\amd64_microsoft.windows.common-controls_6595b64144ccf1df_6.0.10586.0_none_8c15ae12515e1c22\COMCTL32.dll
0x00007ff8dca90000 - 0x00007ff8dcd0d000 	C:\WINDOWS\system32\combase.dll
0x00007ff8da970000 - 0x00007ff8da9da000 	C:\WINDOWS\system32\bcryptPrimitives.dll
0x00007ff8dcea0000 - 0x00007ff8dcedb000 	C:\WINDOWS\system32\IMM32.DLL
0x00000000517f0000 - 0x00000000518c2000 	C:\Program Files\Java\jre7\bin\msvcr100.dll
0x0000000051010000 - 0x00000000517e3000 	C:\Program Files\Java\jre7\bin\server\jvm.dll
0x00007ff8dc410000 - 0x00007ff8dc418000 	C:\WINDOWS\system32\PSAPI.DLL
0x00007ff8d1ac0000 - 0x00007ff8d1ac9000 	C:\WINDOWS\SYSTEM32\WSOCK32.dll
0x00007ff8d7a70000 - 0x00007ff8d7a93000 	C:\WINDOWS\SYSTEM32\WINMM.dll
0x00007ff8dc340000 - 0x00007ff8dc3ab000 	C:\WINDOWS\system32\WS2_32.dll
0x00000000009d0000 - 0x00000000009fc000 	C:\WINDOWS\SYSTEM32\WINMMBASE.dll
0x00007ff8da920000 - 0x00007ff8da963000 	C:\WINDOWS\system32\cfgmgr32.dll
0x0000000051000000 - 0x000000005100f000 	C:\Program Files\Java\jre7\bin\verify.dll
0x0000000050fd0000 - 0x0000000050ff8000 	C:\Program Files\Java\jre7\bin\java.dll
0x0000000050fb0000 - 0x0000000050fc5000 	C:\Program Files\Java\jre7\bin\zip.dll
0x0000000065580000 - 0x000000006561b000 	C:\Users\Jay\AppData\Local\Temp\libgdxJay\3fcab39a\gdx64.dll
0x00007ff8d9580000 - 0x00007ff8d9597000 	C:\WINDOWS\SYSTEM32\CRYPTSP.dll
0x00007ff8d9210000 - 0x00007ff8d9244000 	C:\WINDOWS\system32\rsaenh.dll
0x00007ff8d9b30000 - 0x00007ff8d9b59000 	C:\WINDOWS\SYSTEM32\bcrypt.dll
0x00007ff8d9360000 - 0x00007ff8d937f000 	C:\WINDOWS\SYSTEM32\USERENV.dll
0x00007ff8d9c10000 - 0x00007ff8d9c24000 	C:\WINDOWS\system32\profapi.dll
0x00007ff8d96a0000 - 0x00007ff8d96ab000 	C:\WINDOWS\SYSTEM32\CRYPTBASE.dll
0x0000000050f90000 - 0x0000000050fa9000 	C:\Program Files\Java\jre7\bin\net.dll
0x00007ff8d94d0000 - 0x00007ff8d952c000 	C:\WINDOWS\system32\mswsock.dll
0x00007ff8d43c0000 - 0x00007ff8d43f8000 	C:\WINDOWS\SYSTEM32\IPHLPAPI.DLL
0x00007ff8dc7a0000 - 0x00007ff8dc7a8000 	C:\WINDOWS\system32\NSI.dll
0x00007ff8d3ff0000 - 0x00007ff8d4006000 	C:\WINDOWS\SYSTEM32\dhcpcsvc6.DLL
0x00007ff8d4420000 - 0x00007ff8d443a000 	C:\WINDOWS\SYSTEM32\dhcpcsvc.DLL
0x0000000050f70000 - 0x0000000050f81000 	C:\Program Files\Java\jre7\bin\nio.dll
0x0000000180000000 - 0x0000000180051000 	C:\Users\Jay\AppData\Local\Temp\libgdxJay\ccd07a7a\lwjgl64.dll
0x00007ff8ab9b0000 - 0x00007ff8abad9000 	C:\WINDOWS\SYSTEM32\OPENGL32.dll
0x00007ff8d7aa0000 - 0x00007ff8d7aaa000 	C:\WINDOWS\SYSTEM32\VERSION.dll
0x00007ff8ca390000 - 0x00007ff8ca3be000 	C:\WINDOWS\SYSTEM32\GLU32.dll
0x00007ff8b0510000 - 0x00007ff8b060a000 	C:\WINDOWS\SYSTEM32\DDRAW.dll
0x00007ff8c4830000 - 0x00007ff8c4838000 	C:\WINDOWS\SYSTEM32\DCIMAN32.dll
0x000000000d950000 - 0x000000000d9b4000 	C:\Users\Jay\AppData\Local\Temp\libgdxJay\ccd07a7a\OpenAL64.dll
0x00007ff8dac20000 - 0x00007ff8dc17f000 	C:\WINDOWS\system32\SHELL32.dll
0x00007ff8da040000 - 0x00007ff8da684000 	C:\WINDOWS\system32\windows.storage.dll
0x00007ff8dc3b0000 - 0x00007ff8dc402000 	C:\WINDOWS\system32\shlwapi.dll
0x00007ff8d9c30000 - 0x00007ff8d9c3f000 	C:\WINDOWS\system32\kernel.appcore.dll
0x00007ff8da860000 - 0x00007ff8da915000 	C:\WINDOWS\system32\shcore.dll
0x00007ff8d9c40000 - 0x00007ff8d9c8b000 	C:\WINDOWS\system32\powrprof.dll
0x00007ff8dc540000 - 0x00007ff8dc683000 	C:\WINDOWS\system32\ole32.dll
0x00007ff8d88c0000 - 0x00007ff8d8956000 	C:\WINDOWS\system32\uxtheme.dll
0x00007ff8c3bc0000 - 0x00007ff8c3be8000 	C:\Program Files (x86)\Raptr\ltc_help64-106568.dll
0x00007ff8d9fe0000 - 0x00007ff8da035000 	C:\WINDOWS\system32\WINTRUST.dll
0x00007ff8d9c00000 - 0x00007ff8d9c10000 	C:\WINDOWS\system32\MSASN1.dll
0x00007ff8da690000 - 0x00007ff8da857000 	C:\WINDOWS\system32\CRYPT32.dll
0x00007ff8dd3c0000 - 0x00007ff8dd467000 	C:\WINDOWS\system32\clbcatq.dll
0x00007ff8d4010000 - 0x00007ff8d4196000 	C:\WINDOWS\System32\PROPSYS.dll
0x00007ff8dd510000 - 0x00007ff8dd5d1000 	C:\WINDOWS\system32\OLEAUT32.dll
0x00007ff89f630000 - 0x00007ff89f6cc000 	C:\WINDOWS\SYSTEM32\dsound.dll
0x00007ff8d4200000 - 0x00007ff8d4270000 	C:\WINDOWS\System32\MMDevApi.dll
0x00007ff8d8960000 - 0x00007ff8d8987000 	C:\WINDOWS\System32\DEVOBJ.dll
0x00007ff8c4a30000 - 0x00007ff8c4ab8000 	C:\WINDOWS\SYSTEM32\AUDIOSES.DLL
0x00007ff8d0c50000 - 0x00007ff8d0d86000 	C:\WINDOWS\SYSTEM32\wintypes.dll
0x00007ff8daa00000 - 0x00007ff8dab5a000 	C:\WINDOWS\system32\MSCTF.dll
0x00007ff8d7fb0000 - 0x00007ff8d7fd2000 	C:\WINDOWS\system32\dwmapi.dll
0x00007ff8d27e0000 - 0x00007ff8d27f8000 	C:\WINDOWS\SYSTEM32\atig6pxx.dll
0x0000000076200000 - 0x0000000078000000 	C:\WINDOWS\SYSTEM32\atio6axx.dll
0x00007ff8dcf90000 - 0x00007ff8dd3b9000 	C:\WINDOWS\system32\SETUPAPI.dll
0x00007ff8b7e60000 - 0x00007ff8b7fa1000 	C:\WINDOWS\SYSTEM32\atiadlxx.dll
0x00007ff8d5710000 - 0x00007ff8d5723000 	C:\WINDOWS\SYSTEM32\WTSAPI32.dll
0x00007ff8c4010000 - 0x00007ff8c403c000 	C:\WINDOWS\SYSTEM32\atig6txx.dll
0x00007ff8cb200000 - 0x00007ff8cb291000 	C:\WINDOWS\SYSTEM32\mscms.dll
0x00007ff8b7b90000 - 0x00007ff8b7bd2000 	C:\WINDOWS\SYSTEM32\icm32.dll
0x0000000066bc0000 - 0x0000000066c7b000 	C:\Users\Jay\AppData\Local\Temp\libgdxJay\d6d72896\gdx-box2d64.dll
0x00007ff8da9e0000 - 0x00007ff8da9fc000 	C:\WINDOWS\system32\imagehlp.dll
0x00007ff8d8c00000 - 0x00007ff8d8c24000 	C:\WINDOWS\SYSTEM32\gpapi.dll
0x00007ff8c9de0000 - 0x00007ff8c9e0f000 	C:\Windows\System32\cryptnet.dll
0x00007ff8d4640000 - 0x00007ff8d464b000 	C:\WINDOWS\SYSTEM32\WINNSI.DLL
0x00007ff89f040000 - 0x00007ff89f288000 	C:\PROGRA~2\Raptr\ltc_game64-106568.dll
0x00007ff8d6380000 - 0x00007ff8d650c000 	C:\WINDOWS\SYSTEM32\dbghelp.dll

VM Arguments:
jvm_args: -Dfile.encoding=Cp1252 
java_command: main.AftamathDesktop
Launcher Type: SUN_STANDARD

Environment Variables:
JAVA_HOME=C:\Program Files (x86)\Java\jdk1.8.0_25
PATH=C:\Program Files (x86)\NVIDIA Corporation\PhysX\Common;C:\Windows\system32;C:\Windows;C:\Windows\System32\Wbem;C:\Windows\System32\WindowsPowerShell\v1.0\;C:\Program Files (x86)\ATI Technologies\ATI.ACE\Core-Static;C:\Program Files (x86)\Windows Live\Shared;C:\Program Files (x86)\QuickTime\QTSystem\;C:\Users\Jay\AppData\Local\Smartbar\Application\;C:\WINDOWS\system32;C:\WINDOWS;C:\WINDOWS\System32\Wbem;C:\WINDOWS\System32\WindowsPowerShell\v1.0\;C:\Program Files (x86)\Skype\Phone\;C:\Program Files (x86)\AMD\ATI.ACE\Core-Static
USERNAME=Jay
OS=Windows_NT
PROCESSOR_IDENTIFIER=AMD64 Family 21 Model 2 Stepping 0, AuthenticAMD



---------------  S Y S T E M  ---------------

OS: Windows 8.1 , 64 bit Build 9600 

CPU:total 8 (8 cores per cpu, 1 threads per core) family 21 model 2 stepping 0, cmov, cx8, fxsr, mmx, sse, sse2, sse3, ssse3, sse4.1, sse4.2, popcnt, avx, aes, mmxext, 3dnowpref, lzcnt, sse4a, tsc, tscinvbit, tscinv

Memory: 4k page, physical 8369696k(2841636k free), swap 24098336k(10932912k free)

vm_info: Java HotSpot(TM) 64-Bit Server VM (24.71-b01) for windows-amd64 JRE (1.7.0_71-b14), built on Sep 26 2014 16:16:12 by "java_re" with unknown MS VC++:1600

time: Fri Dec 18 02:03:34 2015
elapsed time: 88 seconds

