#
# A fatal error has been detected by the Java Runtime Environment:
#
#  EXCEPTION_ACCESS_VIOLATION (0xc0000005) at pc=0x00007ff8aba92224, pid=8284, tid=11580
#
# JRE version: Java(TM) SE Runtime Environment (7.0_71-b14) (build 1.7.0_71-b14)
# Java VM: Java HotSpot(TM) 64-Bit Server VM (24.71-b01 mixed mode windows-amd64 compressed oops)
# Problematic frame:
# C  [OPENGL32.dll+0xe2224]
#
# Failed to write core dump. Minidumps are not enabled by default on client versions of Windows
#
# If you would like to submit a bug report, please visit:
#   http://bugreport.sun.com/bugreport/crash.jsp
#

---------------  T H R E A D  ---------------

Current thread (0x000000000abd5800):  VMThread [stack: 0x000000000c8e0000,0x000000000c9e0000] [id=11580]

siginfo: ExceptionCode=0xc0000005, reading address 0x0000000000000a38

Registers:
RAX=0x0000000000000000, RBX=0x0000000016032b00, RCX=0x0000000000000001, RDX=0x0000000016032b08
RSP=0x000000000c9deed8, RBP=0x0000000000000000, RSI=0x0000000016035db0, RDI=0x0000000016035db0
R8 =0x000000000c9def58, R9 =0x0000000002366bb0, R10=0x0000000000000000, R11=0x0000000000000246
R12=0x0000000000000000, R13=0x0000000010e07760, R14=0x0000000010e07610, R15=0x0000000000000000
RIP=0x00007ff8aba92224, EFLAGS=0x0000000000010287

Top of Stack: (sp=0x000000000c9deed8)
0x000000000c9deed8:   00007ff8ab53244b 0000000010e07760
0x000000000c9deee8:   0000000000000001 0000000010e00000
0x000000000c9deef8:   00007ff8dd6007d9 0000000000000000
0x000000000c9def08:   00007ff8ab537f17 0000000000000000
0x000000000c9def18:   0000000000000000 0000000010e07740
0x000000000c9def28:   00007ff8ab537283 fffffffffffffffe
0x000000000c9def38:   000000000c9defa0 0000000000000000
0x000000000c9def48:   00007ff8ab5387c9 0000000016035db0
0x000000000c9def58:   0000000016038220 0000000002366bb0
0x000000000c9def68:   00007ff8ab5b5700 fffffffffffffffe
0x000000000c9def78:   0000000010e09c60 0000000000000001
0x000000000c9def88:   0000000010e07738 0000000010e07610
0x000000000c9def98:   00007ff8ab5bd7ad 00007ff8ab6f65b0
0x000000000c9defa8:   00007ff8ab621930 0000000002366bb0
0x000000000c9defb8:   00007ff8dd6007bd 0000000010e07738
0x000000000c9defc8:   0000000010e07610 0000000010e07610 

Instructions: (pc=0x00007ff8aba92224)
0x00007ff8aba92204:   cc cc cc cc cc cc 66 0f 1f 44 00 00 8b 05 f2 7d
0x00007ff8aba92214:   01 00 83 f8 40 73 0f 65 48 8b 04 c5 80 14 00 00
0x00007ff8aba92224:   ff a0 38 0a 00 00 b8 47 01 00 00 e9 ec d4 ff ff
0x00007ff8aba92234:   cc cc cc cc cc cc 66 0f 1f 44 00 00 8b 05 c2 7d 


Register to memory mapping:

RAX=0x0000000000000000 is an unknown value
RBX=0x0000000016032b00 is an unknown value
RCX=0x0000000000000001 is an unknown value
RDX=0x0000000016032b08 is an unknown value
RSP=0x000000000c9deed8 is an unknown value
RBP=0x0000000000000000 is an unknown value
RSI=0x0000000016035db0 is an unknown value
RDI=0x0000000016035db0 is an unknown value
R8 =0x000000000c9def58 is an unknown value
R9 =0x0000000002366bb0 is an unknown value
R10=0x0000000000000000 is an unknown value
R11=0x0000000000000246 is an unknown value
R12=0x0000000000000000 is an unknown value
R13=0x0000000010e07760 is an unknown value
R14=0x0000000010e07610 is an unknown value
R15=0x0000000000000000 is an unknown value


Stack: [0x000000000c8e0000,0x000000000c9e0000],  sp=0x000000000c9deed8,  free space=1019k
Native frames: (J=compiled Java code, j=interpreted, Vv=VM code, C=native code)
C  [OPENGL32.dll+0xe2224]

[error occurred during error reporting (printing native stack), id 0xc0000005]

VM_Operation (0x000000000e2cf000): Exit, mode: safepoint, requested by thread 0x000000000cd51000


---------------  P R O C E S S  ---------------

Java Threads: ( => current thread )
  0x0000000014506000 JavaThread "LWJGL Timer" daemon [_thread_blocked, id=10764, stack(0x0000000010eb0000,0x0000000010fb0000)]
  0x000000000223d800 JavaThread "DestroyJavaVM" [_thread_blocked, id=472, stack(0x0000000002240000,0x0000000002340000)]
  0x000000000cd51000 JavaThread "LWJGL Application" [_thread_blocked, id=2160, stack(0x000000000e1d0000,0x000000000e2d0000)]
  0x000000000243d800 JavaThread "Service Thread" daemon [_thread_blocked, id=11860, stack(0x000000000d3e0000,0x000000000d4e0000)]
  0x000000000243c000 JavaThread "C2 CompilerThread1" daemon [_thread_blocked, id=7860, stack(0x000000000d2e0000,0x000000000d3e0000)]
  0x0000000002436000 JavaThread "C2 CompilerThread0" daemon [_thread_blocked, id=10016, stack(0x000000000d1e0000,0x000000000d2e0000)]
  0x0000000002435800 JavaThread "Attach Listener" daemon [_thread_blocked, id=10268, stack(0x000000000d0e0000,0x000000000d1e0000)]
  0x000000000cc01800 JavaThread "Signal Dispatcher" daemon [_thread_blocked, id=11612, stack(0x000000000cfe0000,0x000000000d0e0000)]
  0x000000000abe0000 JavaThread "Finalizer" daemon [_thread_blocked, id=9892, stack(0x000000000cae0000,0x000000000cbe0000)]
  0x000000000abd9000 JavaThread "Reference Handler" daemon [_thread_blocked, id=5952, stack(0x000000000c9e0000,0x000000000cae0000)]

Other Threads:
=>0x000000000abd5800 VMThread [stack: 0x000000000c8e0000,0x000000000c9e0000] [id=11580]

VM state:at safepoint (shutting down)

VM Mutex/Monitor currently owned by a thread:  ([mutex/lock_event])
[0x000000000223c530] Threads_lock - owner thread: 0x000000000abd5800

Heap
 PSYoungGen      total 38912K, used 25182K [0x00000007d5680000, 0x00000007d8180000, 0x0000000800000000)
  eden space 33792K, 59% used [0x00000007d5680000,0x00000007d6a1e588,0x00000007d7780000)
  from space 5120K, 99% used [0x00000007d7780000,0x00000007d7c79450,0x00000007d7c80000)
  to   space 5120K, 0% used [0x00000007d7c80000,0x00000007d7c80000,0x00000007d8180000)
 ParOldGen       total 87040K, used 2078K [0x0000000780400000, 0x0000000785900000, 0x00000007d5680000)
  object space 87040K, 2% used [0x0000000780400000,0x0000000780607bc8,0x0000000785900000)
 PSPermGen       total 21504K, used 8771K [0x000000077b200000, 0x000000077c700000, 0x0000000780400000)
  object space 21504K, 40% used [0x000000077b200000,0x000000077ba90e38,0x000000077c700000)

Card table byte_map: [0x0000000005440000,0x0000000005870000] byte_map_base: 0x0000000001867000

Polling page: 0x00000000020f0000

Code Cache  [0x0000000002440000, 0x00000000026b0000, 0x0000000005440000)
 total_blobs=789 nmethods=318 adapters=424 free_code_cache=47855Kb largest_free_block=48964864

Compilation events (10 events):
Event: 29.241 Thread 0x0000000002436000  318             com.badlogic.gdx.physics.box2d.Box2DDebugRenderer::getColorByBody (59 bytes)
Event: 29.243 Thread 0x0000000002436000 nmethod 318 0x00000000025728d0 code [0x0000000002572a40, 0x0000000002572b90]
Event: 29.258 Thread 0x000000000243c000  319             java.util.ArrayList$Itr::checkForComodification (23 bytes)
Event: 29.259 Thread 0x000000000243c000 nmethod 319 0x0000000002578210 code [0x0000000002578340, 0x00000000025783d8]
Event: 29.338 Thread 0x0000000002436000  320             com.badlogic.gdx.utils.NumberUtils::floatToIntColor (5 bytes)
Event: 29.338 Thread 0x0000000002436000 nmethod 320 0x00000000024f5510 code [0x00000000024f5640, 0x00000000024f5678]
Event: 29.358 Thread 0x000000000243c000  321             main.Main::update (971 bytes)
Event: 29.502 Thread 0x0000000002436000  322             com.badlogic.gdx.physics.box2d.PolygonShape::getVertex (31 bytes)
Event: 29.503 Thread 0x0000000002436000 nmethod 322 0x0000000002579bd0 code [0x0000000002579d20, 0x0000000002579e28]
Event: 29.526 Thread 0x000000000243c000 nmethod 321 0x0000000002586c50 code [0x00000000025872e0, 0x0000000002589fd0]

GC Heap History (6 events):
Event: 7.696 GC heap before
{Heap before GC invocations=1 (full 0):
 PSYoungGen      total 38912K, used 33792K [0x00000007d5680000, 0x00000007d8180000, 0x0000000800000000)
  eden space 33792K, 100% used [0x00000007d5680000,0x00000007d7780000,0x00000007d7780000)
  from space 5120K, 0% used [0x00000007d7c80000,0x00000007d7c80000,0x00000007d8180000)
  to   space 5120K, 0% used [0x00000007d7780000,0x00000007d7780000,0x00000007d7c80000)
 ParOldGen       total 87040K, used 0K [0x0000000780400000, 0x0000000785900000, 0x00000007d5680000)
  object space 87040K, 0% used [0x0000000780400000,0x0000000780400000,0x0000000785900000)
 PSPermGen       total 21504K, used 8537K [0x000000077b200000, 0x000000077c700000, 0x0000000780400000)
  object space 21504K, 39% used [0x000000077b200000,0x000000077ba56480,0x000000077c700000)
Event: 7.707 GC heap after
Heap after GC invocations=1 (full 0):
 PSYoungGen      total 38912K, used 5109K [0x00000007d5680000, 0x00000007d8180000, 0x0000000800000000)
  eden space 33792K, 0% used [0x00000007d5680000,0x00000007d5680000,0x00000007d7780000)
  from space 5120K, 99% used [0x00000007d7780000,0x00000007d7c7d440,0x00000007d7c80000)
  to   space 5120K, 0% used [0x00000007d7c80000,0x00000007d7c80000,0x00000007d8180000)
 ParOldGen       total 87040K, used 1998K [0x0000000780400000, 0x0000000785900000, 0x00000007d5680000)
  object space 87040K, 2% used [0x0000000780400000,0x00000007805f3bc8,0x0000000785900000)
 PSPermGen       total 21504K, used 8537K [0x000000077b200000, 0x000000077c700000, 0x0000000780400000)
  object space 21504K, 39% used [0x000000077b200000,0x000000077ba56480,0x000000077c700000)
}
Event: 15.278 GC heap before
{Heap before GC invocations=2 (full 0):
 PSYoungGen      total 38912K, used 38901K [0x00000007d5680000, 0x00000007d8180000, 0x0000000800000000)
  eden space 33792K, 100% used [0x00000007d5680000,0x00000007d7780000,0x00000007d7780000)
  from space 5120K, 99% used [0x00000007d7780000,0x00000007d7c7d440,0x00000007d7c80000)
  to   space 5120K, 0% used [0x00000007d7c80000,0x00000007d7c80000,0x00000007d8180000)
 ParOldGen       total 87040K, used 1998K [0x0000000780400000, 0x0000000785900000, 0x00000007d5680000)
  object space 87040K, 2% used [0x0000000780400000,0x00000007805f3bc8,0x0000000785900000)
 PSPermGen       total 21504K, used 8608K [0x000000077b200000, 0x000000077c700000, 0x0000000780400000)
  object space 21504K, 40% used [0x000000077b200000,0x000000077ba683b8,0x000000077c700000)
Event: 15.285 GC heap after
Heap after GC invocations=2 (full 0):
 PSYoungGen      total 38912K, used 5093K [0x00000007d5680000, 0x00000007d8180000, 0x0000000800000000)
  eden space 33792K, 0% used [0x00000007d5680000,0x00000007d5680000,0x00000007d7780000)
  from space 5120K, 99% used [0x00000007d7c80000,0x00000007d8179450,0x00000007d8180000)
  to   space 5120K, 0% used [0x00000007d7780000,0x00000007d7780000,0x00000007d7c80000)
 ParOldGen       total 87040K, used 2038K [0x0000000780400000, 0x0000000785900000, 0x00000007d5680000)
  object space 87040K, 2% used [0x0000000780400000,0x00000007805fdbc8,0x0000000785900000)
 PSPermGen       total 21504K, used 8608K [0x000000077b200000, 0x000000077c700000, 0x0000000780400000)
  object space 21504K, 40% used [0x000000077b200000,0x000000077ba683b8,0x000000077c700000)
}
Event: 23.078 GC heap before
{Heap before GC invocations=3 (full 0):
 PSYoungGen      total 38912K, used 38885K [0x00000007d5680000, 0x00000007d8180000, 0x0000000800000000)
  eden space 33792K, 100% used [0x00000007d5680000,0x00000007d7780000,0x00000007d7780000)
  from space 5120K, 99% used [0x00000007d7c80000,0x00000007d8179450,0x00000007d8180000)
  to   space 5120K, 0% used [0x00000007d7780000,0x00000007d7780000,0x00000007d7c80000)
 ParOldGen       total 87040K, used 2038K [0x0000000780400000, 0x0000000785900000, 0x00000007d5680000)
  object space 87040K, 2% used [0x0000000780400000,0x00000007805fdbc8,0x0000000785900000)
 PSPermGen       total 21504K, used 8706K [0x000000077b200000, 0x000000077c700000, 0x0000000780400000)
  object space 21504K, 40% used [0x000000077b200000,0x000000077ba80850,0x000000077c700000)
Event: 23.085 GC heap after
Heap after GC invocations=3 (full 0):
 PSYoungGen      total 38912K, used 5093K [0x00000007d5680000, 0x00000007d8180000, 0x0000000800000000)
  eden space 33792K, 0% used [0x00000007d5680000,0x00000007d5680000,0x00000007d7780000)
  from space 5120K, 99% used [0x00000007d7780000,0x00000007d7c79450,0x00000007d7c80000)
  to   space 5120K, 0% used [0x00000007d7c80000,0x00000007d7c80000,0x00000007d8180000)
 ParOldGen       total 87040K, used 2078K [0x0000000780400000, 0x0000000785900000, 0x00000007d5680000)
  object space 87040K, 2% used [0x0000000780400000,0x0000000780607bc8,0x0000000785900000)
 PSPermGen       total 21504K, used 8706K [0x000000077b200000, 0x000000077c700000, 0x0000000780400000)
  object space 21504K, 40% used [0x000000077b200000,0x000000077ba80850,0x000000077c700000)
}

Deoptimization events (10 events):
Event: 3.224 Thread 0x000000000cd51000 Uncommon trap: reason=class_check action=maybe_recompile pc=0x00000000024d42f0 method=java.util.zip.InflaterInputStream.read([BII)I @ 100
Event: 3.225 Thread 0x000000000cd51000 Uncommon trap: reason=class_check action=maybe_recompile pc=0x00000000024d42f0 method=java.util.zip.InflaterInputStream.read([BII)I @ 100
Event: 3.230 Thread 0x000000000cd51000 Uncommon trap: reason=class_check action=maybe_recompile pc=0x00000000024d42f0 method=java.util.zip.InflaterInputStream.read([BII)I @ 100
Event: 6.102 Thread 0x000000000cd51000 Uncommon trap: reason=class_check action=maybe_recompile pc=0x00000000024d8e74 method=java.io.FilterInputStream.read([B)I @ 5
Event: 6.102 Thread 0x000000000cd51000 Uncommon trap: reason=class_check action=maybe_recompile pc=0x00000000024d8e74 method=java.io.FilterInputStream.read([B)I @ 5
Event: 6.102 Thread 0x000000000cd51000 Uncommon trap: reason=class_check action=maybe_recompile pc=0x00000000024d8e74 method=java.io.FilterInputStream.read([B)I @ 5
Event: 6.122 Thread 0x000000000cd51000 Uncommon trap: reason=class_check action=maybe_recompile pc=0x00000000024d8e74 method=java.io.FilterInputStream.read([B)I @ 5
Event: 27.798 Thread 0x000000000cd51000 Uncommon trap: reason=array_check action=maybe_recompile pc=0x000000000256317c method=com.badlogic.gdx.utils.Array.add(Ljava/lang/Object;)V @ 46
Event: 28.018 Thread 0x000000000cd51000 Uncommon trap: reason=array_check action=maybe_recompile pc=0x000000000256317c method=com.badlogic.gdx.utils.Array.add(Ljava/lang/Object;)V @ 46
Event: 29.848 Thread 0x000000000cd51000 Uncommon trap: reason=bimorphic action=maybe_recompile pc=0x0000000002510bec method=java.util.HashMap.getEntry(Ljava/lang/Object;)Ljava/util/HashMap$Entry; @ 68

Internal exceptions (10 events):
Event: 5.818 Thread 0x000000000cd51000 Threw 0x00000007d7045650 at C:\re\jdk7u71\1605\hotspot\src\share\vm\prims\jvm.cpp:1281
Event: 6.097 Thread 0x000000000cd51000 Threw 0x00000007d71a20f0 at C:\re\jdk7u71\1605\hotspot\src\share\vm\prims\jvm.cpp:1281
Event: 6.098 Thread 0x000000000cd51000 Threw 0x00000007d71a4418 at C:\re\jdk7u71\1605\hotspot\src\share\vm\prims\jvm.cpp:1281
Event: 6.100 Thread 0x000000000cd51000 Threw 0x00000007d71a6d00 at C:\re\jdk7u71\1605\hotspot\src\share\vm\prims\jvm.cpp:1281
Event: 25.878 Thread 0x000000000cd51000 Threw 0x00000007d5edc4a0 at C:\re\jdk7u71\1605\hotspot\src\share\vm\prims\jvm.cpp:1281
Event: 25.879 Thread 0x000000000cd51000 Threw 0x00000007d5ee18b8 at C:\re\jdk7u71\1605\hotspot\src\share\vm\prims\jvm.cpp:1281
Event: 25.880 Thread 0x000000000cd51000 Threw 0x00000007d5ee5600 at C:\re\jdk7u71\1605\hotspot\src\share\vm\prims\jvm.cpp:1281
Event: 25.882 Thread 0x000000000cd51000 Threw 0x00000007d5ee9478 at C:\re\jdk7u71\1605\hotspot\src\share\vm\prims\jvm.cpp:1281
Event: 29.816 Thread 0x000000000cd51000 Threw 0x00000007d698a0f8 at C:\re\jdk7u71\1605\hotspot\src\share\vm\prims\jvm.cpp:1281
Event: 29.830 Thread 0x000000000cd51000 Threw 0x00000007d698d348 at C:\re\jdk7u71\1605\hotspot\src\share\vm\prims\jvm.cpp:1281

Events (10 events):
Event: 29.848 Thread 0x000000000cd51000 DEOPT UNPACKING pc=0x0000000002479064 sp=0x000000000e2cefe8 mode 2
Event: 29.861 loading class 0x00000000023bfeb0
Event: 29.861 loading class 0x00000000023bfeb0 done
Event: 29.861 loading class 0x000000000cf339f0
Event: 29.861 loading class 0x000000000cf339f0 done
Event: 29.861 loading class 0x000000000cf339c0
Event: 29.861 loading class 0x000000000cf33980
Event: 29.861 loading class 0x000000000cf33980 done
Event: 29.861 loading class 0x000000000cf339c0 done
Event: 29.862 Executing VM operation: Exit


Dynamic libraries:
0x00007ff71de70000 - 0x00007ff71dea3000 	C:\Program Files\Java\jre7\bin\javaw.exe
0x00007ff8dd5e0000 - 0x00007ff8dd7a1000 	C:\WINDOWS\SYSTEM32\ntdll.dll
0x00007ff8dcee0000 - 0x00007ff8dcf8d000 	C:\WINDOWS\system32\KERNEL32.DLL
0x00007ff8d9df0000 - 0x00007ff8d9fd8000 	C:\WINDOWS\system32\KERNELBASE.dll
0x00007ff8dc490000 - 0x00007ff8dc537000 	C:\WINDOWS\system32\ADVAPI32.dll
0x00007ff8dd470000 - 0x00007ff8dd50d000 	C:\WINDOWS\system32\msvcrt.dll
0x00007ff8dabc0000 - 0x00007ff8dac1b000 	C:\WINDOWS\system32\sechost.dll
0x00007ff8dc7c0000 - 0x00007ff8dc8dc000 	C:\WINDOWS\system32\RPCRT4.dll
0x00007ff8dc1e0000 - 0x00007ff8dc336000 	C:\WINDOWS\system32\USER32.dll
0x00007ff8dcd10000 - 0x00007ff8dce96000 	C:\WINDOWS\system32\GDI32.dll
0x00007ff8c6e40000 - 0x00007ff8c70b4000 	C:\WINDOWS\WinSxS\amd64_microsoft.windows.common-controls_6595b64144ccf1df_6.0.10586.0_none_8c15ae12515e1c22\COMCTL32.dll
0x00007ff8dca90000 - 0x00007ff8dcd0d000 	C:\WINDOWS\system32\combase.dll
0x00007ff8da970000 - 0x00007ff8da9da000 	C:\WINDOWS\system32\bcryptPrimitives.dll
0x00007ff8dcea0000 - 0x00007ff8dcedb000 	C:\WINDOWS\system32\IMM32.DLL
0x00000000517f0000 - 0x00000000518c2000 	C:\Program Files\Java\jre7\bin\msvcr100.dll
0x0000000051010000 - 0x00000000517e3000 	C:\Program Files\Java\jre7\bin\server\jvm.dll
0x00007ff8dc410000 - 0x00007ff8dc418000 	C:\WINDOWS\system32\PSAPI.DLL
0x00007ff8d1ac0000 - 0x00007ff8d1ac9000 	C:\WINDOWS\SYSTEM32\WSOCK32.dll
0x00007ff8d7a70000 - 0x00007ff8d7a93000 	C:\WINDOWS\SYSTEM32\WINMM.dll
0x00007ff8dc340000 - 0x00007ff8dc3ab000 	C:\WINDOWS\system32\WS2_32.dll
0x00000000020c0000 - 0x00000000020ec000 	C:\WINDOWS\SYSTEM32\WINMMBASE.dll
0x00007ff8da920000 - 0x00007ff8da963000 	C:\WINDOWS\system32\cfgmgr32.dll
0x0000000051000000 - 0x000000005100f000 	C:\Program Files\Java\jre7\bin\verify.dll
0x0000000050fd0000 - 0x0000000050ff8000 	C:\Program Files\Java\jre7\bin\java.dll
0x0000000050fb0000 - 0x0000000050fc5000 	C:\Program Files\Java\jre7\bin\zip.dll
0x0000000065580000 - 0x000000006561b000 	C:\Users\Jay\AppData\Local\Temp\libgdxJay\3fcab39a\gdx64.dll
0x00007ff8d9580000 - 0x00007ff8d9597000 	C:\WINDOWS\SYSTEM32\CRYPTSP.dll
0x00007ff8d9210000 - 0x00007ff8d9244000 	C:\WINDOWS\system32\rsaenh.dll
0x00007ff8d9b30000 - 0x00007ff8d9b59000 	C:\WINDOWS\SYSTEM32\bcrypt.dll
0x00007ff8d9360000 - 0x00007ff8d937f000 	C:\WINDOWS\SYSTEM32\USERENV.dll
0x00007ff8d9c10000 - 0x00007ff8d9c24000 	C:\WINDOWS\system32\profapi.dll
0x00007ff8d96a0000 - 0x00007ff8d96ab000 	C:\WINDOWS\SYSTEM32\CRYPTBASE.dll
0x0000000050f90000 - 0x0000000050fa9000 	C:\Program Files\Java\jre7\bin\net.dll
0x00007ff8d94d0000 - 0x00007ff8d952c000 	C:\WINDOWS\system32\mswsock.dll
0x00007ff8d43c0000 - 0x00007ff8d43f8000 	C:\WINDOWS\SYSTEM32\IPHLPAPI.DLL
0x00007ff8dc7a0000 - 0x00007ff8dc7a8000 	C:\WINDOWS\system32\NSI.dll
0x00007ff8d3ff0000 - 0x00007ff8d4006000 	C:\WINDOWS\SYSTEM32\dhcpcsvc6.DLL
0x00007ff8d4420000 - 0x00007ff8d443a000 	C:\WINDOWS\SYSTEM32\dhcpcsvc.DLL
0x0000000050f70000 - 0x0000000050f81000 	C:\Program Files\Java\jre7\bin\nio.dll
0x0000000180000000 - 0x0000000180051000 	C:\Users\Jay\AppData\Local\Temp\libgdxJay\ccd07a7a\lwjgl64.dll
0x00007ff8ab9b0000 - 0x00007ff8abad9000 	C:\WINDOWS\SYSTEM32\OPENGL32.dll
0x00007ff8d7aa0000 - 0x00007ff8d7aaa000 	C:\WINDOWS\SYSTEM32\VERSION.dll
0x00007ff8ca390000 - 0x00007ff8ca3be000 	C:\WINDOWS\SYSTEM32\GLU32.dll
0x00007ff8b0510000 - 0x00007ff8b060a000 	C:\WINDOWS\SYSTEM32\DDRAW.dll
0x00007ff8c4830000 - 0x00007ff8c4838000 	C:\WINDOWS\SYSTEM32\DCIMAN32.dll
0x000000000d960000 - 0x000000000d9c4000 	C:\Users\Jay\AppData\Local\Temp\libgdxJay\ccd07a7a\OpenAL64.dll
0x00007ff8dac20000 - 0x00007ff8dc17f000 	C:\WINDOWS\system32\SHELL32.dll
0x00007ff8da040000 - 0x00007ff8da684000 	C:\WINDOWS\system32\windows.storage.dll
0x00007ff8dc3b0000 - 0x00007ff8dc402000 	C:\WINDOWS\system32\shlwapi.dll
0x00007ff8d9c30000 - 0x00007ff8d9c3f000 	C:\WINDOWS\system32\kernel.appcore.dll
0x00007ff8da860000 - 0x00007ff8da915000 	C:\WINDOWS\system32\shcore.dll
0x00007ff8d9c40000 - 0x00007ff8d9c8b000 	C:\WINDOWS\system32\powrprof.dll
0x00007ff8dc540000 - 0x00007ff8dc683000 	C:\WINDOWS\system32\ole32.dll
0x00007ff8d88c0000 - 0x00007ff8d8956000 	C:\WINDOWS\system32\uxtheme.dll
0x00007ff8c3bc0000 - 0x00007ff8c3be8000 	C:\Program Files (x86)\Raptr\ltc_help64-106568.dll
0x00007ff8d9fe0000 - 0x00007ff8da035000 	C:\WINDOWS\system32\WINTRUST.dll
0x00007ff8d9c00000 - 0x00007ff8d9c10000 	C:\WINDOWS\system32\MSASN1.dll
0x00007ff8da690000 - 0x00007ff8da857000 	C:\WINDOWS\system32\CRYPT32.dll
0x00007ff8dd3c0000 - 0x00007ff8dd467000 	C:\WINDOWS\system32\clbcatq.dll
0x00007ff8d4010000 - 0x00007ff8d4196000 	C:\WINDOWS\System32\PROPSYS.dll
0x00007ff8dd510000 - 0x00007ff8dd5d1000 	C:\WINDOWS\system32\OLEAUT32.dll
0x00007ff89f630000 - 0x00007ff89f6cc000 	C:\WINDOWS\SYSTEM32\dsound.dll
0x00007ff8d4200000 - 0x00007ff8d4270000 	C:\WINDOWS\System32\MMDevApi.dll
0x00007ff8d8960000 - 0x00007ff8d8987000 	C:\WINDOWS\System32\DEVOBJ.dll
0x00007ff8c4a30000 - 0x00007ff8c4ab8000 	C:\WINDOWS\SYSTEM32\AUDIOSES.DLL
0x00007ff8d0c50000 - 0x00007ff8d0d86000 	C:\WINDOWS\SYSTEM32\wintypes.dll
0x00007ff8daa00000 - 0x00007ff8dab5a000 	C:\WINDOWS\system32\MSCTF.dll
0x00007ff8d7fb0000 - 0x00007ff8d7fd2000 	C:\WINDOWS\system32\dwmapi.dll
0x00007ff8d27e0000 - 0x00007ff8d27f8000 	C:\WINDOWS\SYSTEM32\atig6pxx.dll
0x0000000076200000 - 0x0000000078000000 	C:\WINDOWS\SYSTEM32\atio6axx.dll
0x00007ff8dcf90000 - 0x00007ff8dd3b9000 	C:\WINDOWS\system32\SETUPAPI.dll
0x00007ff8b7e60000 - 0x00007ff8b7fa1000 	C:\WINDOWS\SYSTEM32\atiadlxx.dll
0x00007ff8d5710000 - 0x00007ff8d5723000 	C:\WINDOWS\SYSTEM32\WTSAPI32.dll
0x00007ff8c4010000 - 0x00007ff8c403c000 	C:\WINDOWS\SYSTEM32\atig6txx.dll
0x00007ff8cb200000 - 0x00007ff8cb291000 	C:\WINDOWS\SYSTEM32\mscms.dll
0x00007ff8b7b90000 - 0x00007ff8b7bd2000 	C:\WINDOWS\SYSTEM32\icm32.dll
0x0000000066bc0000 - 0x0000000066c7b000 	C:\Users\Jay\AppData\Local\Temp\libgdxJay\d6d72896\gdx-box2d64.dll
0x00007ff8da9e0000 - 0x00007ff8da9fc000 	C:\WINDOWS\system32\imagehlp.dll
0x00007ff8d8c00000 - 0x00007ff8d8c24000 	C:\WINDOWS\SYSTEM32\gpapi.dll
0x00007ff8c9de0000 - 0x00007ff8c9e0f000 	C:\Windows\System32\cryptnet.dll
0x00007ff8d4640000 - 0x00007ff8d464b000 	C:\WINDOWS\SYSTEM32\WINNSI.DLL
0x00007ff8ab4d0000 - 0x00007ff8ab718000 	C:\PROGRA~2\Raptr\ltc_game64-106568.dll
0x00007ff8d6380000 - 0x00007ff8d650c000 	C:\WINDOWS\SYSTEM32\dbghelp.dll

VM Arguments:
jvm_args: -Dfile.encoding=Cp1252 
java_command: main.AftamathDesktop
Launcher Type: SUN_STANDARD

Environment Variables:
JAVA_HOME=C:\Program Files (x86)\Java\jdk1.8.0_25
PATH=C:\Program Files (x86)\NVIDIA Corporation\PhysX\Common;C:\Windows\system32;C:\Windows;C:\Windows\System32\Wbem;C:\Windows\System32\WindowsPowerShell\v1.0\;C:\Program Files (x86)\ATI Technologies\ATI.ACE\Core-Static;C:\Program Files (x86)\Windows Live\Shared;C:\Program Files (x86)\QuickTime\QTSystem\;C:\Users\Jay\AppData\Local\Smartbar\Application\;C:\WINDOWS\system32;C:\WINDOWS;C:\WINDOWS\System32\Wbem;C:\WINDOWS\System32\WindowsPowerShell\v1.0\;C:\Program Files (x86)\Skype\Phone\;C:\Program Files (x86)\AMD\ATI.ACE\Core-Static
USERNAME=Jay
OS=Windows_NT
PROCESSOR_IDENTIFIER=AMD64 Family 21 Model 2 Stepping 0, AuthenticAMD



---------------  S Y S T E M  ---------------

OS: Windows 8.1 , 64 bit Build 9600 

CPU:total 8 (8 cores per cpu, 1 threads per core) family 21 model 2 stepping 0, cmov, cx8, fxsr, mmx, sse, sse2, sse3, ssse3, sse4.1, sse4.2, popcnt, avx, aes, mmxext, 3dnowpref, lzcnt, sse4a, tsc, tscinvbit, tscinv

Memory: 4k page, physical 8369696k(3328596k free), swap 24098336k(15895188k free)

vm_info: Java HotSpot(TM) 64-Bit Server VM (24.71-b01) for windows-amd64 JRE (1.7.0_71-b14), built on Sep 26 2014 16:16:12 by "java_re" with unknown MS VC++:1600

time: Thu Dec 17 12:36:36 2015
elapsed time: 29 seconds

