#
# A fatal error has been detected by the Java Runtime Environment:
#
#  EXCEPTION_ACCESS_VIOLATION (0xc0000005) at pc=0x00007ff8aba92224, pid=4192, tid=4156
#
# JRE version: Java(TM) SE Runtime Environment (7.0_71-b14) (build 1.7.0_71-b14)
# Java VM: Java HotSpot(TM) 64-Bit Server VM (24.71-b01 mixed mode windows-amd64 compressed oops)
# Problematic frame:
# C  [OPENGL32.dll+0xe2224]
#
# Failed to write core dump. Minidumps are not enabled by default on client versions of Windows
#
# If you would like to submit a bug report, please visit:
#   http://bugreport.sun.com/bugreport/crash.jsp
#

---------------  T H R E A D  ---------------

Current thread (0x000000000abf5800):  VMThread [stack: 0x000000000c8f0000,0x000000000c9f0000] [id=4156]

siginfo: ExceptionCode=0xc0000005, reading address 0x0000000000000a38

Registers:
RAX=0x0000000000000000, RBX=0x00000000160b2ac0, RCX=0x0000000000000001, RDX=0x00000000160b2ac8
RSP=0x000000000c9ef5b8, RBP=0x0000000000000000, RSI=0x00000000160b5eb0, RDI=0x00000000160b5eb0
R8 =0x000000000c9ef638, R9 =0x00000000022c5800, R10=0x0000000000000000, R11=0x0000000000000246
R12=0x0000000000000000, R13=0x0000000015fa7760, R14=0x0000000015fa7610, R15=0x0000000000000000
RIP=0x00007ff8aba92224, EFLAGS=0x0000000000010287

Top of Stack: (sp=0x000000000c9ef5b8)
0x000000000c9ef5b8:   00007ff8ab53244b 0000000015fa7760
0x000000000c9ef5c8:   0000000000000001 0000000015fa0000
0x000000000c9ef5d8:   00007ff8dd6007d9 0000000000000000
0x000000000c9ef5e8:   00007ff8ab537f17 0000000000000000
0x000000000c9ef5f8:   0000000000000000 0000000015fa7740
0x000000000c9ef608:   00007ff8ab537283 fffffffffffffffe
0x000000000c9ef618:   000000000c9ef680 0000000000000000
0x000000000c9ef628:   00007ff8ab5387c9 00000000160b5eb0
0x000000000c9ef638:   00000000160b6e90 00000000022c5800
0x000000000c9ef648:   00007ff8ab5b5700 fffffffffffffffe
0x000000000c9ef658:   0000000015fa9c60 0000000000000001
0x000000000c9ef668:   0000000015fa7738 0000000015fa7610
0x000000000c9ef678:   00007ff8ab5bd7ad 00007ff8ab6f65b0
0x000000000c9ef688:   00007ff8ab621930 00000000022c5800
0x000000000c9ef698:   00007ff8dd6007bd 0000000015fa7738
0x000000000c9ef6a8:   0000000015fa7610 0000000015fa7610 

Instructions: (pc=0x00007ff8aba92224)
0x00007ff8aba92204:   cc cc cc cc cc cc 66 0f 1f 44 00 00 8b 05 f2 7d
0x00007ff8aba92214:   01 00 83 f8 40 73 0f 65 48 8b 04 c5 80 14 00 00
0x00007ff8aba92224:   ff a0 38 0a 00 00 b8 47 01 00 00 e9 ec d4 ff ff
0x00007ff8aba92234:   cc cc cc cc cc cc 66 0f 1f 44 00 00 8b 05 c2 7d 


Register to memory mapping:

RAX=0x0000000000000000 is an unknown value
RBX=0x00000000160b2ac0 is an unknown value
RCX=0x0000000000000001 is an unknown value
RDX=0x00000000160b2ac8 is an unknown value
RSP=0x000000000c9ef5b8 is an unknown value
RBP=0x0000000000000000 is an unknown value
RSI=0x00000000160b5eb0 is an unknown value
RDI=0x00000000160b5eb0 is an unknown value
R8 =0x000000000c9ef638 is an unknown value
R9 =0x00000000022c5800 is an unknown value
R10=0x0000000000000000 is an unknown value
R11=0x0000000000000246 is an unknown value
R12=0x0000000000000000 is an unknown value
R13=0x0000000015fa7760 is an unknown value
R14=0x0000000015fa7610 is an unknown value
R15=0x0000000000000000 is an unknown value


Stack: [0x000000000c8f0000,0x000000000c9f0000],  sp=0x000000000c9ef5b8,  free space=1021k
Native frames: (J=compiled Java code, j=interpreted, Vv=VM code, C=native code)
C  [OPENGL32.dll+0xe2224]

[error occurred during error reporting (printing native stack), id 0xc0000005]

VM_Operation (0x000000000e31eef0): Exit, mode: safepoint, requested by thread 0x000000000ce04800


---------------  P R O C E S S  ---------------

Java Threads: ( => current thread )
  0x000000001dbda800 JavaThread "LWJGL Timer" daemon [_thread_blocked, id=10988, stack(0x0000000010e90000,0x0000000010f90000)]
  0x000000000229d800 JavaThread "DestroyJavaVM" [_thread_blocked, id=4588, stack(0x0000000002150000,0x0000000002250000)]
  0x000000000ce04800 JavaThread "LWJGL Application" [_thread_blocked, id=6528, stack(0x000000000e220000,0x000000000e320000)]
  0x0000000002398800 JavaThread "Service Thread" daemon [_thread_blocked, id=6508, stack(0x000000000d3f0000,0x000000000d4f0000)]
  0x0000000002394000 JavaThread "C2 CompilerThread1" daemon [_thread_blocked, id=5196, stack(0x000000000d2f0000,0x000000000d3f0000)]
  0x000000000cc10800 JavaThread "C2 CompilerThread0" daemon [_thread_blocked, id=5596, stack(0x000000000d1f0000,0x000000000d2f0000)]
  0x000000000238f000 JavaThread "Attach Listener" daemon [_thread_blocked, id=8884, stack(0x000000000d0f0000,0x000000000d1f0000)]
  0x000000000238a800 JavaThread "Signal Dispatcher" daemon [_thread_blocked, id=11452, stack(0x000000000cff0000,0x000000000d0f0000)]
  0x000000000ac00000 JavaThread "Finalizer" daemon [_thread_blocked, id=8272, stack(0x000000000caf0000,0x000000000cbf0000)]
  0x000000000abf9800 JavaThread "Reference Handler" daemon [_thread_blocked, id=7676, stack(0x000000000c9f0000,0x000000000caf0000)]

Other Threads:
=>0x000000000abf5800 VMThread [stack: 0x000000000c8f0000,0x000000000c9f0000] [id=4156]

VM state:at safepoint (shutting down)

VM Mutex/Monitor currently owned by a thread:  ([mutex/lock_event])
[0x000000000229c7b0] Threads_lock - owner thread: 0x000000000abf5800

Heap
 PSYoungGen      total 38912K, used 18013K [0x00000007d5680000, 0x00000007d8180000, 0x0000000800000000)
  eden space 33792K, 38% used [0x00000007d5680000,0x00000007d631a180,0x00000007d7780000)
  from space 5120K, 99% used [0x00000007d7780000,0x00000007d7c7d440,0x00000007d7c80000)
  to   space 5120K, 0% used [0x00000007d7c80000,0x00000007d7c80000,0x00000007d8180000)
 ParOldGen       total 87040K, used 2167K [0x0000000780400000, 0x0000000785900000, 0x00000007d5680000)
  object space 87040K, 2% used [0x0000000780400000,0x000000078061dd78,0x0000000785900000)
 PSPermGen       total 21504K, used 8625K [0x000000077b200000, 0x000000077c700000, 0x0000000780400000)
  object space 21504K, 40% used [0x000000077b200000,0x000000077ba6c5c0,0x000000077c700000)

Card table byte_map: [0x0000000005460000,0x0000000005890000] byte_map_base: 0x0000000001887000

Polling page: 0x00000000009c0000

Code Cache  [0x00000000023a0000, 0x0000000002610000, 0x00000000053a0000)
 total_blobs=686 nmethods=217 adapters=422 free_code_cache=48078Kb largest_free_block=49207040

Compilation events (10 events):
Event: 20.107 Thread 0x000000000cc10800  212             handlers.MyInput::isPressed (36 bytes)
Event: 20.110 Thread 0x000000000cc10800 nmethod 212 0x00000000024ade90 code [0x00000000024ae000, 0x00000000024ae1b8]
Event: 20.808 Thread 0x0000000002394000  214             java.util.regex.Pattern$Node::study (21 bytes)
Event: 20.809 Thread 0x0000000002394000 nmethod 214 0x000000000248fd50 code [0x000000000248fea0, 0x000000000248ff38]
Event: 20.848 Thread 0x000000000cc10800  215             java.util.regex.Pattern::atom (378 bytes)
Event: 20.892 Thread 0x000000000cc10800 nmethod 215 0x00000000024aed10 code [0x00000000024af1c0, 0x00000000024b0208]
Event: 20.998 Thread 0x0000000002394000  216             java.nio.HeapByteBuffer::ix (7 bytes)
Event: 20.998 Thread 0x000000000cc10800  217             sun.misc.MetaIndex::mayContain (51 bytes)
Event: 20.998 Thread 0x0000000002394000 nmethod 216 0x00000000024a74d0 code [0x00000000024a7600, 0x00000000024a7658]
Event: 21.005 Thread 0x000000000cc10800 nmethod 217 0x00000000024ae6d0 code [0x00000000024ae820, 0x00000000024aea88]

GC Heap History (2 events):
Event: 13.186 GC heap before
{Heap before GC invocations=1 (full 0):
 PSYoungGen      total 38912K, used 33792K [0x00000007d5680000, 0x00000007d8180000, 0x0000000800000000)
  eden space 33792K, 100% used [0x00000007d5680000,0x00000007d7780000,0x00000007d7780000)
  from space 5120K, 0% used [0x00000007d7c80000,0x00000007d7c80000,0x00000007d8180000)
  to   space 5120K, 0% used [0x00000007d7780000,0x00000007d7780000,0x00000007d7c80000)
 ParOldGen       total 87040K, used 0K [0x0000000780400000, 0x0000000785900000, 0x00000007d5680000)
  object space 87040K, 0% used [0x0000000780400000,0x0000000780400000,0x0000000785900000)
 PSPermGen       total 21504K, used 8573K [0x000000077b200000, 0x000000077c700000, 0x0000000780400000)
  object space 21504K, 39% used [0x000000077b200000,0x000000077ba5f6c8,0x000000077c700000)
Event: 13.196 GC heap after
Heap after GC invocations=1 (full 0):
 PSYoungGen      total 38912K, used 5109K [0x00000007d5680000, 0x00000007d8180000, 0x0000000800000000)
  eden space 33792K, 0% used [0x00000007d5680000,0x00000007d5680000,0x00000007d7780000)
  from space 5120K, 99% used [0x00000007d7780000,0x00000007d7c7d440,0x00000007d7c80000)
  to   space 5120K, 0% used [0x00000007d7c80000,0x00000007d7c80000,0x00000007d8180000)
 ParOldGen       total 87040K, used 2167K [0x0000000780400000, 0x0000000785900000, 0x00000007d5680000)
  object space 87040K, 2% used [0x0000000780400000,0x000000078061dd78,0x0000000785900000)
 PSPermGen       total 21504K, used 8573K [0x000000077b200000, 0x000000077c700000, 0x0000000780400000)
  object space 21504K, 39% used [0x000000077b200000,0x000000077ba5f6c8,0x000000077c700000)
}

Deoptimization events (10 events):
Event: 3.309 Thread 0x000000000ce04800 Uncommon trap: reason=class_check action=maybe_recompile pc=0x000000000243aab0 method=java.util.zip.InflaterInputStream.read([BII)I @ 100
Event: 3.309 Thread 0x000000000ce04800 Uncommon trap: reason=class_check action=maybe_recompile pc=0x000000000243aab0 method=java.util.zip.InflaterInputStream.read([BII)I @ 100
Event: 3.314 Thread 0x000000000ce04800 Uncommon trap: reason=class_check action=maybe_recompile pc=0x000000000243aab0 method=java.util.zip.InflaterInputStream.read([BII)I @ 100
Event: 12.307 Thread 0x000000000ce04800 Uncommon trap: reason=unreached action=reinterpret pc=0x0000000002477e20 method=java.util.HashMap.get(Ljava/lang/Object;)Ljava/lang/Object; @ 17
Event: 12.826 Thread 0x000000000ce04800 Uncommon trap: reason=unreached action=reinterpret pc=0x000000000247c214 method=java.util.HashMap.put(Ljava/lang/Object;Ljava/lang/Object;)Ljava/lang/Object; @ 7
Event: 12.831 Thread 0x000000000ce04800 Uncommon trap: reason=class_check action=maybe_recompile pc=0x000000000243bd74 method=java.io.FilterInputStream.read([B)I @ 5
Event: 12.831 Thread 0x000000000ce04800 Uncommon trap: reason=class_check action=maybe_recompile pc=0x000000000243bd74 method=java.io.FilterInputStream.read([B)I @ 5
Event: 12.831 Thread 0x000000000ce04800 Uncommon trap: reason=class_check action=maybe_recompile pc=0x000000000243bd74 method=java.io.FilterInputStream.read([B)I @ 5
Event: 13.167 Thread 0x000000000ce04800 Uncommon trap: reason=class_check action=maybe_recompile pc=0x000000000243bd74 method=java.io.FilterInputStream.read([B)I @ 5
Event: 21.033 Thread 0x000000000ce04800 Uncommon trap: reason=bimorphic action=maybe_recompile pc=0x000000000247222c method=java.util.HashMap.getEntry(Ljava/lang/Object;)Ljava/util/HashMap$Entry; @ 68

Internal exceptions (10 events):
Event: 3.846 Thread 0x000000000ce04800 Threw 0x00000007d6f01d30 at C:\re\jdk7u71\1605\hotspot\src\share\vm\prims\jvm.cpp:1281
Event: 3.847 Thread 0x000000000ce04800 Threw 0x00000007d6f06558 at C:\re\jdk7u71\1605\hotspot\src\share\vm\prims\jvm.cpp:1281
Event: 12.306 Thread 0x000000000ce04800 Threw 0x00000007d74da498 at C:\re\jdk7u71\1605\hotspot\src\share\vm\prims\jvm.cpp:1281
Event: 12.307 Thread 0x000000000ce04800 Threw 0x00000007d74e4d00 at C:\re\jdk7u71\1605\hotspot\src\share\vm\prims\jvm.cpp:1281
Event: 12.307 Thread 0x000000000ce04800 Implicit null exception at 0x0000000002477dd8 to 0x0000000002477e12
Event: 12.827 Thread 0x000000000ce04800 Threw 0x00000007d75a50e8 at C:\re\jdk7u71\1605\hotspot\src\share\vm\prims\jvm.cpp:1281
Event: 12.828 Thread 0x000000000ce04800 Threw 0x00000007d75a7410 at C:\re\jdk7u71\1605\hotspot\src\share\vm\prims\jvm.cpp:1281
Event: 12.829 Thread 0x000000000ce04800 Threw 0x00000007d75a9cf8 at C:\re\jdk7u71\1605\hotspot\src\share\vm\prims\jvm.cpp:1281
Event: 20.998 Thread 0x000000000ce04800 Threw 0x00000007d628ab00 at C:\re\jdk7u71\1605\hotspot\src\share\vm\prims\jvm.cpp:1281
Event: 21.015 Thread 0x000000000ce04800 Threw 0x00000007d628dd00 at C:\re\jdk7u71\1605\hotspot\src\share\vm\prims\jvm.cpp:1281

Events (10 events):
Event: 21.033 Thread 0x000000000ce04800 DEOPT UNPACKING pc=0x00000000023d9064 sp=0x000000000e31eed8 mode 2
Event: 21.038 loading class 0x0000000002321bf0
Event: 21.038 loading class 0x0000000002321bf0 done
Event: 21.039 loading class 0x000000000cce9aa0
Event: 21.039 loading class 0x000000000cce9aa0 done
Event: 21.039 loading class 0x000000000cce9a70
Event: 21.039 loading class 0x000000000cce9a30
Event: 21.039 loading class 0x000000000cce9a30 done
Event: 21.039 loading class 0x000000000cce9a70 done
Event: 21.039 Executing VM operation: Exit


Dynamic libraries:
0x00007ff71de70000 - 0x00007ff71dea3000 	C:\Program Files\Java\jre7\bin\javaw.exe
0x00007ff8dd5e0000 - 0x00007ff8dd7a1000 	C:\WINDOWS\SYSTEM32\ntdll.dll
0x00007ff8dcee0000 - 0x00007ff8dcf8d000 	C:\WINDOWS\system32\KERNEL32.DLL
0x00007ff8d9df0000 - 0x00007ff8d9fd8000 	C:\WINDOWS\system32\KERNELBASE.dll
0x00007ff8dc490000 - 0x00007ff8dc537000 	C:\WINDOWS\system32\ADVAPI32.dll
0x00007ff8dd470000 - 0x00007ff8dd50d000 	C:\WINDOWS\system32\msvcrt.dll
0x00007ff8dabc0000 - 0x00007ff8dac1b000 	C:\WINDOWS\system32\sechost.dll
0x00007ff8dc7c0000 - 0x00007ff8dc8dc000 	C:\WINDOWS\system32\RPCRT4.dll
0x00007ff8dc1e0000 - 0x00007ff8dc336000 	C:\WINDOWS\system32\USER32.dll
0x00007ff8dcd10000 - 0x00007ff8dce96000 	C:\WINDOWS\system32\GDI32.dll
0x00007ff8c6e40000 - 0x00007ff8c70b4000 	C:\WINDOWS\WinSxS\amd64_microsoft.windows.common-controls_6595b64144ccf1df_6.0.10586.0_none_8c15ae12515e1c22\COMCTL32.dll
0x00007ff8dca90000 - 0x00007ff8dcd0d000 	C:\WINDOWS\system32\combase.dll
0x00007ff8da970000 - 0x00007ff8da9da000 	C:\WINDOWS\system32\bcryptPrimitives.dll
0x00007ff8dcea0000 - 0x00007ff8dcedb000 	C:\WINDOWS\system32\IMM32.DLL
0x00000000517f0000 - 0x00000000518c2000 	C:\Program Files\Java\jre7\bin\msvcr100.dll
0x0000000051010000 - 0x00000000517e3000 	C:\Program Files\Java\jre7\bin\server\jvm.dll
0x00007ff8dc410000 - 0x00007ff8dc418000 	C:\WINDOWS\system32\PSAPI.DLL
0x00007ff8d1ac0000 - 0x00007ff8d1ac9000 	C:\WINDOWS\SYSTEM32\WSOCK32.dll
0x00007ff8d7a70000 - 0x00007ff8d7a93000 	C:\WINDOWS\SYSTEM32\WINMM.dll
0x00007ff8dc340000 - 0x00007ff8dc3ab000 	C:\WINDOWS\system32\WS2_32.dll
0x0000000000990000 - 0x00000000009bc000 	C:\WINDOWS\SYSTEM32\WINMMBASE.dll
0x00007ff8da920000 - 0x00007ff8da963000 	C:\WINDOWS\system32\cfgmgr32.dll
0x0000000051000000 - 0x000000005100f000 	C:\Program Files\Java\jre7\bin\verify.dll
0x0000000050fd0000 - 0x0000000050ff8000 	C:\Program Files\Java\jre7\bin\java.dll
0x0000000050fb0000 - 0x0000000050fc5000 	C:\Program Files\Java\jre7\bin\zip.dll
0x0000000065580000 - 0x000000006561b000 	C:\Users\Jay\AppData\Local\Temp\libgdxJay\3fcab39a\gdx64.dll
0x00007ff8d9580000 - 0x00007ff8d9597000 	C:\WINDOWS\SYSTEM32\CRYPTSP.dll
0x00007ff8d9210000 - 0x00007ff8d9244000 	C:\WINDOWS\system32\rsaenh.dll
0x00007ff8d9b30000 - 0x00007ff8d9b59000 	C:\WINDOWS\SYSTEM32\bcrypt.dll
0x00007ff8d9360000 - 0x00007ff8d937f000 	C:\WINDOWS\SYSTEM32\USERENV.dll
0x00007ff8d9c10000 - 0x00007ff8d9c24000 	C:\WINDOWS\system32\profapi.dll
0x00007ff8d96a0000 - 0x00007ff8d96ab000 	C:\WINDOWS\SYSTEM32\CRYPTBASE.dll
0x0000000050f90000 - 0x0000000050fa9000 	C:\Program Files\Java\jre7\bin\net.dll
0x00007ff8d94d0000 - 0x00007ff8d952c000 	C:\WINDOWS\system32\mswsock.dll
0x00007ff8d43c0000 - 0x00007ff8d43f8000 	C:\WINDOWS\SYSTEM32\IPHLPAPI.DLL
0x00007ff8dc7a0000 - 0x00007ff8dc7a8000 	C:\WINDOWS\system32\NSI.dll
0x00007ff8d3ff0000 - 0x00007ff8d4006000 	C:\WINDOWS\SYSTEM32\dhcpcsvc6.DLL
0x00007ff8d4420000 - 0x00007ff8d443a000 	C:\WINDOWS\SYSTEM32\dhcpcsvc.DLL
0x0000000050f70000 - 0x0000000050f81000 	C:\Program Files\Java\jre7\bin\nio.dll
0x0000000180000000 - 0x0000000180051000 	C:\Users\Jay\AppData\Local\Temp\libgdxJay\ccd07a7a\lwjgl64.dll
0x00007ff8ab9b0000 - 0x00007ff8abad9000 	C:\WINDOWS\SYSTEM32\OPENGL32.dll
0x00007ff8d7aa0000 - 0x00007ff8d7aaa000 	C:\WINDOWS\SYSTEM32\VERSION.dll
0x00007ff8ca390000 - 0x00007ff8ca3be000 	C:\WINDOWS\SYSTEM32\GLU32.dll
0x00007ff8b0510000 - 0x00007ff8b060a000 	C:\WINDOWS\SYSTEM32\DDRAW.dll
0x00007ff8c4830000 - 0x00007ff8c4838000 	C:\WINDOWS\SYSTEM32\DCIMAN32.dll
0x000000000d990000 - 0x000000000d9f4000 	C:\Users\Jay\AppData\Local\Temp\libgdxJay\ccd07a7a\OpenAL64.dll
0x00007ff8dac20000 - 0x00007ff8dc17f000 	C:\WINDOWS\system32\SHELL32.dll
0x00007ff8da040000 - 0x00007ff8da684000 	C:\WINDOWS\system32\windows.storage.dll
0x00007ff8dc3b0000 - 0x00007ff8dc402000 	C:\WINDOWS\system32\shlwapi.dll
0x00007ff8d9c30000 - 0x00007ff8d9c3f000 	C:\WINDOWS\system32\kernel.appcore.dll
0x00007ff8da860000 - 0x00007ff8da915000 	C:\WINDOWS\system32\shcore.dll
0x00007ff8d9c40000 - 0x00007ff8d9c8b000 	C:\WINDOWS\system32\powrprof.dll
0x00007ff8dc540000 - 0x00007ff8dc683000 	C:\WINDOWS\system32\ole32.dll
0x00007ff8d88c0000 - 0x00007ff8d8956000 	C:\WINDOWS\system32\uxtheme.dll
0x00007ff8c3bc0000 - 0x00007ff8c3be8000 	C:\Program Files (x86)\Raptr\ltc_help64-106568.dll
0x00007ff8d9fe0000 - 0x00007ff8da035000 	C:\WINDOWS\system32\WINTRUST.dll
0x00007ff8d9c00000 - 0x00007ff8d9c10000 	C:\WINDOWS\system32\MSASN1.dll
0x00007ff8da690000 - 0x00007ff8da857000 	C:\WINDOWS\system32\CRYPT32.dll
0x00007ff8dd3c0000 - 0x00007ff8dd467000 	C:\WINDOWS\system32\clbcatq.dll
0x00007ff8d4010000 - 0x00007ff8d4196000 	C:\WINDOWS\System32\PROPSYS.dll
0x00007ff8dd510000 - 0x00007ff8dd5d1000 	C:\WINDOWS\system32\OLEAUT32.dll
0x00007ff89f630000 - 0x00007ff89f6cc000 	C:\WINDOWS\SYSTEM32\dsound.dll
0x00007ff8d4200000 - 0x00007ff8d4270000 	C:\WINDOWS\System32\MMDevApi.dll
0x00007ff8d8960000 - 0x00007ff8d8987000 	C:\WINDOWS\System32\DEVOBJ.dll
0x00007ff8c4a30000 - 0x00007ff8c4ab8000 	C:\WINDOWS\SYSTEM32\AUDIOSES.DLL
0x00007ff8d0c50000 - 0x00007ff8d0d86000 	C:\WINDOWS\SYSTEM32\wintypes.dll
0x00007ff8daa00000 - 0x00007ff8dab5a000 	C:\WINDOWS\system32\MSCTF.dll
0x00007ff8d7fb0000 - 0x00007ff8d7fd2000 	C:\WINDOWS\system32\dwmapi.dll
0x00007ff8d27e0000 - 0x00007ff8d27f8000 	C:\WINDOWS\SYSTEM32\atig6pxx.dll
0x0000000076200000 - 0x0000000078000000 	C:\WINDOWS\SYSTEM32\atio6axx.dll
0x00007ff8dcf90000 - 0x00007ff8dd3b9000 	C:\WINDOWS\system32\SETUPAPI.dll
0x00007ff8b7e60000 - 0x00007ff8b7fa1000 	C:\WINDOWS\SYSTEM32\atiadlxx.dll
0x00007ff8d5710000 - 0x00007ff8d5723000 	C:\WINDOWS\SYSTEM32\WTSAPI32.dll
0x00007ff8c4010000 - 0x00007ff8c403c000 	C:\WINDOWS\SYSTEM32\atig6txx.dll
0x00007ff8cb200000 - 0x00007ff8cb291000 	C:\WINDOWS\SYSTEM32\mscms.dll
0x00007ff8b7b90000 - 0x00007ff8b7bd2000 	C:\WINDOWS\SYSTEM32\icm32.dll
0x0000000066bc0000 - 0x0000000066c7b000 	C:\Users\Jay\AppData\Local\Temp\libgdxJay\d6d72896\gdx-box2d64.dll
0x00007ff8da9e0000 - 0x00007ff8da9fc000 	C:\WINDOWS\system32\imagehlp.dll
0x00007ff8d8c00000 - 0x00007ff8d8c24000 	C:\WINDOWS\SYSTEM32\gpapi.dll
0x00007ff8c9de0000 - 0x00007ff8c9e0f000 	C:\Windows\System32\cryptnet.dll
0x00007ff8d4640000 - 0x00007ff8d464b000 	C:\WINDOWS\SYSTEM32\WINNSI.DLL
0x00007ff8ab4d0000 - 0x00007ff8ab718000 	C:\PROGRA~2\Raptr\ltc_game64-106568.dll
0x00007ff8d6380000 - 0x00007ff8d650c000 	C:\WINDOWS\SYSTEM32\dbghelp.dll

VM Arguments:
jvm_args: -Dfile.encoding=Cp1252 
java_command: main.AftamathDesktop
Launcher Type: SUN_STANDARD

Environment Variables:
JAVA_HOME=C:\Program Files (x86)\Java\jdk1.8.0_25
PATH=C:\Program Files (x86)\NVIDIA Corporation\PhysX\Common;C:\Windows\system32;C:\Windows;C:\Windows\System32\Wbem;C:\Windows\System32\WindowsPowerShell\v1.0\;C:\Program Files (x86)\ATI Technologies\ATI.ACE\Core-Static;C:\Program Files (x86)\Windows Live\Shared;C:\Program Files (x86)\QuickTime\QTSystem\;C:\Users\Jay\AppData\Local\Smartbar\Application\;C:\WINDOWS\system32;C:\WINDOWS;C:\WINDOWS\System32\Wbem;C:\WINDOWS\System32\WindowsPowerShell\v1.0\;C:\Program Files (x86)\Skype\Phone\;C:\Program Files (x86)\AMD\ATI.ACE\Core-Static
USERNAME=Jay
OS=Windows_NT
PROCESSOR_IDENTIFIER=AMD64 Family 21 Model 2 Stepping 0, AuthenticAMD



---------------  S Y S T E M  ---------------

OS: Windows 8.1 , 64 bit Build 9600 

CPU:total 8 (8 cores per cpu, 1 threads per core) family 21 model 2 stepping 0, cmov, cx8, fxsr, mmx, sse, sse2, sse3, ssse3, sse4.1, sse4.2, popcnt, avx, aes, mmxext, 3dnowpref, lzcnt, sse4a, tsc, tscinvbit, tscinv

Memory: 4k page, physical 8369696k(3336664k free), swap 24098336k(15878364k free)

vm_info: Java HotSpot(TM) 64-Bit Server VM (24.71-b01) for windows-amd64 JRE (1.7.0_71-b14), built on Sep 26 2014 16:16:12 by "java_re" with unknown MS VC++:1600

time: Thu Dec 17 12:32:47 2015
elapsed time: 21 seconds

