#
# A fatal error has been detected by the Java Runtime Environment:
#
#  EXCEPTION_ACCESS_VIOLATION (0xc0000005) at pc=0x00007ff8aba92224, pid=1160, tid=6384
#
# JRE version: Java(TM) SE Runtime Environment (7.0_71-b14) (build 1.7.0_71-b14)
# Java VM: Java HotSpot(TM) 64-Bit Server VM (24.71-b01 mixed mode windows-amd64 compressed oops)
# Problematic frame:
# C  [OPENGL32.dll+0xe2224]
#
# Failed to write core dump. Minidumps are not enabled by default on client versions of Windows
#
# If you would like to submit a bug report, please visit:
#   http://bugreport.sun.com/bugreport/crash.jsp
#

---------------  T H R E A D  ---------------

Current thread (0x000000000abe6800):  VMThread [stack: 0x000000000c8d0000,0x000000000c9d0000] [id=6384]

siginfo: ExceptionCode=0xc0000005, reading address 0x0000000000000a38

Registers:
RAX=0x0000000000000000, RBX=0x0000000015f42640, RCX=0x0000000000000001, RDX=0x0000000015f42648
RSP=0x000000000c9cef88, RBP=0x0000000000000000, RSI=0x0000000015f45db0, RDI=0x0000000015f45db0
R8 =0x000000000c9cf008, R9 =0x0000000002286bb0, R10=0x0000000000000000, R11=0x0000000000000246
R12=0x0000000000000000, R13=0x0000000010d77760, R14=0x0000000010d77610, R15=0x0000000000000000
RIP=0x00007ff8aba92224, EFLAGS=0x0000000000010287

Top of Stack: (sp=0x000000000c9cef88)
0x000000000c9cef88:   00007ff8ab0a244b 0000000010d77760
0x000000000c9cef98:   0000000000000001 0000000010d70000
0x000000000c9cefa8:   00007ff8dd6007d9 0000000000000000
0x000000000c9cefb8:   00007ff8ab0a7f17 0000000000000000
0x000000000c9cefc8:   0000000000000000 0000000010d77740
0x000000000c9cefd8:   00007ff8ab0a7283 fffffffffffffffe
0x000000000c9cefe8:   000000000c9cf050 0000000000000000
0x000000000c9ceff8:   00007ff8ab0a87c9 0000000015f45db0
0x000000000c9cf008:   0000000015f46910 0000000002286bb0
0x000000000c9cf018:   00007ff8ab125700 fffffffffffffffe
0x000000000c9cf028:   0000000010d79c60 0000000000000001
0x000000000c9cf038:   0000000010d77738 0000000010d77610
0x000000000c9cf048:   00007ff8ab12d7ad 00007ff8ab2665b0
0x000000000c9cf058:   00007ff8ab191930 0000000002286bb0
0x000000000c9cf068:   00007ff8dd6007d9 0000000010d77738
0x000000000c9cf078:   0000000010d77610 0000000010d77610 

Instructions: (pc=0x00007ff8aba92224)
0x00007ff8aba92204:   cc cc cc cc cc cc 66 0f 1f 44 00 00 8b 05 f2 7d
0x00007ff8aba92214:   01 00 83 f8 40 73 0f 65 48 8b 04 c5 80 14 00 00
0x00007ff8aba92224:   ff a0 38 0a 00 00 b8 47 01 00 00 e9 ec d4 ff ff
0x00007ff8aba92234:   cc cc cc cc cc cc 66 0f 1f 44 00 00 8b 05 c2 7d 


Register to memory mapping:

RAX=0x0000000000000000 is an unknown value
RBX=0x0000000015f42640 is an unknown value
RCX=0x0000000000000001 is an unknown value
RDX=0x0000000015f42648 is an unknown value
RSP=0x000000000c9cef88 is an unknown value
RBP=0x0000000000000000 is an unknown value
RSI=0x0000000015f45db0 is an unknown value
RDI=0x0000000015f45db0 is an unknown value
R8 =0x000000000c9cf008 is an unknown value
R9 =0x0000000002286bb0 is an unknown value
R10=0x0000000000000000 is an unknown value
R11=0x0000000000000246 is an unknown value
R12=0x0000000000000000 is an unknown value
R13=0x0000000010d77760 is an unknown value
R14=0x0000000010d77610 is an unknown value
R15=0x0000000000000000 is an unknown value


Stack: [0x000000000c8d0000,0x000000000c9d0000],  sp=0x000000000c9cef88,  free space=1019k
Native frames: (J=compiled Java code, j=interpreted, Vv=VM code, C=native code)
C  [OPENGL32.dll+0xe2224]

[error occurred during error reporting (printing native stack), id 0xc0000005]

VM_Operation (0x000000000e32eff0): Exit, mode: safepoint, requested by thread 0x000000000ce0e000


---------------  P R O C E S S  ---------------

Java Threads: ( => current thread )
  0x00000000142d4800 JavaThread "LWJGL Timer" daemon [_thread_blocked, id=11704, stack(0x0000000010e50000,0x0000000010f50000)]
  0x000000000210d800 JavaThread "DestroyJavaVM" [_thread_blocked, id=8120, stack(0x0000000002160000,0x0000000002260000)]
  0x000000000ce0e000 JavaThread "LWJGL Application" [_thread_blocked, id=11992, stack(0x000000000e230000,0x000000000e330000)]
  0x000000000cbf3000 JavaThread "Service Thread" daemon [_thread_blocked, id=1144, stack(0x000000000d3d0000,0x000000000d4d0000)]
  0x000000000cbf2000 JavaThread "C2 CompilerThread1" daemon [_thread_blocked, id=11880, stack(0x000000000d2d0000,0x000000000d3d0000)]
  0x0000000002357000 JavaThread "C2 CompilerThread0" daemon [_thread_blocked, id=7436, stack(0x000000000d1d0000,0x000000000d2d0000)]
  0x0000000002356000 JavaThread "Attach Listener" daemon [_thread_blocked, id=7640, stack(0x000000000d0d0000,0x000000000d1d0000)]
  0x000000000cbf1800 JavaThread "Signal Dispatcher" daemon [_thread_blocked, id=2688, stack(0x000000000cfd0000,0x000000000d0d0000)]
  0x000000000abf1000 JavaThread "Finalizer" daemon [_thread_blocked, id=4680, stack(0x000000000cad0000,0x000000000cbd0000)]
  0x000000000abea800 JavaThread "Reference Handler" daemon [_thread_blocked, id=5472, stack(0x000000000c9d0000,0x000000000cad0000)]

Other Threads:
=>0x000000000abe6800 VMThread [stack: 0x000000000c8d0000,0x000000000c9d0000] [id=6384]

VM state:at safepoint (shutting down)

VM Mutex/Monitor currently owned by a thread:  ([mutex/lock_event])
[0x000000000210d2b0] Threads_lock - owner thread: 0x000000000abe6800

Heap
 PSYoungGen      total 28672K, used 12397K [0x00000007d5680000, 0x00000007d7700000, 0x0000000800000000)
  eden space 24064K, 49% used [0x00000007d5680000,0x00000007d623b758,0x00000007d6e00000)
  from space 4608K, 8% used [0x00000007d7280000,0x00000007d72e0010,0x00000007d7700000)
  to   space 4608K, 0% used [0x00000007d6e00000,0x00000007d6e00000,0x00000007d7280000)
 ParOldGen       total 87040K, used 8086K [0x0000000780400000, 0x0000000785900000, 0x00000007d5680000)
  object space 87040K, 9% used [0x0000000780400000,0x0000000780be5b10,0x0000000785900000)
 PSPermGen       total 21504K, used 8945K [0x000000077b200000, 0x000000077c700000, 0x0000000780400000)
  object space 21504K, 41% used [0x000000077b200000,0x000000077babc480,0x000000077c700000)

Card table byte_map: [0x0000000005420000,0x0000000005850000] byte_map_base: 0x0000000001847000

Polling page: 0x0000000000850000

Code Cache  [0x0000000002360000, 0x00000000025d0000, 0x0000000005360000)
 total_blobs=1073 nmethods=599 adapters=427 free_code_cache=46808Kb largest_free_block=47905856

Compilation events (10 events):
Event: 290.970 Thread 0x0000000002357000 nmethod 613 0x00000000025ada10 code [0x00000000025adb60, 0x00000000025addd8]
Event: 290.971 Thread 0x0000000002357000  614   !         org.lwjgl.opengl.Display::isActive (38 bytes)
Event: 290.972 Thread 0x0000000002357000 nmethod 614 0x0000000002581d50 code [0x0000000002581ea0, 0x0000000002582118]
Event: 290.972 Thread 0x0000000002357000  615             org.lwjgl.opengl.Display::getX (30 bytes)
Event: 290.974 Thread 0x0000000002357000 nmethod 615 0x0000000002584110 code [0x0000000002584260, 0x0000000002584518]
Event: 290.974 Thread 0x0000000002357000  616             org.lwjgl.opengl.Display::getY (30 bytes)
Event: 290.976 Thread 0x0000000002357000 nmethod 616 0x00000000025afed0 code [0x00000000025b0020, 0x00000000025b02d8]
Event: 290.976 Thread 0x0000000002357000  617             org.lwjgl.opengl.Display::wasResized (4 bytes)
Event: 290.977 Thread 0x0000000002357000 nmethod 617 0x00000000024f3390 code [0x00000000024f34c0, 0x00000000024f3518]
Event: 290.991 Thread 0x000000000cbf2000 nmethod 612 0x0000000002584750 code [0x00000000025849e0, 0x00000000025855b0]

GC Heap History (10 events):
Event: 246.346 GC heap before
{Heap before GC invocations=24 (full 0):
 PSYoungGen      total 24576K, used 24416K [0x00000007d5680000, 0x00000007d7900000, 0x0000000800000000)
  eden space 24064K, 100% used [0x00000007d5680000,0x00000007d6e00000,0x00000007d6e00000)
  from space 512K, 68% used [0x00000007d6e80000,0x00000007d6ed8010,0x00000007d6f00000)
  to   space 5632K, 0% used [0x00000007d7380000,0x00000007d7380000,0x00000007d7900000)
 ParOldGen       total 87040K, used 7862K [0x0000000780400000, 0x0000000785900000, 0x00000007d5680000)
  object space 87040K, 9% used [0x0000000780400000,0x0000000780badb10,0x0000000785900000)
 PSPermGen       total 21504K, used 8917K [0x000000077b200000, 0x000000077c700000, 0x0000000780400000)
  object space 21504K, 41% used [0x000000077b200000,0x000000077bab57c0,0x000000077c700000)
Event: 246.347 GC heap after
Heap after GC invocations=24 (full 0):
 PSYoungGen      total 29696K, used 416K [0x00000007d5680000, 0x00000007d7900000, 0x0000000800000000)
  eden space 24064K, 0% used [0x00000007d5680000,0x00000007d5680000,0x00000007d6e00000)
  from space 5632K, 7% used [0x00000007d7380000,0x00000007d73e8010,0x00000007d7900000)
  to   space 5632K, 0% used [0x00000007d6e00000,0x00000007d6e00000,0x00000007d7380000)
 ParOldGen       total 87040K, used 7910K [0x0000000780400000, 0x0000000785900000, 0x00000007d5680000)
  object space 87040K, 9% used [0x0000000780400000,0x0000000780bb9b10,0x0000000785900000)
 PSPermGen       total 21504K, used 8917K [0x000000077b200000, 0x000000077c700000, 0x0000000780400000)
  object space 21504K, 41% used [0x000000077b200000,0x000000077bab57c0,0x000000077c700000)
}
Event: 255.947 GC heap before
{Heap before GC invocations=25 (full 0):
 PSYoungGen      total 29696K, used 24480K [0x00000007d5680000, 0x00000007d7900000, 0x0000000800000000)
  eden space 24064K, 100% used [0x00000007d5680000,0x00000007d6e00000,0x00000007d6e00000)
  from space 5632K, 7% used [0x00000007d7380000,0x00000007d73e8010,0x00000007d7900000)
  to   space 5632K, 0% used [0x00000007d6e00000,0x00000007d6e00000,0x00000007d7380000)
 ParOldGen       total 87040K, used 7910K [0x0000000780400000, 0x0000000785900000, 0x00000007d5680000)
  object space 87040K, 9% used [0x0000000780400000,0x0000000780bb9b10,0x0000000785900000)
 PSPermGen       total 21504K, used 8919K [0x000000077b200000, 0x000000077c700000, 0x0000000780400000)
  object space 21504K, 41% used [0x000000077b200000,0x000000077bab5e58,0x000000077c700000)
Event: 255.948 GC heap after
Heap after GC invocations=25 (full 0):
 PSYoungGen      total 24576K, used 416K [0x00000007d5680000, 0x00000007d7800000, 0x0000000800000000)
  eden space 24064K, 0% used [0x00000007d5680000,0x00000007d5680000,0x00000007d6e00000)
  from space 512K, 81% used [0x00000007d6e00000,0x00000007d6e68010,0x00000007d6e80000)
  to   space 5120K, 0% used [0x00000007d7300000,0x00000007d7300000,0x00000007d7800000)
 ParOldGen       total 87040K, used 7958K [0x0000000780400000, 0x0000000785900000, 0x00000007d5680000)
  object space 87040K, 9% used [0x0000000780400000,0x0000000780bc5b10,0x0000000785900000)
 PSPermGen       total 21504K, used 8919K [0x000000077b200000, 0x000000077c700000, 0x0000000780400000)
  object space 21504K, 41% used [0x000000077b200000,0x000000077bab5e58,0x000000077c700000)
}
Event: 262.267 GC heap before
{Heap before GC invocations=26 (full 0):
 PSYoungGen      total 24576K, used 24480K [0x00000007d5680000, 0x00000007d7800000, 0x0000000800000000)
  eden space 24064K, 100% used [0x00000007d5680000,0x00000007d6e00000,0x00000007d6e00000)
  from space 512K, 81% used [0x00000007d6e00000,0x00000007d6e68010,0x00000007d6e80000)
  to   space 5120K, 0% used [0x00000007d7300000,0x00000007d7300000,0x00000007d7800000)
 ParOldGen       total 87040K, used 7958K [0x0000000780400000, 0x0000000785900000, 0x00000007d5680000)
  object space 87040K, 9% used [0x0000000780400000,0x0000000780bc5b10,0x0000000785900000)
 PSPermGen       total 21504K, used 8925K [0x000000077b200000, 0x000000077c700000, 0x0000000780400000)
  object space 21504K, 41% used [0x000000077b200000,0x000000077bab7618,0x000000077c700000)
Event: 262.268 GC heap after
Heap after GC invocations=26 (full 0):
 PSYoungGen      total 29184K, used 448K [0x00000007d5680000, 0x00000007d7800000, 0x0000000800000000)
  eden space 24064K, 0% used [0x00000007d5680000,0x00000007d5680000,0x00000007d6e00000)
  from space 5120K, 8% used [0x00000007d7300000,0x00000007d7370010,0x00000007d7800000)
  to   space 5120K, 0% used [0x00000007d6e00000,0x00000007d6e00000,0x00000007d7300000)
 ParOldGen       total 87040K, used 8014K [0x0000000780400000, 0x0000000785900000, 0x00000007d5680000)
  object space 87040K, 9% used [0x0000000780400000,0x0000000780bd3b10,0x0000000785900000)
 PSPermGen       total 21504K, used 8925K [0x000000077b200000, 0x000000077c700000, 0x0000000780400000)
  object space 21504K, 41% used [0x000000077b200000,0x000000077bab7618,0x000000077c700000)
}
Event: 267.827 GC heap before
{Heap before GC invocations=27 (full 0):
 PSYoungGen      total 29184K, used 24512K [0x00000007d5680000, 0x00000007d7800000, 0x0000000800000000)
  eden space 24064K, 100% used [0x00000007d5680000,0x00000007d6e00000,0x00000007d6e00000)
  from space 5120K, 8% used [0x00000007d7300000,0x00000007d7370010,0x00000007d7800000)
  to   space 5120K, 0% used [0x00000007d6e00000,0x00000007d6e00000,0x00000007d7300000)
 ParOldGen       total 87040K, used 8014K [0x0000000780400000, 0x0000000785900000, 0x00000007d5680000)
  object space 87040K, 9% used [0x0000000780400000,0x0000000780bd3b10,0x0000000785900000)
 PSPermGen       total 21504K, used 8926K [0x000000077b200000, 0x000000077c700000, 0x0000000780400000)
  object space 21504K, 41% used [0x000000077b200000,0x000000077bab7928,0x000000077c700000)
Event: 267.829 GC heap after
Heap after GC invocations=27 (full 0):
 PSYoungGen      total 24576K, used 384K [0x00000007d5680000, 0x00000007d7700000, 0x0000000800000000)
  eden space 24064K, 0% used [0x00000007d5680000,0x00000007d5680000,0x00000007d6e00000)
  from space 512K, 75% used [0x00000007d6e00000,0x00000007d6e60010,0x00000007d6e80000)
  to   space 4608K, 0% used [0x00000007d7280000,0x00000007d7280000,0x00000007d7700000)
 ParOldGen       total 87040K, used 8062K [0x0000000780400000, 0x0000000785900000, 0x00000007d5680000)
  object space 87040K, 9% used [0x0000000780400000,0x0000000780bdfb10,0x0000000785900000)
 PSPermGen       total 21504K, used 8926K [0x000000077b200000, 0x000000077c700000, 0x0000000780400000)
  object space 21504K, 41% used [0x000000077b200000,0x000000077bab7928,0x000000077c700000)
}
Event: 273.387 GC heap before
{Heap before GC invocations=28 (full 0):
 PSYoungGen      total 24576K, used 24448K [0x00000007d5680000, 0x00000007d7700000, 0x0000000800000000)
  eden space 24064K, 100% used [0x00000007d5680000,0x00000007d6e00000,0x00000007d6e00000)
  from space 512K, 75% used [0x00000007d6e00000,0x00000007d6e60010,0x00000007d6e80000)
  to   space 4608K, 0% used [0x00000007d7280000,0x00000007d7280000,0x00000007d7700000)
 ParOldGen       total 87040K, used 8062K [0x0000000780400000, 0x0000000785900000, 0x00000007d5680000)
  object space 87040K, 9% used [0x0000000780400000,0x0000000780bdfb10,0x0000000785900000)
 PSPermGen       total 21504K, used 8926K [0x000000077b200000, 0x000000077c700000, 0x0000000780400000)
  object space 21504K, 41% used [0x000000077b200000,0x000000077bab7928,0x000000077c700000)
Event: 273.389 GC heap after
Heap after GC invocations=28 (full 0):
 PSYoungGen      total 28672K, used 384K [0x00000007d5680000, 0x00000007d7700000, 0x0000000800000000)
  eden space 24064K, 0% used [0x00000007d5680000,0x00000007d5680000,0x00000007d6e00000)
  from space 4608K, 8% used [0x00000007d7280000,0x00000007d72e0010,0x00000007d7700000)
  to   space 4608K, 0% used [0x00000007d6e00000,0x00000007d6e00000,0x00000007d7280000)
 ParOldGen       total 87040K, used 8086K [0x0000000780400000, 0x0000000785900000, 0x00000007d5680000)
  object space 87040K, 9% used [0x0000000780400000,0x0000000780be5b10,0x0000000785900000)
 PSPermGen       total 21504K, used 8926K [0x000000077b200000, 0x000000077c700000, 0x0000000780400000)
  object space 21504K, 41% used [0x000000077b200000,0x000000077bab7928,0x000000077c700000)
}

Deoptimization events (10 events):
Event: 204.264 Thread 0x000000000ce0e000 Uncommon trap: reason=unreached action=reinterpret pc=0x00000000023fa0e0 method=handlers.Animation.flip(Z)V @ 54
Event: 204.265 Thread 0x000000000ce0e000 Uncommon trap: reason=unreached action=reinterpret pc=0x0000000002523710 method=com.badlogic.gdx.math.Vector2.equals(Ljava/lang/Object;)Z @ 2
Event: 258.350 Thread 0x000000000ce0e000 Uncommon trap: reason=null_assert action=make_not_entrant pc=0x0000000002538cdc method=main.Main.update(F)V @ 281
Event: 258.351 Thread 0x000000000ce0e000 Uncommon trap: reason=bimorphic action=maybe_recompile pc=0x0000000002504d20 method=main.Main.render()V @ 117
Event: 258.368 Thread 0x000000000ce0e000 Uncommon trap: reason=bimorphic action=maybe_recompile pc=0x0000000002504d20 method=main.Main.render()V @ 117
Event: 258.388 Thread 0x000000000ce0e000 Uncommon trap: reason=bimorphic action=maybe_recompile pc=0x0000000002504d20 method=main.Main.render()V @ 117
Event: 258.407 Thread 0x000000000ce0e000 Uncommon trap: reason=bimorphic action=maybe_recompile pc=0x0000000002504d20 method=main.Main.render()V @ 117
Event: 265.151 Thread 0x000000000ce0e000 Uncommon trap: reason=bimorphic action=maybe_recompile pc=0x0000000002597824 method=main.Main.update(F)V @ 778
Event: 265.527 Thread 0x000000000ce0e000 Uncommon trap: reason=bimorphic action=maybe_recompile pc=0x0000000002597824 method=main.Main.update(F)V @ 778
Event: 293.198 Thread 0x000000000ce0e000 Uncommon trap: reason=bimorphic action=maybe_recompile pc=0x000000000242d12c method=java.util.HashMap.getEntry(Ljava/lang/Object;)Ljava/util/HashMap$Entry; @ 68

Internal exceptions (10 events):
Event: 233.545 Thread 0x000000000ce0e000 Threw 0x00000007d66d7ea8 at C:\re\jdk7u71\1605\hotspot\src\share\vm\interpreter\linkResolver.cpp:892
Event: 235.925 Thread 0x000000000ce0e000 Threw 0x00000007d6a7cf28 at C:\re\jdk7u71\1605\hotspot\src\share\vm\interpreter\linkResolver.cpp:892
Event: 235.925 Thread 0x000000000ce0e000 Threw 0x00000007d6a7d0f0 at C:\re\jdk7u71\1605\hotspot\src\share\vm\interpreter\linkResolver.cpp:892
Event: 240.227 Thread 0x000000000ce0e000 Threw 0x00000007d5c0a188 at C:\re\jdk7u71\1605\hotspot\src\share\vm\interpreter\linkResolver.cpp:892
Event: 240.227 Thread 0x000000000ce0e000 Threw 0x00000007d5c0a350 at C:\re\jdk7u71\1605\hotspot\src\share\vm\interpreter\linkResolver.cpp:892
Event: 248.546 Thread 0x000000000ce0e000 Threw 0x00000007d5d8c700 at C:\re\jdk7u71\1605\hotspot\src\share\vm\interpreter\linkResolver.cpp:892
Event: 248.546 Thread 0x000000000ce0e000 Threw 0x00000007d5d8c8c8 at C:\re\jdk7u71\1605\hotspot\src\share\vm\interpreter\linkResolver.cpp:892
Event: 258.348 Thread 0x000000000ce0e000 Threw 0x00000007d60a9e00 at C:\re\jdk7u71\1605\hotspot\src\share\vm\prims\jvm.cpp:1281
Event: 293.164 Thread 0x000000000ce0e000 Threw 0x00000007d62122a0 at C:\re\jdk7u71\1605\hotspot\src\share\vm\prims\jvm.cpp:1281
Event: 293.179 Thread 0x000000000ce0e000 Threw 0x00000007d62154f0 at C:\re\jdk7u71\1605\hotspot\src\share\vm\prims\jvm.cpp:1281

Events (10 events):
Event: 293.198 Thread 0x000000000ce0e000 DEOPT UNPACKING pc=0x0000000002399064 sp=0x000000000e32efd8 mode 2
Event: 293.214 loading class 0x00000000022dfbe0
Event: 293.214 loading class 0x00000000022dfbe0 done
Event: 293.214 loading class 0x000000000ccd8b30
Event: 293.214 loading class 0x000000000ccd8b30 done
Event: 293.214 loading class 0x000000000ccd8b00
Event: 293.214 loading class 0x000000000ccd8ac0
Event: 293.214 loading class 0x000000000ccd8ac0 done
Event: 293.214 loading class 0x000000000ccd8b00 done
Event: 293.215 Executing VM operation: Exit


Dynamic libraries:
0x00007ff71de70000 - 0x00007ff71dea3000 	C:\Program Files\Java\jre7\bin\javaw.exe
0x00007ff8dd5e0000 - 0x00007ff8dd7a1000 	C:\WINDOWS\SYSTEM32\ntdll.dll
0x00007ff8dcee0000 - 0x00007ff8dcf8d000 	C:\WINDOWS\system32\KERNEL32.DLL
0x00007ff8d9df0000 - 0x00007ff8d9fd8000 	C:\WINDOWS\system32\KERNELBASE.dll
0x00007ff8dc490000 - 0x00007ff8dc537000 	C:\WINDOWS\system32\ADVAPI32.dll
0x00007ff8dd470000 - 0x00007ff8dd50d000 	C:\WINDOWS\system32\msvcrt.dll
0x00007ff8dabc0000 - 0x00007ff8dac1b000 	C:\WINDOWS\system32\sechost.dll
0x00007ff8dc7c0000 - 0x00007ff8dc8dc000 	C:\WINDOWS\system32\RPCRT4.dll
0x00007ff8dc1e0000 - 0x00007ff8dc336000 	C:\WINDOWS\system32\USER32.dll
0x00007ff8dcd10000 - 0x00007ff8dce96000 	C:\WINDOWS\system32\GDI32.dll
0x00007ff8c6e40000 - 0x00007ff8c70b4000 	C:\WINDOWS\WinSxS\amd64_microsoft.windows.common-controls_6595b64144ccf1df_6.0.10586.0_none_8c15ae12515e1c22\COMCTL32.dll
0x00007ff8dca90000 - 0x00007ff8dcd0d000 	C:\WINDOWS\system32\combase.dll
0x00007ff8da970000 - 0x00007ff8da9da000 	C:\WINDOWS\system32\bcryptPrimitives.dll
0x00007ff8dcea0000 - 0x00007ff8dcedb000 	C:\WINDOWS\system32\IMM32.DLL
0x00000000517f0000 - 0x00000000518c2000 	C:\Program Files\Java\jre7\bin\msvcr100.dll
0x0000000051010000 - 0x00000000517e3000 	C:\Program Files\Java\jre7\bin\server\jvm.dll
0x00007ff8dc410000 - 0x00007ff8dc418000 	C:\WINDOWS\system32\PSAPI.DLL
0x00007ff8d1ac0000 - 0x00007ff8d1ac9000 	C:\WINDOWS\SYSTEM32\WSOCK32.dll
0x00007ff8d7a70000 - 0x00007ff8d7a93000 	C:\WINDOWS\SYSTEM32\WINMM.dll
0x00007ff8dc340000 - 0x00007ff8dc3ab000 	C:\WINDOWS\system32\WS2_32.dll
0x0000000002130000 - 0x000000000215c000 	C:\WINDOWS\SYSTEM32\WINMMBASE.dll
0x00007ff8da920000 - 0x00007ff8da963000 	C:\WINDOWS\system32\cfgmgr32.dll
0x0000000051000000 - 0x000000005100f000 	C:\Program Files\Java\jre7\bin\verify.dll
0x0000000050fd0000 - 0x0000000050ff8000 	C:\Program Files\Java\jre7\bin\java.dll
0x0000000050fb0000 - 0x0000000050fc5000 	C:\Program Files\Java\jre7\bin\zip.dll
0x0000000065580000 - 0x000000006561b000 	C:\Users\Jay\AppData\Local\Temp\libgdxJay\3fcab39a\gdx64.dll
0x00007ff8d9580000 - 0x00007ff8d9597000 	C:\WINDOWS\SYSTEM32\CRYPTSP.dll
0x00007ff8d9210000 - 0x00007ff8d9244000 	C:\WINDOWS\system32\rsaenh.dll
0x00007ff8d9b30000 - 0x00007ff8d9b59000 	C:\WINDOWS\SYSTEM32\bcrypt.dll
0x00007ff8d9360000 - 0x00007ff8d937f000 	C:\WINDOWS\SYSTEM32\USERENV.dll
0x00007ff8d9c10000 - 0x00007ff8d9c24000 	C:\WINDOWS\system32\profapi.dll
0x00007ff8d96a0000 - 0x00007ff8d96ab000 	C:\WINDOWS\SYSTEM32\CRYPTBASE.dll
0x0000000050f90000 - 0x0000000050fa9000 	C:\Program Files\Java\jre7\bin\net.dll
0x00007ff8d94d0000 - 0x00007ff8d952c000 	C:\WINDOWS\system32\mswsock.dll
0x00007ff8d43c0000 - 0x00007ff8d43f8000 	C:\WINDOWS\SYSTEM32\IPHLPAPI.DLL
0x00007ff8dc7a0000 - 0x00007ff8dc7a8000 	C:\WINDOWS\system32\NSI.dll
0x00007ff8d3ff0000 - 0x00007ff8d4006000 	C:\WINDOWS\SYSTEM32\dhcpcsvc6.DLL
0x00007ff8d4420000 - 0x00007ff8d443a000 	C:\WINDOWS\SYSTEM32\dhcpcsvc.DLL
0x0000000050f70000 - 0x0000000050f81000 	C:\Program Files\Java\jre7\bin\nio.dll
0x0000000180000000 - 0x0000000180051000 	C:\Users\Jay\AppData\Local\Temp\libgdxJay\ccd07a7a\lwjgl64.dll
0x00007ff8ab9b0000 - 0x00007ff8abad9000 	C:\WINDOWS\SYSTEM32\OPENGL32.dll
0x00007ff8d7aa0000 - 0x00007ff8d7aaa000 	C:\WINDOWS\SYSTEM32\VERSION.dll
0x00007ff8ca390000 - 0x00007ff8ca3be000 	C:\WINDOWS\SYSTEM32\GLU32.dll
0x00007ff8b0510000 - 0x00007ff8b060a000 	C:\WINDOWS\SYSTEM32\DDRAW.dll
0x00007ff8c4830000 - 0x00007ff8c4838000 	C:\WINDOWS\SYSTEM32\DCIMAN32.dll
0x000000000d950000 - 0x000000000d9b4000 	C:\Users\Jay\AppData\Local\Temp\libgdxJay\ccd07a7a\OpenAL64.dll
0x00007ff8dac20000 - 0x00007ff8dc17f000 	C:\WINDOWS\system32\SHELL32.dll
0x00007ff8da040000 - 0x00007ff8da684000 	C:\WINDOWS\system32\windows.storage.dll
0x00007ff8dc3b0000 - 0x00007ff8dc402000 	C:\WINDOWS\system32\shlwapi.dll
0x00007ff8d9c30000 - 0x00007ff8d9c3f000 	C:\WINDOWS\system32\kernel.appcore.dll
0x00007ff8da860000 - 0x00007ff8da915000 	C:\WINDOWS\system32\shcore.dll
0x00007ff8d9c40000 - 0x00007ff8d9c8b000 	C:\WINDOWS\system32\powrprof.dll
0x00007ff8dc540000 - 0x00007ff8dc683000 	C:\WINDOWS\system32\ole32.dll
0x00007ff8d88c0000 - 0x00007ff8d8956000 	C:\WINDOWS\system32\uxtheme.dll
0x00007ff8c3bc0000 - 0x00007ff8c3be8000 	C:\Program Files (x86)\Raptr\ltc_help64-106568.dll
0x00007ff8d9fe0000 - 0x00007ff8da035000 	C:\WINDOWS\system32\WINTRUST.dll
0x00007ff8d9c00000 - 0x00007ff8d9c10000 	C:\WINDOWS\system32\MSASN1.dll
0x00007ff8da690000 - 0x00007ff8da857000 	C:\WINDOWS\system32\CRYPT32.dll
0x00007ff8dd3c0000 - 0x00007ff8dd467000 	C:\WINDOWS\system32\clbcatq.dll
0x00007ff8d4010000 - 0x00007ff8d4196000 	C:\WINDOWS\System32\PROPSYS.dll
0x00007ff8dd510000 - 0x00007ff8dd5d1000 	C:\WINDOWS\system32\OLEAUT32.dll
0x00007ff89f630000 - 0x00007ff89f6cc000 	C:\WINDOWS\SYSTEM32\dsound.dll
0x00007ff8d4200000 - 0x00007ff8d4270000 	C:\WINDOWS\System32\MMDevApi.dll
0x00007ff8d8960000 - 0x00007ff8d8987000 	C:\WINDOWS\System32\DEVOBJ.dll
0x00007ff8c4a30000 - 0x00007ff8c4ab8000 	C:\WINDOWS\SYSTEM32\AUDIOSES.DLL
0x00007ff8d0c50000 - 0x00007ff8d0d86000 	C:\WINDOWS\SYSTEM32\wintypes.dll
0x00007ff8daa00000 - 0x00007ff8dab5a000 	C:\WINDOWS\system32\MSCTF.dll
0x00007ff8d7fb0000 - 0x00007ff8d7fd2000 	C:\WINDOWS\system32\dwmapi.dll
0x00007ff8d27e0000 - 0x00007ff8d27f8000 	C:\WINDOWS\SYSTEM32\atig6pxx.dll
0x0000000076200000 - 0x0000000078000000 	C:\WINDOWS\SYSTEM32\atio6axx.dll
0x00007ff8dcf90000 - 0x00007ff8dd3b9000 	C:\WINDOWS\system32\SETUPAPI.dll
0x00007ff8b7e60000 - 0x00007ff8b7fa1000 	C:\WINDOWS\SYSTEM32\atiadlxx.dll
0x00007ff8d5710000 - 0x00007ff8d5723000 	C:\WINDOWS\SYSTEM32\WTSAPI32.dll
0x00007ff8c4010000 - 0x00007ff8c403c000 	C:\WINDOWS\SYSTEM32\atig6txx.dll
0x00007ff8cb200000 - 0x00007ff8cb291000 	C:\WINDOWS\SYSTEM32\mscms.dll
0x00007ff8b7b90000 - 0x00007ff8b7bd2000 	C:\WINDOWS\SYSTEM32\icm32.dll
0x0000000066bc0000 - 0x0000000066c7b000 	C:\Users\Jay\AppData\Local\Temp\libgdxJay\d6d72896\gdx-box2d64.dll
0x00007ff8da9e0000 - 0x00007ff8da9fc000 	C:\WINDOWS\system32\imagehlp.dll
0x00007ff8d8c00000 - 0x00007ff8d8c24000 	C:\WINDOWS\SYSTEM32\gpapi.dll
0x00007ff8c9de0000 - 0x00007ff8c9e0f000 	C:\Windows\System32\cryptnet.dll
0x00007ff8d4640000 - 0x00007ff8d464b000 	C:\WINDOWS\SYSTEM32\WINNSI.DLL
0x00007ff8ab040000 - 0x00007ff8ab288000 	C:\PROGRA~2\Raptr\ltc_game64-106568.dll
0x00007ff8d6380000 - 0x00007ff8d650c000 	C:\WINDOWS\SYSTEM32\dbghelp.dll

VM Arguments:
jvm_args: -Dfile.encoding=Cp1252 
java_command: main.AftamathDesktop
Launcher Type: SUN_STANDARD

Environment Variables:
JAVA_HOME=C:\Program Files (x86)\Java\jdk1.8.0_25
PATH=C:\Program Files (x86)\NVIDIA Corporation\PhysX\Common;C:\Windows\system32;C:\Windows;C:\Windows\System32\Wbem;C:\Windows\System32\WindowsPowerShell\v1.0\;C:\Program Files (x86)\ATI Technologies\ATI.ACE\Core-Static;C:\Program Files (x86)\Windows Live\Shared;C:\Program Files (x86)\QuickTime\QTSystem\;C:\Users\Jay\AppData\Local\Smartbar\Application\;C:\WINDOWS\system32;C:\WINDOWS;C:\WINDOWS\System32\Wbem;C:\WINDOWS\System32\WindowsPowerShell\v1.0\;C:\Program Files (x86)\Skype\Phone\;C:\Program Files (x86)\AMD\ATI.ACE\Core-Static
USERNAME=Jay
OS=Windows_NT
PROCESSOR_IDENTIFIER=AMD64 Family 21 Model 2 Stepping 0, AuthenticAMD



---------------  S Y S T E M  ---------------

OS: Windows 8.1 , 64 bit Build 9600 

CPU:total 8 (8 cores per cpu, 1 threads per core) family 21 model 2 stepping 0, cmov, cx8, fxsr, mmx, sse, sse2, sse3, ssse3, sse4.1, sse4.2, popcnt, avx, aes, mmxext, 3dnowpref, lzcnt, sse4a, tsc, tscinvbit, tscinv

Memory: 4k page, physical 8369696k(3243832k free), swap 24098336k(15624328k free)

vm_info: Java HotSpot(TM) 64-Bit Server VM (24.71-b01) for windows-amd64 JRE (1.7.0_71-b14), built on Sep 26 2014 16:16:12 by "java_re" with unknown MS VC++:1600

time: Thu Dec 17 12:52:09 2015
elapsed time: 293 seconds

