#
# A fatal error has been detected by the Java Runtime Environment:
#
#  EXCEPTION_ACCESS_VIOLATION (0xc0000005) at pc=0x00007ff8aba92224, pid=4568, tid=3136
#
# JRE version: Java(TM) SE Runtime Environment (7.0_71-b14) (build 1.7.0_71-b14)
# Java VM: Java HotSpot(TM) 64-Bit Server VM (24.71-b01 mixed mode windows-amd64 compressed oops)
# Problematic frame:
# C  [OPENGL32.dll+0xe2224]
#
# Failed to write core dump. Minidumps are not enabled by default on client versions of Windows
#
# If you would like to submit a bug report, please visit:
#   http://bugreport.sun.com/bugreport/crash.jsp
#

---------------  T H R E A D  ---------------

Current thread (0x000000000ac36800):  VMThread [stack: 0x000000000c920000,0x000000000ca20000] [id=3136]

siginfo: ExceptionCode=0xc0000005, reading address 0x0000000000000a38

Registers:
RAX=0x0000000000000000, RBX=0x0000000015d32a00, RCX=0x0000000000000001, RDX=0x0000000015d32a08
RSP=0x000000000ca1f1b8, RBP=0x0000000000000000, RSI=0x0000000015d35db0, RDI=0x0000000015d35db0
R8 =0x000000000ca1f238, R9 =0x00000000022f5bf0, R10=0x0000000000000000, R11=0x0000000000000246
R12=0x0000000000000000, R13=0x0000000010987760, R14=0x0000000010987610, R15=0x0000000000000000
RIP=0x00007ff8aba92224, EFLAGS=0x0000000000010287

Top of Stack: (sp=0x000000000ca1f1b8)
0x000000000ca1f1b8:   00007ff8ab0a244b 0000000010987760
0x000000000ca1f1c8:   0000000000000001 0000000010980000
0x000000000ca1f1d8:   00007ff8dd6007d9 0000000000000000
0x000000000ca1f1e8:   00007ff8ab0a7f17 0000000000000000
0x000000000ca1f1f8:   0000000000000000 0000000010987740
0x000000000ca1f208:   00007ff8ab0a7283 fffffffffffffffe
0x000000000ca1f218:   000000000ca1f280 0000000000000000
0x000000000ca1f228:   00007ff8ab0a87c9 0000000015d35db0
0x000000000ca1f238:   0000000015d38220 00000000022f5bf0
0x000000000ca1f248:   00007ff8ab125700 fffffffffffffffe
0x000000000ca1f258:   0000000010989c60 0000000000000001
0x000000000ca1f268:   0000000010987738 0000000010987610
0x000000000ca1f278:   00007ff8ab12d7ad 00007ff8ab2665b0
0x000000000ca1f288:   00007ff8ab191930 00000000022f5bf0
0x000000000ca1f298:   00007ff8dd6007bd 0000000010987738
0x000000000ca1f2a8:   0000000010987610 0000000010987610 

Instructions: (pc=0x00007ff8aba92224)
0x00007ff8aba92204:   cc cc cc cc cc cc 66 0f 1f 44 00 00 8b 05 f2 7d
0x00007ff8aba92214:   01 00 83 f8 40 73 0f 65 48 8b 04 c5 80 14 00 00
0x00007ff8aba92224:   ff a0 38 0a 00 00 b8 47 01 00 00 e9 ec d4 ff ff
0x00007ff8aba92234:   cc cc cc cc cc cc 66 0f 1f 44 00 00 8b 05 c2 7d 


Register to memory mapping:

RAX=0x0000000000000000 is an unknown value
RBX=0x0000000015d32a00 is an unknown value
RCX=0x0000000000000001 is an unknown value
RDX=0x0000000015d32a08 is an unknown value
RSP=0x000000000ca1f1b8 is an unknown value
RBP=0x0000000000000000 is an unknown value
RSI=0x0000000015d35db0 is an unknown value
RDI=0x0000000015d35db0 is an unknown value
R8 =0x000000000ca1f238 is an unknown value
R9 =0x00000000022f5bf0 is an unknown value
R10=0x0000000000000000 is an unknown value
R11=0x0000000000000246 is an unknown value
R12=0x0000000000000000 is an unknown value
R13=0x0000000010987760 is an unknown value
R14=0x0000000010987610 is an unknown value
R15=0x0000000000000000 is an unknown value


Stack: [0x000000000c920000,0x000000000ca20000],  sp=0x000000000ca1f1b8,  free space=1020k
Native frames: (J=compiled Java code, j=interpreted, Vv=VM code, C=native code)
C  [OPENGL32.dll+0xe2224]

[error occurred during error reporting (printing native stack), id 0xc0000005]

VM_Operation (0x000000000e30f3d0): Exit, mode: safepoint, requested by thread 0x000000000ce1f800


---------------  P R O C E S S  ---------------

Java Threads: ( => current thread )
  0x000000001431a000 JavaThread "LWJGL Timer" daemon [_thread_blocked, id=5260, stack(0x0000000010e80000,0x0000000010f80000)]
  0x00000000024cd800 JavaThread "DestroyJavaVM" [_thread_blocked, id=11596, stack(0x00000000020f0000,0x00000000021f0000)]
  0x000000000ce1f800 JavaThread "LWJGL Application" [_thread_blocked, id=5216, stack(0x000000000e210000,0x000000000e310000)]
  0x00000000023cd800 JavaThread "Service Thread" daemon [_thread_blocked, id=4440, stack(0x000000000d420000,0x000000000d520000)]
  0x00000000023c9000 JavaThread "C2 CompilerThread1" daemon [_thread_blocked, id=9348, stack(0x000000000d320000,0x000000000d420000)]
  0x00000000023bf000 JavaThread "C2 CompilerThread0" daemon [_thread_blocked, id=1448, stack(0x000000000d220000,0x000000000d320000)]
  0x00000000023be000 JavaThread "Attach Listener" daemon [_thread_blocked, id=2040, stack(0x000000000d120000,0x000000000d220000)]
  0x000000000cc41800 JavaThread "Signal Dispatcher" daemon [_thread_blocked, id=12216, stack(0x000000000d020000,0x000000000d120000)]
  0x000000000ac43000 JavaThread "Finalizer" daemon [_thread_blocked, id=7940, stack(0x000000000cb20000,0x000000000cc20000)]
  0x000000000ac3c000 JavaThread "Reference Handler" daemon [_thread_blocked, id=4264, stack(0x000000000ca20000,0x000000000cb20000)]

Other Threads:
=>0x000000000ac36800 VMThread [stack: 0x000000000c920000,0x000000000ca20000] [id=3136]

VM state:at safepoint (shutting down)

VM Mutex/Monitor currently owned by a thread:  ([mutex/lock_event])
[0x00000000024cc9b0] Threads_lock - owner thread: 0x000000000ac36800

Heap
 PSYoungGen      total 31744K, used 24117K [0x00000007d5680000, 0x00000007d8600000, 0x0000000800000000)
  eden space 31232K, 75% used [0x00000007d5680000,0x00000007d6d9d498,0x00000007d7500000)
  from space 512K, 87% used [0x00000007d7580000,0x00000007d75f0010,0x00000007d7600000)
  to   space 8704K, 0% used [0x00000007d7d80000,0x00000007d7d80000,0x00000007d8600000)
 ParOldGen       total 87040K, used 7311K [0x0000000780400000, 0x0000000785900000, 0x00000007d5680000)
  object space 87040K, 8% used [0x0000000780400000,0x0000000780b23e28,0x0000000785900000)
 PSPermGen       total 21504K, used 8943K [0x000000077b200000, 0x000000077c700000, 0x0000000780400000)
  object space 21504K, 41% used [0x000000077b200000,0x000000077babbc28,0x000000077c700000)

Card table byte_map: [0x00000000054d0000,0x0000000005900000] byte_map_base: 0x00000000018f7000

Polling page: 0x0000000000550000

Code Cache  [0x00000000024d0000, 0x0000000002740000, 0x00000000054d0000)
 total_blobs=989 nmethods=515 adapters=427 free_code_cache=47214Kb largest_free_block=48296128

Compilation events (10 events):
Event: 134.556 Thread 0x00000000023c9000  518             sun.nio.cs.SingleByte$Decoder::decode (63 bytes)
Event: 134.561 Thread 0x00000000023c9000 nmethod 518 0x000000000269f550 code [0x000000000269f680, 0x000000000269f918]
Event: 135.759 Thread 0x00000000023bf000  519             java.util.regex.Pattern$SliceNode::study (37 bytes)
Event: 135.761 Thread 0x00000000023bf000 nmethod 519 0x000000000269f1d0 code [0x000000000269f320, 0x000000000269f418]
Event: 143.539 Thread 0x00000000023c9000  520   !         javazoom.jl.decoder.Bitstream::readFully (80 bytes)
Event: 143.545 Thread 0x00000000023c9000 nmethod 520 0x000000000269ec50 code [0x000000000269eda0, 0x000000000269f018]
Event: 144.760 Thread 0x00000000023bf000  521             sun.misc.FloatingDecimal::getChars (515 bytes)
Event: 144.775 Thread 0x00000000023bf000 nmethod 521 0x00000000026bcbd0 code [0x00000000026bcd60, 0x00000000026bd958]
Event: 146.580 Thread 0x00000000023c9000  522             java.lang.StringBuilder::append (8 bytes)
Event: 146.581 Thread 0x00000000023c9000 nmethod 522 0x000000000269e9d0 code [0x000000000269eb20, 0x000000000269eba8]

GC Heap History (10 events):
Event: 97.294 GC heap before
{Heap before GC invocations=5 (full 0):
 PSYoungGen      total 38912K, used 38885K [0x00000007d5680000, 0x00000007d8180000, 0x0000000800000000)
  eden space 33792K, 100% used [0x00000007d5680000,0x00000007d7780000,0x00000007d7780000)
  from space 5120K, 99% used [0x00000007d7c80000,0x00000007d8179450,0x00000007d8180000)
  to   space 5120K, 0% used [0x00000007d7780000,0x00000007d7780000,0x00000007d7c80000)
 ParOldGen       total 87040K, used 2300K [0x0000000780400000, 0x0000000785900000, 0x00000007d5680000)
  object space 87040K, 2% used [0x0000000780400000,0x000000078063f0b8,0x0000000785900000)
 PSPermGen       total 21504K, used 8899K [0x000000077b200000, 0x000000077c700000, 0x0000000780400000)
  object space 21504K, 41% used [0x000000077b200000,0x000000077bab0f08,0x000000077c700000)
Event: 97.300 GC heap after
Heap after GC invocations=5 (full 0):
 PSYoungGen      total 38400K, used 5109K [0x00000007d5680000, 0x00000007d8500000, 0x0000000800000000)
  eden space 33280K, 0% used [0x00000007d5680000,0x00000007d5680000,0x00000007d7700000)
  from space 5120K, 99% used [0x00000007d7780000,0x00000007d7c7d440,0x00000007d7c80000)
  to   space 7168K, 0% used [0x00000007d7e00000,0x00000007d7e00000,0x00000007d8500000)
 ParOldGen       total 87040K, used 2332K [0x0000000780400000, 0x0000000785900000, 0x00000007d5680000)
  object space 87040K, 2% used [0x0000000780400000,0x00000007806470b8,0x0000000785900000)
 PSPermGen       total 21504K, used 8899K [0x000000077b200000, 0x000000077c700000, 0x0000000780400000)
  object space 21504K, 41% used [0x000000077b200000,0x000000077bab0f08,0x000000077c700000)
}
Event: 105.317 GC heap before
{Heap before GC invocations=6 (full 0):
 PSYoungGen      total 38400K, used 38389K [0x00000007d5680000, 0x00000007d8500000, 0x0000000800000000)
  eden space 33280K, 100% used [0x00000007d5680000,0x00000007d7700000,0x00000007d7700000)
  from space 5120K, 99% used [0x00000007d7780000,0x00000007d7c7d440,0x00000007d7c80000)
  to   space 7168K, 0% used [0x00000007d7e00000,0x00000007d7e00000,0x00000007d8500000)
 ParOldGen       total 87040K, used 2332K [0x0000000780400000, 0x0000000785900000, 0x00000007d5680000)
  object space 87040K, 2% used [0x0000000780400000,0x00000007806470b8,0x0000000785900000)
 PSPermGen       total 21504K, used 8913K [0x000000077b200000, 0x000000077c700000, 0x0000000780400000)
  object space 21504K, 41% used [0x000000077b200000,0x000000077bab45e8,0x000000077c700000)
Event: 105.322 GC heap after
Heap after GC invocations=6 (full 0):
 PSYoungGen      total 39424K, used 5173K [0x00000007d5680000, 0x00000007d8480000, 0x0000000800000000)
  eden space 32768K, 0% used [0x00000007d5680000,0x00000007d5680000,0x00000007d7680000)
  from space 6656K, 77% used [0x00000007d7e00000,0x00000007d830d440,0x00000007d8480000)
  to   space 7168K, 0% used [0x00000007d7680000,0x00000007d7680000,0x00000007d7d80000)
 ParOldGen       total 87040K, used 2340K [0x0000000780400000, 0x0000000785900000, 0x00000007d5680000)
  object space 87040K, 2% used [0x0000000780400000,0x00000007806490b8,0x0000000785900000)
 PSPermGen       total 21504K, used 8913K [0x000000077b200000, 0x000000077c700000, 0x0000000780400000)
  object space 21504K, 41% used [0x000000077b200000,0x000000077bab45e8,0x000000077c700000)
}
Event: 115.715 GC heap before
{Heap before GC invocations=7 (full 0):
 PSYoungGen      total 39424K, used 37941K [0x00000007d5680000, 0x00000007d8480000, 0x0000000800000000)
  eden space 32768K, 100% used [0x00000007d5680000,0x00000007d7680000,0x00000007d7680000)
  from space 6656K, 77% used [0x00000007d7e00000,0x00000007d830d440,0x00000007d8480000)
  to   space 7168K, 0% used [0x00000007d7680000,0x00000007d7680000,0x00000007d7d80000)
 ParOldGen       total 87040K, used 2340K [0x0000000780400000, 0x0000000785900000, 0x00000007d5680000)
  object space 87040K, 2% used [0x0000000780400000,0x00000007806490b8,0x0000000785900000)
 PSPermGen       total 21504K, used 8918K [0x000000077b200000, 0x000000077c700000, 0x0000000780400000)
  object space 21504K, 41% used [0x000000077b200000,0x000000077bab5890,0x000000077c700000)
Event: 115.723 GC heap after
Heap after GC invocations=7 (full 0):
 PSYoungGen      total 39424K, used 512K [0x00000007d5680000, 0x00000007d8600000, 0x0000000800000000)
  eden space 32256K, 0% used [0x00000007d5680000,0x00000007d5680000,0x00000007d7600000)
  from space 7168K, 7% used [0x00000007d7680000,0x00000007d7700010,0x00000007d7d80000)
  to   space 8192K, 0% used [0x00000007d7e00000,0x00000007d7e00000,0x00000007d8600000)
 ParOldGen       total 87040K, used 7185K [0x0000000780400000, 0x0000000785900000, 0x00000007d5680000)
  object space 87040K, 8% used [0x0000000780400000,0x0000000780b04558,0x0000000785900000)
 PSPermGen       total 21504K, used 8918K [0x000000077b200000, 0x000000077c700000, 0x0000000780400000)
  object space 21504K, 41% used [0x000000077b200000,0x000000077bab5890,0x000000077c700000)
}
Event: 125.956 GC heap before
{Heap before GC invocations=8 (full 0):
 PSYoungGen      total 39424K, used 32768K [0x00000007d5680000, 0x00000007d8600000, 0x0000000800000000)
  eden space 32256K, 100% used [0x00000007d5680000,0x00000007d7600000,0x00000007d7600000)
  from space 7168K, 7% used [0x00000007d7680000,0x00000007d7700010,0x00000007d7d80000)
  to   space 8192K, 0% used [0x00000007d7e00000,0x00000007d7e00000,0x00000007d8600000)
 ParOldGen       total 87040K, used 7185K [0x0000000780400000, 0x0000000785900000, 0x00000007d5680000)
  object space 87040K, 8% used [0x0000000780400000,0x0000000780b04558,0x0000000785900000)
 PSPermGen       total 21504K, used 8924K [0x000000077b200000, 0x000000077c700000, 0x0000000780400000)
  object space 21504K, 41% used [0x000000077b200000,0x000000077bab7090,0x000000077c700000)
Event: 125.957 GC heap after
Heap after GC invocations=8 (full 0):
 PSYoungGen      total 39936K, used 480K [0x00000007d5680000, 0x00000007d8680000, 0x0000000800000000)
  eden space 31744K, 0% used [0x00000007d5680000,0x00000007d5680000,0x00000007d7580000)
  from space 8192K, 5% used [0x00000007d7e00000,0x00000007d7e78010,0x00000007d8600000)
  to   space 8704K, 0% used [0x00000007d7580000,0x00000007d7580000,0x00000007d7e00000)
 ParOldGen       total 87040K, used 7255K [0x0000000780400000, 0x0000000785900000, 0x00000007d5680000)
  object space 87040K, 8% used [0x0000000780400000,0x0000000780b15e28,0x0000000785900000)
 PSPermGen       total 21504K, used 8924K [0x000000077b200000, 0x000000077c700000, 0x0000000780400000)
  object space 21504K, 41% used [0x000000077b200000,0x000000077bab7090,0x000000077c700000)
}
Event: 139.840 GC heap before
{Heap before GC invocations=9 (full 0):
 PSYoungGen      total 39936K, used 32224K [0x00000007d5680000, 0x00000007d8680000, 0x0000000800000000)
  eden space 31744K, 100% used [0x00000007d5680000,0x00000007d7580000,0x00000007d7580000)
  from space 8192K, 5% used [0x00000007d7e00000,0x00000007d7e78010,0x00000007d8600000)
  to   space 8704K, 0% used [0x00000007d7580000,0x00000007d7580000,0x00000007d7e00000)
 ParOldGen       total 87040K, used 7255K [0x0000000780400000, 0x0000000785900000, 0x00000007d5680000)
  object space 87040K, 8% used [0x0000000780400000,0x0000000780b15e28,0x0000000785900000)
 PSPermGen       total 21504K, used 8924K [0x000000077b200000, 0x000000077c700000, 0x0000000780400000)
  object space 21504K, 41% used [0x000000077b200000,0x000000077bab70f0,0x000000077c700000)
Event: 139.841 GC heap after
Heap after GC invocations=9 (full 0):
 PSYoungGen      total 31744K, used 448K [0x00000007d5680000, 0x00000007d8600000, 0x0000000800000000)
  eden space 31232K, 0% used [0x00000007d5680000,0x00000007d5680000,0x00000007d7500000)
  from space 512K, 87% used [0x00000007d7580000,0x00000007d75f0010,0x00000007d7600000)
  to   space 8704K, 0% used [0x00000007d7d80000,0x00000007d7d80000,0x00000007d8600000)
 ParOldGen       total 87040K, used 7311K [0x0000000780400000, 0x0000000785900000, 0x00000007d5680000)
  object space 87040K, 8% used [0x0000000780400000,0x0000000780b23e28,0x0000000785900000)
 PSPermGen       total 21504K, used 8924K [0x000000077b200000, 0x000000077c700000, 0x0000000780400000)
  object space 21504K, 41% used [0x000000077b200000,0x000000077bab70f0,0x000000077c700000)
}

Deoptimization events (10 events):
Event: 55.651 Thread 0x000000000ce1f800 Uncommon trap: reason=class_check action=maybe_recompile pc=0x0000000002633dd8 method=java.util.regex.Pattern$Branch.match(Ljava/util/regex/Matcher;ILjava/lang/CharSequence;)Z @ 32
Event: 85.373 Thread 0x000000000ce1f800 Uncommon trap: reason=class_check action=maybe_recompile pc=0x0000000002646e44 method=main.Main.update(F)V @ 778
Event: 91.394 Thread 0x000000000ce1f800 Uncommon trap: reason=class_check action=maybe_recompile pc=0x0000000002646e44 method=main.Main.update(F)V @ 778
Event: 124.222 Thread 0x000000000ce1f800 Uncommon trap: reason=null_assert action=make_not_entrant pc=0x000000000269a004 method=main.Main.update(F)V @ 281
Event: 124.222 Thread 0x000000000ce1f800 Uncommon trap: reason=bimorphic action=maybe_recompile pc=0x000000000268157c method=main.Main.render()V @ 117
Event: 124.236 Thread 0x000000000ce1f800 Uncommon trap: reason=bimorphic action=maybe_recompile pc=0x000000000268157c method=main.Main.render()V @ 117
Event: 124.260 Thread 0x000000000ce1f800 Uncommon trap: reason=bimorphic action=maybe_recompile pc=0x000000000268157c method=main.Main.render()V @ 117
Event: 124.276 Thread 0x000000000ce1f800 Uncommon trap: reason=bimorphic action=maybe_recompile pc=0x000000000268157c method=main.Main.render()V @ 117
Event: 152.003 Thread 0x000000000ce1f800 Uncommon trap: reason=unreached action=reinterpret pc=0x000000000263f3fc method=java.lang.String.equalsIgnoreCase(Ljava/lang/String;)Z @ 10
Event: 152.034 Thread 0x000000000ce1f800 Uncommon trap: reason=bimorphic action=maybe_recompile pc=0x00000000025a36ac method=java.util.HashMap.getEntry(Ljava/lang/Object;)Ljava/util/HashMap$Entry; @ 68

Internal exceptions (10 events):
Event: 111.015 Thread 0x000000000ce1f800 Threw 0x00000007d68ba838 at C:\re\jdk7u71\1605\hotspot\src\share\vm\interpreter\linkResolver.cpp:892
Event: 111.015 Thread 0x000000000ce1f800 Threw 0x00000007d68baa00 at C:\re\jdk7u71\1605\hotspot\src\share\vm\interpreter\linkResolver.cpp:892
Event: 113.355 Thread 0x000000000ce1f800 Threw 0x00000007d6f18ca8 at C:\re\jdk7u71\1605\hotspot\src\share\vm\interpreter\linkResolver.cpp:892
Event: 113.355 Thread 0x000000000ce1f800 Threw 0x00000007d6f18e70 at C:\re\jdk7u71\1605\hotspot\src\share\vm\interpreter\linkResolver.cpp:892
Event: 124.177 Thread 0x000000000ce1f800 Threw 0x00000007d71d83a8 at C:\re\jdk7u71\1605\hotspot\src\share\vm\prims\jvm.cpp:1281
Event: 126.656 Thread 0x000000000ce1f800 Threw 0x00000007d58d30f0 at C:\re\jdk7u71\1605\hotspot\src\share\vm\interpreter\linkResolver.cpp:892
Event: 126.656 Thread 0x000000000ce1f800 Threw 0x00000007d58d32b8 at C:\re\jdk7u71\1605\hotspot\src\share\vm\interpreter\linkResolver.cpp:892
Event: 152.002 Thread 0x000000000ce1f800 Threw 0x00000007d6d91b60 at C:\re\jdk7u71\1605\hotspot\src\share\vm\prims\jvm.cpp:1281
Event: 152.003 Thread 0x000000000ce1f800 Implicit null exception at 0x000000000263ef55 to 0x000000000263f3e9
Event: 152.017 Thread 0x000000000ce1f800 Threw 0x00000007d6d94db0 at C:\re\jdk7u71\1605\hotspot\src\share\vm\prims\jvm.cpp:1281

Events (10 events):
Event: 152.034 Thread 0x000000000ce1f800 DEOPT UNPACKING pc=0x0000000002509064 sp=0x000000000e30f3b8 mode 2
Event: 152.043 loading class 0x000000000234fbe0
Event: 152.043 loading class 0x000000000234fbe0 done
Event: 152.043 loading class 0x000000000ce357b0
Event: 152.044 loading class 0x000000000ce357b0 done
Event: 152.044 loading class 0x000000000ce35780
Event: 152.044 loading class 0x000000000ce35740
Event: 152.044 loading class 0x000000000ce35740 done
Event: 152.044 loading class 0x000000000ce35780 done
Event: 152.044 Executing VM operation: Exit


Dynamic libraries:
0x00007ff71de70000 - 0x00007ff71dea3000 	C:\Program Files\Java\jre7\bin\javaw.exe
0x00007ff8dd5e0000 - 0x00007ff8dd7a1000 	C:\WINDOWS\SYSTEM32\ntdll.dll
0x00007ff8dcee0000 - 0x00007ff8dcf8d000 	C:\WINDOWS\system32\KERNEL32.DLL
0x00007ff8d9df0000 - 0x00007ff8d9fd8000 	C:\WINDOWS\system32\KERNELBASE.dll
0x00007ff8dc490000 - 0x00007ff8dc537000 	C:\WINDOWS\system32\ADVAPI32.dll
0x00007ff8dd470000 - 0x00007ff8dd50d000 	C:\WINDOWS\system32\msvcrt.dll
0x00007ff8dabc0000 - 0x00007ff8dac1b000 	C:\WINDOWS\system32\sechost.dll
0x00007ff8dc7c0000 - 0x00007ff8dc8dc000 	C:\WINDOWS\system32\RPCRT4.dll
0x00007ff8dc1e0000 - 0x00007ff8dc336000 	C:\WINDOWS\system32\USER32.dll
0x00007ff8dcd10000 - 0x00007ff8dce96000 	C:\WINDOWS\system32\GDI32.dll
0x00007ff8c6e40000 - 0x00007ff8c70b4000 	C:\WINDOWS\WinSxS\amd64_microsoft.windows.common-controls_6595b64144ccf1df_6.0.10586.0_none_8c15ae12515e1c22\COMCTL32.dll
0x00007ff8dca90000 - 0x00007ff8dcd0d000 	C:\WINDOWS\system32\combase.dll
0x00007ff8da970000 - 0x00007ff8da9da000 	C:\WINDOWS\system32\bcryptPrimitives.dll
0x00007ff8dcea0000 - 0x00007ff8dcedb000 	C:\WINDOWS\system32\IMM32.DLL
0x00000000517f0000 - 0x00000000518c2000 	C:\Program Files\Java\jre7\bin\msvcr100.dll
0x0000000051010000 - 0x00000000517e3000 	C:\Program Files\Java\jre7\bin\server\jvm.dll
0x00007ff8dc410000 - 0x00007ff8dc418000 	C:\WINDOWS\system32\PSAPI.DLL
0x00007ff8d7a70000 - 0x00007ff8d7a93000 	C:\WINDOWS\SYSTEM32\WINMM.dll
0x00007ff8d1ac0000 - 0x00007ff8d1ac9000 	C:\WINDOWS\SYSTEM32\WSOCK32.dll
0x00007ff8dc340000 - 0x00007ff8dc3ab000 	C:\WINDOWS\system32\WS2_32.dll
0x00007ff8d7690000 - 0x00007ff8d76bc000 	C:\WINDOWS\SYSTEM32\WINMMBASE.dll
0x00007ff8da920000 - 0x00007ff8da963000 	C:\WINDOWS\system32\cfgmgr32.dll
0x0000000051000000 - 0x000000005100f000 	C:\Program Files\Java\jre7\bin\verify.dll
0x0000000050fd0000 - 0x0000000050ff8000 	C:\Program Files\Java\jre7\bin\java.dll
0x0000000050fb0000 - 0x0000000050fc5000 	C:\Program Files\Java\jre7\bin\zip.dll
0x0000000065580000 - 0x000000006561b000 	C:\Users\Jay\AppData\Local\Temp\libgdxJay\3fcab39a\gdx64.dll
0x00007ff8d9580000 - 0x00007ff8d9597000 	C:\WINDOWS\SYSTEM32\CRYPTSP.dll
0x00007ff8d9210000 - 0x00007ff8d9244000 	C:\WINDOWS\system32\rsaenh.dll
0x00007ff8d9b30000 - 0x00007ff8d9b59000 	C:\WINDOWS\SYSTEM32\bcrypt.dll
0x00007ff8d9360000 - 0x00007ff8d937f000 	C:\WINDOWS\SYSTEM32\USERENV.dll
0x00007ff8d9c10000 - 0x00007ff8d9c24000 	C:\WINDOWS\system32\profapi.dll
0x00007ff8d96a0000 - 0x00007ff8d96ab000 	C:\WINDOWS\SYSTEM32\CRYPTBASE.dll
0x0000000050f90000 - 0x0000000050fa9000 	C:\Program Files\Java\jre7\bin\net.dll
0x00007ff8d94d0000 - 0x00007ff8d952c000 	C:\WINDOWS\system32\mswsock.dll
0x00007ff8d43c0000 - 0x00007ff8d43f8000 	C:\WINDOWS\SYSTEM32\IPHLPAPI.DLL
0x00007ff8dc7a0000 - 0x00007ff8dc7a8000 	C:\WINDOWS\system32\NSI.dll
0x00007ff8d3ff0000 - 0x00007ff8d4006000 	C:\WINDOWS\SYSTEM32\dhcpcsvc6.DLL
0x00007ff8d4420000 - 0x00007ff8d443a000 	C:\WINDOWS\SYSTEM32\dhcpcsvc.DLL
0x0000000050f70000 - 0x0000000050f81000 	C:\Program Files\Java\jre7\bin\nio.dll
0x0000000180000000 - 0x0000000180051000 	C:\Users\Jay\AppData\Local\Temp\libgdxJay\ccd07a7a\lwjgl64.dll
0x00007ff8ab9b0000 - 0x00007ff8abad9000 	C:\WINDOWS\SYSTEM32\OPENGL32.dll
0x00007ff8d7aa0000 - 0x00007ff8d7aaa000 	C:\WINDOWS\SYSTEM32\VERSION.dll
0x00007ff8ca390000 - 0x00007ff8ca3be000 	C:\WINDOWS\SYSTEM32\GLU32.dll
0x00007ff8b0510000 - 0x00007ff8b060a000 	C:\WINDOWS\SYSTEM32\DDRAW.dll
0x00007ff8c4830000 - 0x00007ff8c4838000 	C:\WINDOWS\SYSTEM32\DCIMAN32.dll
0x000000000d960000 - 0x000000000d9c4000 	C:\Users\Jay\AppData\Local\Temp\libgdxJay\ccd07a7a\OpenAL64.dll
0x00007ff8dac20000 - 0x00007ff8dc17f000 	C:\WINDOWS\system32\SHELL32.dll
0x00007ff8da040000 - 0x00007ff8da684000 	C:\WINDOWS\system32\windows.storage.dll
0x00007ff8dc3b0000 - 0x00007ff8dc402000 	C:\WINDOWS\system32\shlwapi.dll
0x00007ff8d9c30000 - 0x00007ff8d9c3f000 	C:\WINDOWS\system32\kernel.appcore.dll
0x00007ff8da860000 - 0x00007ff8da915000 	C:\WINDOWS\system32\shcore.dll
0x00007ff8d9c40000 - 0x00007ff8d9c8b000 	C:\WINDOWS\system32\powrprof.dll
0x00007ff8dc540000 - 0x00007ff8dc683000 	C:\WINDOWS\system32\ole32.dll
0x00007ff8d88c0000 - 0x00007ff8d8956000 	C:\WINDOWS\system32\uxtheme.dll
0x00007ff8c3bc0000 - 0x00007ff8c3be8000 	C:\Program Files (x86)\Raptr\ltc_help64-106568.dll
0x00007ff8d9fe0000 - 0x00007ff8da035000 	C:\WINDOWS\system32\WINTRUST.dll
0x00007ff8d9c00000 - 0x00007ff8d9c10000 	C:\WINDOWS\system32\MSASN1.dll
0x00007ff8da690000 - 0x00007ff8da857000 	C:\WINDOWS\system32\CRYPT32.dll
0x00007ff8dd3c0000 - 0x00007ff8dd467000 	C:\WINDOWS\system32\clbcatq.dll
0x00007ff8d4010000 - 0x00007ff8d4196000 	C:\WINDOWS\System32\PROPSYS.dll
0x00007ff8dd510000 - 0x00007ff8dd5d1000 	C:\WINDOWS\system32\OLEAUT32.dll
0x00007ff89f630000 - 0x00007ff89f6cc000 	C:\WINDOWS\SYSTEM32\dsound.dll
0x00007ff8d4200000 - 0x00007ff8d4270000 	C:\WINDOWS\System32\MMDevApi.dll
0x00007ff8d8960000 - 0x00007ff8d8987000 	C:\WINDOWS\System32\DEVOBJ.dll
0x00007ff8c4a30000 - 0x00007ff8c4ab8000 	C:\WINDOWS\SYSTEM32\AUDIOSES.DLL
0x00007ff8d0c50000 - 0x00007ff8d0d86000 	C:\WINDOWS\SYSTEM32\wintypes.dll
0x00007ff8daa00000 - 0x00007ff8dab5a000 	C:\WINDOWS\system32\MSCTF.dll
0x00007ff8d7fb0000 - 0x00007ff8d7fd2000 	C:\WINDOWS\system32\dwmapi.dll
0x00007ff8d27e0000 - 0x00007ff8d27f8000 	C:\WINDOWS\SYSTEM32\atig6pxx.dll
0x0000000076200000 - 0x0000000078000000 	C:\WINDOWS\SYSTEM32\atio6axx.dll
0x00007ff8dcf90000 - 0x00007ff8dd3b9000 	C:\WINDOWS\system32\SETUPAPI.dll
0x00007ff8b7e60000 - 0x00007ff8b7fa1000 	C:\WINDOWS\SYSTEM32\atiadlxx.dll
0x00007ff8d5710000 - 0x00007ff8d5723000 	C:\WINDOWS\SYSTEM32\WTSAPI32.dll
0x00007ff8c4010000 - 0x00007ff8c403c000 	C:\WINDOWS\SYSTEM32\atig6txx.dll
0x00007ff8cb200000 - 0x00007ff8cb291000 	C:\WINDOWS\SYSTEM32\mscms.dll
0x00007ff8b7b90000 - 0x00007ff8b7bd2000 	C:\WINDOWS\SYSTEM32\icm32.dll
0x0000000066bc0000 - 0x0000000066c7b000 	C:\Users\Jay\AppData\Local\Temp\libgdxJay\d6d72896\gdx-box2d64.dll
0x00007ff8da9e0000 - 0x00007ff8da9fc000 	C:\WINDOWS\system32\imagehlp.dll
0x00007ff8d8c00000 - 0x00007ff8d8c24000 	C:\WINDOWS\SYSTEM32\gpapi.dll
0x00007ff8c9de0000 - 0x00007ff8c9e0f000 	C:\Windows\System32\cryptnet.dll
0x00007ff8d4640000 - 0x00007ff8d464b000 	C:\WINDOWS\SYSTEM32\WINNSI.DLL
0x00007ff8ab040000 - 0x00007ff8ab288000 	C:\PROGRA~2\Raptr\ltc_game64-106568.dll
0x00007ff8d6380000 - 0x00007ff8d650c000 	C:\WINDOWS\SYSTEM32\dbghelp.dll

VM Arguments:
jvm_args: -Dfile.encoding=Cp1252 
java_command: main.AftamathDesktop
Launcher Type: SUN_STANDARD

Environment Variables:
JAVA_HOME=C:\Program Files (x86)\Java\jdk1.8.0_25
PATH=C:\Program Files (x86)\NVIDIA Corporation\PhysX\Common;C:\Windows\system32;C:\Windows;C:\Windows\System32\Wbem;C:\Windows\System32\WindowsPowerShell\v1.0\;C:\Program Files (x86)\ATI Technologies\ATI.ACE\Core-Static;C:\Program Files (x86)\Windows Live\Shared;C:\Program Files (x86)\QuickTime\QTSystem\;C:\Users\Jay\AppData\Local\Smartbar\Application\;C:\WINDOWS\system32;C:\WINDOWS;C:\WINDOWS\System32\Wbem;C:\WINDOWS\System32\WindowsPowerShell\v1.0\;C:\Program Files (x86)\Skype\Phone\;C:\Program Files (x86)\AMD\ATI.ACE\Core-Static
USERNAME=Jay
OS=Windows_NT
PROCESSOR_IDENTIFIER=AMD64 Family 21 Model 2 Stepping 0, AuthenticAMD



---------------  S Y S T E M  ---------------

OS: Windows 8.1 , 64 bit Build 9600 

CPU:total 8 (8 cores per cpu, 1 threads per core) family 21 model 2 stepping 0, cmov, cx8, fxsr, mmx, sse, sse2, sse3, ssse3, sse4.1, sse4.2, popcnt, avx, aes, mmxext, 3dnowpref, lzcnt, sse4a, tsc, tscinvbit, tscinv

Memory: 4k page, physical 8369696k(3363304k free), swap 24098336k(15881032k free)

vm_info: Java HotSpot(TM) 64-Bit Server VM (24.71-b01) for windows-amd64 JRE (1.7.0_71-b14), built on Sep 26 2014 16:16:12 by "java_re" with unknown MS VC++:1600

time: Thu Dec 17 12:43:00 2015
elapsed time: 152 seconds

