#
# A fatal error has been detected by the Java Runtime Environment:
#
#  EXCEPTION_ACCESS_VIOLATION (0xc0000005) at pc=0x00007ff8aba92224, pid=3640, tid=5040
#
# JRE version: Java(TM) SE Runtime Environment (7.0_71-b14) (build 1.7.0_71-b14)
# Java VM: Java HotSpot(TM) 64-Bit Server VM (24.71-b01 mixed mode windows-amd64 compressed oops)
# Problematic frame:
# C  [OPENGL32.dll+0xe2224]
#
# Failed to write core dump. Minidumps are not enabled by default on client versions of Windows
#
# If you would like to submit a bug report, please visit:
#   http://bugreport.sun.com/bugreport/crash.jsp
#

---------------  T H R E A D  ---------------

Current thread (0x000000000abd6800):  VMThread [stack: 0x000000000c8c0000,0x000000000c9c0000] [id=5040]

siginfo: ExceptionCode=0xc0000005, reading address 0x0000000000000a38

Registers:
RAX=0x0000000000000000, RBX=0x0000000015082b40, RCX=0x0000000000000001, RDX=0x0000000015082b48
RSP=0x000000000c9bf358, RBP=0x0000000000000000, RSI=0x0000000015085db0, RDI=0x0000000015085db0
R8 =0x000000000c9bf3d8, R9 =0x0000000002395800, R10=0x0000000000000000, R11=0x0000000000000246
R12=0x0000000000000000, R13=0x0000000010b97760, R14=0x0000000010b97610, R15=0x0000000000000000
RIP=0x00007ff8aba92224, EFLAGS=0x0000000000010287

Top of Stack: (sp=0x000000000c9bf358)
0x000000000c9bf358:   00007ff89f0a244b 0000000010b97760
0x000000000c9bf368:   0000000000000001 0000000010b90000
0x000000000c9bf378:   00007ff8dd6007d9 0000000000000000
0x000000000c9bf388:   00007ff89f0a7f17 0000000000000000
0x000000000c9bf398:   0000000000000000 0000000010b97740
0x000000000c9bf3a8:   00007ff89f0a7283 fffffffffffffffe
0x000000000c9bf3b8:   000000000c9bf420 0000000000000000
0x000000000c9bf3c8:   00007ff89f0a87c9 0000000015085db0
0x000000000c9bf3d8:   0000000015086e00 0000000002395800
0x000000000c9bf3e8:   00007ff89f125700 fffffffffffffffe
0x000000000c9bf3f8:   0000000010b99c60 0000000000000001
0x000000000c9bf408:   0000000010b97738 0000000010b97610
0x000000000c9bf418:   00007ff89f12d7ad 00007ff89f2665b0
0x000000000c9bf428:   00007ff89f191930 0000000002395800
0x000000000c9bf438:   00007ff8dd6007d9 0000000010b97738
0x000000000c9bf448:   0000000010b97610 0000000010b97610 

Instructions: (pc=0x00007ff8aba92224)
0x00007ff8aba92204:   cc cc cc cc cc cc 66 0f 1f 44 00 00 8b 05 f2 7d
0x00007ff8aba92214:   01 00 83 f8 40 73 0f 65 48 8b 04 c5 80 14 00 00
0x00007ff8aba92224:   ff a0 38 0a 00 00 b8 47 01 00 00 e9 ec d4 ff ff
0x00007ff8aba92234:   cc cc cc cc cc cc 66 0f 1f 44 00 00 8b 05 c2 7d 


Register to memory mapping:

RAX=0x0000000000000000 is an unknown value
RBX=0x0000000015082b40 is an unknown value
RCX=0x0000000000000001 is an unknown value
RDX=0x0000000015082b48 is an unknown value
RSP=0x000000000c9bf358 is an unknown value
RBP=0x0000000000000000 is an unknown value
RSI=0x0000000015085db0 is an unknown value
RDI=0x0000000015085db0 is an unknown value
R8 =0x000000000c9bf3d8 is an unknown value
R9 =0x0000000002395800 is an unknown value
R10=0x0000000000000000 is an unknown value
R11=0x0000000000000246 is an unknown value
R12=0x0000000000000000 is an unknown value
R13=0x0000000010b97760 is an unknown value
R14=0x0000000010b97610 is an unknown value
R15=0x0000000000000000 is an unknown value


Stack: [0x000000000c8c0000,0x000000000c9c0000],  sp=0x000000000c9bf358,  free space=1020k
Native frames: (J=compiled Java code, j=interpreted, Vv=VM code, C=native code)
C  [OPENGL32.dll+0xe2224]

[error occurred during error reporting (printing native stack), id 0xc0000005]

VM_Operation (0x000000000e28f310): Exit, mode: safepoint, requested by thread 0x000000000cf17000


---------------  P R O C E S S  ---------------

Java Threads: ( => current thread )
  0x0000000014298000 JavaThread "LWJGL Timer" daemon [_thread_blocked, id=14080, stack(0x0000000010830000,0x0000000010930000)]
  0x000000000232d800 JavaThread "DestroyJavaVM" [_thread_blocked, id=7488, stack(0x00000000021e0000,0x00000000022e0000)]
  0x000000000cf17000 JavaThread "LWJGL Application" [_thread_blocked, id=932, stack(0x000000000e190000,0x000000000e290000)]
  0x000000000cbe3800 JavaThread "Service Thread" daemon [_thread_blocked, id=5064, stack(0x000000000d3c0000,0x000000000d4c0000)]
  0x0000000002468000 JavaThread "C2 CompilerThread1" daemon [_thread_blocked, id=2164, stack(0x000000000d2c0000,0x000000000d3c0000)]
  0x0000000002466800 JavaThread "C2 CompilerThread0" daemon [_thread_blocked, id=13620, stack(0x000000000d1c0000,0x000000000d2c0000)]
  0x0000000002465800 JavaThread "Attach Listener" daemon [_thread_blocked, id=13912, stack(0x000000000d0c0000,0x000000000d1c0000)]
  0x0000000002461000 JavaThread "Signal Dispatcher" daemon [_thread_blocked, id=9944, stack(0x000000000cfc0000,0x000000000d0c0000)]
  0x000000000abe1800 JavaThread "Finalizer" daemon [_thread_blocked, id=9740, stack(0x000000000cac0000,0x000000000cbc0000)]
  0x000000000abda800 JavaThread "Reference Handler" daemon [_thread_blocked, id=10768, stack(0x000000000c9c0000,0x000000000cac0000)]

Other Threads:
=>0x000000000abd6800 VMThread [stack: 0x000000000c8c0000,0x000000000c9c0000] [id=5040]

VM state:at safepoint (shutting down)

VM Mutex/Monitor currently owned by a thread:  ([mutex/lock_event])
[0x000000000232cb30] Threads_lock - owner thread: 0x000000000abd6800

Heap
 PSYoungGen      total 34304K, used 1707K [0x00000007d5680000, 0x00000007d8300000, 0x0000000800000000)
  eden space 24064K, 5% used [0x00000007d5680000,0x00000007d57e2c80,0x00000007d6e00000)
  from space 10240K, 2% used [0x00000007d7900000,0x00000007d7948010,0x00000007d8300000)
  to   space 10752K, 0% used [0x00000007d6e00000,0x00000007d6e00000,0x00000007d7880000)
 ParOldGen       total 87040K, used 37990K [0x0000000780400000, 0x0000000785900000, 0x00000007d5680000)
  object space 87040K, 43% used [0x0000000780400000,0x0000000782919af0,0x0000000785900000)
 PSPermGen       total 21504K, used 8998K [0x000000077b200000, 0x000000077c700000, 0x0000000780400000)
  object space 21504K, 41% used [0x000000077b200000,0x000000077bac9b98,0x000000077c700000)

Card table byte_map: [0x0000000005470000,0x00000000058a0000] byte_map_base: 0x0000000001897000

Polling page: 0x0000000000990000

Code Cache  [0x0000000002470000, 0x0000000002700000, 0x0000000005470000)
 total_blobs=1049 nmethods=573 adapters=429 free_code_cache=46641Kb largest_free_block=47702208

Compilation events (10 events):
Event: 360.228 Thread 0x0000000002466800  592             java.nio.HeapByteBuffer::_get (7 bytes)
Event: 360.229 Thread 0x0000000002466800 nmethod 592 0x0000000002687610 code [0x0000000002687740, 0x00000000026877d8]
Event: 366.812 Thread 0x0000000002468000  593             java.util.HashMap$Entry::recordAccess (1 bytes)
Event: 366.812 Thread 0x0000000002468000 nmethod 593 0x0000000002687410 code [0x0000000002687540, 0x0000000002687598]
Event: 382.130 Thread 0x0000000002466800  594             java.util.HashMap$KeySet::iterator (8 bytes)
Event: 382.137 Thread 0x0000000002466800 nmethod 594 0x0000000002689a90 code [0x0000000002689be0, 0x0000000002689ed8]
Event: 434.393 Thread 0x0000000002468000  595  s          java.util.Hashtable::get (70 bytes)
Event: 434.399 Thread 0x0000000002468000 nmethod 595 0x00000000026aa9d0 code [0x00000000026aab40, 0x00000000026ab138]
Event: 524.039 Thread 0x0000000002466800  596 % !         com.badlogic.gdx.backends.lwjgl.LwjglApplication::mainLoop @ 71 (797 bytes)
Event: 524.114 Thread 0x0000000002466800 nmethod 596% 0x00000000026ec4d0 code [0x00000000026ec960, 0x00000000026ef888]

GC Heap History (10 events):
Event: 571.386 GC heap before
{Heap before GC invocations=22 (full 0):
 PSYoungGen      total 25600K, used 25408K [0x00000007d5680000, 0x00000007d8b00000, 0x0000000800000000)
  eden space 25088K, 100% used [0x00000007d5680000,0x00000007d6f00000,0x00000007d6f00000)
  from space 512K, 62% used [0x00000007d6f80000,0x00000007d6fd0010,0x00000007d7000000)
  to   space 14336K, 0% used [0x00000007d7d00000,0x00000007d7d00000,0x00000007d8b00000)
 ParOldGen       total 87040K, used 37910K [0x0000000780400000, 0x0000000785900000, 0x00000007d5680000)
  object space 87040K, 43% used [0x0000000780400000,0x0000000782905af0,0x0000000785900000)
 PSPermGen       total 21504K, used 8977K [0x000000077b200000, 0x000000077c700000, 0x0000000780400000)
  object space 21504K, 41% used [0x000000077b200000,0x000000077bac44a8,0x000000077c700000)
Event: 571.387 GC heap after
Heap after GC invocations=22 (full 0):
 PSYoungGen      total 36352K, used 352K [0x00000007d5680000, 0x00000007d8880000, 0x0000000800000000)
  eden space 24576K, 0% used [0x00000007d5680000,0x00000007d5680000,0x00000007d6e80000)
  from space 11776K, 2% used [0x00000007d7d00000,0x00000007d7d58010,0x00000007d8880000)
  to   space 13312K, 0% used [0x00000007d6e80000,0x00000007d6e80000,0x00000007d7b80000)
 ParOldGen       total 87040K, used 37934K [0x0000000780400000, 0x0000000785900000, 0x00000007d5680000)
  object space 87040K, 43% used [0x0000000780400000,0x000000078290baf0,0x0000000785900000)
 PSPermGen       total 21504K, used 8977K [0x000000077b200000, 0x000000077c700000, 0x0000000780400000)
  object space 21504K, 41% used [0x000000077b200000,0x000000077bac44a8,0x000000077c700000)
}
Event: 628.627 GC heap before
{Heap before GC invocations=23 (full 0):
 PSYoungGen      total 36352K, used 24928K [0x00000007d5680000, 0x00000007d8880000, 0x0000000800000000)
  eden space 24576K, 100% used [0x00000007d5680000,0x00000007d6e80000,0x00000007d6e80000)
  from space 11776K, 2% used [0x00000007d7d00000,0x00000007d7d58010,0x00000007d8880000)
  to   space 13312K, 0% used [0x00000007d6e80000,0x00000007d6e80000,0x00000007d7b80000)
 ParOldGen       total 87040K, used 37934K [0x0000000780400000, 0x0000000785900000, 0x00000007d5680000)
  object space 87040K, 43% used [0x0000000780400000,0x000000078290baf0,0x0000000785900000)
 PSPermGen       total 21504K, used 8977K [0x000000077b200000, 0x000000077c700000, 0x0000000780400000)
  object space 21504K, 41% used [0x000000077b200000,0x000000077bac44a8,0x000000077c700000)
Event: 628.629 GC heap after
Heap after GC invocations=23 (full 0):
 PSYoungGen      total 24576K, used 320K [0x00000007d5680000, 0x00000007d8700000, 0x0000000800000000)
  eden space 24064K, 0% used [0x00000007d5680000,0x00000007d5680000,0x00000007d6e00000)
  from space 512K, 62% used [0x00000007d6e80000,0x00000007d6ed0010,0x00000007d6f00000)
  to   space 12800K, 0% used [0x00000007d7a80000,0x00000007d7a80000,0x00000007d8700000)
 ParOldGen       total 87040K, used 37942K [0x0000000780400000, 0x0000000785900000, 0x00000007d5680000)
  object space 87040K, 43% used [0x0000000780400000,0x000000078290daf0,0x0000000785900000)
 PSPermGen       total 21504K, used 8977K [0x000000077b200000, 0x000000077c700000, 0x0000000780400000)
  object space 21504K, 41% used [0x000000077b200000,0x000000077bac44a8,0x000000077c700000)
}
Event: 684.929 GC heap before
{Heap before GC invocations=24 (full 0):
 PSYoungGen      total 24576K, used 24384K [0x00000007d5680000, 0x00000007d8700000, 0x0000000800000000)
  eden space 24064K, 100% used [0x00000007d5680000,0x00000007d6e00000,0x00000007d6e00000)
  from space 512K, 62% used [0x00000007d6e80000,0x00000007d6ed0010,0x00000007d6f00000)
  to   space 12800K, 0% used [0x00000007d7a80000,0x00000007d7a80000,0x00000007d8700000)
 ParOldGen       total 87040K, used 37942K [0x0000000780400000, 0x0000000785900000, 0x00000007d5680000)
  object space 87040K, 43% used [0x0000000780400000,0x000000078290daf0,0x0000000785900000)
 PSPermGen       total 21504K, used 8977K [0x000000077b200000, 0x000000077c700000, 0x0000000780400000)
  object space 21504K, 41% used [0x000000077b200000,0x000000077bac4680,0x000000077c700000)
Event: 684.931 GC heap after
Heap after GC invocations=24 (full 0):
 PSYoungGen      total 34816K, used 192K [0x00000007d5680000, 0x00000007d8500000, 0x0000000800000000)
  eden space 24064K, 0% used [0x00000007d5680000,0x00000007d5680000,0x00000007d6e00000)
  from space 10752K, 1% used [0x00000007d7a80000,0x00000007d7ab0000,0x00000007d8500000)
  to   space 11776K, 0% used [0x00000007d6e00000,0x00000007d6e00000,0x00000007d7980000)
 ParOldGen       total 87040K, used 37958K [0x0000000780400000, 0x0000000785900000, 0x00000007d5680000)
  object space 87040K, 43% used [0x0000000780400000,0x0000000782911af0,0x0000000785900000)
 PSPermGen       total 21504K, used 8977K [0x000000077b200000, 0x000000077c700000, 0x0000000780400000)
  object space 21504K, 41% used [0x000000077b200000,0x000000077bac4680,0x000000077c700000)
}
Event: 740.594 GC heap before
{Heap before GC invocations=25 (full 0):
 PSYoungGen      total 34816K, used 24256K [0x00000007d5680000, 0x00000007d8500000, 0x0000000800000000)
  eden space 24064K, 100% used [0x00000007d5680000,0x00000007d6e00000,0x00000007d6e00000)
  from space 10752K, 1% used [0x00000007d7a80000,0x00000007d7ab0000,0x00000007d8500000)
  to   space 11776K, 0% used [0x00000007d6e00000,0x00000007d6e00000,0x00000007d7980000)
 ParOldGen       total 87040K, used 37958K [0x0000000780400000, 0x0000000785900000, 0x00000007d5680000)
  object space 87040K, 43% used [0x0000000780400000,0x0000000782911af0,0x0000000785900000)
 PSPermGen       total 21504K, used 8979K [0x000000077b200000, 0x000000077c700000, 0x0000000780400000)
  object space 21504K, 41% used [0x000000077b200000,0x000000077bac4f80,0x000000077c700000)
Event: 740.595 GC heap after
Heap after GC invocations=25 (full 0):
 PSYoungGen      total 24576K, used 192K [0x00000007d5680000, 0x00000007d8400000, 0x0000000800000000)
  eden space 24064K, 0% used [0x00000007d5680000,0x00000007d5680000,0x00000007d6e00000)
  from space 512K, 37% used [0x00000007d6e00000,0x00000007d6e30000,0x00000007d6e80000)
  to   space 11264K, 0% used [0x00000007d7900000,0x00000007d7900000,0x00000007d8400000)
 ParOldGen       total 87040K, used 37982K [0x0000000780400000, 0x0000000785900000, 0x00000007d5680000)
  object space 87040K, 43% used [0x0000000780400000,0x0000000782917af0,0x0000000785900000)
 PSPermGen       total 21504K, used 8979K [0x000000077b200000, 0x000000077c700000, 0x0000000780400000)
  object space 21504K, 41% used [0x000000077b200000,0x000000077bac4f80,0x000000077c700000)
}
Event: 796.377 GC heap before
{Heap before GC invocations=26 (full 0):
 PSYoungGen      total 24576K, used 24256K [0x00000007d5680000, 0x00000007d8400000, 0x0000000800000000)
  eden space 24064K, 100% used [0x00000007d5680000,0x00000007d6e00000,0x00000007d6e00000)
  from space 512K, 37% used [0x00000007d6e00000,0x00000007d6e30000,0x00000007d6e80000)
  to   space 11264K, 0% used [0x00000007d7900000,0x00000007d7900000,0x00000007d8400000)
 ParOldGen       total 87040K, used 37982K [0x0000000780400000, 0x0000000785900000, 0x00000007d5680000)
  object space 87040K, 43% used [0x0000000780400000,0x0000000782917af0,0x0000000785900000)
 PSPermGen       total 21504K, used 8979K [0x000000077b200000, 0x000000077c700000, 0x0000000780400000)
  object space 21504K, 41% used [0x000000077b200000,0x000000077bac4f80,0x000000077c700000)
Event: 796.379 GC heap after
Heap after GC invocations=26 (full 0):
 PSYoungGen      total 34304K, used 288K [0x00000007d5680000, 0x00000007d8300000, 0x0000000800000000)
  eden space 24064K, 0% used [0x00000007d5680000,0x00000007d5680000,0x00000007d6e00000)
  from space 10240K, 2% used [0x00000007d7900000,0x00000007d7948010,0x00000007d8300000)
  to   space 10752K, 0% used [0x00000007d6e00000,0x00000007d6e00000,0x00000007d7880000)
 ParOldGen       total 87040K, used 37990K [0x0000000780400000, 0x0000000785900000, 0x00000007d5680000)
  object space 87040K, 43% used [0x0000000780400000,0x0000000782919af0,0x0000000785900000)
 PSPermGen       total 21504K, used 8979K [0x000000077b200000, 0x000000077c700000, 0x0000000780400000)
  object space 21504K, 41% used [0x000000077b200000,0x000000077bac4f80,0x000000077c700000)
}

Deoptimization events (10 events):
Event: 261.254 Thread 0x000000000cf17000 Uncommon trap: reason=predicate action=maybe_recompile pc=0x000000000251a294 method=com.badlogic.gdx.utils.Array.contains(Ljava/lang/Object;Z)Z @ 44
Event: 261.263 Thread 0x000000000cf17000 Uncommon trap: reason=class_check action=maybe_recompile pc=0x000000000262583c method=java.util.HashMap$KeySet.iterator()Ljava/util/Iterator; @ 4
Event: 261.268 Thread 0x000000000cf17000 Uncommon trap: reason=class_check action=maybe_recompile pc=0x000000000262583c method=java.util.HashMap$KeySet.iterator()Ljava/util/Iterator; @ 4
Event: 261.269 Thread 0x000000000cf17000 Uncommon trap: reason=class_check action=maybe_recompile pc=0x000000000262583c method=java.util.HashMap$KeySet.iterator()Ljava/util/Iterator; @ 4
Event: 261.295 Thread 0x000000000cf17000 Uncommon trap: reason=class_check action=maybe_recompile pc=0x0000000002632094 method=java.util.Hashtable.get(Ljava/lang/Object;)Ljava/lang/Object; @ 46
Event: 261.295 Thread 0x000000000cf17000 Uncommon trap: reason=class_check action=maybe_recompile pc=0x0000000002632094 method=java.util.Hashtable.get(Ljava/lang/Object;)Ljava/lang/Object; @ 46
Event: 261.295 Thread 0x000000000cf17000 Uncommon trap: reason=class_check action=maybe_recompile pc=0x0000000002632094 method=java.util.Hashtable.get(Ljava/lang/Object;)Ljava/lang/Object; @ 46
Event: 283.856 Thread 0x000000000cf17000 Uncommon trap: reason=unreached action=reinterpret pc=0x00000000025a7384 method=java.util.HashMap$HashIterator.nextEntry()Ljava/util/HashMap$Entry; @ 48
Event: 503.566 Thread 0x000000000cf17000 Uncommon trap: reason=unloaded action=reinterpret pc=0x000000000268cdf8 method=com.badlogic.gdx.backends.lwjgl.LwjglApplication.mainLoop()V @ 122
Event: 798.998 Thread 0x000000000cf17000 Uncommon trap: reason=bimorphic action=maybe_recompile pc=0x0000000002570d68 method=java.util.HashMap.getEntry(Ljava/lang/Object;)Ljava/util/HashMap$Entry; @ 68

Internal exceptions (10 events):
Event: 500.061 Thread 0x000000000cf17000 Threw 0x00000007d6813020 at C:\re\jdk7u71\1605\hotspot\src\share\vm\interpreter\linkResolver.cpp:892
Event: 500.061 Thread 0x000000000cf17000 Threw 0x00000007d68131e8 at C:\re\jdk7u71\1605\hotspot\src\share\vm\interpreter\linkResolver.cpp:892
Event: 500.257 Thread 0x000000000cf17000 Threw 0x00000007d686ce68 at C:\re\jdk7u71\1605\hotspot\src\share\vm\interpreter\linkResolver.cpp:892
Event: 500.257 Thread 0x000000000cf17000 Threw 0x00000007d686d030 at C:\re\jdk7u71\1605\hotspot\src\share\vm\interpreter\linkResolver.cpp:892
Event: 500.377 Thread 0x000000000cf17000 Threw 0x00000007d6885a48 at C:\re\jdk7u71\1605\hotspot\src\share\vm\interpreter\linkResolver.cpp:892
Event: 500.377 Thread 0x000000000cf17000 Threw 0x00000007d6885c10 at C:\re\jdk7u71\1605\hotspot\src\share\vm\interpreter\linkResolver.cpp:892
Event: 500.937 Thread 0x000000000cf17000 Threw 0x00000007d69da018 at C:\re\jdk7u71\1605\hotspot\src\share\vm\interpreter\linkResolver.cpp:892
Event: 500.937 Thread 0x000000000cf17000 Threw 0x00000007d69da1e0 at C:\re\jdk7u71\1605\hotspot\src\share\vm\interpreter\linkResolver.cpp:892
Event: 798.963 Thread 0x000000000cf17000 Threw 0x00000007d577a3e8 at C:\re\jdk7u71\1605\hotspot\src\share\vm\prims\jvm.cpp:1281
Event: 798.984 Thread 0x000000000cf17000 Threw 0x00000007d577d5e8 at C:\re\jdk7u71\1605\hotspot\src\share\vm\prims\jvm.cpp:1281

Events (10 events):
Event: 798.998 Thread 0x000000000cf17000 DEOPT UNPACKING pc=0x00000000024a9064 sp=0x000000000e28f2e8 mode 2
Event: 799.008 loading class 0x00000000023efbe0
Event: 799.008 loading class 0x00000000023efbe0 done
Event: 799.008 loading class 0x000000000cc35700
Event: 799.008 loading class 0x000000000cc35700 done
Event: 799.009 loading class 0x000000000cc356d0
Event: 799.009 loading class 0x000000000cc35690
Event: 799.009 loading class 0x000000000cc35690 done
Event: 799.009 loading class 0x000000000cc356d0 done
Event: 799.009 Executing VM operation: Exit


Dynamic libraries:
0x00007ff72eb30000 - 0x00007ff72eb63000 	C:\Program Files\Java\jre7\bin\javaw.exe
0x00007ff8dd5e0000 - 0x00007ff8dd7a1000 	C:\WINDOWS\SYSTEM32\ntdll.dll
0x00007ff8dcee0000 - 0x00007ff8dcf8d000 	C:\WINDOWS\system32\KERNEL32.DLL
0x00007ff8d9df0000 - 0x00007ff8d9fd8000 	C:\WINDOWS\system32\KERNELBASE.dll
0x00007ff8dc490000 - 0x00007ff8dc537000 	C:\WINDOWS\system32\ADVAPI32.dll
0x00007ff8dd470000 - 0x00007ff8dd50d000 	C:\WINDOWS\system32\msvcrt.dll
0x00007ff8dabc0000 - 0x00007ff8dac1b000 	C:\WINDOWS\system32\sechost.dll
0x00007ff8dc7c0000 - 0x00007ff8dc8dc000 	C:\WINDOWS\system32\RPCRT4.dll
0x00007ff8dc1e0000 - 0x00007ff8dc336000 	C:\WINDOWS\system32\USER32.dll
0x00007ff8dcd10000 - 0x00007ff8dce96000 	C:\WINDOWS\system32\GDI32.dll
0x00007ff8c6e40000 - 0x00007ff8c70b4000 	C:\WINDOWS\WinSxS\amd64_microsoft.windows.common-controls_6595b64144ccf1df_6.0.10586.0_none_8c15ae12515e1c22\COMCTL32.dll
0x00007ff8dca90000 - 0x00007ff8dcd0d000 	C:\WINDOWS\system32\combase.dll
0x00007ff8da970000 - 0x00007ff8da9da000 	C:\WINDOWS\system32\bcryptPrimitives.dll
0x00007ff8dcea0000 - 0x00007ff8dcedb000 	C:\WINDOWS\system32\IMM32.DLL
0x00000000517f0000 - 0x00000000518c2000 	C:\Program Files\Java\jre7\bin\msvcr100.dll
0x0000000051010000 - 0x00000000517e3000 	C:\Program Files\Java\jre7\bin\server\jvm.dll
0x00007ff8dc410000 - 0x00007ff8dc418000 	C:\WINDOWS\system32\PSAPI.DLL
0x00007ff8d1ac0000 - 0x00007ff8d1ac9000 	C:\WINDOWS\SYSTEM32\WSOCK32.dll
0x00007ff8d7a70000 - 0x00007ff8d7a93000 	C:\WINDOWS\SYSTEM32\WINMM.dll
0x00007ff8dc340000 - 0x00007ff8dc3ab000 	C:\WINDOWS\system32\WS2_32.dll
0x00000000021b0000 - 0x00000000021dc000 	C:\WINDOWS\SYSTEM32\WINMMBASE.dll
0x00007ff8da920000 - 0x00007ff8da963000 	C:\WINDOWS\system32\cfgmgr32.dll
0x0000000051000000 - 0x000000005100f000 	C:\Program Files\Java\jre7\bin\verify.dll
0x0000000050fd0000 - 0x0000000050ff8000 	C:\Program Files\Java\jre7\bin\java.dll
0x0000000050fb0000 - 0x0000000050fc5000 	C:\Program Files\Java\jre7\bin\zip.dll
0x0000000065580000 - 0x000000006561b000 	C:\Users\Jay\AppData\Local\Temp\libgdxJay\3fcab39a\gdx64.dll
0x00007ff8d9580000 - 0x00007ff8d9597000 	C:\WINDOWS\SYSTEM32\CRYPTSP.dll
0x00007ff8d9210000 - 0x00007ff8d9244000 	C:\WINDOWS\system32\rsaenh.dll
0x00007ff8d9b30000 - 0x00007ff8d9b59000 	C:\WINDOWS\SYSTEM32\bcrypt.dll
0x00007ff8d9360000 - 0x00007ff8d937f000 	C:\WINDOWS\SYSTEM32\USERENV.dll
0x00007ff8d9c10000 - 0x00007ff8d9c24000 	C:\WINDOWS\system32\profapi.dll
0x00007ff8d96a0000 - 0x00007ff8d96ab000 	C:\WINDOWS\SYSTEM32\CRYPTBASE.dll
0x0000000050f90000 - 0x0000000050fa9000 	C:\Program Files\Java\jre7\bin\net.dll
0x00007ff8d94d0000 - 0x00007ff8d952c000 	C:\WINDOWS\system32\mswsock.dll
0x00007ff8d43c0000 - 0x00007ff8d43f8000 	C:\WINDOWS\SYSTEM32\IPHLPAPI.DLL
0x00007ff8dc7a0000 - 0x00007ff8dc7a8000 	C:\WINDOWS\system32\NSI.dll
0x00007ff8d3ff0000 - 0x00007ff8d4006000 	C:\WINDOWS\SYSTEM32\dhcpcsvc6.DLL
0x00007ff8d4420000 - 0x00007ff8d443a000 	C:\WINDOWS\SYSTEM32\dhcpcsvc.DLL
0x0000000050f70000 - 0x0000000050f81000 	C:\Program Files\Java\jre7\bin\nio.dll
0x0000000180000000 - 0x0000000180051000 	C:\Users\Jay\AppData\Local\Temp\libgdxJay\ccd07a7a\lwjgl64.dll
0x00007ff8ab9b0000 - 0x00007ff8abad9000 	C:\WINDOWS\SYSTEM32\OPENGL32.dll
0x00007ff8d7aa0000 - 0x00007ff8d7aaa000 	C:\WINDOWS\SYSTEM32\VERSION.dll
0x00007ff8ca390000 - 0x00007ff8ca3be000 	C:\WINDOWS\SYSTEM32\GLU32.dll
0x00007ff8b0510000 - 0x00007ff8b060a000 	C:\WINDOWS\SYSTEM32\DDRAW.dll
0x00007ff8c4830000 - 0x00007ff8c4838000 	C:\WINDOWS\SYSTEM32\DCIMAN32.dll
0x000000000d990000 - 0x000000000d9f4000 	C:\Users\Jay\AppData\Local\Temp\libgdxJay\ccd07a7a\OpenAL64.dll
0x00007ff8dac20000 - 0x00007ff8dc17f000 	C:\WINDOWS\system32\SHELL32.dll
0x00007ff8da040000 - 0x00007ff8da684000 	C:\WINDOWS\system32\windows.storage.dll
0x00007ff8dc3b0000 - 0x00007ff8dc402000 	C:\WINDOWS\system32\shlwapi.dll
0x00007ff8d9c30000 - 0x00007ff8d9c3f000 	C:\WINDOWS\system32\kernel.appcore.dll
0x00007ff8da860000 - 0x00007ff8da915000 	C:\WINDOWS\system32\shcore.dll
0x00007ff8d9c40000 - 0x00007ff8d9c8b000 	C:\WINDOWS\system32\powrprof.dll
0x00007ff8dc540000 - 0x00007ff8dc683000 	C:\WINDOWS\system32\ole32.dll
0x00007ff8d88c0000 - 0x00007ff8d8956000 	C:\WINDOWS\system32\uxtheme.dll
0x00007ff8c3bc0000 - 0x00007ff8c3be8000 	C:\Program Files (x86)\Raptr\ltc_help64-106568.dll
0x00007ff8d9fe0000 - 0x00007ff8da035000 	C:\WINDOWS\system32\WINTRUST.dll
0x00007ff8d9c00000 - 0x00007ff8d9c10000 	C:\WINDOWS\system32\MSASN1.dll
0x00007ff8da690000 - 0x00007ff8da857000 	C:\WINDOWS\system32\CRYPT32.dll
0x00007ff8dd3c0000 - 0x00007ff8dd467000 	C:\WINDOWS\system32\clbcatq.dll
0x00007ff8d4010000 - 0x00007ff8d4196000 	C:\WINDOWS\System32\PROPSYS.dll
0x00007ff8dd510000 - 0x00007ff8dd5d1000 	C:\WINDOWS\system32\OLEAUT32.dll
0x00007ff89f630000 - 0x00007ff89f6cc000 	C:\WINDOWS\SYSTEM32\dsound.dll
0x00007ff8d4200000 - 0x00007ff8d4270000 	C:\WINDOWS\System32\MMDevApi.dll
0x00007ff8d8960000 - 0x00007ff8d8987000 	C:\WINDOWS\System32\DEVOBJ.dll
0x00007ff8c4a30000 - 0x00007ff8c4ab8000 	C:\WINDOWS\SYSTEM32\AUDIOSES.DLL
0x00007ff8d0c50000 - 0x00007ff8d0d86000 	C:\WINDOWS\SYSTEM32\wintypes.dll
0x00007ff8daa00000 - 0x00007ff8dab5a000 	C:\WINDOWS\system32\MSCTF.dll
0x00007ff8d7fb0000 - 0x00007ff8d7fd2000 	C:\WINDOWS\system32\dwmapi.dll
0x00007ff8d27e0000 - 0x00007ff8d27f8000 	C:\WINDOWS\SYSTEM32\atig6pxx.dll
0x0000000076200000 - 0x0000000078000000 	C:\WINDOWS\SYSTEM32\atio6axx.dll
0x00007ff8dcf90000 - 0x00007ff8dd3b9000 	C:\WINDOWS\system32\SETUPAPI.dll
0x00007ff8b7e60000 - 0x00007ff8b7fa1000 	C:\WINDOWS\SYSTEM32\atiadlxx.dll
0x00007ff8d5710000 - 0x00007ff8d5723000 	C:\WINDOWS\SYSTEM32\WTSAPI32.dll
0x00007ff8c4010000 - 0x00007ff8c403c000 	C:\WINDOWS\SYSTEM32\atig6txx.dll
0x00007ff8cb200000 - 0x00007ff8cb291000 	C:\WINDOWS\SYSTEM32\mscms.dll
0x00007ff8b7b90000 - 0x00007ff8b7bd2000 	C:\WINDOWS\SYSTEM32\icm32.dll
0x0000000066bc0000 - 0x0000000066c7b000 	C:\Users\Jay\AppData\Local\Temp\libgdxJay\d6d72896\gdx-box2d64.dll
0x00007ff8da9e0000 - 0x00007ff8da9fc000 	C:\WINDOWS\system32\imagehlp.dll
0x00007ff8d8c00000 - 0x00007ff8d8c24000 	C:\WINDOWS\SYSTEM32\gpapi.dll
0x00007ff8c9de0000 - 0x00007ff8c9e0f000 	C:\Windows\System32\cryptnet.dll
0x00007ff8d4640000 - 0x00007ff8d464b000 	C:\WINDOWS\SYSTEM32\WINNSI.DLL
0x00007ff89f040000 - 0x00007ff89f288000 	C:\PROGRA~2\Raptr\ltc_game64-106568.dll
0x00007ff8d6380000 - 0x00007ff8d650c000 	C:\WINDOWS\SYSTEM32\dbghelp.dll

VM Arguments:
jvm_args: -Dfile.encoding=Cp1252 
java_command: main.AftamathDesktop
Launcher Type: SUN_STANDARD

Environment Variables:
JAVA_HOME=C:\Program Files (x86)\Java\jdk1.8.0_25
PATH=C:\Program Files (x86)\NVIDIA Corporation\PhysX\Common;C:\Windows\system32;C:\Windows;C:\Windows\System32\Wbem;C:\Windows\System32\WindowsPowerShell\v1.0\;C:\Program Files (x86)\ATI Technologies\ATI.ACE\Core-Static;C:\Program Files (x86)\Windows Live\Shared;C:\Program Files (x86)\QuickTime\QTSystem\;C:\Users\Jay\AppData\Local\Smartbar\Application\;C:\WINDOWS\system32;C:\WINDOWS;C:\WINDOWS\System32\Wbem;C:\WINDOWS\System32\WindowsPowerShell\v1.0\;C:\Program Files (x86)\Skype\Phone\;C:\Program Files (x86)\AMD\ATI.ACE\Core-Static
USERNAME=Jay
OS=Windows_NT
PROCESSOR_IDENTIFIER=AMD64 Family 21 Model 2 Stepping 0, AuthenticAMD



---------------  S Y S T E M  ---------------

OS: Windows 8.1 , 64 bit Build 9600 

CPU:total 8 (8 cores per cpu, 1 threads per core) family 21 model 2 stepping 0, cmov, cx8, fxsr, mmx, sse, sse2, sse3, ssse3, sse4.1, sse4.2, popcnt, avx, aes, mmxext, 3dnowpref, lzcnt, sse4a, tsc, tscinvbit, tscinv

Memory: 4k page, physical 8369696k(2759928k free), swap 24098336k(10670128k free)

vm_info: Java HotSpot(TM) 64-Bit Server VM (24.71-b01) for windows-amd64 JRE (1.7.0_71-b14), built on Sep 26 2014 16:16:12 by "java_re" with unknown MS VC++:1600

time: Fri Dec 18 02:01:48 2015
elapsed time: 799 seconds

