#
# A fatal error has been detected by the Java Runtime Environment:
#
#  EXCEPTION_ACCESS_VIOLATION (0xc0000005) at pc=0x00007ff88e59fd74, pid=9144, tid=10128
#
# JRE version: Java(TM) SE Runtime Environment (8.0_66-b18) (build 1.8.0_66-b18)
# Java VM: Java HotSpot(TM) 64-Bit Server VM (25.66-b18 mixed mode windows-amd64 compressed oops)
# Problematic frame:
# C  [ntdll.dll+0x2fd74]
#
# Failed to write core dump. Minidumps are not enabled by default on client versions of Windows
#
# If you would like to submit a bug report, please visit:
#   http://bugreport.java.com/bugreport/crash.jsp
# The crash happened outside the Java Virtual Machine in native code.
# See problematic frame for where to report the bug.
#

---------------  T H R E A D  ---------------

Current thread (0x000000001987c000):  JavaThread "LWJGL Application" [_thread_in_native, id=10128, stack(0x000000001ac80000,0x000000001ad80000)]

siginfo: ExceptionCode=0xc0000005, writing address 0x0000000000000024

Registers:
RAX=0x0000000000000000, RBX=0x00007ff866e74288, RCX=0x00007ff866e74288, RDX=0xffffffffffffffff
RSP=0x000000001ad7ede0, RBP=0x000000001ad7ee49, RSI=0x0000000000000000, RDI=0x0000000000000000
R8 =0x0000000000000000, R9 =0x0000000000000000, R10=0x0000000000000000, R11=0x0000000000000246
R12=0x0000000000000000, R13=0x0000000000000000, R14=0x0000000000333000, R15=0x000000001987c000
RIP=0x00007ff88e59fd74, EFLAGS=0x0000000000010213

Top of Stack: (sp=0x000000001ad7ede0)
0x000000001ad7ede0:   ffffffffffffffff 00007ff866e74288
0x000000001ad7edf0:   00007ff88bdc133c 0000000000000000
0x000000001ad7ee00:   0000000000000000 0000000080000000
0x000000001ad7ee10:   0000000000000000 00000000fffffffa
0x000000001ad7ee20:   0000000000333000 00007ff88bdc0ee2
0x000000001ad7ee30:   0000000000000000 00007ff868c8b300
0x000000001ad7ee40:   00000000000917e2 0000000000000000
0x000000001ad7ee50:   00000000000917e2 0000000002010001
0x000000001ad7ee60:   0000dac11654c951 0000000000000001
0x000000001ad7ee70:   000000001987c000 0000000000000003
0x000000001ad7ee80:   000000007545a0fc 000000001ad7f040
0x000000001ad7ee90:   0000000000000000 00000000ffffff00
0x000000001ad7eea0:   000000001ad7ef01 00007ff88e59e94b
0x000000001ad7eeb0:   00007ff868c8b300 00007ff88be42230
0x000000001ad7eec0:   00007ff866e74288 0000000000000000
0x000000001ad7eed0:   000000001ad7f0d0 00007ff866ca2813 

Instructions: (pc=0x00007ff88e59fd74)
0x00007ff88e59fd54:   75 12 8b 43 20 48 0f ba e0 18 72 08 48 8b cb e8
0x00007ff88e59fd64:   58 51 02 00 48 8b 03 44 8b ef 48 83 f8 ff 74 03
0x00007ff88e59fd74:   ff 40 24 4c 8b 73 18 45 33 ff b8 82 03 fe 7f 8a
0x00007ff88e59fd84:   08 84 c9 74 4f 65 48 8b 04 25 60 00 00 00 f6 80 


Register to memory mapping:

RAX=0x0000000000000000 is an unknown value
RBX=0x00007ff866e74288 is an unknown value
RCX=0x00007ff866e74288 is an unknown value
RDX=0xffffffffffffffff is an unknown value
RSP=0x000000001ad7ede0 is pointing into the stack for thread: 0x000000001987c000
RBP=0x000000001ad7ee49 is pointing into the stack for thread: 0x000000001987c000
RSI=0x0000000000000000 is an unknown value
RDI=0x0000000000000000 is an unknown value
R8 =0x0000000000000000 is an unknown value
R9 =0x0000000000000000 is an unknown value
R10=0x0000000000000000 is an unknown value
R11=0x0000000000000246 is an unknown value
R12=0x0000000000000000 is an unknown value
R13=0x0000000000000000 is an unknown value
R14=0x0000000000333000 is an unknown value
R15=0x000000001987c000 is a thread


Stack: [0x000000001ac80000,0x000000001ad80000],  sp=0x000000001ad7ede0,  free space=1019k
Native frames: (J=compiled Java code, j=interpreted, Vv=VM code, C=native code)
C  [ntdll.dll+0x2fd74]
C  [ntdll.dll+0x2e94b]
C  [ltc_game64-106568.dll+0x52813]
C  [ltc_game64-106568.dll+0x52ce3]
C  [ltc_game64-106568.dll+0x718b6]
C  [lwjgl64.dll+0xabeb]
C  0x00000000026b367c

Java frames: (J=compiled Java code, j=interpreted, Vv=VM code)
J 1410  org.lwjgl.opengl.WindowsDisplay.nUpdate()V (0 bytes) @ 0x00000000026b35fe [0x00000000026b35c0+0x3e]
J 2243 C1 org.lwjgl.opengl.WindowsDisplay.update()V (106 bytes) @ 0x00000000028df3e4 [0x00000000028df360+0x84]
j  org.lwjgl.opengl.Display.processMessages()V+25
j  com.badlogic.gdx.backends.lwjgl.LwjglApplication.mainLoop()V+78
j  com.badlogic.gdx.backends.lwjgl.LwjglApplication$1.run()V+27
v  ~StubRoutines::call_stub

---------------  P R O C E S S  ---------------

Java Threads: ( => current thread )
  0x000000001b2fa000 JavaThread "LWJGL Timer" daemon [_thread_blocked, id=10036, stack(0x0000000027dd0000,0x0000000027ed0000)]
  0x00000000022de000 JavaThread "DestroyJavaVM" [_thread_blocked, id=11524, stack(0x0000000002120000,0x0000000002220000)]
=>0x000000001987c000 JavaThread "LWJGL Application" [_thread_in_native, id=10128, stack(0x000000001ac80000,0x000000001ad80000)]
  0x00000000195c5000 JavaThread "Service Thread" daemon [_thread_blocked, id=17128, stack(0x0000000019f10000,0x000000001a010000)]
  0x000000001954f000 JavaThread "C1 CompilerThread3" daemon [_thread_blocked, id=13084, stack(0x0000000019e10000,0x0000000019f10000)]
  0x000000001953d800 JavaThread "C2 CompilerThread2" daemon [_thread_blocked, id=18264, stack(0x0000000019d10000,0x0000000019e10000)]
  0x000000001953b000 JavaThread "C2 CompilerThread1" daemon [_thread_blocked, id=17988, stack(0x0000000019c10000,0x0000000019d10000)]
  0x0000000019539000 JavaThread "C2 CompilerThread0" daemon [_thread_blocked, id=14168, stack(0x0000000019b10000,0x0000000019c10000)]
  0x0000000019537000 JavaThread "Attach Listener" daemon [_thread_blocked, id=652, stack(0x0000000019a10000,0x0000000019b10000)]
  0x0000000019536000 JavaThread "Signal Dispatcher" daemon [_thread_blocked, id=11436, stack(0x0000000019910000,0x0000000019a10000)]
  0x00000000023db000 JavaThread "Finalizer" daemon [_thread_blocked, id=14824, stack(0x0000000019330000,0x0000000019430000)]
  0x000000001741d800 JavaThread "Reference Handler" daemon [_thread_blocked, id=18336, stack(0x0000000019230000,0x0000000019330000)]

Other Threads:
  0x0000000017418800 VMThread [stack: 0x0000000019130000,0x0000000019230000] [id=3796]
  0x0000000019612800 WatcherThread [stack: 0x000000001a010000,0x000000001a110000] [id=16416]

VM state:not at safepoint (normal execution)

VM Mutex/Monitor currently owned by a thread: None

Heap:
 PSYoungGen      total 24576K, used 7862K [0x00000000d5700000, 0x00000000d7180000, 0x0000000100000000)
  eden space 24064K, 32% used [0x00000000d5700000,0x00000000d5e85850,0x00000000d6e80000)
  from space 512K, 31% used [0x00000000d6e80000,0x00000000d6ea8000,0x00000000d6f00000)
  to   space 1536K, 0% used [0x00000000d7000000,0x00000000d7000000,0x00000000d7180000)
 ParOldGen       total 87552K, used 16391K [0x0000000080400000, 0x0000000085980000, 0x00000000d5700000)
  object space 87552K, 18% used [0x0000000080400000,0x0000000081401f18,0x0000000085980000)
 Metaspace       used 9865K, capacity 9927K, committed 10112K, reserved 1058816K
  class space    used 860K, capacity 883K, committed 896K, reserved 1048576K

Card table byte_map: [0x00000000117a0000,0x0000000011ba0000] byte_map_base: 0x000000001139e000

Marking Bits: (ParMarkBitMap*) 0x00000000546aa5b0
 Begin Bits: [0x0000000012650000, 0x0000000014640000)
 End Bits:   [0x0000000014640000, 0x0000000016630000)

Polling page: 0x0000000000460000

CodeCache: size=245760Kb used=8333Kb max_used=8491Kb free=237426Kb
 bounds [0x00000000023e0000, 0x0000000002c60000, 0x00000000113e0000]
 total_blobs=2316 nmethods=1783 adapters=447
 compilation: enabled

Compilation events (10 events):
Event: 594.070 Thread 0x000000001954f000 2252       3       org.lwjgl.opengl.WindowsDisplay$Rect::copyFromBuffer (37 bytes)
Event: 594.071 Thread 0x000000001954f000 nmethod 2252 0x00000000028d6890 code [0x00000000028d6a20, 0x00000000028d6eb8]
Event: 594.445 Thread 0x000000001954f000 2253   !   3       org.lwjgl.opengl.WindowsDisplay::updateClipping (97 bytes)
Event: 594.447 Thread 0x000000001954f000 nmethod 2253 0x0000000002567410 code [0x00000000025676a0, 0x00000000025687e8]
Event: 594.485 Thread 0x000000001954f000 2254   !   3       org.lwjgl.opengl.WindowsDisplay::updateCursor (69 bytes)
Event: 594.487 Thread 0x000000001954f000 nmethod 2254 0x0000000002655cd0 code [0x0000000002655f20, 0x0000000002656e98]
Event: 594.505 Thread 0x000000001954f000 2255       3       org.lwjgl.opengl.WindowsMouse::putMouseEventWithCoords (61 bytes)
Event: 594.506 Thread 0x000000001954f000 nmethod 2255 0x00000000028de290 code [0x00000000028de480, 0x00000000028decc8]
Event: 594.527 Thread 0x000000001954f000 2256       3       org.lwjgl.opengl.WindowsMouse::handleMouseMoved (109 bytes)
Event: 594.528 Thread 0x000000001954f000 nmethod 2256 0x00000000024f0910 code [0x00000000024f0aa0, 0x00000000024f0e88]

GC Heap History (10 events):
Event: 490.388 GC heap before
{Heap before GC invocations=41 (full 0):
 PSYoungGen      total 25600K, used 24192K [0x00000000d5700000, 0x00000000d7280000, 0x0000000100000000)
  eden space 24064K, 100% used [0x00000000d5700000,0x00000000d6e80000,0x00000000d6e80000)
  from space 1536K, 8% used [0x00000000d7100000,0x00000000d7120000,0x00000000d7280000)
  to   space 2048K, 0% used [0x00000000d6e80000,0x00000000d6e80000,0x00000000d7080000)
 ParOldGen       total 87552K, used 16127K [0x0000000080400000, 0x0000000085980000, 0x00000000d5700000)
  object space 87552K, 18% used [0x0000000080400000,0x00000000813bfef8,0x0000000085980000)
 Metaspace       used 9861K, capacity 9927K, committed 10112K, reserved 1058816K
  class space    used 860K, capacity 883K, committed 896K, reserved 1048576K
Event: 490.389 GC heap after
Heap after GC invocations=41 (full 0):
 PSYoungGen      total 26112K, used 64K [0x00000000d5700000, 0x00000000d7280000, 0x0000000100000000)
  eden space 24064K, 0% used [0x00000000d5700000,0x00000000d5700000,0x00000000d6e80000)
  from space 2048K, 3% used [0x00000000d6e80000,0x00000000d6e90000,0x00000000d7080000)
  to   space 2048K, 0% used [0x00000000d7080000,0x00000000d7080000,0x00000000d7280000)
 ParOldGen       total 87552K, used 16151K [0x0000000080400000, 0x0000000085980000, 0x00000000d5700000)
  object space 87552K, 18% used [0x0000000080400000,0x00000000813c5ef8,0x0000000085980000)
 Metaspace       used 9861K, capacity 9927K, committed 10112K, reserved 1058816K
  class space    used 860K, capacity 883K, committed 896K, reserved 1048576K
}
Event: 514.606 GC heap before
{Heap before GC invocations=42 (full 0):
 PSYoungGen      total 26112K, used 24128K [0x00000000d5700000, 0x00000000d7280000, 0x0000000100000000)
  eden space 24064K, 100% used [0x00000000d5700000,0x00000000d6e80000,0x00000000d6e80000)
  from space 2048K, 3% used [0x00000000d6e80000,0x00000000d6e90000,0x00000000d7080000)
  to   space 2048K, 0% used [0x00000000d7080000,0x00000000d7080000,0x00000000d7280000)
 ParOldGen       total 87552K, used 16151K [0x0000000080400000, 0x0000000085980000, 0x00000000d5700000)
  object space 87552K, 18% used [0x0000000080400000,0x00000000813c5ef8,0x0000000085980000)
 Metaspace       used 9861K, capacity 9927K, committed 10112K, reserved 1058816K
  class space    used 860K, capacity 883K, committed 896K, reserved 1048576K
Event: 514.606 GC heap after
Heap after GC invocations=42 (full 0):
 PSYoungGen      total 26112K, used 128K [0x00000000d5700000, 0x00000000d7280000, 0x0000000100000000)
  eden space 24064K, 0% used [0x00000000d5700000,0x00000000d5700000,0x00000000d6e80000)
  from space 2048K, 6% used [0x00000000d7080000,0x00000000d70a0000,0x00000000d7280000)
  to   space 2048K, 0% used [0x00000000d6e80000,0x00000000d6e80000,0x00000000d7080000)
 ParOldGen       total 87552K, used 16167K [0x0000000080400000, 0x0000000085980000, 0x00000000d5700000)
  object space 87552K, 18% used [0x0000000080400000,0x00000000813c9ef8,0x0000000085980000)
 Metaspace       used 9861K, capacity 9927K, committed 10112K, reserved 1058816K
  class space    used 860K, capacity 883K, committed 896K, reserved 1048576K
}
Event: 538.838 GC heap before
{Heap before GC invocations=43 (full 0):
 PSYoungGen      total 26112K, used 24192K [0x00000000d5700000, 0x00000000d7280000, 0x0000000100000000)
  eden space 24064K, 100% used [0x00000000d5700000,0x00000000d6e80000,0x00000000d6e80000)
  from space 2048K, 6% used [0x00000000d7080000,0x00000000d70a0000,0x00000000d7280000)
  to   space 2048K, 0% used [0x00000000d6e80000,0x00000000d6e80000,0x00000000d7080000)
 ParOldGen       total 87552K, used 16167K [0x0000000080400000, 0x0000000085980000, 0x00000000d5700000)
  object space 87552K, 18% used [0x0000000080400000,0x00000000813c9ef8,0x0000000085980000)
 Metaspace       used 9861K, capacity 9927K, committed 10112K, reserved 1058816K
  class space    used 860K, capacity 883K, committed 896K, reserved 1048576K
Event: 538.839 GC heap after
Heap after GC invocations=43 (full 0):
 PSYoungGen      total 26112K, used 0K [0x00000000d5700000, 0x00000000d7280000, 0x0000000100000000)
  eden space 24064K, 0% used [0x00000000d5700000,0x00000000d5700000,0x00000000d6e80000)
  from space 2048K, 0% used [0x00000000d6e80000,0x00000000d6e80000,0x00000000d7080000)
  to   space 2048K, 0% used [0x00000000d7080000,0x00000000d7080000,0x00000000d7280000)
 ParOldGen       total 87552K, used 16167K [0x0000000080400000, 0x0000000085980000, 0x00000000d5700000)
  object space 87552K, 18% used [0x0000000080400000,0x00000000813c9ef8,0x0000000085980000)
 Metaspace       used 9861K, capacity 9927K, committed 10112K, reserved 1058816K
  class space    used 860K, capacity 883K, committed 896K, reserved 1048576K
}
Event: 562.905 GC heap before
{Heap before GC invocations=44 (full 0):
 PSYoungGen      total 26112K, used 24064K [0x00000000d5700000, 0x00000000d7280000, 0x0000000100000000)
  eden space 24064K, 100% used [0x00000000d5700000,0x00000000d6e80000,0x00000000d6e80000)
  from space 2048K, 0% used [0x00000000d6e80000,0x00000000d6e80000,0x00000000d7080000)
  to   space 2048K, 0% used [0x00000000d7080000,0x00000000d7080000,0x00000000d7280000)
 ParOldGen       total 87552K, used 16167K [0x0000000080400000, 0x0000000085980000, 0x00000000d5700000)
  object space 87552K, 18% used [0x0000000080400000,0x00000000813c9ef8,0x0000000085980000)
 Metaspace       used 9861K, capacity 9927K, committed 10112K, reserved 1058816K
  class space    used 860K, capacity 883K, committed 896K, reserved 1048576K
Event: 562.906 GC heap after
Heap after GC invocations=44 (full 0):
 PSYoungGen      total 26112K, used 320K [0x00000000d5700000, 0x00000000d7280000, 0x0000000100000000)
  eden space 24064K, 0% used [0x00000000d5700000,0x00000000d5700000,0x00000000d6e80000)
  from space 2048K, 15% used [0x00000000d7080000,0x00000000d70d0010,0x00000000d7280000)
  to   space 2048K, 0% used [0x00000000d6e80000,0x00000000d6e80000,0x00000000d7080000)
 ParOldGen       total 87552K, used 16167K [0x0000000080400000, 0x0000000085980000, 0x00000000d5700000)
  object space 87552K, 18% used [0x0000000080400000,0x00000000813c9ef8,0x0000000085980000)
 Metaspace       used 9861K, capacity 9927K, committed 10112K, reserved 1058816K
  class space    used 860K, capacity 883K, committed 896K, reserved 1048576K
}
Event: 587.155 GC heap before
{Heap before GC invocations=45 (full 0):
 PSYoungGen      total 26112K, used 24384K [0x00000000d5700000, 0x00000000d7280000, 0x0000000100000000)
  eden space 24064K, 100% used [0x00000000d5700000,0x00000000d6e80000,0x00000000d6e80000)
  from space 2048K, 15% used [0x00000000d7080000,0x00000000d70d0010,0x00000000d7280000)
  to   space 2048K, 0% used [0x00000000d6e80000,0x00000000d6e80000,0x00000000d7080000)
 ParOldGen       total 87552K, used 16167K [0x0000000080400000, 0x0000000085980000, 0x00000000d5700000)
  object space 87552K, 18% used [0x0000000080400000,0x00000000813c9ef8,0x0000000085980000)
 Metaspace       used 9861K, capacity 9927K, committed 10112K, reserved 1058816K
  class space    used 860K, capacity 883K, committed 896K, reserved 1048576K
Event: 587.156 GC heap after
Heap after GC invocations=45 (full 0):
 PSYoungGen      total 24576K, used 160K [0x00000000d5700000, 0x00000000d7180000, 0x0000000100000000)
  eden space 24064K, 0% used [0x00000000d5700000,0x00000000d5700000,0x00000000d6e80000)
  from space 512K, 31% used [0x00000000d6e80000,0x00000000d6ea8000,0x00000000d6f00000)
  to   space 1536K, 0% used [0x00000000d7000000,0x00000000d7000000,0x00000000d7180000)
 ParOldGen       total 87552K, used 16391K [0x0000000080400000, 0x0000000085980000, 0x00000000d5700000)
  object space 87552K, 18% used [0x0000000080400000,0x0000000081401f18,0x0000000085980000)
 Metaspace       used 9861K, capacity 9927K, committed 10112K, reserved 1058816K
  class space    used 860K, capacity 883K, committed 896K, reserved 1048576K
}

Deoptimization events (10 events):
Event: 243.142 Thread 0x000000001987c000 Uncommon trap: reason=unstable_if action=reinterpret pc=0x0000000002bfda3c method=main.Main.update(F)V @ 303
Event: 252.021 Thread 0x000000001987c000 Uncommon trap: reason=unstable_if action=reinterpret pc=0x0000000002c1cc34 method=main.Main.handleInput()V @ 1358
Event: 360.489 Thread 0x000000001987c000 Uncommon trap: reason=unstable_if action=reinterpret pc=0x0000000002a3a314 method=com.badlogic.gdx.backends.lwjgl.audio.OpenALMusic.isPlaying()Z @ 17
Event: 408.709 Thread 0x000000001987c000 Uncommon trap: reason=unstable_if action=reinterpret pc=0x000000000298e19c method=org.lwjgl.opengl.WindowsDisplay.update()V @ 7
Event: 408.718 Thread 0x000000001987c000 Uncommon trap: reason=unstable_if action=reinterpret pc=0x000000000274fad4 method=org.lwjgl.opengl.WindowsDisplay.isVisible()Z @ 4
Event: 408.738 Thread 0x000000001987c000 Uncommon trap: reason=unstable_if action=reinterpret pc=0x00000000029b1504 method=org.lwjgl.opengl.WindowsDisplay.update()V @ 7
Event: 408.739 Thread 0x000000001987c000 Uncommon trap: reason=unstable_if action=reinterpret pc=0x0000000002abee94 method=org.lwjgl.opengl.WindowsDisplay.isVisible()Z @ 4
Event: 408.740 Thread 0x000000001987c000 Uncommon trap: reason=unstable_if action=reinterpret pc=0x0000000002542294 method=org.lwjgl.opengl.Sync.sync(I)V @ 30
Event: 543.988 Thread 0x000000001987c000 Uncommon trap: reason=unstable_if action=reinterpret pc=0x00000000028a2234 method=com.badlogic.gdx.backends.lwjgl.audio.Mp3$Music.read([B)I @ 4
Event: 593.963 Thread 0x000000001987c000 Uncommon trap: reason=unstable_if action=reinterpret pc=0x00000000027d6408 method=org.lwjgl.opengl.WindowsDisplay.update()V @ 40

Internal exceptions (10 events):
Event: 391.451 Thread 0x000000001987c000 Exception <a 'java/lang/NullPointerException'> (0x00000000d654a6d0) thrown at [C:\re\workspace\8-2-build-windows-amd64-cygwin\jdk8u66\5298\hotspot\src\share\vm\interpreter\linkResolver.cpp, line 1178]
Event: 391.451 Thread 0x000000001987c000 Exception <a 'java/lang/NullPointerException'> (0x00000000d654a980) thrown at [C:\re\workspace\8-2-build-windows-amd64-cygwin\jdk8u66\5298\hotspot\src\share\vm\interpreter\linkResolver.cpp, line 1178]
Event: 392.251 Thread 0x000000001987c000 Exception <a 'java/lang/NullPointerException'> (0x00000000d684ba90) thrown at [C:\re\workspace\8-2-build-windows-amd64-cygwin\jdk8u66\5298\hotspot\src\share\vm\interpreter\linkResolver.cpp, line 1178]
Event: 392.251 Thread 0x000000001987c000 Exception <a 'java/lang/NullPointerException'> (0x00000000d684bd40) thrown at [C:\re\workspace\8-2-build-windows-amd64-cygwin\jdk8u66\5298\hotspot\src\share\vm\interpreter\linkResolver.cpp, line 1178]
Event: 393.291 Thread 0x000000001987c000 Exception <a 'java/lang/NullPointerException'> (0x00000000d6c2fb80) thrown at [C:\re\workspace\8-2-build-windows-amd64-cygwin\jdk8u66\5298\hotspot\src\share\vm\interpreter\linkResolver.cpp, line 1178]
Event: 393.291 Thread 0x000000001987c000 Exception <a 'java/lang/NullPointerException'> (0x00000000d6c2fe30) thrown at [C:\re\workspace\8-2-build-windows-amd64-cygwin\jdk8u66\5298\hotspot\src\share\vm\interpreter\linkResolver.cpp, line 1178]
Event: 393.691 Thread 0x000000001987c000 Exception <a 'java/lang/NullPointerException'> (0x00000000d6e6bdd0) thrown at [C:\re\workspace\8-2-build-windows-amd64-cygwin\jdk8u66\5298\hotspot\src\share\vm\interpreter\linkResolver.cpp, line 1178]
Event: 393.691 Thread 0x000000001987c000 Exception <a 'java/lang/NullPointerException'> (0x00000000d6e6c080) thrown at [C:\re\workspace\8-2-build-windows-amd64-cygwin\jdk8u66\5298\hotspot\src\share\vm\interpreter\linkResolver.cpp, line 1178]
Event: 394.391 Thread 0x000000001987c000 Exception <a 'java/lang/NullPointerException'> (0x00000000d58909e0) thrown at [C:\re\workspace\8-2-build-windows-amd64-cygwin\jdk8u66\5298\hotspot\src\share\vm\interpreter\linkResolver.cpp, line 1178]
Event: 394.391 Thread 0x000000001987c000 Exception <a 'java/lang/NullPointerException'> (0x00000000d5890c90) thrown at [C:\re\workspace\8-2-build-windows-amd64-cygwin\jdk8u66\5298\hotspot\src\share\vm\interpreter\linkResolver.cpp, line 1178]

Events (10 events):
Event: 594.447 Thread 0x000000001954f000 flushing nmethod 0x000000000267a790
Event: 594.487 Thread 0x000000001954f000 flushing nmethod 0x0000000002685090
Event: 594.487 Thread 0x000000001954f000 flushing nmethod 0x0000000002691c50
Event: 594.506 Thread 0x000000001954f000 flushing nmethod 0x00000000026d5910
Event: 594.506 Thread 0x000000001954f000 flushing nmethod 0x00000000026e5ed0
Event: 594.507 Thread 0x000000001954f000 flushing nmethod 0x0000000002756ad0
Event: 594.528 Thread 0x000000001954f000 flushing nmethod 0x0000000002766610
Event: 594.528 Thread 0x000000001954f000 flushing nmethod 0x00000000027a0610
Event: 594.528 Thread 0x000000001954f000 flushing nmethod 0x00000000027b9190
Event: 594.528 Thread 0x000000001954f000 flushing nmethod 0x00000000027bc290


Dynamic libraries:
0x00007ff751f80000 - 0x00007ff751fb7000 	C:\Program Files\Java\jre1.8.0_66\bin\javaw.exe
0x00007ff88e570000 - 0x00007ff88e731000 	C:\WINDOWS\SYSTEM32\ntdll.dll
0x00007ff88c1d0000 - 0x00007ff88c27d000 	C:\WINDOWS\system32\KERNEL32.DLL
0x00007ff88b680000 - 0x00007ff88b868000 	C:\WINDOWS\system32\KERNELBASE.dll
0x00007ff88dc10000 - 0x00007ff88dcb7000 	C:\WINDOWS\system32\ADVAPI32.dll
0x00007ff88c030000 - 0x00007ff88c0cd000 	C:\WINDOWS\system32\msvcrt.dll
0x00007ff88c280000 - 0x00007ff88c2db000 	C:\WINDOWS\system32\sechost.dll
0x00007ff88e0a0000 - 0x00007ff88e1bc000 	C:\WINDOWS\system32\RPCRT4.dll
0x00007ff88bdb0000 - 0x00007ff88bf06000 	C:\WINDOWS\system32\USER32.dll
0x00007ff88da80000 - 0x00007ff88dc06000 	C:\WINDOWS\system32\GDI32.dll
0x00007ff87bac0000 - 0x00007ff87bd34000 	C:\WINDOWS\WinSxS\amd64_microsoft.windows.common-controls_6595b64144ccf1df_6.0.10586.0_none_8c15ae12515e1c22\COMCTL32.dll
0x00007ff88de20000 - 0x00007ff88e09d000 	C:\WINDOWS\system32\combase.dll
0x00007ff88b870000 - 0x00007ff88b8da000 	C:\WINDOWS\system32\bcryptPrimitives.dll
0x00007ff88bf20000 - 0x00007ff88bf5b000 	C:\WINDOWS\system32\IMM32.DLL
0x0000000058ad0000 - 0x0000000058ba2000 	C:\Program Files\Java\jre1.8.0_66\bin\msvcr100.dll
0x0000000053ea0000 - 0x0000000054729000 	C:\Program Files\Java\jre1.8.0_66\bin\server\jvm.dll
0x00007ff88c160000 - 0x00007ff88c168000 	C:\WINDOWS\system32\PSAPI.DLL
0x00007ff887c10000 - 0x00007ff887c19000 	C:\WINDOWS\SYSTEM32\WSOCK32.dll
0x00007ff888ea0000 - 0x00007ff888ec3000 	C:\WINDOWS\SYSTEM32\WINMM.dll
0x00007ff8834b0000 - 0x00007ff8834ba000 	C:\WINDOWS\SYSTEM32\VERSION.dll
0x00007ff88c0d0000 - 0x00007ff88c13b000 	C:\WINDOWS\system32\WS2_32.dll
0x00007ff888e40000 - 0x00007ff888e6c000 	C:\WINDOWS\SYSTEM32\WINMMBASE.dll
0x00007ff88aec0000 - 0x00007ff88af03000 	C:\WINDOWS\system32\cfgmgr32.dll
0x0000000057db0000 - 0x0000000057dbf000 	C:\Program Files\Java\jre1.8.0_66\bin\verify.dll
0x0000000057d80000 - 0x0000000057da9000 	C:\Program Files\Java\jre1.8.0_66\bin\java.dll
0x0000000057d60000 - 0x0000000057d76000 	C:\Program Files\Java\jre1.8.0_66\bin\zip.dll
0x00007ff88c520000 - 0x00007ff88da7c000 	C:\WINDOWS\system32\SHELL32.dll
0x00007ff88af70000 - 0x00007ff88b5b5000 	C:\WINDOWS\system32\windows.storage.dll
0x00007ff88c4c0000 - 0x00007ff88c512000 	C:\WINDOWS\system32\shlwapi.dll
0x00007ff88ac00000 - 0x00007ff88ac0f000 	C:\WINDOWS\system32\kernel.appcore.dll
0x00007ff88b5c0000 - 0x00007ff88b675000 	C:\WINDOWS\system32\shcore.dll
0x00007ff88abb0000 - 0x00007ff88abfb000 	C:\WINDOWS\system32\powrprof.dll
0x00007ff88ab90000 - 0x00007ff88aba4000 	C:\WINDOWS\system32\profapi.dll
0x0000000065580000 - 0x000000006561b000 	C:\Users\Jay\AppData\Local\Temp\libgdxJay\3fcab39a\gdx64.dll
0x00007ff88a510000 - 0x00007ff88a527000 	C:\WINDOWS\SYSTEM32\CRYPTSP.dll
0x00007ff88a1a0000 - 0x00007ff88a1d4000 	C:\WINDOWS\system32\rsaenh.dll
0x00007ff88aac0000 - 0x00007ff88aae9000 	C:\WINDOWS\SYSTEM32\bcrypt.dll
0x00007ff88a2f0000 - 0x00007ff88a30f000 	C:\WINDOWS\SYSTEM32\USERENV.dll
0x00007ff88a630000 - 0x00007ff88a63b000 	C:\WINDOWS\SYSTEM32\CRYPTBASE.dll
0x0000000057d40000 - 0x0000000057d5a000 	C:\Program Files\Java\jre1.8.0_66\bin\net.dll
0x00007ff88a460000 - 0x00007ff88a4bc000 	C:\WINDOWS\system32\mswsock.dll
0x00007ff887020000 - 0x00007ff887058000 	C:\WINDOWS\SYSTEM32\IPHLPAPI.DLL
0x00007ff88b970000 - 0x00007ff88b978000 	C:\WINDOWS\system32\NSI.dll
0x00007ff886c40000 - 0x00007ff886c56000 	C:\WINDOWS\SYSTEM32\dhcpcsvc6.DLL
0x00007ff886d10000 - 0x00007ff886d2a000 	C:\WINDOWS\SYSTEM32\dhcpcsvc.DLL
0x0000000057d20000 - 0x0000000057d31000 	C:\Program Files\Java\jre1.8.0_66\bin\nio.dll
0x0000000180000000 - 0x0000000180051000 	C:\Users\Jay\AppData\Local\Temp\libgdxJay\ccd07a7a\lwjgl64.dll
0x00007ff868c50000 - 0x00007ff868d79000 	C:\WINDOWS\SYSTEM32\OPENGL32.dll
0x00007ff87d6f0000 - 0x00007ff87d71e000 	C:\WINDOWS\SYSTEM32\GLU32.dll
0x00007ff8703a0000 - 0x00007ff87049a000 	C:\WINDOWS\SYSTEM32\DDRAW.dll
0x00007ff87a250000 - 0x00007ff87a258000 	C:\WINDOWS\SYSTEM32\DCIMAN32.dll
0x000000001a450000 - 0x000000001a4b4000 	C:\Users\Jay\AppData\Local\Temp\libgdxJay\ccd07a7a\OpenAL64.dll
0x00007ff88e370000 - 0x00007ff88e4b3000 	C:\WINDOWS\system32\ole32.dll
0x00007ff889510000 - 0x00007ff8895a6000 	C:\WINDOWS\system32\uxtheme.dll
0x00007ff870660000 - 0x00007ff870688000 	C:\Program Files (x86)\Raptr\ltc_help64-106568.dll
0x00007ff88af10000 - 0x00007ff88af65000 	C:\WINDOWS\system32\WINTRUST.dll
0x00007ff88ac10000 - 0x00007ff88ac20000 	C:\WINDOWS\system32\MSASN1.dll
0x00007ff88acd0000 - 0x00007ff88ae97000 	C:\WINDOWS\system32\CRYPT32.dll
0x00007ff88e4c0000 - 0x00007ff88e567000 	C:\WINDOWS\system32\clbcatq.dll
0x00007ff888770000 - 0x00007ff8888f6000 	C:\WINDOWS\System32\PROPSYS.dll
0x00007ff88bf60000 - 0x00007ff88c021000 	C:\WINDOWS\system32\OLEAUT32.dll
0x00007ff8695d0000 - 0x00007ff86966c000 	C:\WINDOWS\SYSTEM32\dsound.dll
0x00007ff886a70000 - 0x00007ff886ae0000 	C:\WINDOWS\System32\MMDevApi.dll
0x00007ff8895b0000 - 0x00007ff8895d7000 	C:\WINDOWS\System32\DEVOBJ.dll
0x00007ff86e150000 - 0x00007ff86e1d8000 	C:\WINDOWS\SYSTEM32\AUDIOSES.DLL
0x00007ff882330000 - 0x00007ff882466000 	C:\WINDOWS\SYSTEM32\wintypes.dll
0x00007ff88dcc0000 - 0x00007ff88de1a000 	C:\WINDOWS\system32\MSCTF.dll
0x00007ff888ae0000 - 0x00007ff888b02000 	C:\WINDOWS\system32\dwmapi.dll
0x00007ff880190000 - 0x00007ff8801a8000 	C:\WINDOWS\SYSTEM32\atig6pxx.dll
0x0000000052000000 - 0x0000000053e97000 	C:\WINDOWS\SYSTEM32\atio6axx.dll
0x00007ff88b980000 - 0x00007ff88bda9000 	C:\WINDOWS\system32\SETUPAPI.dll
0x00007ff86b020000 - 0x00007ff86b168000 	C:\WINDOWS\SYSTEM32\atiadlxx.dll
0x00007ff888ac0000 - 0x00007ff888ad3000 	C:\WINDOWS\SYSTEM32\WTSAPI32.dll
0x00007ff879610000 - 0x00007ff87963c000 	C:\WINDOWS\SYSTEM32\atig6txx.dll
0x00007ff87b540000 - 0x00007ff87b5d1000 	C:\WINDOWS\SYSTEM32\mscms.dll
0x00007ff87b0b0000 - 0x00007ff87b0f2000 	C:\WINDOWS\SYSTEM32\icm32.dll
0x0000000066bc0000 - 0x0000000066c7b000 	C:\Users\Jay\AppData\Local\Temp\libgdxJay\d6d72896\gdx-box2d64.dll
0x00007ff88c140000 - 0x00007ff88c15c000 	C:\WINDOWS\system32\imagehlp.dll
0x00007ff889b90000 - 0x00007ff889bb4000 	C:\WINDOWS\SYSTEM32\gpapi.dll
0x00007ff87a340000 - 0x00007ff87a36f000 	C:\Windows\System32\cryptnet.dll
0x00007ff887680000 - 0x00007ff88768b000 	C:\WINDOWS\SYSTEM32\WINNSI.DLL
0x00007ff866c50000 - 0x00007ff866e98000 	C:\PROGRA~2\Raptr\ltc_game64-106568.dll
0x00007ff86f110000 - 0x00007ff86f21d000 	C:\WINDOWS\SYSTEM32\mfplat.DLL
0x00007ff86f0e0000 - 0x00007ff86f10b000 	C:\WINDOWS\SYSTEM32\RTWorkQ.DLL
0x00007ff887da0000 - 0x00007ff887e42000 	C:\WINDOWS\SYSTEM32\dxgi.DLL
0x00007ff887e50000 - 0x00007ff8880f8000 	C:\WINDOWS\SYSTEM32\d3d11.DLL
0x00007ff8834c0000 - 0x00007ff88362f000 	C:\WINDOWS\SYSTEM32\aticfx64.dll
0x00007ff882140000 - 0x00007ff882168000 	C:\WINDOWS\SYSTEM32\atiuxp64.dll
0x00007ff8814b0000 - 0x00007ff882138000 	C:\WINDOWS\SYSTEM32\atidxx64.dll
0x00007ff884b50000 - 0x00007ff884b66000 	C:\WINDOWS\SYSTEM32\OpenCL.dll
0x00007ff850090000 - 0x00007ff853074000 	C:\WINDOWS\SYSTEM32\amdocl64.dll
0x00007ff887a80000 - 0x00007ff887c0c000 	C:\WINDOWS\SYSTEM32\dbghelp.dll
0x00007ff85b7e0000 - 0x00007ff85d2a8000 	C:\WINDOWS\SYSTEM32\amdocl12cl64.dll
0x00007ff883710000 - 0x00007ff88371b000 	C:\WINDOWS\SYSTEM32\Avrt.dll

VM Arguments:
jvm_args: -Dfile.encoding=Cp1252 
java_command: main.AftamathDesktop
java_class_path (initial): C:\Users\Jay\Documents\GitHub\Aftamath\Aftamath\bin;C:\Users\Jay\Documents\GitHub\Aftamath\Aftamath\libs\box2dlights-1.2.jar;C:\Users\Jay\Documents\GitHub\Aftamath\Aftamath\libs\gdx-1.3.1.jar;C:\Users\Jay\Documents\GitHub\Aftamath\Aftamath\libs\gdx-backend-lwjgl-1.3.1.jar;C:\Users\Jay\Documents\GitHub\Aftamath\Aftamath\libs\gdx-box2d-1.3.1.jar;C:\Users\Jay\Documents\GitHub\Aftamath\Aftamath\libs\gdx-box2d-platform-1.3.1-natives-desktop.jar;C:\Users\Jay\Documents\GitHub\Aftamath\Aftamath\libs\gdx-controllers-1.3.1.jar;C:\Users\Jay\Documents\GitHub\Aftamath\Aftamath\libs\gdx-controllers-desktop-1.3.1.jar;C:\Users\Jay\Documents\GitHub\Aftamath\Aftamath\libs\gdx-controllers-platform-1.3.1-natives-desktop.jar;C:\Users\Jay\Documents\GitHub\Aftamath\Aftamath\libs\gdx-platform-1.3.1-natives-desktop.jar;C:\Users\Jay\Documents\GitHub\Aftamath\Aftamath\libs\jinput-2.0.5.jar;C:\Users\Jay\Documents\GitHub\Aftamath\Aftamath\libs\jinput-platform-2.0.5-natives-linux.jar;C:\Users\Jay\Documents\GitHub\Aftamath\Aftamath\libs\jinput-platform-2.0.5-natives-osx.jar;C:\Users\Jay\Documents\GitHub\Aftamath\Aftamath\libs\jinput-platform-2.0.5-natives-windows.jar;C:\Users\Jay\Documents\GitHub\Aftamath\Aftamath\libs\jlayer-1.0.1-gdx.jar;C:\Users\Jay\Documents\GitHub\Aftamath\Aftamath\libs\jorbis-0.0.17.jar;C:\Users\Jay\Documents\GitHub\Aftamath\Aftamath\libs\jutils-1.0.0.jar;C:\Users\Jay\Documents\GitHub\Aftamath\Aftamath\libs\lwjgl_util-2.9.1.jar;C:\Users\Jay\Documents\GitHub\Aftamath\Aftamath\libs\lwjgl-2.9.1.jar;C:\Users\Jay\Documents\GitHub\Aftamath\Aftamath\libs\lwjgl-platform-2.9.1-natives-linux.jar;C:\Users\Jay\Documents\GitHub\Aftamath\Aftamath\libs\lwjgl-platform-2.9.1-natives-osx.jar;C:\Users\Jay\Documents\GitHub\Aftamath\Aftamath\libs\lwjgl-platform-2.9.1-natives-windows.jar
Launcher Type: SUN_STANDARD

Environment Variables:
JAVA_HOME=C:\Program Files (x86)\Java\jdk1.8.0_25
PATH=C:/Program Files/Java/jre1.8.0_66/bin/server;C:/Program Files/Java/jre1.8.0_66/bin;C:/Program Files/Java/jre1.8.0_66/lib/amd64;C:\ProgramData\Oracle\Java\javapath;C:\Program Files (x86)\NVIDIA Corporation\PhysX\Common;C:\Windows\system32;C:\Windows;C:\Windows\System32\Wbem;C:\Windows\System32\WindowsPowerShell\v1.0\;C:\Program Files (x86)\ATI Technologies\ATI.ACE\Core-Static;C:\Program Files (x86)\Windows Live\Shared;C:\Program Files (x86)\QuickTime\QTSystem\;C:\Users\Jay\AppData\Local\Smartbar\Application\;C:\WINDOWS\system32;C:\WINDOWS;C:\WINDOWS\System32\Wbem;C:\WINDOWS\System32\WindowsPowerShell\v1.0\;C:\Program Files (x86)\Skype\Phone\;C:\Program Files (x86)\AMD\ATI.ACE\Core-Static;C:\Users\Jay\Downloads\Programming\eclipse-java-luna-SR2-win32-x86_64\eclipse;
USERNAME=Jay
OS=Windows_NT
PROCESSOR_IDENTIFIER=AMD64 Family 21 Model 2 Stepping 0, AuthenticAMD



---------------  S Y S T E M  ---------------

OS: Windows 10.0 , 64 bit Build 10586 (10.0.10586.0)

CPU:total 8 (8 cores per cpu, 1 threads per core) family 21 model 2 stepping 0, cmov, cx8, fxsr, mmx, sse, sse2, sse3, ssse3, sse4.1, sse4.2, popcnt, avx, aes, clmul, mmxext, 3dnowpref, lzcnt, sse4a, tsc, tscinvbit, tscinv, bmi1

Memory: 4k page, physical 8369696k(3780876k free), swap 20942508k(6916512k free)

vm_info: Java HotSpot(TM) 64-Bit Server VM (25.66-b18) for windows-amd64 JRE (1.8.0_66-b18), built on Nov  9 2015 10:51:13 by "java_re" with MS VC++ 10.0 (VS2010)

time: Fri Mar 04 12:54:50 2016
elapsed time: 594 seconds (0d 0h 9m 54s)

