#
# A fatal error has been detected by the Java Runtime Environment:
#
#  EXCEPTION_ACCESS_VIOLATION (0xc0000005) at pc=0x00007ff8aba92224, pid=13376, tid=3812
#
# JRE version: Java(TM) SE Runtime Environment (7.0_71-b14) (build 1.7.0_71-b14)
# Java VM: Java HotSpot(TM) 64-Bit Server VM (24.71-b01 mixed mode windows-amd64 compressed oops)
# Problematic frame:
# C  [OPENGL32.dll+0xe2224]
#
# Failed to write core dump. Minidumps are not enabled by default on client versions of Windows
#
# If you would like to submit a bug report, please visit:
#   http://bugreport.sun.com/bugreport/crash.jsp
#

---------------  T H R E A D  ---------------

Current thread (0x000000000abd6800):  VMThread [stack: 0x000000000c8e0000,0x000000000c9e0000] [id=3812]

siginfo: ExceptionCode=0xc0000005, reading address 0x0000000000000a38

Registers:
RAX=0x0000000000000000, RBX=0x0000000016712c20, RCX=0x0000000000000001, RDX=0x0000000016712c28
RSP=0x000000000c9df148, RBP=0x0000000000000000, RSI=0x0000000016715db0, RDI=0x0000000016715db0
R8 =0x000000000c9df1c8, R9 =0x00000000022d63d0, R10=0x0000000000000000, R11=0x0000000000000246
R12=0x0000000000000000, R13=0x0000000016507760, R14=0x0000000016507610, R15=0x0000000000000000
RIP=0x00007ff8aba92224, EFLAGS=0x0000000000010287

Top of Stack: (sp=0x000000000c9df148)
0x000000000c9df148:   00007ff89be4244b 0000000016507760
0x000000000c9df158:   0000000000000001 0000000016500000
0x000000000c9df168:   00007ff8dd6007d9 0000000000000000
0x000000000c9df178:   00007ff89be47f17 0000000000000000
0x000000000c9df188:   0000000000000000 0000000016507740
0x000000000c9df198:   00007ff89be47283 fffffffffffffffe
0x000000000c9df1a8:   000000000c9df210 0000000000000000
0x000000000c9df1b8:   00007ff89be487c9 0000000016715db0
0x000000000c9df1c8:   0000000016716e00 00000000022d63d0
0x000000000c9df1d8:   00007ff89bec5700 fffffffffffffffe
0x000000000c9df1e8:   0000000016509c60 0000000000000001
0x000000000c9df1f8:   0000000016507738 0000000016507610
0x000000000c9df208:   00007ff89becd7ad 00007ff89c0065b0
0x000000000c9df218:   00007ff89bf31930 00000000022d63d0
0x000000000c9df228:   00007ff8dd6007d9 0000000016507738
0x000000000c9df238:   0000000016507610 0000000016507610 

Instructions: (pc=0x00007ff8aba92224)
0x00007ff8aba92204:   cc cc cc cc cc cc 66 0f 1f 44 00 00 8b 05 f2 7d
0x00007ff8aba92214:   01 00 83 f8 40 73 0f 65 48 8b 04 c5 80 14 00 00
0x00007ff8aba92224:   ff a0 38 0a 00 00 b8 47 01 00 00 e9 ec d4 ff ff
0x00007ff8aba92234:   cc cc cc cc cc cc 66 0f 1f 44 00 00 8b 05 c2 7d 


Register to memory mapping:

RAX=0x0000000000000000 is an unknown value
RBX=0x0000000016712c20 is an unknown value
RCX=0x0000000000000001 is an unknown value
RDX=0x0000000016712c28 is an unknown value
RSP=0x000000000c9df148 is an unknown value
RBP=0x0000000000000000 is an unknown value
RSI=0x0000000016715db0 is an unknown value
RDI=0x0000000016715db0 is an unknown value
R8 =0x000000000c9df1c8 is an unknown value
R9 =0x00000000022d63d0 is an unknown value
R10=0x0000000000000000 is an unknown value
R11=0x0000000000000246 is an unknown value
R12=0x0000000000000000 is an unknown value
R13=0x0000000016507760 is an unknown value
R14=0x0000000016507610 is an unknown value
R15=0x0000000000000000 is an unknown value


Stack: [0x000000000c8e0000,0x000000000c9e0000],  sp=0x000000000c9df148,  free space=1020k
Native frames: (J=compiled Java code, j=interpreted, Vv=VM code, C=native code)
C  [OPENGL32.dll+0xe2224]

[error occurred during error reporting (printing native stack), id 0xc0000005]

VM_Operation (0x000000000e33edd0): Exit, mode: safepoint, requested by thread 0x000000000ce96800


---------------  P R O C E S S  ---------------

Java Threads: ( => current thread )
  0x000000000ce9f800 JavaThread "LWJGL Timer" daemon [_thread_blocked, id=13512, stack(0x0000000010e70000,0x0000000010f70000)]
  0x00000000022ad800 JavaThread "DestroyJavaVM" [_thread_blocked, id=13796, stack(0x0000000002190000,0x0000000002290000)]
  0x000000000ce96800 JavaThread "LWJGL Application" [_thread_blocked, id=12980, stack(0x000000000e240000,0x000000000e340000)]
  0x00000000023a8800 JavaThread "Service Thread" daemon [_thread_blocked, id=4668, stack(0x000000000d3e0000,0x000000000d4e0000)]
  0x00000000023a7000 JavaThread "C2 CompilerThread1" daemon [_thread_blocked, id=11712, stack(0x000000000d2e0000,0x000000000d3e0000)]
  0x00000000023a5800 JavaThread "C2 CompilerThread0" daemon [_thread_blocked, id=12704, stack(0x000000000d1e0000,0x000000000d2e0000)]
  0x000000000cc01800 JavaThread "Attach Listener" daemon [_thread_blocked, id=14328, stack(0x000000000d0e0000,0x000000000d1e0000)]
  0x000000000cc00800 JavaThread "Signal Dispatcher" daemon [_thread_blocked, id=12812, stack(0x000000000cfe0000,0x000000000d0e0000)]
  0x000000000abe1800 JavaThread "Finalizer" daemon [_thread_blocked, id=6328, stack(0x000000000cae0000,0x000000000cbe0000)]
  0x000000000abda800 JavaThread "Reference Handler" daemon [_thread_blocked, id=5316, stack(0x000000000c9e0000,0x000000000cae0000)]

Other Threads:
=>0x000000000abd6800 VMThread [stack: 0x000000000c8e0000,0x000000000c9e0000] [id=3812]

VM state:at safepoint (shutting down)

VM Mutex/Monitor currently owned by a thread:  ([mutex/lock_event])
[0x00000000022ad230] Threads_lock - owner thread: 0x000000000abd6800

Heap
 PSYoungGen      total 29696K, used 10464K [0x00000007d5680000, 0x00000007d9e00000, 0x0000000800000000)
  eden space 29184K, 34% used [0x00000007d5680000,0x00000007d6068260,0x00000007d7300000)
  from space 512K, 62% used [0x00000007d7380000,0x00000007d73d0010,0x00000007d7400000)
  to   space 22016K, 0% used [0x00000007d8880000,0x00000007d8880000,0x00000007d9e00000)
 ParOldGen       total 87040K, used 33340K [0x0000000780400000, 0x0000000785900000, 0x00000007d5680000)
  object space 87040K, 38% used [0x0000000780400000,0x000000078248f2a8,0x0000000785900000)
 PSPermGen       total 21504K, used 8812K [0x000000077b200000, 0x000000077c700000, 0x0000000780400000)
  object space 21504K, 40% used [0x000000077b200000,0x000000077ba9b358,0x000000077c700000)

Card table byte_map: [0x0000000005470000,0x00000000058a0000] byte_map_base: 0x0000000001897000

Polling page: 0x0000000000420000

Code Cache  [0x00000000023b0000, 0x0000000002620000, 0x00000000053b0000)
 total_blobs=1018 nmethods=549 adapters=422 free_code_cache=46947Kb largest_free_block=48012416

Compilation events (10 events):
Event: 293.326 Thread 0x00000000023a5800  553             java.lang.Integer::parseInt (7 bytes)
Event: 293.327 Thread 0x00000000023a5800 nmethod 553 0x00000000025864d0 code [0x0000000002586620, 0x0000000002586688]
Event: 301.905 Thread 0x00000000023a7000  554 % !         com.badlogic.gdx.backends.lwjgl.LwjglApplication::mainLoop @ 71 (797 bytes)
Event: 301.970 Thread 0x00000000023a7000 nmethod 554% 0x00000000025e0a90 code [0x00000000025e0f00, 0x00000000025e3da8]
Event: 303.965 Thread 0x00000000023a5800  556             com.badlogic.gdx.maps.tiled.renderers.BatchTiledMapRenderer::setView (66 bytes)
Event: 303.970 Thread 0x00000000023a5800 nmethod 556 0x00000000025a9250 code [0x00000000025a93e0, 0x00000000025a9658]
Event: 358.151 Thread 0x00000000023a7000  557             java.util.Arrays::copyOf (19 bytes)
Event: 358.154 Thread 0x00000000023a7000 nmethod 557 0x000000000258f110 code [0x000000000258f260, 0x000000000258f418]
Event: 403.574 Thread 0x00000000023a5800  558             sun.misc.MetaIndex::mayContain (51 bytes)
Event: 403.581 Thread 0x00000000023a5800 nmethod 558 0x00000000025a8c10 code [0x00000000025a8d60, 0x00000000025a8fe8]

GC Heap History (10 events):
Event: 279.564 GC heap before
{Heap before GC invocations=9 (full 0):
 PSYoungGen      total 56320K, used 31936K [0x00000007d5680000, 0x00000007da780000, 0x0000000800000000)
  eden space 31744K, 100% used [0x00000007d5680000,0x00000007d7580000,0x00000007d7580000)
  from space 24576K, 0% used [0x00000007d8f80000,0x00000007d8fb0000,0x00000007da780000)
  to   space 25600K, 0% used [0x00000007d7580000,0x00000007d7580000,0x00000007d8e80000)
 ParOldGen       total 87040K, used 33188K [0x0000000780400000, 0x0000000785900000, 0x00000007d5680000)
  object space 87040K, 38% used [0x0000000780400000,0x00000007824692a8,0x0000000785900000)
 PSPermGen       total 21504K, used 8783K [0x000000077b200000, 0x000000077c700000, 0x0000000780400000)
  object space 21504K, 40% used [0x000000077b200000,0x000000077ba93e78,0x000000077c700000)
Event: 279.566 GC heap after
Heap after GC invocations=9 (full 0):
 PSYoungGen      total 31744K, used 224K [0x00000007d5680000, 0x00000007da600000, 0x0000000800000000)
  eden space 31232K, 0% used [0x00000007d5680000,0x00000007d5680000,0x00000007d7500000)
  from space 512K, 43% used [0x00000007d7580000,0x00000007d75b8000,0x00000007d7600000)
  to   space 25088K, 0% used [0x00000007d8d80000,0x00000007d8d80000,0x00000007da600000)
 ParOldGen       total 87040K, used 33228K [0x0000000780400000, 0x0000000785900000, 0x00000007d5680000)
  object space 87040K, 38% used [0x0000000780400000,0x00000007824732a8,0x0000000785900000)
 PSPermGen       total 21504K, used 8783K [0x000000077b200000, 0x000000077c700000, 0x0000000780400000)
  object space 21504K, 40% used [0x000000077b200000,0x000000077ba93e78,0x000000077c700000)
}
Event: 316.907 GC heap before
{Heap before GC invocations=10 (full 0):
 PSYoungGen      total 31744K, used 31456K [0x00000007d5680000, 0x00000007da600000, 0x0000000800000000)
  eden space 31232K, 100% used [0x00000007d5680000,0x00000007d7500000,0x00000007d7500000)
  from space 512K, 43% used [0x00000007d7580000,0x00000007d75b8000,0x00000007d7600000)
  to   space 25088K, 0% used [0x00000007d8d80000,0x00000007d8d80000,0x00000007da600000)
 ParOldGen       total 87040K, used 33228K [0x0000000780400000, 0x0000000785900000, 0x00000007d5680000)
  object space 87040K, 38% used [0x0000000780400000,0x00000007824732a8,0x0000000785900000)
 PSPermGen       total 21504K, used 8783K [0x000000077b200000, 0x000000077c700000, 0x0000000780400000)
  object space 21504K, 40% used [0x000000077b200000,0x000000077ba93e78,0x000000077c700000)
Event: 316.909 GC heap after
Heap after GC invocations=10 (full 0):
 PSYoungGen      total 54272K, used 352K [0x00000007d5680000, 0x00000007da480000, 0x0000000800000000)
  eden space 30720K, 0% used [0x00000007d5680000,0x00000007d5680000,0x00000007d7480000)
  from space 23552K, 1% used [0x00000007d8d80000,0x00000007d8dd8010,0x00000007da480000)
  to   space 24576K, 0% used [0x00000007d7480000,0x00000007d7480000,0x00000007d8c80000)
 ParOldGen       total 87040K, used 33252K [0x0000000780400000, 0x0000000785900000, 0x00000007d5680000)
  object space 87040K, 38% used [0x0000000780400000,0x00000007824792a8,0x0000000785900000)
 PSPermGen       total 21504K, used 8783K [0x000000077b200000, 0x000000077c700000, 0x0000000780400000)
  object space 21504K, 40% used [0x000000077b200000,0x000000077ba93e78,0x000000077c700000)
}
Event: 353.469 GC heap before
{Heap before GC invocations=11 (full 0):
 PSYoungGen      total 54272K, used 31072K [0x00000007d5680000, 0x00000007da480000, 0x0000000800000000)
  eden space 30720K, 100% used [0x00000007d5680000,0x00000007d7480000,0x00000007d7480000)
  from space 23552K, 1% used [0x00000007d8d80000,0x00000007d8dd8010,0x00000007da480000)
  to   space 24576K, 0% used [0x00000007d7480000,0x00000007d7480000,0x00000007d8c80000)
 ParOldGen       total 87040K, used 33252K [0x0000000780400000, 0x0000000785900000, 0x00000007d5680000)
  object space 87040K, 38% used [0x0000000780400000,0x00000007824792a8,0x0000000785900000)
 PSPermGen       total 21504K, used 8783K [0x000000077b200000, 0x000000077c700000, 0x0000000780400000)
  object space 21504K, 40% used [0x000000077b200000,0x000000077ba93e78,0x000000077c700000)
Event: 353.470 GC heap after
Heap after GC invocations=11 (full 0):
 PSYoungGen      total 30720K, used 256K [0x00000007d5680000, 0x00000007da200000, 0x0000000800000000)
  eden space 30208K, 0% used [0x00000007d5680000,0x00000007d5680000,0x00000007d7400000)
  from space 512K, 50% used [0x00000007d7480000,0x00000007d74c0000,0x00000007d7500000)
  to   space 23552K, 0% used [0x00000007d8b00000,0x00000007d8b00000,0x00000007da200000)
 ParOldGen       total 87040K, used 33300K [0x0000000780400000, 0x0000000785900000, 0x00000007d5680000)
  object space 87040K, 38% used [0x0000000780400000,0x00000007824852a8,0x0000000785900000)
 PSPermGen       total 21504K, used 8783K [0x000000077b200000, 0x000000077c700000, 0x0000000780400000)
  object space 21504K, 40% used [0x000000077b200000,0x000000077ba93e78,0x000000077c700000)
}
Event: 389.511 GC heap before
{Heap before GC invocations=12 (full 0):
 PSYoungGen      total 30720K, used 30464K [0x00000007d5680000, 0x00000007da200000, 0x0000000800000000)
  eden space 30208K, 100% used [0x00000007d5680000,0x00000007d7400000,0x00000007d7400000)
  from space 512K, 50% used [0x00000007d7480000,0x00000007d74c0000,0x00000007d7500000)
  to   space 23552K, 0% used [0x00000007d8b00000,0x00000007d8b00000,0x00000007da200000)
 ParOldGen       total 87040K, used 33300K [0x0000000780400000, 0x0000000785900000, 0x00000007d5680000)
  object space 87040K, 38% used [0x0000000780400000,0x00000007824852a8,0x0000000785900000)
 PSPermGen       total 21504K, used 8783K [0x000000077b200000, 0x000000077c700000, 0x0000000780400000)
  object space 21504K, 40% used [0x000000077b200000,0x000000077ba93e78,0x000000077c700000)
Event: 389.513 GC heap after
Heap after GC invocations=12 (full 0):
 PSYoungGen      total 50688K, used 320K [0x00000007d5680000, 0x00000007d9f80000, 0x0000000800000000)
  eden space 29696K, 0% used [0x00000007d5680000,0x00000007d5680000,0x00000007d7380000)
  from space 20992K, 1% used [0x00000007d8b00000,0x00000007d8b50010,0x00000007d9f80000)
  to   space 22528K, 0% used [0x00000007d7380000,0x00000007d7380000,0x00000007d8980000)
 ParOldGen       total 87040K, used 33324K [0x0000000780400000, 0x0000000785900000, 0x00000007d5680000)
  object space 87040K, 38% used [0x0000000780400000,0x000000078248b2a8,0x0000000785900000)
 PSPermGen       total 21504K, used 8783K [0x000000077b200000, 0x000000077c700000, 0x0000000780400000)
  object space 21504K, 40% used [0x000000077b200000,0x000000077ba93e78,0x000000077c700000)
}
Event: 424.954 GC heap before
{Heap before GC invocations=13 (full 0):
 PSYoungGen      total 50688K, used 30016K [0x00000007d5680000, 0x00000007d9f80000, 0x0000000800000000)
  eden space 29696K, 100% used [0x00000007d5680000,0x00000007d7380000,0x00000007d7380000)
  from space 20992K, 1% used [0x00000007d8b00000,0x00000007d8b50010,0x00000007d9f80000)
  to   space 22528K, 0% used [0x00000007d7380000,0x00000007d7380000,0x00000007d8980000)
 ParOldGen       total 87040K, used 33324K [0x0000000780400000, 0x0000000785900000, 0x00000007d5680000)
  object space 87040K, 38% used [0x0000000780400000,0x000000078248b2a8,0x0000000785900000)
 PSPermGen       total 21504K, used 8793K [0x000000077b200000, 0x000000077c700000, 0x0000000780400000)
  object space 21504K, 40% used [0x000000077b200000,0x000000077ba967c0,0x000000077c700000)
Event: 424.956 GC heap after
Heap after GC invocations=13 (full 0):
 PSYoungGen      total 29696K, used 320K [0x00000007d5680000, 0x00000007d9e00000, 0x0000000800000000)
  eden space 29184K, 0% used [0x00000007d5680000,0x00000007d5680000,0x00000007d7300000)
  from space 512K, 62% used [0x00000007d7380000,0x00000007d73d0010,0x00000007d7400000)
  to   space 22016K, 0% used [0x00000007d8880000,0x00000007d8880000,0x00000007d9e00000)
 ParOldGen       total 87040K, used 33340K [0x0000000780400000, 0x0000000785900000, 0x00000007d5680000)
  object space 87040K, 38% used [0x0000000780400000,0x000000078248f2a8,0x0000000785900000)
 PSPermGen       total 21504K, used 8793K [0x000000077b200000, 0x000000077c700000, 0x0000000780400000)
  object space 21504K, 40% used [0x000000077b200000,0x000000077ba967c0,0x000000077c700000)
}

Deoptimization events (10 events):
Event: 8.925 Thread 0x000000000ce96800 Uncommon trap: reason=array_check action=maybe_recompile pc=0x0000000002445d54 method=com.badlogic.gdx.utils.Array.add(Ljava/lang/Object;)V @ 46
Event: 8.928 Thread 0x000000000ce96800 Uncommon trap: reason=array_check action=maybe_recompile pc=0x0000000002445d54 method=com.badlogic.gdx.utils.Array.add(Ljava/lang/Object;)V @ 46
Event: 8.940 Thread 0x000000000ce96800 Uncommon trap: reason=array_check action=maybe_recompile pc=0x0000000002445d54 method=com.badlogic.gdx.utils.Array.add(Ljava/lang/Object;)V @ 46
Event: 8.940 Thread 0x000000000ce96800 Uncommon trap: reason=array_check action=maybe_recompile pc=0x0000000002445d54 method=com.badlogic.gdx.utils.Array.add(Ljava/lang/Object;)V @ 46
Event: 9.372 Thread 0x000000000ce96800 Uncommon trap: reason=null_check action=make_not_entrant pc=0x000000000248e340 method=com.badlogic.gdx.utils.ObjectMap.get(Ljava/lang/Object;)Ljava/lang/Object; @ 19
Event: 403.574 Thread 0x000000000ce96800 Uncommon trap: reason=unreached action=reinterpret pc=0x000000000249af60 method=java.util.HashMap.get(Ljava/lang/Object;)Ljava/lang/Object; @ 17
Event: 403.575 Thread 0x000000000ce96800 Uncommon trap: reason=null_assert action=make_not_entrant pc=0x00000000025802a8 method=com.badlogic.gdx.backends.lwjgl.LwjglInput.updateKeyboard()V @ 204
Event: 403.575 Thread 0x000000000ce96800 Uncommon trap: reason=null_assert action=make_not_entrant pc=0x000000000254ebc8 method=com.badlogic.gdx.backends.lwjgl.LwjglInput.processEvents()V @ 46
Event: 403.592 Thread 0x000000000ce96800 Uncommon trap: reason=unreached action=reinterpret pc=0x00000000024e915c method=com.badlogic.gdx.utils.Array.contains(Ljava/lang/Object;Z)Z @ 34
Event: 436.578 Thread 0x000000000ce96800 Uncommon trap: reason=bimorphic action=maybe_recompile pc=0x00000000024af32c method=java.util.HashMap.getEntry(Ljava/lang/Object;)Ljava/util/HashMap$Entry; @ 68

Internal exceptions (10 events):
Event: 9.662 Thread 0x000000000ce96800 Threw 0x00000007d594eda0 at C:\re\jdk7u71\1605\hotspot\src\share\vm\prims\jvm.cpp:1281
Event: 9.744 Thread 0x000000000ce96800 Threw 0x00000007d5964618 at C:\re\jdk7u71\1605\hotspot\src\share\vm\prims\jvm.cpp:1281
Event: 9.746 Thread 0x000000000ce96800 Threw 0x00000007d5968a40 at C:\re\jdk7u71\1605\hotspot\src\share\vm\prims\jvm.cpp:1281
Event: 9.747 Thread 0x000000000ce96800 Threw 0x00000007d596cec8 at C:\re\jdk7u71\1605\hotspot\src\share\vm\prims\jvm.cpp:1281
Event: 22.206 Thread 0x000000000ce96800 Threw 0x00000007d64a05c8 at C:\re\jdk7u71\1605\hotspot\src\share\vm\prims\jvm.cpp:1281
Event: 403.572 Thread 0x000000000ce96800 Threw 0x00000007d61fb4f0 at C:\re\jdk7u71\1605\hotspot\src\share\vm\prims\jvm.cpp:1281
Event: 403.574 Thread 0x000000000ce96800 Threw 0x00000007d6205d58 at C:\re\jdk7u71\1605\hotspot\src\share\vm\prims\jvm.cpp:1281
Event: 403.574 Thread 0x000000000ce96800 Implicit null exception at 0x000000000249af18 to 0x000000000249af52
Event: 436.543 Thread 0x000000000ce96800 Threw 0x00000007d6011fb8 at C:\re\jdk7u71\1605\hotspot\src\share\vm\prims\jvm.cpp:1281
Event: 436.560 Thread 0x000000000ce96800 Threw 0x00000007d60151b8 at C:\re\jdk7u71\1605\hotspot\src\share\vm\prims\jvm.cpp:1281

Events (10 events):
Event: 436.578 Thread 0x000000000ce96800 DEOPT UNPACKING pc=0x00000000023e9064 sp=0x000000000e33ed88 mode 2
Event: 436.583 loading class 0x000000000232fbe0
Event: 436.583 loading class 0x000000000232fbe0 done
Event: 436.584 loading class 0x000000000cf666e0
Event: 436.584 loading class 0x000000000cf666e0 done
Event: 436.584 loading class 0x000000000cf666b0
Event: 436.584 loading class 0x000000000cf66670
Event: 436.584 loading class 0x000000000cf66670 done
Event: 436.584 loading class 0x000000000cf666b0 done
Event: 436.584 Executing VM operation: Exit


Dynamic libraries:
0x00007ff72eb30000 - 0x00007ff72eb63000 	C:\Program Files\Java\jre7\bin\javaw.exe
0x00007ff8dd5e0000 - 0x00007ff8dd7a1000 	C:\WINDOWS\SYSTEM32\ntdll.dll
0x00007ff8dcee0000 - 0x00007ff8dcf8d000 	C:\WINDOWS\system32\KERNEL32.DLL
0x00007ff8d9df0000 - 0x00007ff8d9fd8000 	C:\WINDOWS\system32\KERNELBASE.dll
0x00007ff8dc490000 - 0x00007ff8dc537000 	C:\WINDOWS\system32\ADVAPI32.dll
0x00007ff8dd470000 - 0x00007ff8dd50d000 	C:\WINDOWS\system32\msvcrt.dll
0x00007ff8dabc0000 - 0x00007ff8dac1b000 	C:\WINDOWS\system32\sechost.dll
0x00007ff8dc7c0000 - 0x00007ff8dc8dc000 	C:\WINDOWS\system32\RPCRT4.dll
0x00007ff8dc1e0000 - 0x00007ff8dc336000 	C:\WINDOWS\system32\USER32.dll
0x00007ff8dcd10000 - 0x00007ff8dce96000 	C:\WINDOWS\system32\GDI32.dll
0x00007ff8c6e40000 - 0x00007ff8c70b4000 	C:\WINDOWS\WinSxS\amd64_microsoft.windows.common-controls_6595b64144ccf1df_6.0.10586.0_none_8c15ae12515e1c22\COMCTL32.dll
0x00007ff8dca90000 - 0x00007ff8dcd0d000 	C:\WINDOWS\system32\combase.dll
0x00007ff8da970000 - 0x00007ff8da9da000 	C:\WINDOWS\system32\bcryptPrimitives.dll
0x00007ff8dcea0000 - 0x00007ff8dcedb000 	C:\WINDOWS\system32\IMM32.DLL
0x00000000517f0000 - 0x00000000518c2000 	C:\Program Files\Java\jre7\bin\msvcr100.dll
0x0000000051010000 - 0x00000000517e3000 	C:\Program Files\Java\jre7\bin\server\jvm.dll
0x00007ff8dc410000 - 0x00007ff8dc418000 	C:\WINDOWS\system32\PSAPI.DLL
0x00007ff8d7a70000 - 0x00007ff8d7a93000 	C:\WINDOWS\SYSTEM32\WINMM.dll
0x00007ff8d1ac0000 - 0x00007ff8d1ac9000 	C:\WINDOWS\SYSTEM32\WSOCK32.dll
0x00007ff8d7690000 - 0x00007ff8d76bc000 	C:\WINDOWS\SYSTEM32\WINMMBASE.dll
0x00007ff8dc340000 - 0x00007ff8dc3ab000 	C:\WINDOWS\system32\WS2_32.dll
0x00007ff8da920000 - 0x00007ff8da963000 	C:\WINDOWS\system32\cfgmgr32.dll
0x0000000051000000 - 0x000000005100f000 	C:\Program Files\Java\jre7\bin\verify.dll
0x0000000050fd0000 - 0x0000000050ff8000 	C:\Program Files\Java\jre7\bin\java.dll
0x0000000050fb0000 - 0x0000000050fc5000 	C:\Program Files\Java\jre7\bin\zip.dll
0x0000000065580000 - 0x000000006561b000 	C:\Users\Jay\AppData\Local\Temp\libgdxJay\3fcab39a\gdx64.dll
0x00007ff8d9580000 - 0x00007ff8d9597000 	C:\WINDOWS\SYSTEM32\CRYPTSP.dll
0x00007ff8d9210000 - 0x00007ff8d9244000 	C:\WINDOWS\system32\rsaenh.dll
0x00007ff8d9b30000 - 0x00007ff8d9b59000 	C:\WINDOWS\SYSTEM32\bcrypt.dll
0x00007ff8d9360000 - 0x00007ff8d937f000 	C:\WINDOWS\SYSTEM32\USERENV.dll
0x00007ff8d9c10000 - 0x00007ff8d9c24000 	C:\WINDOWS\system32\profapi.dll
0x00007ff8d96a0000 - 0x00007ff8d96ab000 	C:\WINDOWS\SYSTEM32\CRYPTBASE.dll
0x0000000050f90000 - 0x0000000050fa9000 	C:\Program Files\Java\jre7\bin\net.dll
0x00007ff8d94d0000 - 0x00007ff8d952c000 	C:\WINDOWS\system32\mswsock.dll
0x00007ff8d43c0000 - 0x00007ff8d43f8000 	C:\WINDOWS\SYSTEM32\IPHLPAPI.DLL
0x00007ff8dc7a0000 - 0x00007ff8dc7a8000 	C:\WINDOWS\system32\NSI.dll
0x00007ff8d3ff0000 - 0x00007ff8d4006000 	C:\WINDOWS\SYSTEM32\dhcpcsvc6.DLL
0x00007ff8d4420000 - 0x00007ff8d443a000 	C:\WINDOWS\SYSTEM32\dhcpcsvc.DLL
0x0000000050f70000 - 0x0000000050f81000 	C:\Program Files\Java\jre7\bin\nio.dll
0x0000000180000000 - 0x0000000180051000 	C:\Users\Jay\AppData\Local\Temp\libgdxJay\ccd07a7a\lwjgl64.dll
0x00007ff8d7aa0000 - 0x00007ff8d7aaa000 	C:\WINDOWS\SYSTEM32\VERSION.dll
0x00007ff8ab9b0000 - 0x00007ff8abad9000 	C:\WINDOWS\SYSTEM32\OPENGL32.dll
0x00007ff8ca390000 - 0x00007ff8ca3be000 	C:\WINDOWS\SYSTEM32\GLU32.dll
0x00007ff8b0510000 - 0x00007ff8b060a000 	C:\WINDOWS\SYSTEM32\DDRAW.dll
0x00007ff8c4830000 - 0x00007ff8c4838000 	C:\WINDOWS\SYSTEM32\DCIMAN32.dll
0x000000000d960000 - 0x000000000d9c4000 	C:\Users\Jay\AppData\Local\Temp\libgdxJay\ccd07a7a\OpenAL64.dll
0x00007ff8dac20000 - 0x00007ff8dc17f000 	C:\WINDOWS\system32\SHELL32.dll
0x00007ff8da040000 - 0x00007ff8da684000 	C:\WINDOWS\system32\windows.storage.dll
0x00007ff8dc3b0000 - 0x00007ff8dc402000 	C:\WINDOWS\system32\shlwapi.dll
0x00007ff8d9c30000 - 0x00007ff8d9c3f000 	C:\WINDOWS\system32\kernel.appcore.dll
0x00007ff8da860000 - 0x00007ff8da915000 	C:\WINDOWS\system32\shcore.dll
0x00007ff8d9c40000 - 0x00007ff8d9c8b000 	C:\WINDOWS\system32\powrprof.dll
0x00007ff8dc540000 - 0x00007ff8dc683000 	C:\WINDOWS\system32\ole32.dll
0x00007ff8d88c0000 - 0x00007ff8d8956000 	C:\WINDOWS\system32\uxtheme.dll
0x00007ff8c3bc0000 - 0x00007ff8c3be8000 	C:\Program Files (x86)\Raptr\ltc_help64-106568.dll
0x00007ff8d9fe0000 - 0x00007ff8da035000 	C:\WINDOWS\system32\WINTRUST.dll
0x00007ff8d9c00000 - 0x00007ff8d9c10000 	C:\WINDOWS\system32\MSASN1.dll
0x00007ff8da690000 - 0x00007ff8da857000 	C:\WINDOWS\system32\CRYPT32.dll
0x00007ff8dd3c0000 - 0x00007ff8dd467000 	C:\WINDOWS\system32\clbcatq.dll
0x00007ff8d4010000 - 0x00007ff8d4196000 	C:\WINDOWS\System32\PROPSYS.dll
0x00007ff8dd510000 - 0x00007ff8dd5d1000 	C:\WINDOWS\system32\OLEAUT32.dll
0x00007ff89f630000 - 0x00007ff89f6cc000 	C:\WINDOWS\SYSTEM32\dsound.dll
0x00007ff8d4200000 - 0x00007ff8d4270000 	C:\WINDOWS\System32\MMDevApi.dll
0x00007ff8d8960000 - 0x00007ff8d8987000 	C:\WINDOWS\System32\DEVOBJ.dll
0x00007ff8c4a30000 - 0x00007ff8c4ab8000 	C:\WINDOWS\SYSTEM32\AUDIOSES.DLL
0x00007ff8d0c50000 - 0x00007ff8d0d86000 	C:\WINDOWS\SYSTEM32\wintypes.dll
0x00007ff8daa00000 - 0x00007ff8dab5a000 	C:\WINDOWS\system32\MSCTF.dll
0x00007ff8d7fb0000 - 0x00007ff8d7fd2000 	C:\WINDOWS\system32\dwmapi.dll
0x00007ff8d27e0000 - 0x00007ff8d27f8000 	C:\WINDOWS\SYSTEM32\atig6pxx.dll
0x0000000076200000 - 0x0000000078000000 	C:\WINDOWS\SYSTEM32\atio6axx.dll
0x00007ff8dcf90000 - 0x00007ff8dd3b9000 	C:\WINDOWS\system32\SETUPAPI.dll
0x00007ff8b7e60000 - 0x00007ff8b7fa1000 	C:\WINDOWS\SYSTEM32\atiadlxx.dll
0x00007ff8d5710000 - 0x00007ff8d5723000 	C:\WINDOWS\SYSTEM32\WTSAPI32.dll
0x00007ff8c4010000 - 0x00007ff8c403c000 	C:\WINDOWS\SYSTEM32\atig6txx.dll
0x00007ff8cb200000 - 0x00007ff8cb291000 	C:\WINDOWS\SYSTEM32\mscms.dll
0x00007ff8b7b90000 - 0x00007ff8b7bd2000 	C:\WINDOWS\SYSTEM32\icm32.dll
0x0000000066bc0000 - 0x0000000066c7b000 	C:\Users\Jay\AppData\Local\Temp\libgdxJay\d6d72896\gdx-box2d64.dll
0x00007ff8da9e0000 - 0x00007ff8da9fc000 	C:\WINDOWS\system32\imagehlp.dll
0x00007ff8d8c00000 - 0x00007ff8d8c24000 	C:\WINDOWS\SYSTEM32\gpapi.dll
0x00007ff8c9de0000 - 0x00007ff8c9e0f000 	C:\Windows\System32\cryptnet.dll
0x00007ff8d4640000 - 0x00007ff8d464b000 	C:\WINDOWS\SYSTEM32\WINNSI.DLL
0x00007ff89bde0000 - 0x00007ff89c028000 	C:\PROGRA~2\Raptr\ltc_game64-106568.dll
0x00007ff8d6380000 - 0x00007ff8d650c000 	C:\WINDOWS\SYSTEM32\dbghelp.dll

VM Arguments:
jvm_args: -Dfile.encoding=Cp1252 
java_command: main.AftamathDesktop
Launcher Type: SUN_STANDARD

Environment Variables:
JAVA_HOME=C:\Program Files (x86)\Java\jdk1.8.0_25
PATH=C:\Program Files (x86)\NVIDIA Corporation\PhysX\Common;C:\Windows\system32;C:\Windows;C:\Windows\System32\Wbem;C:\Windows\System32\WindowsPowerShell\v1.0\;C:\Program Files (x86)\ATI Technologies\ATI.ACE\Core-Static;C:\Program Files (x86)\Windows Live\Shared;C:\Program Files (x86)\QuickTime\QTSystem\;C:\Users\Jay\AppData\Local\Smartbar\Application\;C:\WINDOWS\system32;C:\WINDOWS;C:\WINDOWS\System32\Wbem;C:\WINDOWS\System32\WindowsPowerShell\v1.0\;C:\Program Files (x86)\Skype\Phone\;C:\Program Files (x86)\AMD\ATI.ACE\Core-Static
USERNAME=Jay
OS=Windows_NT
PROCESSOR_IDENTIFIER=AMD64 Family 21 Model 2 Stepping 0, AuthenticAMD



---------------  S Y S T E M  ---------------

OS: Windows 8.1 , 64 bit Build 9600 

CPU:total 8 (8 cores per cpu, 1 threads per core) family 21 model 2 stepping 0, cmov, cx8, fxsr, mmx, sse, sse2, sse3, ssse3, sse4.1, sse4.2, popcnt, avx, aes, mmxext, 3dnowpref, lzcnt, sse4a, tsc, tscinvbit, tscinv

Memory: 4k page, physical 8369696k(2983680k free), swap 24098336k(11057288k free)

vm_info: Java HotSpot(TM) 64-Bit Server VM (24.71-b01) for windows-amd64 JRE (1.7.0_71-b14), built on Sep 26 2014 16:16:12 by "java_re" with unknown MS VC++:1600

time: Fri Dec 18 01:45:55 2015
elapsed time: 436 seconds

