#
# A fatal error has been detected by the Java Runtime Environment:
#
#  EXCEPTION_ACCESS_VIOLATION (0xc0000005) at pc=0x00007ff8aba92224, pid=10564, tid=2792
#
# JRE version: Java(TM) SE Runtime Environment (7.0_71-b14) (build 1.7.0_71-b14)
# Java VM: Java HotSpot(TM) 64-Bit Server VM (24.71-b01 mixed mode windows-amd64 compressed oops)
# Problematic frame:
# C  [OPENGL32.dll+0xe2224]
#
# Failed to write core dump. Minidumps are not enabled by default on client versions of Windows
#
# If you would like to submit a bug report, please visit:
#   http://bugreport.sun.com/bugreport/crash.jsp
#

---------------  T H R E A D  ---------------

Current thread (0x000000000abe6000):  VMThread [stack: 0x000000000c8c0000,0x000000000c9c0000] [id=2792]

siginfo: ExceptionCode=0xc0000005, reading address 0x0000000000000a38

Registers:
RAX=0x0000000000000000, RBX=0x0000000015de2720, RCX=0x0000000000000001, RDX=0x0000000015de2728
RSP=0x000000000c9bf0b8, RBP=0x0000000000000000, RSI=0x0000000015de5db0, RDI=0x0000000015de5db0
R8 =0x000000000c9bf138, R9 =0x0000000002225bf0, R10=0x0000000000000000, R11=0x0000000000000246
R12=0x0000000000000000, R13=0x0000000010f87760, R14=0x0000000010f87610, R15=0x0000000000000000
RIP=0x00007ff8aba92224, EFLAGS=0x0000000000010287

Top of Stack: (sp=0x000000000c9bf0b8)
0x000000000c9bf0b8:   00007ff89be4244b 0000000010f87760
0x000000000c9bf0c8:   0000000000000001 0000000010f80000
0x000000000c9bf0d8:   00007ff8dd6007d9 0000000000000000
0x000000000c9bf0e8:   00007ff89be47f17 0000000000000000
0x000000000c9bf0f8:   0000000000000000 0000000010f87740
0x000000000c9bf108:   00007ff89be47283 fffffffffffffffe
0x000000000c9bf118:   000000000c9bf180 0000000000000000
0x000000000c9bf128:   00007ff89be487c9 0000000015de5db0
0x000000000c9bf138:   0000000015de6a10 0000000002225bf0
0x000000000c9bf148:   00007ff89bec5700 fffffffffffffffe
0x000000000c9bf158:   0000000010f89c60 0000000000000001
0x000000000c9bf168:   0000000010f87738 0000000010f87610
0x000000000c9bf178:   00007ff89becd7ad 00007ff89c0065b0
0x000000000c9bf188:   00007ff89bf31930 0000000002225bf0
0x000000000c9bf198:   00007ff8dd6007bd 0000000010f87738
0x000000000c9bf1a8:   0000000010f87610 0000000010f87610 

Instructions: (pc=0x00007ff8aba92224)
0x00007ff8aba92204:   cc cc cc cc cc cc 66 0f 1f 44 00 00 8b 05 f2 7d
0x00007ff8aba92214:   01 00 83 f8 40 73 0f 65 48 8b 04 c5 80 14 00 00
0x00007ff8aba92224:   ff a0 38 0a 00 00 b8 47 01 00 00 e9 ec d4 ff ff
0x00007ff8aba92234:   cc cc cc cc cc cc 66 0f 1f 44 00 00 8b 05 c2 7d 


Register to memory mapping:

RAX=0x0000000000000000 is an unknown value
RBX=0x0000000015de2720 is an unknown value
RCX=0x0000000000000001 is an unknown value
RDX=0x0000000015de2728 is an unknown value
RSP=0x000000000c9bf0b8 is an unknown value
RBP=0x0000000000000000 is an unknown value
RSI=0x0000000015de5db0 is an unknown value
RDI=0x0000000015de5db0 is an unknown value
R8 =0x000000000c9bf138 is an unknown value
R9 =0x0000000002225bf0 is an unknown value
R10=0x0000000000000000 is an unknown value
R11=0x0000000000000246 is an unknown value
R12=0x0000000000000000 is an unknown value
R13=0x0000000010f87760 is an unknown value
R14=0x0000000010f87610 is an unknown value
R15=0x0000000000000000 is an unknown value


Stack: [0x000000000c8c0000,0x000000000c9c0000],  sp=0x000000000c9bf0b8,  free space=1020k
Native frames: (J=compiled Java code, j=interpreted, Vv=VM code, C=native code)
C  [OPENGL32.dll+0xe2224]

[error occurred during error reporting (printing native stack), id 0xc0000005]

VM_Operation (0x000000000e2dee80): Exit, mode: safepoint, requested by thread 0x000000000cebc000


---------------  P R O C E S S  ---------------

Java Threads: ( => current thread )
  0x0000000013d08800 JavaThread "LWJGL Timer" daemon [_thread_blocked, id=13684, stack(0x0000000010960000,0x0000000010a60000)]
  0x00000000023bd800 JavaThread "DestroyJavaVM" [_thread_blocked, id=5012, stack(0x00000000020e0000,0x00000000021e0000)]
  0x000000000cebc000 JavaThread "LWJGL Application" [_thread_blocked, id=13296, stack(0x000000000e1e0000,0x000000000e2e0000)]
  0x00000000022f6000 JavaThread "Service Thread" daemon [_thread_blocked, id=13892, stack(0x000000000d3c0000,0x000000000d4c0000)]
  0x00000000022f1800 JavaThread "C2 CompilerThread1" daemon [_thread_blocked, id=14252, stack(0x000000000d2c0000,0x000000000d3c0000)]
  0x00000000022f0000 JavaThread "C2 CompilerThread0" daemon [_thread_blocked, id=9848, stack(0x000000000d1c0000,0x000000000d2c0000)]
  0x00000000022ef000 JavaThread "Attach Listener" daemon [_thread_blocked, id=12948, stack(0x000000000d0c0000,0x000000000d1c0000)]
  0x000000000cbe1800 JavaThread "Signal Dispatcher" daemon [_thread_blocked, id=7032, stack(0x000000000cfc0000,0x000000000d0c0000)]
  0x000000000abf0800 JavaThread "Finalizer" daemon [_thread_blocked, id=13544, stack(0x000000000cac0000,0x000000000cbc0000)]
  0x000000000abea000 JavaThread "Reference Handler" daemon [_thread_blocked, id=4540, stack(0x000000000c9c0000,0x000000000cac0000)]

Other Threads:
=>0x000000000abe6000 VMThread [stack: 0x000000000c8c0000,0x000000000c9c0000] [id=2792]

VM state:at safepoint (shutting down)

VM Mutex/Monitor currently owned by a thread:  ([mutex/lock_event])
[0x00000000023bceb0] Threads_lock - owner thread: 0x000000000abe6000

Heap
 PSYoungGen      total 38912K, used 10329K [0x00000007d5680000, 0x00000007d8180000, 0x0000000800000000)
  eden space 33792K, 15% used [0x00000007d5680000,0x00000007d5b967b8,0x00000007d7780000)
  from space 5120K, 99% used [0x00000007d7c80000,0x00000007d817ff08,0x00000007d8180000)
  to   space 5120K, 0% used [0x00000007d7780000,0x00000007d7780000,0x00000007d7c80000)
 ParOldGen       total 87040K, used 30482K [0x0000000780400000, 0x0000000785900000, 0x00000007d5680000)
  object space 87040K, 35% used [0x0000000780400000,0x00000007821c4be8,0x0000000785900000)
 PSPermGen       total 21504K, used 8812K [0x000000077b200000, 0x000000077c700000, 0x0000000780400000)
  object space 21504K, 40% used [0x000000077b200000,0x000000077ba9b020,0x000000077c700000)

Card table byte_map: [0x0000000005480000,0x00000000058b0000] byte_map_base: 0x00000000018a7000

Polling page: 0x0000000000450000

Code Cache  [0x00000000023c0000, 0x0000000002630000, 0x00000000053c0000)
 total_blobs=780 nmethods=307 adapters=426 free_code_cache=47688Kb largest_free_block=48766528

Compilation events (10 events):
Event: 36.444 Thread 0x00000000022f0000  312             com.badlogic.gdx.graphics.g2d.SpriteBatch::setupMatrices (76 bytes)
Event: 36.444 Thread 0x00000000022f1800  313             com.badlogic.gdx.backends.lwjgl.LwjglGL20::glUniformMatrix4fv (8 bytes)
Event: 36.448 Thread 0x00000000022f1800 nmethod 313 0x000000000250ce90 code [0x000000000250cfe0, 0x000000000250d168]
Event: 36.448 Thread 0x00000000022f1800  314             com.badlogic.gdx.backends.lwjgl.LwjglGL20::glUniform1i (6 bytes)
Event: 36.450 Thread 0x00000000022f1800 nmethod 314 0x000000000250ca50 code [0x000000000250cba0, 0x000000000250ccc8]
Event: 36.458 Thread 0x00000000022f0000 nmethod 312 0x0000000002502850 code [0x0000000002502a80, 0x00000000025032f0]
Event: 37.005 Thread 0x00000000022f1800  315             java.text.DecimalFormat::expandAffix (188 bytes)
Event: 37.033 Thread 0x00000000022f1800 nmethod 315 0x00000000025006d0 code [0x00000000025008a0, 0x0000000002501c10]
Event: 37.104 Thread 0x00000000022f0000  316             main.Main::render (490 bytes)
Event: 37.245 Thread 0x00000000022f0000 nmethod 316 0x0000000002534950 code [0x00000000025350c0, 0x00000000025386d8]

GC Heap History (8 events):
Event: 6.106 GC heap before
{Heap before GC invocations=1 (full 0):
 PSYoungGen      total 38912K, used 33792K [0x00000007d5680000, 0x00000007d8180000, 0x0000000800000000)
  eden space 33792K, 100% used [0x00000007d5680000,0x00000007d7780000,0x00000007d7780000)
  from space 5120K, 0% used [0x00000007d7c80000,0x00000007d7c80000,0x00000007d8180000)
  to   space 5120K, 0% used [0x00000007d7780000,0x00000007d7780000,0x00000007d7c80000)
 ParOldGen       total 87040K, used 0K [0x0000000780400000, 0x0000000785900000, 0x00000007d5680000)
  object space 87040K, 0% used [0x0000000780400000,0x0000000780400000,0x0000000785900000)
 PSPermGen       total 21504K, used 7229K [0x000000077b200000, 0x000000077c700000, 0x0000000780400000)
  object space 21504K, 33% used [0x000000077b200000,0x000000077b90f610,0x000000077c700000)
Event: 6.121 GC heap after
Heap after GC invocations=1 (full 0):
 PSYoungGen      total 38912K, used 5101K [0x00000007d5680000, 0x00000007d8180000, 0x0000000800000000)
  eden space 33792K, 0% used [0x00000007d5680000,0x00000007d5680000,0x00000007d7780000)
  from space 5120K, 99% used [0x00000007d7780000,0x00000007d7c7b5b0,0x00000007d7c80000)
  to   space 5120K, 0% used [0x00000007d7c80000,0x00000007d7c80000,0x00000007d8180000)
 ParOldGen       total 87040K, used 7745K [0x0000000780400000, 0x0000000785900000, 0x00000007d5680000)
  object space 87040K, 8% used [0x0000000780400000,0x0000000780b907c8,0x0000000785900000)
 PSPermGen       total 21504K, used 7229K [0x000000077b200000, 0x000000077c700000, 0x0000000780400000)
  object space 21504K, 33% used [0x000000077b200000,0x000000077b90f610,0x000000077c700000)
}
Event: 9.925 GC heap before
{Heap before GC invocations=2 (full 0):
 PSYoungGen      total 38912K, used 38893K [0x00000007d5680000, 0x00000007d8180000, 0x0000000800000000)
  eden space 33792K, 100% used [0x00000007d5680000,0x00000007d7780000,0x00000007d7780000)
  from space 5120K, 99% used [0x00000007d7780000,0x00000007d7c7b5b0,0x00000007d7c80000)
  to   space 5120K, 0% used [0x00000007d7c80000,0x00000007d7c80000,0x00000007d8180000)
 ParOldGen       total 87040K, used 7745K [0x0000000780400000, 0x0000000785900000, 0x00000007d5680000)
  object space 87040K, 8% used [0x0000000780400000,0x0000000780b907c8,0x0000000785900000)
 PSPermGen       total 21504K, used 8491K [0x000000077b200000, 0x000000077c700000, 0x0000000780400000)
  object space 21504K, 39% used [0x000000077b200000,0x000000077ba4ad10,0x000000077c700000)
Event: 9.955 GC heap after
Heap after GC invocations=2 (full 0):
 PSYoungGen      total 38912K, used 5095K [0x00000007d5680000, 0x00000007d8180000, 0x0000000800000000)
  eden space 33792K, 0% used [0x00000007d5680000,0x00000007d5680000,0x00000007d7780000)
  from space 5120K, 99% used [0x00000007d7c80000,0x00000007d8179f08,0x00000007d8180000)
  to   space 5120K, 0% used [0x00000007d7780000,0x00000007d7780000,0x00000007d7c80000)
 ParOldGen       total 87040K, used 27418K [0x0000000780400000, 0x0000000785900000, 0x00000007d5680000)
  object space 87040K, 31% used [0x0000000780400000,0x0000000781ec6980,0x0000000785900000)
 PSPermGen       total 21504K, used 8491K [0x000000077b200000, 0x000000077c700000, 0x0000000780400000)
  object space 21504K, 39% used [0x000000077b200000,0x000000077ba4ad10,0x000000077c700000)
}
Event: 23.423 GC heap before
{Heap before GC invocations=3 (full 0):
 PSYoungGen      total 38912K, used 38887K [0x00000007d5680000, 0x00000007d8180000, 0x0000000800000000)
  eden space 33792K, 100% used [0x00000007d5680000,0x00000007d7780000,0x00000007d7780000)
  from space 5120K, 99% used [0x00000007d7c80000,0x00000007d8179f08,0x00000007d8180000)
  to   space 5120K, 0% used [0x00000007d7780000,0x00000007d7780000,0x00000007d7c80000)
 ParOldGen       total 87040K, used 27418K [0x0000000780400000, 0x0000000785900000, 0x00000007d5680000)
  object space 87040K, 31% used [0x0000000780400000,0x0000000781ec6980,0x0000000785900000)
 PSPermGen       total 21504K, used 8650K [0x000000077b200000, 0x000000077c700000, 0x0000000780400000)
  object space 21504K, 40% used [0x000000077b200000,0x000000077ba72a08,0x000000077c700000)
Event: 23.431 GC heap after
Heap after GC invocations=3 (full 0):
 PSYoungGen      total 38912K, used 5111K [0x00000007d5680000, 0x00000007d8180000, 0x0000000800000000)
  eden space 33792K, 0% used [0x00000007d5680000,0x00000007d5680000,0x00000007d7780000)
  from space 5120K, 99% used [0x00000007d7780000,0x00000007d7c7df28,0x00000007d7c80000)
  to   space 5120K, 0% used [0x00000007d7c80000,0x00000007d7c80000,0x00000007d8180000)
 ParOldGen       total 87040K, used 27658K [0x0000000780400000, 0x0000000785900000, 0x00000007d5680000)
  object space 87040K, 31% used [0x0000000780400000,0x0000000781f02ae8,0x0000000785900000)
 PSPermGen       total 21504K, used 8650K [0x000000077b200000, 0x000000077c700000, 0x0000000780400000)
  object space 21504K, 40% used [0x000000077b200000,0x000000077ba72a08,0x000000077c700000)
}
Event: 32.247 GC heap before
{Heap before GC invocations=4 (full 0):
 PSYoungGen      total 38912K, used 38903K [0x00000007d5680000, 0x00000007d8180000, 0x0000000800000000)
  eden space 33792K, 100% used [0x00000007d5680000,0x00000007d7780000,0x00000007d7780000)
  from space 5120K, 99% used [0x00000007d7780000,0x00000007d7c7df28,0x00000007d7c80000)
  to   space 5120K, 0% used [0x00000007d7c80000,0x00000007d7c80000,0x00000007d8180000)
 ParOldGen       total 87040K, used 27658K [0x0000000780400000, 0x0000000785900000, 0x00000007d5680000)
  object space 87040K, 31% used [0x0000000780400000,0x0000000781f02ae8,0x0000000785900000)
 PSPermGen       total 21504K, used 8773K [0x000000077b200000, 0x000000077c700000, 0x0000000780400000)
  object space 21504K, 40% used [0x000000077b200000,0x000000077ba91410,0x000000077c700000)
Event: 32.257 GC heap after
Heap after GC invocations=4 (full 0):
 PSYoungGen      total 38912K, used 5119K [0x00000007d5680000, 0x00000007d8180000, 0x0000000800000000)
  eden space 33792K, 0% used [0x00000007d5680000,0x00000007d5680000,0x00000007d7780000)
  from space 5120K, 99% used [0x00000007d7c80000,0x00000007d817ff08,0x00000007d8180000)
  to   space 5120K, 0% used [0x00000007d7780000,0x00000007d7780000,0x00000007d7c80000)
 ParOldGen       total 87040K, used 30482K [0x0000000780400000, 0x0000000785900000, 0x00000007d5680000)
  object space 87040K, 35% used [0x0000000780400000,0x00000007821c4be8,0x0000000785900000)
 PSPermGen       total 21504K, used 8773K [0x000000077b200000, 0x000000077c700000, 0x0000000780400000)
  object space 21504K, 40% used [0x000000077b200000,0x000000077ba91410,0x000000077c700000)
}

Deoptimization events (10 events):
Event: 11.246 Thread 0x000000000cebc000 Uncommon trap: reason=class_check action=maybe_recompile pc=0x000000000245cc4c method=java.io.FilterInputStream.read([B)I @ 5
Event: 30.743 Thread 0x000000000cebc000 Uncommon trap: reason=predicate action=maybe_recompile pc=0x00000000024b6488 method=java.util.regex.Pattern$Start.match(Ljava/util/regex/Matcher;ILjava/lang/CharSequence;)Z @ 37
Event: 30.862 Thread 0x000000000cebc000 Uncommon trap: reason=null_check action=make_not_entrant pc=0x00000000024f9c80 method=com.badlogic.gdx.utils.ObjectMap.get(Ljava/lang/Object;)Ljava/lang/Object; @ 19
Event: 30.930 Thread 0x000000000cebc000 Uncommon trap: reason=unreached action=reinterpret pc=0x00000000024ea75c method=java.lang.String.valueOf(Ljava/lang/Object;)Ljava/lang/String; @ 1
Event: 32.217 Thread 0x000000000cebc000 Uncommon trap: reason=class_check action=maybe_recompile pc=0x00000000024cab58 method=java.util.HashMap.put(Ljava/lang/Object;Ljava/lang/Object;)Ljava/lang/Object; @ 137
Event: 32.217 Thread 0x000000000cebc000 Uncommon trap: reason=class_check action=maybe_recompile pc=0x00000000024cab58 method=java.util.HashMap.put(Ljava/lang/Object;Ljava/lang/Object;)Ljava/lang/Object; @ 137
Event: 32.222 Thread 0x000000000cebc000 Uncommon trap: reason=class_check action=maybe_recompile pc=0x00000000024cab58 method=java.util.HashMap.put(Ljava/lang/Object;Ljava/lang/Object;)Ljava/lang/Object; @ 137
Event: 32.223 Thread 0x000000000cebc000 Uncommon trap: reason=predicate action=maybe_recompile pc=0x00000000024f34a4 method=com.badlogic.gdx.utils.Array.contains(Ljava/lang/Object;Z)Z @ 44
Event: 32.228 Thread 0x000000000cebc000 Uncommon trap: reason=class_check action=maybe_recompile pc=0x00000000024cab58 method=java.util.HashMap.put(Ljava/lang/Object;Ljava/lang/Object;)Ljava/lang/Object; @ 137
Event: 37.698 Thread 0x000000000cebc000 Uncommon trap: reason=bimorphic action=maybe_recompile pc=0x00000000024ba9ec method=java.util.HashMap.getEntry(Ljava/lang/Object;)Ljava/util/HashMap$Entry; @ 68

Internal exceptions (10 events):
Event: 32.302 Thread 0x000000000cebc000 Threw 0x00000007d57a5880 at C:\re\jdk7u71\1605\hotspot\src\share\vm\prims\jvm.cpp:1281
Event: 32.363 Thread 0x000000000cebc000 Threw 0x00000007d57a8bc0 at C:\re\jdk7u71\1605\hotspot\src\share\vm\interpreter\linkResolver.cpp:892
Event: 32.363 Thread 0x000000000cebc000 Threw 0x00000007d57a8d88 at C:\re\jdk7u71\1605\hotspot\src\share\vm\interpreter\linkResolver.cpp:892
Event: 33.843 Thread 0x000000000cebc000 Threw 0x00000007d583c218 at C:\re\jdk7u71\1605\hotspot\src\share\vm\interpreter\interpreterRuntime.cpp:347
Event: 34.603 Thread 0x000000000cebc000 Threw 0x00000007d58c3280 at C:\re\jdk7u71\1605\hotspot\src\share\vm\interpreter\interpreterRuntime.cpp:347
Event: 35.363 Thread 0x000000000cebc000 Threw 0x00000007d594a0a8 at C:\re\jdk7u71\1605\hotspot\src\share\vm\interpreter\interpreterRuntime.cpp:347
Event: 36.126 Thread 0x000000000cebc000 Threw 0x00000007d59d0d90 at C:\re\jdk7u71\1605\hotspot\src\share\vm\interpreter\interpreterRuntime.cpp:347
Event: 36.884 Thread 0x000000000cebc000 Threw 0x00000007d5afb380 at C:\re\jdk7u71\1605\hotspot\src\share\vm\interpreter\interpreterRuntime.cpp:347
Event: 37.666 Thread 0x000000000cebc000 Threw 0x00000007d5b6f378 at C:\re\jdk7u71\1605\hotspot\src\share\vm\prims\jvm.cpp:1281
Event: 37.680 Thread 0x000000000cebc000 Threw 0x00000007d5b725c8 at C:\re\jdk7u71\1605\hotspot\src\share\vm\prims\jvm.cpp:1281

Events (10 events):
Event: 37.698 Thread 0x000000000cebc000 DEOPT UNPACKING pc=0x00000000023f9064 sp=0x000000000e2dee68 mode 2
Event: 37.707 loading class 0x0000000002281bf0
Event: 37.707 loading class 0x0000000002281bf0 done
Event: 37.707 loading class 0x000000000cddbde0
Event: 37.707 loading class 0x000000000cddbde0 done
Event: 37.707 loading class 0x000000000cddbdb0
Event: 37.707 loading class 0x000000000cddbd70
Event: 37.707 loading class 0x000000000cddbd70 done
Event: 37.707 loading class 0x000000000cddbdb0 done
Event: 37.744 Executing VM operation: Exit


Dynamic libraries:
0x00007ff72eb30000 - 0x00007ff72eb63000 	C:\Program Files\Java\jre7\bin\javaw.exe
0x00007ff8dd5e0000 - 0x00007ff8dd7a1000 	C:\WINDOWS\SYSTEM32\ntdll.dll
0x00007ff8dcee0000 - 0x00007ff8dcf8d000 	C:\WINDOWS\system32\KERNEL32.DLL
0x00007ff8d9df0000 - 0x00007ff8d9fd8000 	C:\WINDOWS\system32\KERNELBASE.dll
0x00007ff8dc490000 - 0x00007ff8dc537000 	C:\WINDOWS\system32\ADVAPI32.dll
0x00007ff8dd470000 - 0x00007ff8dd50d000 	C:\WINDOWS\system32\msvcrt.dll
0x00007ff8dabc0000 - 0x00007ff8dac1b000 	C:\WINDOWS\system32\sechost.dll
0x00007ff8dc7c0000 - 0x00007ff8dc8dc000 	C:\WINDOWS\system32\RPCRT4.dll
0x00007ff8dc1e0000 - 0x00007ff8dc336000 	C:\WINDOWS\system32\USER32.dll
0x00007ff8dcd10000 - 0x00007ff8dce96000 	C:\WINDOWS\system32\GDI32.dll
0x00007ff8c6e40000 - 0x00007ff8c70b4000 	C:\WINDOWS\WinSxS\amd64_microsoft.windows.common-controls_6595b64144ccf1df_6.0.10586.0_none_8c15ae12515e1c22\COMCTL32.dll
0x00007ff8dca90000 - 0x00007ff8dcd0d000 	C:\WINDOWS\system32\combase.dll
0x00007ff8da970000 - 0x00007ff8da9da000 	C:\WINDOWS\system32\bcryptPrimitives.dll
0x00007ff8dcea0000 - 0x00007ff8dcedb000 	C:\WINDOWS\system32\IMM32.DLL
0x00000000517f0000 - 0x00000000518c2000 	C:\Program Files\Java\jre7\bin\msvcr100.dll
0x0000000051010000 - 0x00000000517e3000 	C:\Program Files\Java\jre7\bin\server\jvm.dll
0x00007ff8dc410000 - 0x00007ff8dc418000 	C:\WINDOWS\system32\PSAPI.DLL
0x00007ff8d1ac0000 - 0x00007ff8d1ac9000 	C:\WINDOWS\SYSTEM32\WSOCK32.dll
0x00007ff8d7a70000 - 0x00007ff8d7a93000 	C:\WINDOWS\SYSTEM32\WINMM.dll
0x00007ff8dc340000 - 0x00007ff8dc3ab000 	C:\WINDOWS\system32\WS2_32.dll
0x00007ff8d7690000 - 0x00007ff8d76bc000 	C:\WINDOWS\SYSTEM32\WINMMBASE.dll
0x00007ff8da920000 - 0x00007ff8da963000 	C:\WINDOWS\system32\cfgmgr32.dll
0x0000000051000000 - 0x000000005100f000 	C:\Program Files\Java\jre7\bin\verify.dll
0x0000000050fd0000 - 0x0000000050ff8000 	C:\Program Files\Java\jre7\bin\java.dll
0x0000000050fb0000 - 0x0000000050fc5000 	C:\Program Files\Java\jre7\bin\zip.dll
0x0000000065580000 - 0x000000006561b000 	C:\Users\Jay\AppData\Local\Temp\libgdxJay\3fcab39a\gdx64.dll
0x00007ff8d9580000 - 0x00007ff8d9597000 	C:\WINDOWS\SYSTEM32\CRYPTSP.dll
0x00007ff8d9210000 - 0x00007ff8d9244000 	C:\WINDOWS\system32\rsaenh.dll
0x00007ff8d9b30000 - 0x00007ff8d9b59000 	C:\WINDOWS\SYSTEM32\bcrypt.dll
0x00007ff8d9360000 - 0x00007ff8d937f000 	C:\WINDOWS\SYSTEM32\USERENV.dll
0x00007ff8d9c10000 - 0x00007ff8d9c24000 	C:\WINDOWS\system32\profapi.dll
0x00007ff8d96a0000 - 0x00007ff8d96ab000 	C:\WINDOWS\SYSTEM32\CRYPTBASE.dll
0x0000000050f90000 - 0x0000000050fa9000 	C:\Program Files\Java\jre7\bin\net.dll
0x00007ff8d94d0000 - 0x00007ff8d952c000 	C:\WINDOWS\system32\mswsock.dll
0x00007ff8d43c0000 - 0x00007ff8d43f8000 	C:\WINDOWS\SYSTEM32\IPHLPAPI.DLL
0x00007ff8dc7a0000 - 0x00007ff8dc7a8000 	C:\WINDOWS\system32\NSI.dll
0x00007ff8d3ff0000 - 0x00007ff8d4006000 	C:\WINDOWS\SYSTEM32\dhcpcsvc6.DLL
0x00007ff8d4420000 - 0x00007ff8d443a000 	C:\WINDOWS\SYSTEM32\dhcpcsvc.DLL
0x0000000050f70000 - 0x0000000050f81000 	C:\Program Files\Java\jre7\bin\nio.dll
0x0000000180000000 - 0x0000000180051000 	C:\Users\Jay\AppData\Local\Temp\libgdxJay\ccd07a7a\lwjgl64.dll
0x00007ff8d7aa0000 - 0x00007ff8d7aaa000 	C:\WINDOWS\SYSTEM32\VERSION.dll
0x00007ff8ab9b0000 - 0x00007ff8abad9000 	C:\WINDOWS\SYSTEM32\OPENGL32.dll
0x00007ff8ca390000 - 0x00007ff8ca3be000 	C:\WINDOWS\SYSTEM32\GLU32.dll
0x00007ff8b0510000 - 0x00007ff8b060a000 	C:\WINDOWS\SYSTEM32\DDRAW.dll
0x00007ff8c4830000 - 0x00007ff8c4838000 	C:\WINDOWS\SYSTEM32\DCIMAN32.dll
0x000000000d900000 - 0x000000000d964000 	C:\Users\Jay\AppData\Local\Temp\libgdxJay\ccd07a7a\OpenAL64.dll
0x00007ff8dac20000 - 0x00007ff8dc17f000 	C:\WINDOWS\system32\SHELL32.dll
0x00007ff8da040000 - 0x00007ff8da684000 	C:\WINDOWS\system32\windows.storage.dll
0x00007ff8dc3b0000 - 0x00007ff8dc402000 	C:\WINDOWS\system32\shlwapi.dll
0x00007ff8d9c30000 - 0x00007ff8d9c3f000 	C:\WINDOWS\system32\kernel.appcore.dll
0x00007ff8da860000 - 0x00007ff8da915000 	C:\WINDOWS\system32\shcore.dll
0x00007ff8d9c40000 - 0x00007ff8d9c8b000 	C:\WINDOWS\system32\powrprof.dll
0x00007ff8dc540000 - 0x00007ff8dc683000 	C:\WINDOWS\system32\ole32.dll
0x00007ff8d88c0000 - 0x00007ff8d8956000 	C:\WINDOWS\system32\uxtheme.dll
0x00007ff8c3bc0000 - 0x00007ff8c3be8000 	C:\Program Files (x86)\Raptr\ltc_help64-106568.dll
0x00007ff8d9fe0000 - 0x00007ff8da035000 	C:\WINDOWS\system32\WINTRUST.dll
0x00007ff8d9c00000 - 0x00007ff8d9c10000 	C:\WINDOWS\system32\MSASN1.dll
0x00007ff8da690000 - 0x00007ff8da857000 	C:\WINDOWS\system32\CRYPT32.dll
0x00007ff8dd3c0000 - 0x00007ff8dd467000 	C:\WINDOWS\system32\clbcatq.dll
0x00007ff8d4010000 - 0x00007ff8d4196000 	C:\WINDOWS\System32\PROPSYS.dll
0x00007ff8dd510000 - 0x00007ff8dd5d1000 	C:\WINDOWS\system32\OLEAUT32.dll
0x00007ff89f630000 - 0x00007ff89f6cc000 	C:\WINDOWS\SYSTEM32\dsound.dll
0x00007ff8d4200000 - 0x00007ff8d4270000 	C:\WINDOWS\System32\MMDevApi.dll
0x00007ff8d8960000 - 0x00007ff8d8987000 	C:\WINDOWS\System32\DEVOBJ.dll
0x00007ff8c4a30000 - 0x00007ff8c4ab8000 	C:\WINDOWS\SYSTEM32\AUDIOSES.DLL
0x00007ff8d0c50000 - 0x00007ff8d0d86000 	C:\WINDOWS\SYSTEM32\wintypes.dll
0x00007ff8daa00000 - 0x00007ff8dab5a000 	C:\WINDOWS\system32\MSCTF.dll
0x00007ff8d7fb0000 - 0x00007ff8d7fd2000 	C:\WINDOWS\system32\dwmapi.dll
0x00007ff8d27e0000 - 0x00007ff8d27f8000 	C:\WINDOWS\SYSTEM32\atig6pxx.dll
0x0000000076200000 - 0x0000000078000000 	C:\WINDOWS\SYSTEM32\atio6axx.dll
0x00007ff8dcf90000 - 0x00007ff8dd3b9000 	C:\WINDOWS\system32\SETUPAPI.dll
0x00007ff8b7e60000 - 0x00007ff8b7fa1000 	C:\WINDOWS\SYSTEM32\atiadlxx.dll
0x00007ff8d5710000 - 0x00007ff8d5723000 	C:\WINDOWS\SYSTEM32\WTSAPI32.dll
0x00007ff8c4010000 - 0x00007ff8c403c000 	C:\WINDOWS\SYSTEM32\atig6txx.dll
0x00007ff8cb200000 - 0x00007ff8cb291000 	C:\WINDOWS\SYSTEM32\mscms.dll
0x00007ff8b7b90000 - 0x00007ff8b7bd2000 	C:\WINDOWS\SYSTEM32\icm32.dll
0x0000000066bc0000 - 0x0000000066c7b000 	C:\Users\Jay\AppData\Local\Temp\libgdxJay\d6d72896\gdx-box2d64.dll
0x00007ff8da9e0000 - 0x00007ff8da9fc000 	C:\WINDOWS\system32\imagehlp.dll
0x00007ff8d8c00000 - 0x00007ff8d8c24000 	C:\WINDOWS\SYSTEM32\gpapi.dll
0x00007ff8c9de0000 - 0x00007ff8c9e0f000 	C:\Windows\System32\cryptnet.dll
0x00007ff8d4640000 - 0x00007ff8d464b000 	C:\WINDOWS\SYSTEM32\WINNSI.DLL
0x00007ff89bde0000 - 0x00007ff89c028000 	C:\PROGRA~2\Raptr\ltc_game64-106568.dll
0x00007ff8d6380000 - 0x00007ff8d650c000 	C:\WINDOWS\SYSTEM32\dbghelp.dll

VM Arguments:
jvm_args: -Dfile.encoding=Cp1252 
java_command: main.AftamathDesktop
Launcher Type: SUN_STANDARD

Environment Variables:
JAVA_HOME=C:\Program Files (x86)\Java\jdk1.8.0_25
PATH=C:\Program Files (x86)\NVIDIA Corporation\PhysX\Common;C:\Windows\system32;C:\Windows;C:\Windows\System32\Wbem;C:\Windows\System32\WindowsPowerShell\v1.0\;C:\Program Files (x86)\ATI Technologies\ATI.ACE\Core-Static;C:\Program Files (x86)\Windows Live\Shared;C:\Program Files (x86)\QuickTime\QTSystem\;C:\Users\Jay\AppData\Local\Smartbar\Application\;C:\WINDOWS\system32;C:\WINDOWS;C:\WINDOWS\System32\Wbem;C:\WINDOWS\System32\WindowsPowerShell\v1.0\;C:\Program Files (x86)\Skype\Phone\;C:\Program Files (x86)\AMD\ATI.ACE\Core-Static
USERNAME=Jay
OS=Windows_NT
PROCESSOR_IDENTIFIER=AMD64 Family 21 Model 2 Stepping 0, AuthenticAMD



---------------  S Y S T E M  ---------------

OS: Windows 8.1 , 64 bit Build 9600 

CPU:total 8 (8 cores per cpu, 1 threads per core) family 21 model 2 stepping 0, cmov, cx8, fxsr, mmx, sse, sse2, sse3, ssse3, sse4.1, sse4.2, popcnt, avx, aes, mmxext, 3dnowpref, lzcnt, sse4a, tsc, tscinvbit, tscinv

Memory: 4k page, physical 8369696k(1858896k free), swap 24098336k(11527196k free)

vm_info: Java HotSpot(TM) 64-Bit Server VM (24.71-b01) for windows-amd64 JRE (1.7.0_71-b14), built on Sep 26 2014 16:16:12 by "java_re" with unknown MS VC++:1600

time: Fri Dec 18 01:23:11 2015
elapsed time: 37 seconds

