#
# A fatal error has been detected by the Java Runtime Environment:
#
#  EXCEPTION_ACCESS_VIOLATION (0xc0000005) at pc=0x00007ffe023f2224, pid=3616, tid=2536
#
# JRE version: Java(TM) SE Runtime Environment (8.0_66-b18) (build 1.8.0_66-b18)
# Java VM: Java HotSpot(TM) 64-Bit Server VM (25.66-b18 mixed mode windows-amd64 compressed oops)
# Problematic frame:
# C  [OPENGL32.dll+0xe2224]
#
# Failed to write core dump. Minidumps are not enabled by default on client versions of Windows
#
# If you would like to submit a bug report, please visit:
#   http://bugreport.java.com/bugreport/crash.jsp
#

---------------  T H R E A D  ---------------

Current thread (0x00000000174d9000):  VMThread [stack: 0x00000000191a0000,0x00000000192a0000] [id=2536]

siginfo: ExceptionCode=0xc0000005, reading address 0x0000000000000a38

Registers:
RAX=0x0000000000000000, RBX=0x00000000291206d0, RCX=0x0000000000000001, RDX=0x00000000291206d8
RSP=0x000000001929f3b8, RBP=0x0000000000000000, RSI=0x0000000029124140, RDI=0x0000000029124140
R8 =0x000000001929f438, R9 =0x0000000017365400, R10=0x0000000000000000, R11=0x0000000000000246
R12=0x0000000000000000, R13=0x0000000029117858, R14=0x0000000029117710, R15=0x0000000000000000
RIP=0x00007ffe023f2224, EFLAGS=0x0000000000010287

Top of Stack: (sp=0x000000001929f3b8)
0x000000001929f3b8:   00007ffdf6d7205b 0000000029117858
0x000000001929f3c8:   0000000000000001 0000000029110000
0x000000001929f3d8:   00007ffe160d0ad9 0000000000000000
0x000000001929f3e8:   00007ffdf6d776f7 0000000000000000
0x000000001929f3f8:   0000000000000000 0000000029117840
0x000000001929f408:   00007ffdf6d76a63 fffffffffffffffe
0x000000001929f418:   000000001929f480 0000000000000000
0x000000001929f428:   00007ffdf6d77fa9 0000000029124140
0x000000001929f438:   0000000029116fd0 0000000017365400
0x000000001929f448:   00007ffdf6de68c0 fffffffffffffffe
0x000000001929f458:   0000000029119d60 0000000000000001
0x000000001929f468:   0000000029117838 0000000029117710
0x000000001929f478:   00007ffdf6dee9dd 00007ffdf6f1c800
0x000000001929f488:   00007ffdf6e54e80 0000000017365400
0x000000001929f498:   00007ffe039dc7c0 0000000029117838
0x000000001929f4a8:   0000000029117710 0000000029117710 

Instructions: (pc=0x00007ffe023f2224)
0x00007ffe023f2204:   cc cc cc cc cc cc 66 0f 1f 44 00 00 8b 05 f2 7d
0x00007ffe023f2214:   01 00 83 f8 40 73 0f 65 48 8b 04 c5 80 14 00 00
0x00007ffe023f2224:   ff a0 38 0a 00 00 b8 47 01 00 00 e9 ec d4 ff ff
0x00007ffe023f2234:   cc cc cc cc cc cc 66 0f 1f 44 00 00 8b 05 c2 7d 


Register to memory mapping:

RAX=0x0000000000000000 is an unknown value
RBX=0x00000000291206d0 is an unknown value
RCX=0x0000000000000001 is an unknown value
RDX=0x00000000291206d8 is an unknown value
RSP=0x000000001929f3b8 is an unknown value
RBP=0x0000000000000000 is an unknown value
RSI=0x0000000029124140 is an unknown value
RDI=0x0000000029124140 is an unknown value
R8 =0x000000001929f438 is an unknown value
R9 =0x0000000017365400 is an unknown value
R10=0x0000000000000000 is an unknown value
R11=0x0000000000000246 is an unknown value
R12=0x0000000000000000 is an unknown value
R13=0x0000000029117858 is an unknown value
R14=0x0000000029117710 is an unknown value
R15=0x0000000000000000 is an unknown value


Stack: [0x00000000191a0000,0x00000000192a0000],  sp=0x000000001929f3b8,  free space=1020k
Native frames: (J=compiled Java code, j=interpreted, Vv=VM code, C=native code)

VM_Operation (0x000000001af7ece0): Exit, mode: safepoint, requested by thread 0x00000000198e8000


---------------  P R O C E S S  ---------------

Java Threads: ( => current thread )
  0x000000001b33c800 JavaThread "LWJGL Timer" daemon [_thread_blocked, id=8376, stack(0x0000000026720000,0x0000000026820000)]
  0x00000000021ce000 JavaThread "DestroyJavaVM" [_thread_blocked, id=5280, stack(0x00000000022a0000,0x00000000023a0000)]
  0x00000000198e8000 JavaThread "LWJGL Application" [_thread_blocked, id=2284, stack(0x000000001ae80000,0x000000001af80000)]
  0x0000000019640800 JavaThread "Service Thread" daemon [_thread_blocked, id=3196, stack(0x0000000019f80000,0x000000001a080000)]
  0x00000000195da800 JavaThread "C1 CompilerThread3" daemon [_thread_blocked, id=5304, stack(0x0000000019e80000,0x0000000019f80000)]
  0x00000000195b4800 JavaThread "C2 CompilerThread2" daemon [_thread_blocked, id=8596, stack(0x0000000019d80000,0x0000000019e80000)]
  0x00000000195ac000 JavaThread "C2 CompilerThread1" daemon [_thread_blocked, id=512, stack(0x0000000019c80000,0x0000000019d80000)]
  0x00000000195aa800 JavaThread "C2 CompilerThread0" daemon [_thread_blocked, id=500, stack(0x0000000019b80000,0x0000000019c80000)]
  0x00000000174ed800 JavaThread "Attach Listener" daemon [_thread_blocked, id=5172, stack(0x0000000019a80000,0x0000000019b80000)]
  0x00000000174ec800 JavaThread "Signal Dispatcher" daemon [_thread_blocked, id=7080, stack(0x0000000019980000,0x0000000019a80000)]
  0x000000000249c000 JavaThread "Finalizer" daemon [_thread_blocked, id=7540, stack(0x00000000193a0000,0x00000000194a0000)]
  0x00000000174dd800 JavaThread "Reference Handler" daemon [_thread_blocked, id=8744, stack(0x00000000192a0000,0x00000000193a0000)]

Other Threads:
=>0x00000000174d9000 VMThread [stack: 0x00000000191a0000,0x00000000192a0000] [id=2536]

VM state:at safepoint (shutting down)

VM Mutex/Monitor currently owned by a thread:  ([mutex/lock_event])
[0x00000000021cd2d0] Threads_lock - owner thread: 0x00000000174d9000

Heap:
 PSYoungGen      total 25088K, used 14175K [0x00000000d5700000, 0x00000000d7c00000, 0x0000000100000000)
  eden space 24576K, 55% used [0x00000000d5700000,0x00000000d646fdc8,0x00000000d6f00000)
  from space 512K, 81% used [0x00000000d6f80000,0x00000000d6fe8010,0x00000000d7000000)
  to   space 6656K, 0% used [0x00000000d7580000,0x00000000d7580000,0x00000000d7c00000)
 ParOldGen       total 87552K, used 11416K [0x0000000080400000, 0x0000000085980000, 0x00000000d5700000)
  object space 87552K, 13% used [0x0000000080400000,0x0000000080f26368,0x0000000085980000)
 Metaspace       used 10168K, capacity 10262K, committed 10368K, reserved 1058816K
  class space    used 879K, capacity 884K, committed 896K, reserved 1048576K

Card table byte_map: [0x0000000011860000,0x0000000011c60000] byte_map_base: 0x000000001145e000

Marking Bits: (ParMarkBitMap*) 0x000000005b5aa5b0
 Begin Bits: [0x0000000012710000, 0x0000000014700000)
 End Bits:   [0x0000000014700000, 0x00000000166f0000)

Polling page: 0x0000000000ae0000

CodeCache: size=245760Kb used=8977Kb max_used=9251Kb free=236782Kb
 bounds [0x00000000024a0000, 0x0000000002dd0000, 0x00000000114a0000]
 total_blobs=2363 nmethods=1828 adapters=449
 compilation: enabled

Compilation events (10 events):
Event: 666.201 Thread 0x00000000195aa800 2419   !   4       org.lwjgl.opengl.Display::processMessages (44 bytes)
Event: 666.205 Thread 0x00000000195aa800 nmethod 2419 0x0000000002bb0550 code [0x0000000002bb0700, 0x0000000002bb0ba0]
Event: 667.641 Thread 0x00000000195ac000 2420   !   4       org.lwjgl.input.Mouse::next (235 bytes)
Event: 667.652 Thread 0x00000000195ac000 nmethod 2420 0x0000000002bfab10 code [0x0000000002bfad20, 0x0000000002bfb740]
Event: 667.881 Thread 0x00000000195b4800 2421       4       com.badlogic.gdx.backends.lwjgl.LwjglInput::update (13 bytes)
Event: 667.900 Thread 0x00000000195b4800 nmethod 2421 0x0000000002d2b290 code [0x0000000002d2b520, 0x0000000002d2c168]
Event: 689.922 Thread 0x00000000195ac000 2422       4       main.Main::handleInput (3137 bytes)
Event: 690.253 Thread 0x00000000195ac000 nmethod 2422 0x0000000002729c10 code [0x000000000272ac60, 0x0000000002731728]
Event: 691.103 Thread 0x00000000195aa800 2423       4       handlers.Camera::locate (814 bytes)
Event: 691.133 Thread 0x00000000195aa800 nmethod 2423 0x0000000002727390 code [0x00000000027276a0, 0x00000000027287a0]

GC Heap History (10 events):
Event: 347.878 GC heap before
{Heap before GC invocations=17 (full 0):
 PSYoungGen      total 34816K, used 28080K [0x00000000d5700000, 0x00000000d8180000, 0x0000000100000000)
  eden space 27136K, 100% used [0x00000000d5700000,0x00000000d7180000,0x00000000d7180000)
  from space 7680K, 12% used [0x00000000d7a00000,0x00000000d7aec108,0x00000000d8180000)
  to   space 8192K, 0% used [0x00000000d7180000,0x00000000d7180000,0x00000000d7980000)
 ParOldGen       total 87552K, used 10310K [0x0000000080400000, 0x0000000085980000, 0x00000000d5700000)
  object space 87552K, 11% used [0x0000000080400000,0x0000000080e11958,0x0000000085980000)
 Metaspace       used 10145K, capacity 10262K, committed 10368K, reserved 1058816K
  class space    used 875K, capacity 884K, committed 896K, reserved 1048576K
Event: 347.880 GC heap after
Heap after GC invocations=17 (full 0):
 PSYoungGen      total 27136K, used 224K [0x00000000d5700000, 0x00000000d8000000, 0x0000000100000000)
  eden space 26624K, 0% used [0x00000000d5700000,0x00000000d5700000,0x00000000d7100000)
  from space 512K, 43% used [0x00000000d7180000,0x00000000d71b8000,0x00000000d7200000)
  to   space 7680K, 0% used [0x00000000d7880000,0x00000000d7880000,0x00000000d8000000)
 ParOldGen       total 87552K, used 11104K [0x0000000080400000, 0x0000000085980000, 0x00000000d5700000)
  object space 87552K, 12% used [0x0000000080400000,0x0000000080ed8358,0x0000000085980000)
 Metaspace       used 10145K, capacity 10262K, committed 10368K, reserved 1058816K
  class space    used 875K, capacity 884K, committed 896K, reserved 1048576K
}
Event: 448.945 GC heap before
{Heap before GC invocations=18 (full 0):
 PSYoungGen      total 27136K, used 26848K [0x00000000d5700000, 0x00000000d8000000, 0x0000000100000000)
  eden space 26624K, 100% used [0x00000000d5700000,0x00000000d7100000,0x00000000d7100000)
  from space 512K, 43% used [0x00000000d7180000,0x00000000d71b8000,0x00000000d7200000)
  to   space 7680K, 0% used [0x00000000d7880000,0x00000000d7880000,0x00000000d8000000)
 ParOldGen       total 87552K, used 11104K [0x0000000080400000, 0x0000000085980000, 0x00000000d5700000)
  object space 87552K, 12% used [0x0000000080400000,0x0000000080ed8358,0x0000000085980000)
 Metaspace       used 10148K, capacity 10262K, committed 10368K, reserved 1058816K
  class space    used 875K, capacity 884K, committed 896K, reserved 1048576K
Event: 448.946 GC heap after
Heap after GC invocations=18 (full 0):
 PSYoungGen      total 33280K, used 352K [0x00000000d5700000, 0x00000000d7f80000, 0x0000000100000000)
  eden space 26112K, 0% used [0x00000000d5700000,0x00000000d5700000,0x00000000d7080000)
  from space 7168K, 4% used [0x00000000d7880000,0x00000000d78d8010,0x00000000d7f80000)
  to   space 7680K, 0% used [0x00000000d7080000,0x00000000d7080000,0x00000000d7800000)
 ParOldGen       total 87552K, used 11168K [0x0000000080400000, 0x0000000085980000, 0x00000000d5700000)
  object space 87552K, 12% used [0x0000000080400000,0x0000000080ee8358,0x0000000085980000)
 Metaspace       used 10148K, capacity 10262K, committed 10368K, reserved 1058816K
  class space    used 875K, capacity 884K, committed 896K, reserved 1048576K
}
Event: 548.673 GC heap before
{Heap before GC invocations=19 (full 0):
 PSYoungGen      total 33280K, used 26464K [0x00000000d5700000, 0x00000000d7f80000, 0x0000000100000000)
  eden space 26112K, 100% used [0x00000000d5700000,0x00000000d7080000,0x00000000d7080000)
  from space 7168K, 4% used [0x00000000d7880000,0x00000000d78d8010,0x00000000d7f80000)
  to   space 7680K, 0% used [0x00000000d7080000,0x00000000d7080000,0x00000000d7800000)
 ParOldGen       total 87552K, used 11168K [0x0000000080400000, 0x0000000085980000, 0x00000000d5700000)
  object space 87552K, 12% used [0x0000000080400000,0x0000000080ee8358,0x0000000085980000)
 Metaspace       used 10148K, capacity 10262K, committed 10368K, reserved 1058816K
  class space    used 875K, capacity 884K, committed 896K, reserved 1048576K
Event: 548.674 GC heap after
Heap after GC invocations=19 (full 0):
 PSYoungGen      total 26112K, used 160K [0x00000000d5700000, 0x00000000d7e00000, 0x0000000100000000)
  eden space 25600K, 0% used [0x00000000d5700000,0x00000000d5700000,0x00000000d7000000)
  from space 512K, 31% used [0x00000000d7080000,0x00000000d70a8000,0x00000000d7100000)
  to   space 7168K, 0% used [0x00000000d7700000,0x00000000d7700000,0x00000000d7e00000)
 ParOldGen       total 87552K, used 11368K [0x0000000080400000, 0x0000000085980000, 0x00000000d5700000)
  object space 87552K, 12% used [0x0000000080400000,0x0000000080f1a368,0x0000000085980000)
 Metaspace       used 10148K, capacity 10262K, committed 10368K, reserved 1058816K
  class space    used 875K, capacity 884K, committed 896K, reserved 1048576K
}
Event: 589.335 GC heap before
{Heap before GC invocations=20 (full 0):
 PSYoungGen      total 26112K, used 25760K [0x00000000d5700000, 0x00000000d7e00000, 0x0000000100000000)
  eden space 25600K, 100% used [0x00000000d5700000,0x00000000d7000000,0x00000000d7000000)
  from space 512K, 31% used [0x00000000d7080000,0x00000000d70a8000,0x00000000d7100000)
  to   space 7168K, 0% used [0x00000000d7700000,0x00000000d7700000,0x00000000d7e00000)
 ParOldGen       total 87552K, used 11368K [0x0000000080400000, 0x0000000085980000, 0x00000000d5700000)
  object space 87552K, 12% used [0x0000000080400000,0x0000000080f1a368,0x0000000085980000)
 Metaspace       used 10148K, capacity 10262K, committed 10368K, reserved 1058816K
  class space    used 875K, capacity 884K, committed 896K, reserved 1048576K
Event: 589.337 GC heap after
Heap after GC invocations=20 (full 0):
 PSYoungGen      total 31744K, used 256K [0x00000000d5700000, 0x00000000d7d80000, 0x0000000100000000)
  eden space 25088K, 0% used [0x00000000d5700000,0x00000000d5700000,0x00000000d6f80000)
  from space 6656K, 3% used [0x00000000d7700000,0x00000000d7740000,0x00000000d7d80000)
  to   space 7168K, 0% used [0x00000000d6f80000,0x00000000d6f80000,0x00000000d7680000)
 ParOldGen       total 87552K, used 11376K [0x0000000080400000, 0x0000000085980000, 0x00000000d5700000)
  object space 87552K, 12% used [0x0000000080400000,0x0000000080f1c368,0x0000000085980000)
 Metaspace       used 10148K, capacity 10262K, committed 10368K, reserved 1058816K
  class space    used 875K, capacity 884K, committed 896K, reserved 1048576K
}
Event: 648.260 GC heap before
{Heap before GC invocations=21 (full 0):
 PSYoungGen      total 31744K, used 25344K [0x00000000d5700000, 0x00000000d7d80000, 0x0000000100000000)
  eden space 25088K, 100% used [0x00000000d5700000,0x00000000d6f80000,0x00000000d6f80000)
  from space 6656K, 3% used [0x00000000d7700000,0x00000000d7740000,0x00000000d7d80000)
  to   space 7168K, 0% used [0x00000000d6f80000,0x00000000d6f80000,0x00000000d7680000)
 ParOldGen       total 87552K, used 11376K [0x0000000080400000, 0x0000000085980000, 0x00000000d5700000)
  object space 87552K, 12% used [0x0000000080400000,0x0000000080f1c368,0x0000000085980000)
 Metaspace       used 10148K, capacity 10262K, committed 10368K, reserved 1058816K
  class space    used 875K, capacity 884K, committed 896K, reserved 1048576K
Event: 648.261 GC heap after
Heap after GC invocations=21 (full 0):
 PSYoungGen      total 25088K, used 416K [0x00000000d5700000, 0x00000000d7c00000, 0x0000000100000000)
  eden space 24576K, 0% used [0x00000000d5700000,0x00000000d5700000,0x00000000d6f00000)
  from space 512K, 81% used [0x00000000d6f80000,0x00000000d6fe8010,0x00000000d7000000)
  to   space 6656K, 0% used [0x00000000d7580000,0x00000000d7580000,0x00000000d7c00000)
 ParOldGen       total 87552K, used 11416K [0x0000000080400000, 0x0000000085980000, 0x00000000d5700000)
  object space 87552K, 13% used [0x0000000080400000,0x0000000080f26368,0x0000000085980000)
 Metaspace       used 10148K, capacity 10262K, committed 10368K, reserved 1058816K
  class space    used 875K, capacity 884K, committed 896K, reserved 1048576K
}

Deoptimization events (10 events):
Event: 291.634 Thread 0x00000000198e8000 Uncommon trap: reason=unstable_if action=reinterpret pc=0x00000000027a66a4 method=org.lwjgl.input.Mouse.next()Z @ 28
Event: 299.976 Thread 0x00000000198e8000 Uncommon trap: reason=unstable_if action=reinterpret pc=0x000000000280e2f4 method=org.lwjgl.opengl.WindowsDisplay.update()V @ 7
Event: 427.243 Thread 0x00000000198e8000 Uncommon trap: reason=unstable_if action=reinterpret pc=0x0000000002cd255c method=com.badlogic.gdx.backends.lwjgl.audio.OpenALMusic.isPlaying()Z @ 17
Event: 490.688 Thread 0x00000000198e8000 Uncommon trap: reason=unstable_if action=reinterpret pc=0x0000000002b3bc58 method=main.Main.handleDayCycle(F)V @ 47
Event: 563.798 Thread 0x00000000198e8000 Uncommon trap: reason=unstable_if action=reinterpret pc=0x0000000002be0828 method=org.lwjgl.opengl.WindowsDisplay.update()V @ 40
Event: 565.474 Thread 0x00000000198e8000 Uncommon trap: reason=unstable_if action=reinterpret pc=0x0000000002bbe994 method=org.lwjgl.input.Mouse.next()Z @ 46
Event: 565.474 Thread 0x00000000198e8000 Uncommon trap: reason=unstable_if action=reinterpret pc=0x0000000002bb51d0 method=com.badlogic.gdx.backends.lwjgl.LwjglInput.updateMouse()V @ 98
Event: 587.815 Thread 0x00000000198e8000 Uncommon trap: reason=unstable_if action=reinterpret pc=0x0000000002dbebb0 method=main.Main.handleInput()V @ 1761
Event: 588.715 Thread 0x00000000198e8000 Uncommon trap: reason=unstable_if action=reinterpret pc=0x0000000002a779ec method=handlers.Camera.locate(F)V @ 11
Event: 699.101 Thread 0x00000000198e8000 Uncommon trap: reason=class_check action=maybe_recompile pc=0x00000000027f3c30 method=com.badlogic.gdx.backends.lwjgl.LwjglApplication.executeRunnables()Z @ 68

Internal exceptions (10 events):
Event: 261.532 Thread 0x00000000198e8000 Implicit null exception at 0x0000000002c01955 to 0x0000000002c0227c
Event: 261.532 Thread 0x00000000198e8000 Exception <a 'java/lang/NullPointerException'> (0x00000000d6fdf640) thrown at [C:\re\workspace\8-2-build-windows-amd64-cygwin\jdk8u66\5298\hotspot\src\share\vm\runtime\sharedRuntime.cpp, line 605]
Event: 261.552 Thread 0x00000000198e8000 Implicit null exception at 0x0000000002c01955 to 0x0000000002c0227c
Event: 261.552 Thread 0x00000000198e8000 Exception <a 'java/lang/NullPointerException'> (0x00000000d6fe1530) thrown at [C:\re\workspace\8-2-build-windows-amd64-cygwin\jdk8u66\5298\hotspot\src\share\vm\runtime\sharedRuntime.cpp, line 605]
Event: 261.575 Thread 0x00000000198e8000 Implicit null exception at 0x0000000002c01955 to 0x0000000002c0227c
Event: 261.575 Thread 0x00000000198e8000 Exception <a 'java/lang/NullPointerException'> (0x00000000d6ffc3b8) thrown at [C:\re\workspace\8-2-build-windows-amd64-cygwin\jdk8u66\5298\hotspot\src\share\vm\runtime\sharedRuntime.cpp, line 605]
Event: 261.592 Thread 0x00000000198e8000 Implicit null exception at 0x0000000002c01955 to 0x0000000002c0227c
Event: 261.592 Thread 0x00000000198e8000 Exception <a 'java/lang/NullPointerException'> (0x00000000d700de88) thrown at [C:\re\workspace\8-2-build-windows-amd64-cygwin\jdk8u66\5298\hotspot\src\share\vm\runtime\sharedRuntime.cpp, line 605]
Event: 270.318 Thread 0x00000000198e8000 Implicit null exception at 0x00000000026177ec to 0x0000000002617901
Event: 270.318 Thread 0x00000000198e8000 Implicit null exception at 0x0000000002dac544 to 0x0000000002daf351

Events (10 events):
Event: 699.101 Thread 0x00000000198e8000 DEOPT UNPACKING pc=0x00000000024e582a sp=0x000000001af7eef8 mode 2
Event: 699.157 loading class org/lwjgl/opengl/CallbackUtil
Event: 699.157 loading class org/lwjgl/opengl/CallbackUtil done
Event: 699.211 loading class java/util/IdentityHashMap$KeySet
Event: 699.226 loading class java/util/IdentityHashMap$KeySet done
Event: 699.226 loading class java/util/IdentityHashMap$KeyIterator
Event: 699.226 loading class java/util/IdentityHashMap$IdentityHashMapIterator
Event: 699.232 loading class java/util/IdentityHashMap$IdentityHashMapIterator done
Event: 699.232 loading class java/util/IdentityHashMap$KeyIterator done
Event: 699.250 Executing VM operation: Exit


Dynamic libraries:
0x00007ff7bec00000 - 0x00007ff7bec37000 	C:\Program Files\Java\jre1.8.0_66\bin\javaw.exe
0x00007ffe160b0000 - 0x00007ffe16271000 	C:\WINDOWS\SYSTEM32\ntdll.dll
0x00007ffe15900000 - 0x00007ffe159ad000 	C:\WINDOWS\system32\KERNEL32.DLL
0x00007ffe12760000 - 0x00007ffe12948000 	C:\WINDOWS\system32\KERNELBASE.dll
0x00007ffe13550000 - 0x00007ffe135f7000 	C:\WINDOWS\system32\ADVAPI32.dll
0x00007ffe134b0000 - 0x00007ffe1354d000 	C:\WINDOWS\system32\msvcrt.dll
0x00007ffe13bd0000 - 0x00007ffe13c2b000 	C:\WINDOWS\system32\sechost.dll
0x00007ffe155e0000 - 0x00007ffe156fc000 	C:\WINDOWS\system32\RPCRT4.dll
0x00007ffe13de0000 - 0x00007ffe13f36000 	C:\WINDOWS\system32\USER32.dll
0x00007ffe13600000 - 0x00007ffe13786000 	C:\WINDOWS\system32\GDI32.dll
0x00007ffe049e0000 - 0x00007ffe04c54000 	C:\WINDOWS\WinSxS\amd64_microsoft.windows.common-controls_6595b64144ccf1df_6.0.10586.0_none_8c15ae12515e1c22\COMCTL32.dll
0x00007ffe15b80000 - 0x00007ffe15dfd000 	C:\WINDOWS\system32\combase.dll
0x00007ffe13100000 - 0x00007ffe1316a000 	C:\WINDOWS\system32\bcryptPrimitives.dll
0x00007ffe16070000 - 0x00007ffe160ab000 	C:\WINDOWS\system32\IMM32.DLL
0x000000005abf0000 - 0x000000005acc2000 	C:\Program Files\Java\jre1.8.0_66\bin\msvcr100.dll
0x000000005ada0000 - 0x000000005b629000 	C:\Program Files\Java\jre1.8.0_66\bin\server\jvm.dll
0x00007ffe15e00000 - 0x00007ffe15e08000 	C:\WINDOWS\system32\PSAPI.DLL
0x00007ffe07ac0000 - 0x00007ffe07ac9000 	C:\WINDOWS\SYSTEM32\WSOCK32.dll
0x00007ffe10400000 - 0x00007ffe10423000 	C:\WINDOWS\SYSTEM32\WINMM.dll
0x00007ffe0d4c0000 - 0x00007ffe0d4ca000 	C:\WINDOWS\SYSTEM32\VERSION.dll
0x00007ffe15700000 - 0x00007ffe1576b000 	C:\WINDOWS\system32\WS2_32.dll
0x0000000002110000 - 0x000000000213c000 	C:\WINDOWS\SYSTEM32\WINMMBASE.dll
0x00007ffe12a00000 - 0x00007ffe12a43000 	C:\WINDOWS\system32\cfgmgr32.dll
0x000000005ad90000 - 0x000000005ad9f000 	C:\Program Files\Java\jre1.8.0_66\bin\verify.dll
0x000000005ad60000 - 0x000000005ad89000 	C:\Program Files\Java\jre1.8.0_66\bin\java.dll
0x000000005ad40000 - 0x000000005ad56000 	C:\Program Files\Java\jre1.8.0_66\bin\zip.dll
0x00007ffe14010000 - 0x00007ffe1556c000 	C:\WINDOWS\system32\SHELL32.dll
0x00007ffe12a50000 - 0x00007ffe13095000 	C:\WINDOWS\system32\windows.storage.dll
0x00007ffe13d80000 - 0x00007ffe13dd2000 	C:\WINDOWS\system32\shlwapi.dll
0x00007ffe12720000 - 0x00007ffe1272f000 	C:\WINDOWS\system32\kernel.appcore.dll
0x00007ffe13340000 - 0x00007ffe133f5000 	C:\WINDOWS\system32\shcore.dll
0x00007ffe126d0000 - 0x00007ffe1271b000 	C:\WINDOWS\system32\powrprof.dll
0x00007ffe12730000 - 0x00007ffe12744000 	C:\WINDOWS\system32\profapi.dll
0x0000000065580000 - 0x000000006561b000 	C:\Users\Jay\AppData\Local\Temp\libgdxJay\3fcab39a\gdx64.dll
0x00007ffe12050000 - 0x00007ffe12067000 	C:\WINDOWS\SYSTEM32\CRYPTSP.dll
0x00007ffe11ce0000 - 0x00007ffe11d14000 	C:\WINDOWS\system32\rsaenh.dll
0x00007ffe12600000 - 0x00007ffe12629000 	C:\WINDOWS\SYSTEM32\bcrypt.dll
0x00007ffe11e30000 - 0x00007ffe11e4f000 	C:\WINDOWS\SYSTEM32\USERENV.dll
0x00007ffe12170000 - 0x00007ffe1217b000 	C:\WINDOWS\SYSTEM32\CRYPTBASE.dll
0x000000005ad20000 - 0x000000005ad3a000 	C:\Program Files\Java\jre1.8.0_66\bin\net.dll
0x00007ffe11fa0000 - 0x00007ffe11ffc000 	C:\WINDOWS\system32\mswsock.dll
0x00007ffe0b280000 - 0x00007ffe0b2b8000 	C:\WINDOWS\SYSTEM32\IPHLPAPI.DLL
0x00007ffe13bc0000 - 0x00007ffe13bc8000 	C:\WINDOWS\system32\NSI.dll
0x00007ffe0a770000 - 0x00007ffe0a786000 	C:\WINDOWS\SYSTEM32\dhcpcsvc6.DLL
0x00007ffe0a970000 - 0x00007ffe0a98a000 	C:\WINDOWS\SYSTEM32\dhcpcsvc.DLL
0x000000005ad00000 - 0x000000005ad11000 	C:\Program Files\Java\jre1.8.0_66\bin\nio.dll
0x0000000180000000 - 0x0000000180051000 	C:\Users\Jay\AppData\Local\Temp\libgdxJay\ccd07a7a\lwjgl64.dll
0x00007ffe02310000 - 0x00007ffe02439000 	C:\WINDOWS\SYSTEM32\OPENGL32.dll
0x00007ffe08340000 - 0x00007ffe0836e000 	C:\WINDOWS\SYSTEM32\GLU32.dll
0x00007ffdfa920000 - 0x00007ffdfaa1a000 	C:\WINDOWS\SYSTEM32\DDRAW.dll
0x00007ffe02970000 - 0x00007ffe02978000 	C:\WINDOWS\SYSTEM32\DCIMAN32.dll
0x0000000002210000 - 0x0000000002274000 	C:\Users\Jay\AppData\Local\Temp\libgdxJay\ccd07a7a\OpenAL64.dll
0x00007ffe13c30000 - 0x00007ffe13d73000 	C:\WINDOWS\system32\ole32.dll
0x00007ffe11050000 - 0x00007ffe110e6000 	C:\WINDOWS\system32\uxtheme.dll
0x00007ffdfa8c0000 - 0x00007ffdfa8eb000 	C:\PROGRA~2\RAPTRI~1\PlaysTV\ltc_help64-112298.dll
0x00007ffe130a0000 - 0x00007ffe130f5000 	C:\WINDOWS\system32\WINTRUST.dll
0x00007ffe12750000 - 0x00007ffe12760000 	C:\WINDOWS\system32\MSASN1.dll
0x00007ffe13170000 - 0x00007ffe13337000 	C:\WINDOWS\system32\CRYPT32.dll
0x00007ffdfa8f0000 - 0x00007ffdfa91b000 	C:\PROGRA~2\RAPTRI~1\Raptr\ltc_help64-112298.dll
0x00007ffe15e10000 - 0x00007ffe15eb7000 	C:\WINDOWS\system32\clbcatq.dll
0x00007ffe0fe50000 - 0x00007ffe0ffd6000 	C:\WINDOWS\System32\PROPSYS.dll
0x00007ffe13f40000 - 0x00007ffe14001000 	C:\WINDOWS\system32\OLEAUT32.dll
0x00007ffe082a0000 - 0x00007ffe0833c000 	C:\WINDOWS\SYSTEM32\dsound.dll
0x00007ffe0f180000 - 0x00007ffe0f1f0000 	C:\WINDOWS\System32\MMDevApi.dll
0x00007ffe111a0000 - 0x00007ffe111c7000 	C:\WINDOWS\System32\DEVOBJ.dll
0x00007ffe10a50000 - 0x00007ffe10ad8000 	C:\WINDOWS\SYSTEM32\AUDIOSES.DLL
0x00007ffe0ec20000 - 0x00007ffe0ed56000 	C:\WINDOWS\SYSTEM32\wintypes.dll
0x00007ffe15a20000 - 0x00007ffe15b7a000 	C:\WINDOWS\system32\MSCTF.dll
0x00007ffe10970000 - 0x00007ffe10992000 	C:\WINDOWS\system32\dwmapi.dll
0x00007ffe08280000 - 0x00007ffe08298000 	C:\WINDOWS\SYSTEM32\atig6pxx.dll
0x0000000058d50000 - 0x000000005abe7000 	C:\WINDOWS\SYSTEM32\atio6axx.dll
0x00007ffe13790000 - 0x00007ffe13bb9000 	C:\WINDOWS\system32\SETUPAPI.dll
0x00007ffdf4570000 - 0x00007ffdf46b8000 	C:\WINDOWS\SYSTEM32\atiadlxx.dll
0x00007ffe10d40000 - 0x00007ffe10d53000 	C:\WINDOWS\SYSTEM32\WTSAPI32.dll
0x00007ffe060b0000 - 0x00007ffe060dc000 	C:\WINDOWS\SYSTEM32\atig6txx.dll
0x00007ffe03ef0000 - 0x00007ffe03f81000 	C:\WINDOWS\SYSTEM32\mscms.dll
0x00007ffe05ba0000 - 0x00007ffe05be2000 	C:\WINDOWS\SYSTEM32\icm32.dll
0x0000000068900000 - 0x0000000068a54000 	C:\Users\Jay\AppData\Local\Temp\libgdxJay\7c1b411d\gdx-controllers-desktop64.dll
0x00007ffe037e0000 - 0x00007ffe03821000 	C:\WINDOWS\SYSTEM32\DINPUT8.dll
0x00007ffe116c0000 - 0x00007ffe116cc000 	C:\WINDOWS\SYSTEM32\HID.DLL
0x00007ffe158e0000 - 0x00007ffe158fc000 	C:\WINDOWS\system32\imagehlp.dll
0x00007ffe116d0000 - 0x00007ffe116f4000 	C:\WINDOWS\SYSTEM32\gpapi.dll
0x00007ffe026a0000 - 0x00007ffe026cf000 	C:\Windows\System32\cryptnet.dll
0x00007ffe0b0a0000 - 0x00007ffe0b0ab000 	C:\WINDOWS\SYSTEM32\WINNSI.DLL
0x00007ffdf6d10000 - 0x00007ffdf6f38000 	C:\PROGRA~2\RAPTRI~1\PlaysTV\ltc_game64-112298.dll
0x00007ffe03990000 - 0x00007ffe03bbb000 	C:\PROGRA~2\RAPTRI~1\Raptr\ltc_game64-112298.dll
0x0000000066bc0000 - 0x0000000066c7b000 	C:\Users\Jay\AppData\Local\Temp\libgdxJay\d6d72896\gdx-box2d64.dll
0x00007ffdf9510000 - 0x00007ffdf969c000 	C:\WINDOWS\SYSTEM32\dbghelp.dll

VM Arguments:
jvm_args: -Dfile.encoding=Cp1252 
java_command: main.AftamathDesktop
java_class_path (initial): C:\Users\Jay\Documents\GitHub\Aftamath\Aftamath\bin;C:\Users\Jay\Documents\GitHub\Aftamath\Aftamath\libs\box2dlights-1.2.jar;C:\Users\Jay\Documents\GitHub\Aftamath\Aftamath\libs\gdx-1.3.1.jar;C:\Users\Jay\Documents\GitHub\Aftamath\Aftamath\libs\gdx-backend-lwjgl-1.3.1.jar;C:\Users\Jay\Documents\GitHub\Aftamath\Aftamath\libs\gdx-box2d-1.3.1.jar;C:\Users\Jay\Documents\GitHub\Aftamath\Aftamath\libs\gdx-box2d-platform-1.3.1-natives-desktop.jar;C:\Users\Jay\Documents\GitHub\Aftamath\Aftamath\libs\gdx-controllers-1.3.1.jar;C:\Users\Jay\Documents\GitHub\Aftamath\Aftamath\libs\gdx-controllers-desktop-1.3.1.jar;C:\Users\Jay\Documents\GitHub\Aftamath\Aftamath\libs\gdx-controllers-platform-1.3.1-natives-desktop.jar;C:\Users\Jay\Documents\GitHub\Aftamath\Aftamath\libs\gdx-platform-1.3.1-natives-desktop.jar;C:\Users\Jay\Documents\GitHub\Aftamath\Aftamath\libs\jinput-2.0.5.jar;C:\Users\Jay\Documents\GitHub\Aftamath\Aftamath\libs\jinput-platform-2.0.5-natives-linux.jar;C:\Users\Jay\Documents\GitHub\Aftamath\Aftamath\libs\jinput-platform-2.0.5-natives-osx.jar;C:\Users\Jay\Documents\GitHub\Aftamath\Aftamath\libs\jinput-platform-2.0.5-natives-windows.jar;C:\Users\Jay\Documents\GitHub\Aftamath\Aftamath\libs\jlayer-1.0.1-gdx.jar;C:\Users\Jay\Documents\GitHub\Aftamath\Aftamath\libs\jorbis-0.0.17.jar;C:\Users\Jay\Documents\GitHub\Aftamath\Aftamath\libs\jutils-1.0.0.jar;C:\Users\Jay\Documents\GitHub\Aftamath\Aftamath\libs\lwjgl_util-2.9.1.jar;C:\Users\Jay\Documents\GitHub\Aftamath\Aftamath\libs\lwjgl-2.9.1.jar;C:\Users\Jay\Documents\GitHub\Aftamath\Aftamath\libs\lwjgl-platform-2.9.1-natives-linux.jar;C:\Users\Jay\Documents\GitHub\Aftamath\Aftamath\libs\lwjgl-platform-2.9.1-natives-osx.jar;C:\Users\Jay\Documents\GitHub\Aftamath\Aftamath\libs\lwjgl-platform-2.9.1-natives-windows.jar
Launcher Type: SUN_STANDARD

Environment Variables:
JAVA_HOME=C:\Program Files (x86)\Java\jdk1.8.0_25
PATH=C:/Program Files/Java/jre1.8.0_66/bin/server;C:/Program Files/Java/jre1.8.0_66/bin;C:/Program Files/Java/jre1.8.0_66/lib/amd64;C:\ProgramData\Oracle\Java\javapath;C:\Program Files (x86)\NVIDIA Corporation\PhysX\Common;C:\Windows\system32;C:\Windows;C:\Windows\System32\Wbem;C:\Windows\System32\WindowsPowerShell\v1.0\;C:\Program Files (x86)\ATI Technologies\ATI.ACE\Core-Static;C:\Program Files (x86)\Windows Live\Shared;C:\Program Files (x86)\QuickTime\QTSystem\;C:\Users\Jay\AppData\Local\Smartbar\Application\;C:\WINDOWS\system32;C:\WINDOWS;C:\WINDOWS\System32\Wbem;C:\WINDOWS\System32\WindowsPowerShell\v1.0\;C:\Program Files (x86)\Skype\Phone\;C:\Program Files (x86)\AMD\ATI.ACE\Core-Static;C:\Users\Jay\Downloads\Programming\eclipse-java-luna-SR2-win32-x86_64\eclipse;
USERNAME=Jay
OS=Windows_NT
PROCESSOR_IDENTIFIER=AMD64 Family 21 Model 2 Stepping 0, AuthenticAMD



---------------  S Y S T E M  ---------------

OS: Windows 10.0 , 64 bit Build 10586 (10.0.10586.0)

CPU:total 8 (8 cores per cpu, 1 threads per core) family 21 model 2 stepping 0, cmov, cx8, fxsr, mmx, sse, sse2, sse3, ssse3, sse4.1, sse4.2, popcnt, avx, aes, clmul, mmxext, 3dnowpref, lzcnt, sse4a, tsc, tscinvbit, tscinv, bmi1

Memory: 4k page, physical 8369696k(4485488k free), swap 9680416k(3850812k free)

vm_info: Java HotSpot(TM) 64-Bit Server VM (25.66-b18) for windows-amd64 JRE (1.8.0_66-b18), built on Nov  9 2015 10:51:13 by "java_re" with MS VC++ 10.0 (VS2010)

time: Wed May 04 10:42:17 2016
elapsed time: 699 seconds (0d 0h 11m 39s)

