#
# A fatal error has been detected by the Java Runtime Environment:
#
#  EXCEPTION_ACCESS_VIOLATION (0xc0000005) at pc=0x0000000066bcbd0d, pid=11796, tid=7284
#
# JRE version: Java(TM) SE Runtime Environment (7.0_71-b14) (build 1.7.0_71-b14)
# Java VM: Java HotSpot(TM) 64-Bit Server VM (24.71-b01 mixed mode windows-amd64 compressed oops)
# Problematic frame:
# C  [gdx-box2d64.dll+0xbd0d]
#
# Failed to write core dump. Minidumps are not enabled by default on client versions of Windows
#
# If you would like to submit a bug report, please visit:
#   http://bugreport.sun.com/bugreport/crash.jsp
# The crash happened outside the Java Virtual Machine in native code.
# See problematic frame for where to report the bug.
#

---------------  T H R E A D  ---------------

Current thread (0x000000000d304800):  JavaThread "LWJGL Application" [_thread_in_native, id=7284, stack(0x000000000e420000,0x000000000e520000)]

siginfo: ExceptionCode=0xc0000005, reading address 0x0000002600000001

Registers:
RAX=0x0000002600000001, RBX=0x0000000011e56830, RCX=0x0000000011e56800, RDX=0x00000000000000b8
RSP=0x000000000e51e930, RBP=0x0000000000000006, RSI=0x0000000011e56800, RDI=0x000000000e51e9f0
R8 =0x0000000011e56800, R9 =0x0000000000000001, R10=0x0000000000000000, R11=0x0000000000000001
R12=0x0000000000000000, R13=0x000000077b837378, R14=0x000000000e51ebd8, R15=0x000000000d304800
RIP=0x0000000066bcbd0d, EFLAGS=0x0000000000010202

Top of Stack: (sp=0x000000000e51e930)
0x000000000e51e930:   0000000000000013 00007ff80000000b
0x000000000e51e940:   00000000d9090000 0000000000000000
0x000000000e51e950:   000000000d169948 0000000011e56800
0x000000000e51e960:   00000000ef711b34 000000000e51e9f0
0x000000000e51e970:   000000000e51eb30 0000000000000000
0x000000000e51e980:   000000077b837378 0000000066be2483
0x000000000e51e990:   0000000000000012 0000000066bf9a52
0x000000000e51e9a0:   000000000d169948 0000000100000012
0x000000000e51e9b0:   0000000000000001 00000000ef711b34
0x000000000e51e9c0:   00000000029460f8 0000000066be8626
0x000000000e51e9d0:   000000000e51ea30 0000000000000003
0x000000000e51e9e0:   00000000029460f8 00000000029454d8
0x000000000e51e9f0:   408c312700000001 0000000040852d88
0x000000000e51ea00:   0000000000000000 0000000000000000
0x000000000e51ea10:   0000010100000000 000000000e51eb01
0x000000000e51ea20:   0000000000000000 000000003f800000 

Instructions: (pc=0x0000000066bcbd0d)
0x0000000066bcbced:   48 8d 05 6c a3 05 00 0f b6 1c 18 80 fb 0d 0f b6
0x0000000066bcbcfd:   eb 77 21 48 8d 1c de 48 8b 43 10 48 85 c0 74 3a
0x0000000066bcbd0d:   48 8b 10 48 89 53 10 48 83 c4 28 5b 5e 5f 5d 41
0x0000000066bcbd1d:   5c 41 5d c3 48 8d 15 18 9e 04 00 48 8d 0d 99 9e 


Register to memory mapping:

RAX=0x0000002600000001 is an unknown value
RBX=0x0000000011e56830 is an unknown value
RCX=0x0000000011e56800 is an unknown value
RDX=0x00000000000000b8 is an unknown value
RSP=0x000000000e51e930 is pointing into the stack for thread: 0x000000000d304800
RBP=0x0000000000000006 is an unknown value
RSI=0x0000000011e56800 is an unknown value
RDI=0x000000000e51e9f0 is pointing into the stack for thread: 0x000000000d304800
R8 =0x0000000011e56800 is an unknown value
R9 =0x0000000000000001 is an unknown value
R10=0x0000000000000000 is an unknown value
R11=0x0000000000000001 is an unknown value
R12=0x0000000000000000 is an unknown value
R13=0x000000077b837378 is an oop
{method} 
 - klass: {other class}
R14=0x000000000e51ebd8 is pointing into the stack for thread: 0x000000000d304800
R15=0x000000000d304800 is a thread


Stack: [0x000000000e420000,0x000000000e520000],  sp=0x000000000e51e930,  free space=1018k
Native frames: (J=compiled Java code, j=interpreted, Vv=VM code, C=native code)
C  [gdx-box2d64.dll+0xbd0d]

Java frames: (J=compiled Java code, j=interpreted, Vv=VM code)
j  com.badlogic.gdx.physics.box2d.World.jniCreateBody(JIFFFFFFFFZZZZZF)J+0
j  com.badlogic.gdx.physics.box2d.World.createBody(Lcom/badlogic/gdx/physics/box2d/BodyDef;)Lcom/badlogic/gdx/physics/box2d/Body;+80
j  entities.SpeechBubble.create()V+82
j  entities.Entity.render(Lhandlers/FadingSpriteBatch;)V+8
j  entities.SpeechBubble.render(Lhandlers/FadingSpriteBatch;)V+770
J 161 C2 main.Main.render()V (330 bytes) @ 0x0000000002a11c80 [0x0000000002a10380+0x1900]
j  handlers.GameStateManager.render()V+10
j  main.Game.render()V+13
j  com.badlogic.gdx.backends.lwjgl.LwjglApplication.mainLoop()V+619
j  com.badlogic.gdx.backends.lwjgl.LwjglApplication$1.run()V+27
v  ~StubRoutines::call_stub

---------------  P R O C E S S  ---------------

Java Threads: ( => current thread )
  0x000000000d305000 JavaThread "LWJGL Timer" daemon [_thread_blocked, id=11784, stack(0x0000000012470000,0x0000000012570000)]
  0x000000000d303800 JavaThread "DestroyJavaVM" [_thread_blocked, id=7060, stack(0x00000000026c0000,0x00000000027c0000)]
=>0x000000000d304800 JavaThread "LWJGL Application" [_thread_in_native, id=7284, stack(0x000000000e420000,0x000000000e520000)]
  0x000000000293d800 JavaThread "Service Thread" daemon [_thread_blocked, id=8660, stack(0x000000000d930000,0x000000000da30000)]
  0x000000000293a800 JavaThread "C2 CompilerThread1" daemon [_thread_blocked, id=12280, stack(0x000000000d830000,0x000000000d930000)]
  0x0000000002938800 JavaThread "C2 CompilerThread0" daemon [_thread_blocked, id=5700, stack(0x000000000d730000,0x000000000d830000)]
  0x0000000002935000 JavaThread "Attach Listener" daemon [_thread_blocked, id=10996, stack(0x000000000d630000,0x000000000d730000)]
  0x0000000002930800 JavaThread "Signal Dispatcher" daemon [_thread_blocked, id=4904, stack(0x000000000d530000,0x000000000d630000)]
  0x000000000b170800 JavaThread "Finalizer" daemon [_thread_blocked, id=9412, stack(0x000000000d030000,0x000000000d130000)]
  0x000000000b16a000 JavaThread "Reference Handler" daemon [_thread_blocked, id=8120, stack(0x000000000cf30000,0x000000000d030000)]

Other Threads:
  0x000000000b165000 VMThread [stack: 0x000000000ce30000,0x000000000cf30000] [id=11472]
  0x000000000d164800 WatcherThread [stack: 0x000000000da30000,0x000000000db30000] [id=5720]

VM state:not at safepoint (normal execution)

VM Mutex/Monitor currently owned by a thread: None

Heap
 PSYoungGen      total 38912K, used 10335K [0x00000007d5680000, 0x00000007d8180000, 0x0000000800000000)
  eden space 33792K, 15% used [0x00000007d5680000,0x00000007d5b9af60,0x00000007d7780000)
  from space 5120K, 99% used [0x00000007d7780000,0x00000007d7c7ccd0,0x00000007d7c80000)
  to   space 5120K, 0% used [0x00000007d7c80000,0x00000007d7c80000,0x00000007d8180000)
 ParOldGen       total 87040K, used 855K [0x0000000780400000, 0x0000000785900000, 0x00000007d5680000)
  object space 87040K, 0% used [0x0000000780400000,0x00000007804d5cf0,0x0000000785900000)
 PSPermGen       total 21504K, used 7747K [0x000000077b200000, 0x000000077c700000, 0x0000000780400000)
  object space 21504K, 36% used [0x000000077b200000,0x000000077b990fe0,0x000000077c700000)

Card table byte_map: [0x0000000005a00000,0x0000000005e30000] byte_map_base: 0x0000000001e27000

Polling page: 0x0000000000f20000

Code Cache  [0x0000000002940000, 0x0000000002bb0000, 0x0000000005940000)
 total_blobs=688 nmethods=238 adapters=403 free_code_cache=48158Kb largest_free_block=49290240

Compilation events (10 events):
Event: 38.303 Thread 0x0000000002938800 nmethod 232 0x0000000002a2de10 code [0x0000000002a2df40, 0x0000000002a2dfd8]
Event: 38.341 Thread 0x000000000293a800  234             entities.NPC::act (1465 bytes)
Event: 38.341 Thread 0x0000000002938800  235   !         entities.NPC::$SWITCH_TABLE$entities$NPC$AIState (185 bytes)
Event: 38.342 Thread 0x0000000002938800 nmethod 235 0x0000000002a37790 code [0x0000000002a378c0, 0x0000000002a37938]
Event: 38.342 Thread 0x0000000002938800  236             entities.Warp::getPosition (22 bytes)
Event: 38.343 Thread 0x0000000002938800 nmethod 236 0x0000000002a34810 code [0x0000000002a34980, 0x0000000002a34a58]
Event: 38.395 Thread 0x000000000293a800 nmethod 234 0x0000000002a39e50 code [0x0000000002a3a4e0, 0x0000000002a3c0b8]
Event: 38.481 Thread 0x0000000002938800  237             java.lang.StringBuilder::append (8 bytes)
Event: 38.487 Thread 0x0000000002938800 nmethod 237 0x0000000002a37ad0 code [0x0000000002a37c20, 0x0000000002a37fb8]
Event: 39.596 Thread 0x000000000293a800  238             java.util.regex.Pattern$Node::<init> (12 bytes)

GC Heap History (2 events):
Event: 34.081 GC heap before
{Heap before GC invocations=1 (full 0):
 PSYoungGen      total 38912K, used 33792K [0x00000007d5680000, 0x00000007d8180000, 0x0000000800000000)
  eden space 33792K, 100% used [0x00000007d5680000,0x00000007d7780000,0x00000007d7780000)
  from space 5120K, 0% used [0x00000007d7c80000,0x00000007d7c80000,0x00000007d8180000)
  to   space 5120K, 0% used [0x00000007d7780000,0x00000007d7780000,0x00000007d7c80000)
 ParOldGen       total 87040K, used 0K [0x0000000780400000, 0x0000000785900000, 0x00000007d5680000)
  object space 87040K, 0% used [0x0000000780400000,0x0000000780400000,0x0000000785900000)
 PSPermGen       total 21504K, used 7687K [0x000000077b200000, 0x000000077c700000, 0x0000000780400000)
  object space 21504K, 35% used [0x000000077b200000,0x000000077b981fe8,0x000000077c700000)
Event: 34.095 GC heap after
Heap after GC invocations=1 (full 0):
 PSYoungGen      total 38912K, used 5107K [0x00000007d5680000, 0x00000007d8180000, 0x0000000800000000)
  eden space 33792K, 0% used [0x00000007d5680000,0x00000007d5680000,0x00000007d7780000)
  from space 5120K, 99% used [0x00000007d7780000,0x00000007d7c7ccd0,0x00000007d7c80000)
  to   space 5120K, 0% used [0x00000007d7c80000,0x00000007d7c80000,0x00000007d8180000)
 ParOldGen       total 87040K, used 855K [0x0000000780400000, 0x0000000785900000, 0x00000007d5680000)
  object space 87040K, 0% used [0x0000000780400000,0x00000007804d5cf0,0x0000000785900000)
 PSPermGen       total 21504K, used 7687K [0x000000077b200000, 0x000000077c700000, 0x0000000780400000)
  object space 21504K, 35% used [0x000000077b200000,0x000000077b981fe8,0x000000077c700000)
}

Deoptimization events (10 events):
Event: 2.483 Thread 0x000000000d304800 Uncommon trap: reason=class_check action=maybe_recompile pc=0x00000000029daef0 method=java.util.zip.InflaterInputStream.read([BII)I @ 100
Event: 2.483 Thread 0x000000000d304800 Uncommon trap: reason=class_check action=maybe_recompile pc=0x00000000029daef0 method=java.util.zip.InflaterInputStream.read([BII)I @ 100
Event: 2.490 Thread 0x000000000d304800 Uncommon trap: reason=class_check action=maybe_recompile pc=0x00000000029daef0 method=java.util.zip.InflaterInputStream.read([BII)I @ 100
Event: 2.697 Thread 0x000000000d304800 Uncommon trap: reason=class_check action=maybe_recompile pc=0x00000000029dd934 method=java.io.FilterInputStream.read([B)I @ 5
Event: 2.697 Thread 0x000000000d304800 Uncommon trap: reason=class_check action=maybe_recompile pc=0x00000000029dd934 method=java.io.FilterInputStream.read([B)I @ 5
Event: 2.697 Thread 0x000000000d304800 Uncommon trap: reason=class_check action=maybe_recompile pc=0x00000000029dd934 method=java.io.FilterInputStream.read([B)I @ 5
Event: 3.040 Thread 0x000000000d304800 Uncommon trap: reason=class_check action=maybe_recompile pc=0x00000000029dd934 method=java.io.FilterInputStream.read([B)I @ 5
Event: 35.822 Thread 0x000000000d304800 Uncommon trap: reason=unreached action=reinterpret pc=0x00000000029f5404 method=java.util.HashMap.get(Ljava/lang/Object;)Ljava/lang/Object; @ 17
Event: 36.126 Thread 0x000000000d304800 Uncommon trap: reason=unreached action=reinterpret pc=0x0000000002a067d4 method=entities.Entity.render(Lhandlers/FadingSpriteBatch;)V @ 4
Event: 37.064 Thread 0x000000000d304800 Uncommon trap: reason=unreached action=reinterpret pc=0x0000000002a1ad84 method=main.Main.update(F)V @ 245

Internal exceptions (10 events):
Event: 39.591 Thread 0x000000000d304800 Threw 0x00000007d5b481e0 at C:\re\jdk7u71\1605\hotspot\src\share\vm\interpreter\linkResolver.cpp:892
Event: 39.591 Thread 0x000000000d304800 Threw 0x00000007d5b483a8 at C:\re\jdk7u71\1605\hotspot\src\share\vm\interpreter\linkResolver.cpp:892
Event: 39.592 Thread 0x000000000d304800 Threw 0x00000007d5b51cc0 at C:\re\jdk7u71\1605\hotspot\src\share\vm\interpreter\linkResolver.cpp:892
Event: 39.592 Thread 0x000000000d304800 Threw 0x00000007d5b51e88 at C:\re\jdk7u71\1605\hotspot\src\share\vm\interpreter\linkResolver.cpp:892
Event: 39.593 Thread 0x000000000d304800 Threw 0x00000007d5b5b5c8 at C:\re\jdk7u71\1605\hotspot\src\share\vm\interpreter\interpreterRuntime.cpp:347
Event: 39.593 Thread 0x000000000d304800 Threw 0x00000007d5b5bc18 at C:\re\jdk7u71\1605\hotspot\src\share\vm\interpreter\interpreterRuntime.cpp:347
Event: 39.593 Thread 0x000000000d304800 Threw 0x00000007d5b5c268 at C:\re\jdk7u71\1605\hotspot\src\share\vm\interpreter\interpreterRuntime.cpp:347
Event: 39.593 Thread 0x000000000d304800 Threw 0x00000007d5b5c678 at C:\re\jdk7u71\1605\hotspot\src\share\vm\interpreter\interpreterRuntime.cpp:347
Event: 39.593 Thread 0x000000000d304800 Threw 0x00000007d5b5ca88 at C:\re\jdk7u71\1605\hotspot\src\share\vm\interpreter\interpreterRuntime.cpp:347
Event: 39.593 Thread 0x000000000d304800 Threw 0x00000007d5b5d318 at C:\re\jdk7u71\1605\hotspot\src\share\vm\interpreter\interpreterRuntime.cpp:347

Events (10 events):
Event: 37.064 Thread 0x000000000d304800 DEOPT PACKING pc=0x0000000002a1ad84 sp=0x000000000e51ed70
Event: 37.064 Thread 0x000000000d304800 DEOPT UNPACKING pc=0x0000000002979064 sp=0x000000000e51ed68 mode 2
Event: 37.923 loading class 0x0000000002890180
Event: 37.923 loading class 0x0000000002890180 done
Event: 38.302 loading class 0x00000000028bec40
Event: 38.302 loading class 0x00000000028bec40 done
Event: 39.561 loading class 0x000000000d4c5bb0
Event: 39.561 loading class 0x000000000d4c5bb0 done
Event: 39.581 loading class 0x0000000011643390
Event: 39.581 loading class 0x0000000011643390 done


Dynamic libraries:
0x00007ff7771f0000 - 0x00007ff777223000 	C:\Program Files\Java\jre7\bin\javaw.exe
0x00007ff845410000 - 0x00007ff8455bc000 	C:\Windows\SYSTEM32\ntdll.dll
0x00007ff842e50000 - 0x00007ff842f8e000 	C:\Windows\system32\KERNEL32.DLL
0x00007ff842970000 - 0x00007ff842a85000 	C:\Windows\system32\KERNELBASE.dll
0x00007ff841100000 - 0x00007ff84118e000 	C:\Windows\system32\apphelp.dll
0x00007ff821690000 - 0x00007ff8216e3000 	C:\Windows\AppPatch\AppPatch64\AcGenral.DLL
0x00007ff844e50000 - 0x00007ff844efa000 	C:\Windows\system32\msvcrt.dll
0x00007ff842390000 - 0x00007ff8423be000 	C:\Windows\SYSTEM32\SspiCli.dll
0x00007ff844df0000 - 0x00007ff844e44000 	C:\Windows\system32\SHLWAPI.dll
0x00007ff8432f0000 - 0x00007ff843467000 	C:\Windows\system32\USER32.dll
0x00007ff845260000 - 0x00007ff8453f4000 	C:\Windows\system32\ole32.dll
0x00007ff8435c0000 - 0x00007ff844ad8000 	C:\Windows\system32\SHELL32.dll
0x00007ff841a20000 - 0x00007ff841a41000 	C:\Windows\SYSTEM32\USERENV.dll
0x00007ff842da0000 - 0x00007ff842e4a000 	C:\Windows\system32\ADVAPI32.dll
0x00007ff83b880000 - 0x00007ff83b89e000 	C:\Windows\SYSTEM32\MPR.dll
0x00007ff843470000 - 0x00007ff8435b1000 	C:\Windows\system32\RPCRT4.dll
0x00007ff843290000 - 0x00007ff8432e9000 	C:\Windows\SYSTEM32\sechost.dll
0x00007ff843060000 - 0x00007ff843271000 	C:\Windows\SYSTEM32\combase.dll
0x00007ff842a90000 - 0x00007ff842be1000 	C:\Windows\system32\GDI32.dll
0x00007ff842560000 - 0x00007ff842575000 	C:\Windows\SYSTEM32\profapi.dll
0x00007ff8403e0000 - 0x00007ff840492000 	C:\Windows\SYSTEM32\SHCORE.dll
0x00007ff844f00000 - 0x00007ff844f36000 	C:\Windows\system32\IMM32.DLL
0x00007ff844c90000 - 0x00007ff844de2000 	C:\Windows\system32\MSCTF.dll
0x00007ff83f740000 - 0x00007ff83f9ba000 	C:\Windows\WinSxS\amd64_microsoft.windows.common-controls_6595b64144ccf1df_6.0.9600.17810_none_6240b9c7ecbd0bda\COMCTL32.dll
0x0000000053800000 - 0x00000000538d2000 	C:\Program Files\Java\jre7\bin\msvcr100.dll
0x0000000053020000 - 0x00000000537f3000 	C:\Program Files\Java\jre7\bin\server\jvm.dll
0x00007ff821680000 - 0x00007ff821689000 	C:\Windows\SYSTEM32\WSOCK32.dll
0x00007ff837e90000 - 0x00007ff837eb2000 	C:\Windows\SYSTEM32\WINMM.dll
0x00007ff845070000 - 0x00007ff845077000 	C:\Windows\system32\PSAPI.DLL
0x00007ff844fb0000 - 0x00007ff84500a000 	C:\Windows\system32\WS2_32.dll
0x00007ff836dd0000 - 0x00007ff836dfa000 	C:\Windows\SYSTEM32\WINMMBASE.dll
0x00007ff842f90000 - 0x00007ff842f99000 	C:\Windows\system32\NSI.dll
0x00007ff842630000 - 0x00007ff84267f000 	C:\Windows\SYSTEM32\cfgmgr32.dll
0x00007ff841380000 - 0x00007ff8413a8000 	C:\Windows\SYSTEM32\DEVOBJ.dll
0x0000000053010000 - 0x000000005301f000 	C:\Program Files\Java\jre7\bin\verify.dll
0x0000000052fe0000 - 0x0000000053008000 	C:\Program Files\Java\jre7\bin\java.dll
0x0000000052fc0000 - 0x0000000052fd5000 	C:\Program Files\Java\jre7\bin\zip.dll
0x0000000065580000 - 0x000000006561b000 	C:\Users\Jay\AppData\Local\Temp\libgdxJay\3fcab39a\gdx64.dll
0x00007ff841cf0000 - 0x00007ff841d10000 	C:\Windows\SYSTEM32\CRYPTSP.dll
0x00007ff8419e0000 - 0x00007ff841a16000 	C:\Windows\system32\rsaenh.dll
0x00007ff842080000 - 0x00007ff8420a6000 	C:\Windows\SYSTEM32\bcrypt.dll
0x00007ff8423c0000 - 0x00007ff842423000 	C:\Windows\system32\bcryptprimitives.dll
0x00007ff842430000 - 0x00007ff84243b000 	C:\Windows\SYSTEM32\CRYPTBASE.dll
0x0000000052fa0000 - 0x0000000052fb9000 	C:\Program Files\Java\jre7\bin\net.dll
0x00007ff841c90000 - 0x00007ff841ce9000 	C:\Windows\system32\mswsock.dll
0x00007ff83db90000 - 0x00007ff83dbba000 	C:\Windows\SYSTEM32\IPHLPAPI.DLL
0x00007ff83e690000 - 0x00007ff83e69a000 	C:\Windows\SYSTEM32\WINNSI.DLL
0x00007ff83daa0000 - 0x00007ff83dab6000 	C:\Windows\SYSTEM32\dhcpcsvc6.DLL
0x00007ff83da80000 - 0x00007ff83da9a000 	C:\Windows\SYSTEM32\dhcpcsvc.DLL
0x0000000052f80000 - 0x0000000052f91000 	C:\Program Files\Java\jre7\bin\nio.dll
0x0000000180000000 - 0x0000000180051000 	C:\Users\Jay\AppData\Local\Temp\libgdxJay\ccd07a7a\lwjgl64.dll
0x00007ff8126f0000 - 0x00007ff81281b000 	C:\Windows\SYSTEM32\OPENGL32.dll
0x00007ff83e610000 - 0x00007ff83e61a000 	C:\Windows\SYSTEM32\VERSION.dll
0x00007ff8379e0000 - 0x00007ff837a0e000 	C:\Windows\SYSTEM32\GLU32.dll
0x00007ff80e830000 - 0x00007ff80e928000 	C:\Windows\SYSTEM32\DDRAW.dll
0x00007ff837af0000 - 0x00007ff837af9000 	C:\Windows\SYSTEM32\DCIMAN32.dll
0x000000000de90000 - 0x000000000def4000 	C:\Users\Jay\AppData\Local\Temp\libgdxJay\ccd07a7a\OpenAL64.dll
0x00007ff841350000 - 0x00007ff84135b000 	C:\Windows\SYSTEM32\kernel.appcore.dll
0x00007ff8411d0000 - 0x00007ff8412f9000 	C:\Windows\system32\uxtheme.dll
0x00007ff844b00000 - 0x00007ff844bb6000 	C:\Windows\SYSTEM32\clbcatq.dll
0x00007ff808e80000 - 0x00007ff808f1d000 	C:\Windows\SYSTEM32\dsound.dll
0x00007ff842500000 - 0x00007ff842546000 	C:\Windows\SYSTEM32\POWRPROF.dll
0x00007ff83ffa0000 - 0x00007ff840010000 	C:\Windows\System32\MMDevApi.dll
0x00007ff830710000 - 0x00007ff83078e000 	C:\Windows\SYSTEM32\AUDIOSES.DLL
0x00007ff844bc0000 - 0x00007ff844c81000 	C:\Windows\system32\OLEAUT32.dll
0x00007ff840180000 - 0x00007ff8401a1000 	C:\Windows\system32\dwmapi.dll
0x00007ff832770000 - 0x00007ff832788000 	C:\Windows\SYSTEM32\atig6pxx.dll
0x0000000076740000 - 0x0000000077ff5000 	C:\Windows\SYSTEM32\atio6axx.dll
0x00007ff845080000 - 0x00007ff84525a000 	C:\Windows\system32\SETUPAPI.dll
0x00007ff8242c0000 - 0x00007ff82438f000 	C:\Windows\SYSTEM32\atiadlxx.dll
0x00007ff83f460000 - 0x00007ff83f5df000 	C:\Windows\SYSTEM32\PROPSYS.dll
0x00007ff8406d0000 - 0x00007ff8406e2000 	C:\Windows\SYSTEM32\WTSAPI32.dll
0x00007ff842680000 - 0x00007ff8426d1000 	C:\Windows\system32\WINTRUST.dll
0x00007ff8426e0000 - 0x00007ff8428bf000 	C:\Windows\system32\CRYPT32.dll
0x00007ff842610000 - 0x00007ff842621000 	C:\Windows\system32\MSASN1.dll
0x00007ff83e740000 - 0x00007ff83e870000 	C:\Windows\SYSTEM32\aticfx64.dll
0x00007ff834480000 - 0x00007ff83449e000 	C:\Windows\SYSTEM32\atig6txx.dll
0x00007ff81a6d0000 - 0x00007ff81a762000 	C:\Windows\SYSTEM32\mscms.dll
0x00007ff80e2b0000 - 0x00007ff80e2f1000 	C:\Windows\SYSTEM32\icm32.dll
0x0000000066bc0000 - 0x0000000066c7b000 	C:\Users\Jay\AppData\Local\Temp\libgdxJay\d6d72896\gdx-box2d64.dll
0x00007ff83f9c0000 - 0x00007ff83fb49000 	C:\Windows\SYSTEM32\dbghelp.dll

VM Arguments:
jvm_args: -Dfile.encoding=Cp1252 
java_command: main.AftamathDesktop
Launcher Type: SUN_STANDARD

Environment Variables:
JAVA_HOME=C:\Program Files (x86)\Java\jdk1.8.0_25
PATH=C:\Program Files (x86)\NVIDIA Corporation\PhysX\Common;C:\Windows\system32;C:\Windows;C:\Windows\System32\Wbem;C:\Windows\System32\WindowsPowerShell\v1.0\;C:\Program Files (x86)\ATI Technologies\ATI.ACE\Core-Static;C:\Program Files (x86)\Windows Live\Shared;C:\Program Files (x86)\QuickTime\QTSystem\;C:\Users\Jay\AppData\Local\Smartbar\Application\
USERNAME=Jay
OS=Windows_NT
PROCESSOR_IDENTIFIER=AMD64 Family 21 Model 2 Stepping 0, AuthenticAMD



---------------  S Y S T E M  ---------------

OS: Windows 8.1 , 64 bit Build 9600 

CPU:total 8 (8 cores per cpu, 1 threads per core) family 21 model 2 stepping 0, cmov, cx8, fxsr, mmx, sse, sse2, sse3, ssse3, sse4.1, sse4.2, popcnt, avx, aes, mmxext, 3dnowpref, lzcnt, sse4a, tsc, tscinvbit, tscinv

Memory: 4k page, physical 8369696k(3151232k free), swap 17806880k(6514512k free)

vm_info: Java HotSpot(TM) 64-Bit Server VM (24.71-b01) for windows-amd64 JRE (1.7.0_71-b14), built on Sep 26 2014 16:16:12 by "java_re" with unknown MS VC++:1600

time: Thu Jun 25 13:38:57 2015
elapsed time: 39 seconds

